<?xml version="1.0" encoding="UTF-8"?>
<testsuite xmlns:xsi="http://www.w3.org/2001/XMLSchema-instance" xsi:noNamespaceSchemaLocation="https://maven.apache.org/surefire/maven-surefire-plugin/xsd/surefire-test-report.xsd" name="TestSuite" time="77.954" tests="3" errors="0" skipped="0" failures="2">
  <properties>
    <property name="java.specification.version" value="18"/>
    <property name="sun.jnu.encoding" value="UTF-8"/>
    <property name="java.class.path" value="/Users/manav/Documents/DemoProject/target/test-classes:/Users/manav/Documents/DemoProject/target/classes:/Users/manav/.m2/repository/org/apache/logging/log4j/log4j-core/2.18.0/log4j-core-2.18.0.jar:/Users/manav/.m2/repository/org/apache/logging/log4j/log4j-api/2.18.0/log4j-api-2.18.0.jar:/Users/manav/.m2/repository/xerces/xercesImpl/2.12.2/xercesImpl-2.12.2.jar:/Users/manav/.m2/repository/xml-apis/xml-apis/1.4.01/xml-apis-1.4.01.jar:/Users/manav/.m2/repository/org/apache/logging/log4j/log4j-slf4j-impl/2.18.0/log4j-slf4j-impl-2.18.0.jar:/Users/manav/.m2/repository/org/slf4j/slf4j-api/1.7.25/slf4j-api-1.7.25.jar:/Users/manav/.m2/repository/org/seleniumhq/selenium/selenium-java/4.1.0/selenium-java-4.1.0.jar:/Users/manav/.m2/repository/org/seleniumhq/selenium/selenium-api/4.1.0/selenium-api-4.1.0.jar:/Users/manav/.m2/repository/org/seleniumhq/selenium/selenium-chrome-driver/4.1.0/selenium-chrome-driver-4.1.0.jar:/Users/manav/.m2/repository/com/google/auto/service/auto-service-annotations/1.0.1/auto-service-annotations-1.0.1.jar:/Users/manav/.m2/repository/com/google/auto/service/auto-service/1.0.1/auto-service-1.0.1.jar:/Users/manav/.m2/repository/com/google/auto/auto-common/1.2/auto-common-1.2.jar:/Users/manav/.m2/repository/com/google/guava/guava/31.0.1-jre/guava-31.0.1-jre.jar:/Users/manav/.m2/repository/com/google/guava/failureaccess/1.0.1/failureaccess-1.0.1.jar:/Users/manav/.m2/repository/com/google/guava/listenablefuture/9999.0-empty-to-avoid-conflict-with-guava/listenablefuture-9999.0-empty-to-avoid-conflict-with-guava.jar:/Users/manav/.m2/repository/com/google/errorprone/error_prone_annotations/2.7.1/error_prone_annotations-2.7.1.jar:/Users/manav/.m2/repository/com/google/j2objc/j2objc-annotations/1.3/j2objc-annotations-1.3.jar:/Users/manav/.m2/repository/org/seleniumhq/selenium/selenium-chromium-driver/4.1.0/selenium-chromium-driver-4.1.0.jar:/Users/manav/.m2/repository/org/seleniumhq/selenium/selenium-json/4.1.0/selenium-json-4.1.0.jar:/Users/manav/.m2/repository/org/seleniumhq/selenium/selenium-devtools-v85/4.1.0/selenium-devtools-v85-4.1.0.jar:/Users/manav/.m2/repository/org/seleniumhq/selenium/selenium-devtools-v94/4.1.0/selenium-devtools-v94-4.1.0.jar:/Users/manav/.m2/repository/org/seleniumhq/selenium/selenium-devtools-v95/4.1.0/selenium-devtools-v95-4.1.0.jar:/Users/manav/.m2/repository/org/seleniumhq/selenium/selenium-devtools-v96/4.1.0/selenium-devtools-v96-4.1.0.jar:/Users/manav/.m2/repository/org/seleniumhq/selenium/selenium-edge-driver/4.1.0/selenium-edge-driver-4.1.0.jar:/Users/manav/.m2/repository/org/seleniumhq/selenium/selenium-firefox-driver/4.1.0/selenium-firefox-driver-4.1.0.jar:/Users/manav/.m2/repository/org/seleniumhq/selenium/selenium-firefox-xpi-driver/4.1.0/selenium-firefox-xpi-driver-4.1.0.jar:/Users/manav/.m2/repository/org/seleniumhq/selenium/selenium-ie-driver/4.1.0/selenium-ie-driver-4.1.0.jar:/Users/manav/.m2/repository/org/seleniumhq/selenium/selenium-opera-driver/4.1.0/selenium-opera-driver-4.1.0.jar:/Users/manav/.m2/repository/org/seleniumhq/selenium/selenium-remote-driver/4.1.0/selenium-remote-driver-4.1.0.jar:/Users/manav/.m2/repository/com/beust/jcommander/1.81/jcommander-1.81.jar:/Users/manav/.m2/repository/io/netty/netty-buffer/4.1.69.Final/netty-buffer-4.1.69.Final.jar:/Users/manav/.m2/repository/io/netty/netty-codec-http/4.1.69.Final/netty-codec-http-4.1.69.Final.jar:/Users/manav/.m2/repository/io/netty/netty-codec/4.1.69.Final/netty-codec-4.1.69.Final.jar:/Users/manav/.m2/repository/io/netty/netty-handler/4.1.69.Final/netty-handler-4.1.69.Final.jar:/Users/manav/.m2/repository/io/netty/netty-common/4.1.69.Final/netty-common-4.1.69.Final.jar:/Users/manav/.m2/repository/io/netty/netty-transport-native-epoll/4.1.69.Final/netty-transport-native-epoll-4.1.69.Final.jar:/Users/manav/.m2/repository/io/netty/netty-transport-native-kqueue/4.1.69.Final/netty-transport-native-kqueue-4.1.69.Final.jar:/Users/manav/.m2/repository/io/netty/netty-transport-native-unix-common/4.1.69.Final/netty-transport-native-unix-common-4.1.69.Final.jar:/Users/manav/.m2/repository/io/netty/netty-transport/4.1.69.Final/netty-transport-4.1.69.Final.jar:/Users/manav/.m2/repository/io/netty/netty-resolver/4.1.69.Final/netty-resolver-4.1.69.Final.jar:/Users/manav/.m2/repository/io/opentelemetry/opentelemetry-api/1.9.0/opentelemetry-api-1.9.0.jar:/Users/manav/.m2/repository/io/opentelemetry/opentelemetry-context/1.9.0/opentelemetry-context-1.9.0.jar:/Users/manav/.m2/repository/io/opentelemetry/opentelemetry-exporter-logging/1.9.0/opentelemetry-exporter-logging-1.9.0.jar:/Users/manav/.m2/repository/io/opentelemetry/opentelemetry-sdk-metrics/1.9.0-alpha/opentelemetry-sdk-metrics-1.9.0-alpha.jar:/Users/manav/.m2/repository/io/opentelemetry/opentelemetry-sdk-logs/1.9.0-alpha/opentelemetry-sdk-logs-1.9.0-alpha.jar:/Users/manav/.m2/repository/io/opentelemetry/opentelemetry-sdk-common/1.9.0/opentelemetry-sdk-common-1.9.0.jar:/Users/manav/.m2/repository/io/opentelemetry/opentelemetry-sdk-extension-autoconfigure-spi/1.9.0/opentelemetry-sdk-extension-autoconfigure-spi-1.9.0.jar:/Users/manav/.m2/repository/io/opentelemetry/opentelemetry-sdk-extension-autoconfigure/1.9.0-alpha/opentelemetry-sdk-extension-autoconfigure-1.9.0-alpha.jar:/Users/manav/.m2/repository/io/opentelemetry/opentelemetry-sdk-trace/1.9.0/opentelemetry-sdk-trace-1.9.0.jar:/Users/manav/.m2/repository/io/opentelemetry/opentelemetry-api-metrics/1.9.0-alpha/opentelemetry-api-metrics-1.9.0-alpha.jar:/Users/manav/.m2/repository/io/opentelemetry/opentelemetry-sdk/1.9.0/opentelemetry-sdk-1.9.0.jar:/Users/manav/.m2/repository/io/opentelemetry/opentelemetry-semconv/1.9.0-alpha/opentelemetry-semconv-1.9.0-alpha.jar:/Users/manav/.m2/repository/io/ous/jtoml/2.0.0/jtoml-2.0.0.jar:/Users/manav/.m2/repository/org/apache/commons/commons-exec/1.3/commons-exec-1.3.jar:/Users/manav/.m2/repository/org/asynchttpclient/async-http-client/2.12.3/async-http-client-2.12.3.jar:/Users/manav/.m2/repository/org/asynchttpclient/async-http-client-netty-utils/2.12.3/async-http-client-netty-utils-2.12.3.jar:/Users/manav/.m2/repository/io/netty/netty-codec-socks/4.1.60.Final/netty-codec-socks-4.1.60.Final.jar:/Users/manav/.m2/repository/io/netty/netty-handler-proxy/4.1.60.Final/netty-handler-proxy-4.1.60.Final.jar:/Users/manav/.m2/repository/io/netty/netty-transport-native-epoll/4.1.60.Final/netty-transport-native-epoll-4.1.60.Final-linux-x86_64.jar:/Users/manav/.m2/repository/io/netty/netty-transport-native-kqueue/4.1.60.Final/netty-transport-native-kqueue-4.1.60.Final-osx-x86_64.jar:/Users/manav/.m2/repository/org/reactivestreams/reactive-streams/1.0.3/reactive-streams-1.0.3.jar:/Users/manav/.m2/repository/com/typesafe/netty/netty-reactive-streams/2.0.4/netty-reactive-streams-2.0.4.jar:/Users/manav/.m2/repository/com/sun/activation/jakarta.activation/1.2.2/jakarta.activation-1.2.2.jar:/Users/manav/.m2/repository/org/seleniumhq/selenium/selenium-http/4.1.0/selenium-http-4.1.0.jar:/Users/manav/.m2/repository/net/jodah/failsafe/2.4.4/failsafe-2.4.4.jar:/Users/manav/.m2/repository/org/seleniumhq/selenium/selenium-safari-driver/4.1.0/selenium-safari-driver-4.1.0.jar:/Users/manav/.m2/repository/org/seleniumhq/selenium/selenium-support/4.1.0/selenium-support-4.1.0.jar:/Users/manav/.m2/repository/io/cucumber/cucumber-java/7.6.0/cucumber-java-7.6.0.jar:/Users/manav/.m2/repository/io/cucumber/cucumber-core/7.6.0/cucumber-core-7.6.0.jar:/Users/manav/.m2/repository/io/cucumber/cucumber-gherkin/7.6.0/cucumber-gherkin-7.6.0.jar:/Users/manav/.m2/repository/io/cucumber/cucumber-gherkin-messages/7.6.0/cucumber-gherkin-messages-7.6.0.jar:/Users/manav/.m2/repository/io/cucumber/gherkin/24.0.0/gherkin-24.0.0.jar:/Users/manav/.m2/repository/io/cucumber/messages/19.0.0/messages-19.0.0.jar:/Users/manav/.m2/repository/io/cucumber/tag-expressions/4.1.0/tag-expressions-4.1.0.jar:/Users/manav/.m2/repository/io/cucumber/cucumber-expressions/16.0.0/cucumber-expressions-16.0.0.jar:/Users/manav/.m2/repository/io/cucumber/datatable/7.6.0/datatable-7.6.0.jar:/Users/manav/.m2/repository/io/cucumber/cucumber-plugin/7.6.0/cucumber-plugin-7.6.0.jar:/Users/manav/.m2/repository/io/cucumber/docstring/7.6.0/docstring-7.6.0.jar:/Users/manav/.m2/repository/io/cucumber/html-formatter/20.0.0/html-formatter-20.0.0.jar:/Users/manav/.m2/repository/io/cucumber/ci-environment/9.1.0/ci-environment-9.1.0.jar:/Users/manav/.m2/repository/org/apiguardian/apiguardian-api/1.1.2/apiguardian-api-1.1.2.jar:/Users/manav/.m2/repository/io/cucumber/cucumber-testng/7.6.0/cucumber-testng-7.6.0.jar:/Users/manav/.m2/repository/org/testng/testng/7.6.1/testng-7.6.1.jar:/Users/manav/.m2/repository/com/google/code/findbugs/jsr305/3.0.2/jsr305-3.0.2.jar:/Users/manav/.m2/repository/org/webjars/jquery/3.6.0/jquery-3.6.0.jar:/Users/manav/.m2/repository/io/cucumber/cucumber-picocontainer/7.6.0/cucumber-picocontainer-7.6.0.jar:/Users/manav/.m2/repository/org/picocontainer/picocontainer/2.15/picocontainer-2.15.jar:/Users/manav/.m2/repository/io/github/bonigarcia/webdrivermanager/5.3.0/webdrivermanager-5.3.0.jar:/Users/manav/.m2/repository/com/google/code/gson/gson/2.9.1/gson-2.9.1.jar:/Users/manav/.m2/repository/com/github/docker-java/docker-java/3.2.13/docker-java-3.2.13.jar:/Users/manav/.m2/repository/com/github/docker-java/docker-java-core/3.2.13/docker-java-core-3.2.13.jar:/Users/manav/.m2/repository/com/github/docker-java/docker-java-api/3.2.13/docker-java-api-3.2.13.jar:/Users/manav/.m2/repository/com/fasterxml/jackson/core/jackson-annotations/2.10.3/jackson-annotations-2.10.3.jar:/Users/manav/.m2/repository/org/apache/commons/commons-compress/1.21/commons-compress-1.21.jar:/Users/manav/.m2/repository/com/fasterxml/jackson/core/jackson-databind/2.10.3/jackson-databind-2.10.3.jar:/Users/manav/.m2/repository/com/fasterxml/jackson/core/jackson-core/2.10.3/jackson-core-2.10.3.jar:/Users/manav/.m2/repository/org/bouncycastle/bcpkix-jdk15on/1.64/bcpkix-jdk15on-1.64.jar:/Users/manav/.m2/repository/org/bouncycastle/bcprov-jdk15on/1.64/bcprov-jdk15on-1.64.jar:/Users/manav/.m2/repository/org/slf4j/jcl-over-slf4j/1.7.30/jcl-over-slf4j-1.7.30.jar:/Users/manav/.m2/repository/com/github/docker-java/docker-java-transport-httpclient5/3.2.13/docker-java-transport-httpclient5-3.2.13.jar:/Users/manav/.m2/repository/com/github/docker-java/docker-java-transport/3.2.13/docker-java-transport-3.2.13.jar:/Users/manav/.m2/repository/net/java/dev/jna/jna/5.8.0/jna-5.8.0.jar:/Users/manav/.m2/repository/org/brotli/dec/0.1.2/dec-0.1.2.jar:/Users/manav/.m2/repository/org/apache/commons/commons-lang3/3.12.0/commons-lang3-3.12.0.jar:/Users/manav/.m2/repository/org/apache/httpcomponents/client5/httpclient5/5.1.3/httpclient5-5.1.3.jar:/Users/manav/.m2/repository/org/apache/httpcomponents/core5/httpcore5/5.1.3/httpcore5-5.1.3.jar:/Users/manav/.m2/repository/org/apache/httpcomponents/core5/httpcore5-h2/5.1.3/httpcore5-h2-5.1.3.jar:/Users/manav/.m2/repository/com/github/javafaker/javafaker/1.0.2/javafaker-1.0.2.jar:/Users/manav/.m2/repository/org/yaml/snakeyaml/1.23/snakeyaml-1.23-android.jar:/Users/manav/.m2/repository/com/github/mifmif/generex/1.0.2/generex-1.0.2.jar:/Users/manav/.m2/repository/dk/brics/automaton/automaton/1.11-8/automaton-1.11-8.jar:/Users/manav/.m2/repository/com/konghq/unirest-java/3.13.11/unirest-java-3.13.11.jar:/Users/manav/.m2/repository/org/apache/httpcomponents/httpclient/4.5.13/httpclient-4.5.13.jar:/Users/manav/.m2/repository/org/apache/httpcomponents/httpcore/4.4.13/httpcore-4.4.13.jar:/Users/manav/.m2/repository/commons-logging/commons-logging/1.2/commons-logging-1.2.jar:/Users/manav/.m2/repository/org/apache/httpcomponents/httpmime/4.5.13/httpmime-4.5.13.jar:/Users/manav/.m2/repository/org/apache/httpcomponents/httpcore-nio/4.4.13/httpcore-nio-4.4.13.jar:/Users/manav/.m2/repository/org/apache/httpcomponents/httpasyncclient/4.1.5/httpasyncclient-4.1.5.jar:/Users/manav/.m2/repository/commons-codec/commons-codec/1.15/commons-codec-1.15.jar:/Users/manav/.m2/repository/org/json/json/20220320/json-20220320.jar:/Users/manav/.m2/repository/com/github/2captcha/2captcha-java/1.0.1/2captcha-java-1.0.1.jar:/Users/manav/.m2/repository/com/squareup/okhttp3/okhttp/4.7.2/okhttp-4.7.2.jar:/Users/manav/.m2/repository/com/squareup/okio/okio/2.6.0/okio-2.6.0.jar:/Users/manav/.m2/repository/org/jetbrains/kotlin/kotlin-stdlib-common/1.3.70/kotlin-stdlib-common-1.3.70.jar:/Users/manav/.m2/repository/org/jetbrains/kotlin/kotlin-stdlib/1.3.71/kotlin-stdlib-1.3.71.jar:/Users/manav/.m2/repository/org/jetbrains/annotations/13.0/annotations-13.0.jar:/Users/manav/.m2/repository/commons-io/commons-io/2.11.0/commons-io-2.11.0.jar:/Users/manav/.m2/repository/com/github/mkolisnyk/cucumber-runner/1.3.5/cucumber-runner-1.3.5.jar:/Users/manav/.m2/repository/com/github/mkolisnyk/cucumber-report-generator/1.3.5/cucumber-report-generator-1.3.5.jar:/Users/manav/.m2/repository/org/freemarker/freemarker/2.3.26-incubating/freemarker-2.3.26-incubating.jar:/Users/manav/.m2/repository/batik/batik-transcoder/1.6-1/batik-transcoder-1.6-1.jar:/Users/manav/.m2/repository/batik/batik-bridge/1.6-1/batik-bridge-1.6-1.jar:/Users/manav/.m2/repository/batik/batik-gvt/1.6-1/batik-gvt-1.6-1.jar:/Users/manav/.m2/repository/batik/batik-awt-util/1.6-1/batik-awt-util-1.6-1.jar:/Users/manav/.m2/repository/batik/batik-util/1.6-1/batik-util-1.6-1.jar:/Users/manav/.m2/repository/batik/batik-gui-util/1.6-1/batik-gui-util-1.6-1.jar:/Users/manav/.m2/repository/batik/batik-ext/1.6-1/batik-ext-1.6-1.jar:/Users/manav/.m2/repository/xml-apis/xmlParserAPIs/2.0.2/xmlParserAPIs-2.0.2.jar:/Users/manav/.m2/repository/batik/batik-script/1.6-1/batik-script-1.6-1.jar:/Users/manav/.m2/repository/rhino/js/1.5R4.1/js-1.5R4.1.jar:/Users/manav/.m2/repository/batik/batik-svg-dom/1.6-1/batik-svg-dom-1.6-1.jar:/Users/manav/.m2/repository/batik/batik-dom/1.6-1/batik-dom-1.6-1.jar:/Users/manav/.m2/repository/batik/batik-css/1.6-1/batik-css-1.6-1.jar:/Users/manav/.m2/repository/batik/batik-xml/1.6-1/batik-xml-1.6-1.jar:/Users/manav/.m2/repository/batik/batik-parser/1.6-1/batik-parser-1.6-1.jar:/Users/manav/.m2/repository/com/itextpdf/itextpdf/5.5.11/itextpdf-5.5.11.jar:/Users/manav/.m2/repository/com/cedarsoftware/json-io/4.9.12/json-io-4.9.12.jar:/Users/manav/.m2/repository/info/cukes/cucumber-junit/1.2.5/cucumber-junit-1.2.5.jar:/Users/manav/.m2/repository/info/cukes/cucumber-core/1.2.5/cucumber-core-1.2.5.jar:/Users/manav/.m2/repository/info/cukes/cucumber-html/0.2.3/cucumber-html-0.2.3.jar:/Users/manav/.m2/repository/info/cukes/cucumber-jvm-deps/1.0.5/cucumber-jvm-deps-1.0.5.jar:/Users/manav/.m2/repository/info/cukes/gherkin/2.12.2/gherkin-2.12.2.jar:/Users/manav/.m2/repository/info/cukes/cucumber-testng/1.2.5/cucumber-testng-1.2.5.jar:/Users/manav/.m2/repository/junit/junit/4.12/junit-4.12.jar:/Users/manav/.m2/repository/org/hamcrest/hamcrest-core/1.3/hamcrest-core-1.3.jar:/Users/manav/.m2/repository/org/xhtmlrenderer/flying-saucer-pdf/9.1.7/flying-saucer-pdf-9.1.7.jar:/Users/manav/.m2/repository/com/lowagie/itext/2.1.7/itext-2.1.7.jar:/Users/manav/.m2/repository/org/bouncycastle/bctsp-jdk14/1.38/bctsp-jdk14-1.38.jar:/Users/manav/.m2/repository/org/xhtmlrenderer/flying-saucer-core/9.1.7/flying-saucer-core-9.1.7.jar:/Users/manav/.m2/repository/org/javassist/javassist/3.22.0-CR2/javassist-3.22.0-CR2.jar:/Users/manav/.m2/repository/joda-time/joda-time/2.9.9/joda-time-2.9.9.jar:/Users/manav/.m2/repository/org/codehaus/plexus/plexus-utils/3.0.1/plexus-utils-3.0.1.jar:/Users/manav/.m2/repository/org/apache/maven/maven-plugin-api/2.0/maven-plugin-api-2.0.jar:/Users/manav/.m2/repository/org/apache/maven/reporting/maven-reporting-api/2.0.8/maven-reporting-api-2.0.8.jar:/Users/manav/.m2/repository/org/apache/maven/doxia/doxia-sink-api/1.0-alpha-9/doxia-sink-api-1.0-alpha-9.jar:/Users/manav/.m2/repository/org/apache/maven/reporting/maven-reporting-impl/2.0.4.3/maven-reporting-impl-2.0.4.3.jar:/Users/manav/.m2/repository/org/apache/maven/maven-project/2.0.4/maven-project-2.0.4.jar:/Users/manav/.m2/repository/org/apache/maven/maven-settings/2.0.4/maven-settings-2.0.4.jar:/Users/manav/.m2/repository/org/apache/maven/maven-profile/2.0.4/maven-profile-2.0.4.jar:/Users/manav/.m2/repository/org/apache/maven/maven-model/2.0.4/maven-model-2.0.4.jar:/Users/manav/.m2/repository/org/apache/maven/maven-artifact-manager/2.0.4/maven-artifact-manager-2.0.4.jar:/Users/manav/.m2/repository/org/apache/maven/maven-repository-metadata/2.0.4/maven-repository-metadata-2.0.4.jar:/Users/manav/.m2/repository/org/apache/maven/wagon/wagon-provider-api/1.0-alpha-6/wagon-provider-api-1.0-alpha-6.jar:/Users/manav/.m2/repository/org/apache/maven/maven-artifact/2.0.4/maven-artifact-2.0.4.jar:/Users/manav/.m2/repository/org/codehaus/plexus/plexus-container-default/1.0-alpha-9/plexus-container-default-1.0-alpha-9.jar:/Users/manav/.m2/repository/classworlds/classworlds/1.1-alpha-2/classworlds-1.1-alpha-2.jar:/Users/manav/.m2/repository/org/apache/maven/doxia/doxia-core/1.0/doxia-core-1.0.jar:/Users/manav/.m2/repository/org/apache/maven/doxia/doxia-site-renderer/1.0/doxia-site-renderer-1.0.jar:/Users/manav/.m2/repository/org/codehaus/plexus/plexus-i18n/1.0-beta-7/plexus-i18n-1.0-beta-7.jar:/Users/manav/.m2/repository/org/codehaus/plexus/plexus-velocity/1.1.7/plexus-velocity-1.1.7.jar:/Users/manav/.m2/repository/org/apache/velocity/velocity/1.5/velocity-1.5.jar:/Users/manav/.m2/repository/commons-lang/commons-lang/2.1/commons-lang-2.1.jar:/Users/manav/.m2/repository/org/apache/maven/doxia/doxia-decoration-model/1.0/doxia-decoration-model-1.0.jar:/Users/manav/.m2/repository/commons-collections/commons-collections/3.2/commons-collections-3.2.jar:/Users/manav/.m2/repository/org/apache/maven/doxia/doxia-module-apt/1.0/doxia-module-apt-1.0.jar:/Users/manav/.m2/repository/org/apache/maven/doxia/doxia-module-fml/1.0/doxia-module-fml-1.0.jar:/Users/manav/.m2/repository/org/apache/maven/doxia/doxia-module-xdoc/1.0/doxia-module-xdoc-1.0.jar:/Users/manav/.m2/repository/org/apache/maven/doxia/doxia-module-xhtml/1.0/doxia-module-xhtml-1.0.jar:/Users/manav/.m2/repository/commons-validator/commons-validator/1.2.0/commons-validator-1.2.0.jar:/Users/manav/.m2/repository/commons-beanutils/commons-beanutils/1.7.0/commons-beanutils-1.7.0.jar:/Users/manav/.m2/repository/commons-digester/commons-digester/1.6/commons-digester-1.6.jar:/Users/manav/.m2/repository/oro/oro/2.0.8/oro-2.0.8.jar:/Users/manav/.m2/repository/org/apache/maven/shared/maven-doxia-tools/1.0.2/maven-doxia-tools-1.0.2.jar:/Users/manav/.m2/repository/org/assertj/assertj-core/3.23.1/assertj-core-3.23.1.jar:/Users/manav/.m2/repository/net/bytebuddy/byte-buddy/1.12.10/byte-buddy-1.12.10.jar:/Users/manav/.m2/repository/io/rest-assured/rest-assured/5.1.1/rest-assured-5.1.1.jar:/Users/manav/.m2/repository/org/apache/groovy/groovy/4.0.1/groovy-4.0.1.jar:/Users/manav/.m2/repository/org/apache/groovy/groovy-xml/4.0.1/groovy-xml-4.0.1.jar:/Users/manav/.m2/repository/org/hamcrest/hamcrest/2.1/hamcrest-2.1.jar:/Users/manav/.m2/repository/org/ccil/cowan/tagsoup/tagsoup/1.2.1/tagsoup-1.2.1.jar:/Users/manav/.m2/repository/io/rest-assured/json-path/5.1.1/json-path-5.1.1.jar:/Users/manav/.m2/repository/org/apache/groovy/groovy-json/4.0.1/groovy-json-4.0.1.jar:/Users/manav/.m2/repository/io/rest-assured/rest-assured-common/5.1.1/rest-assured-common-5.1.1.jar:/Users/manav/.m2/repository/io/rest-assured/xml-path/5.1.1/xml-path-5.1.1.jar:/Users/manav/.m2/repository/org/postgresql/postgresql/42.5.0/postgresql-42.5.0.jar:/Users/manav/.m2/repository/org/checkerframework/checker-qual/3.5.0/checker-qual-3.5.0.jar:/Users/manav/.m2/repository/org/apache/maven/surefire/surefire-testng-utils/2.22.0/surefire-testng-utils-2.22.0.jar:/Users/manav/.m2/repository/org/apache/maven/surefire/surefire-grouper/2.22.0/surefire-grouper-2.22.0.jar:"/>
    <property name="java.vm.vendor" value="Homebrew"/>
    <property name="sun.arch.data.model" value="64"/>
    <property name="java.vendor.url" value="https://github.com/Homebrew/homebrew-core/issues"/>
    <property name="os.name" value="Mac OS X"/>
    <property name="java.vm.specification.version" value="18"/>
    <property name="sun.java.launcher" value="SUN_STANDARD"/>
    <property name="user.country" value="IN"/>
    <property name="sun.boot.library.path" value="/opt/homebrew/Cellar/openjdk/18.0.2.1_1/libexec/openjdk.jdk/Contents/Home/lib"/>
    <property name="sun.java.command" value="/Users/manav/Documents/DemoProject/target/surefire/surefirebooter5049641609013628753.jar /Users/manav/Documents/DemoProject/target/surefire 2022-10-07T16-12-35_869-jvmRun1 surefire5606244708795975506tmp surefire_09794250166084452491tmp"/>
    <property name="http.nonProxyHosts" value="local|*.local|169.254/16|*.169.254/16"/>
    <property name="jdk.debug" value="release"/>
    <property name="surefire.test.class.path" value="/Users/manav/Documents/DemoProject/target/test-classes:/Users/manav/Documents/DemoProject/target/classes:/Users/manav/.m2/repository/org/apache/logging/log4j/log4j-core/2.18.0/log4j-core-2.18.0.jar:/Users/manav/.m2/repository/org/apache/logging/log4j/log4j-api/2.18.0/log4j-api-2.18.0.jar:/Users/manav/.m2/repository/xerces/xercesImpl/2.12.2/xercesImpl-2.12.2.jar:/Users/manav/.m2/repository/xml-apis/xml-apis/1.4.01/xml-apis-1.4.01.jar:/Users/manav/.m2/repository/org/apache/logging/log4j/log4j-slf4j-impl/2.18.0/log4j-slf4j-impl-2.18.0.jar:/Users/manav/.m2/repository/org/slf4j/slf4j-api/1.7.25/slf4j-api-1.7.25.jar:/Users/manav/.m2/repository/org/seleniumhq/selenium/selenium-java/4.1.0/selenium-java-4.1.0.jar:/Users/manav/.m2/repository/org/seleniumhq/selenium/selenium-api/4.1.0/selenium-api-4.1.0.jar:/Users/manav/.m2/repository/org/seleniumhq/selenium/selenium-chrome-driver/4.1.0/selenium-chrome-driver-4.1.0.jar:/Users/manav/.m2/repository/com/google/auto/service/auto-service-annotations/1.0.1/auto-service-annotations-1.0.1.jar:/Users/manav/.m2/repository/com/google/auto/service/auto-service/1.0.1/auto-service-1.0.1.jar:/Users/manav/.m2/repository/com/google/auto/auto-common/1.2/auto-common-1.2.jar:/Users/manav/.m2/repository/com/google/guava/guava/31.0.1-jre/guava-31.0.1-jre.jar:/Users/manav/.m2/repository/com/google/guava/failureaccess/1.0.1/failureaccess-1.0.1.jar:/Users/manav/.m2/repository/com/google/guava/listenablefuture/9999.0-empty-to-avoid-conflict-with-guava/listenablefuture-9999.0-empty-to-avoid-conflict-with-guava.jar:/Users/manav/.m2/repository/com/google/errorprone/error_prone_annotations/2.7.1/error_prone_annotations-2.7.1.jar:/Users/manav/.m2/repository/com/google/j2objc/j2objc-annotations/1.3/j2objc-annotations-1.3.jar:/Users/manav/.m2/repository/org/seleniumhq/selenium/selenium-chromium-driver/4.1.0/selenium-chromium-driver-4.1.0.jar:/Users/manav/.m2/repository/org/seleniumhq/selenium/selenium-json/4.1.0/selenium-json-4.1.0.jar:/Users/manav/.m2/repository/org/seleniumhq/selenium/selenium-devtools-v85/4.1.0/selenium-devtools-v85-4.1.0.jar:/Users/manav/.m2/repository/org/seleniumhq/selenium/selenium-devtools-v94/4.1.0/selenium-devtools-v94-4.1.0.jar:/Users/manav/.m2/repository/org/seleniumhq/selenium/selenium-devtools-v95/4.1.0/selenium-devtools-v95-4.1.0.jar:/Users/manav/.m2/repository/org/seleniumhq/selenium/selenium-devtools-v96/4.1.0/selenium-devtools-v96-4.1.0.jar:/Users/manav/.m2/repository/org/seleniumhq/selenium/selenium-edge-driver/4.1.0/selenium-edge-driver-4.1.0.jar:/Users/manav/.m2/repository/org/seleniumhq/selenium/selenium-firefox-driver/4.1.0/selenium-firefox-driver-4.1.0.jar:/Users/manav/.m2/repository/org/seleniumhq/selenium/selenium-firefox-xpi-driver/4.1.0/selenium-firefox-xpi-driver-4.1.0.jar:/Users/manav/.m2/repository/org/seleniumhq/selenium/selenium-ie-driver/4.1.0/selenium-ie-driver-4.1.0.jar:/Users/manav/.m2/repository/org/seleniumhq/selenium/selenium-opera-driver/4.1.0/selenium-opera-driver-4.1.0.jar:/Users/manav/.m2/repository/org/seleniumhq/selenium/selenium-remote-driver/4.1.0/selenium-remote-driver-4.1.0.jar:/Users/manav/.m2/repository/com/beust/jcommander/1.81/jcommander-1.81.jar:/Users/manav/.m2/repository/io/netty/netty-buffer/4.1.69.Final/netty-buffer-4.1.69.Final.jar:/Users/manav/.m2/repository/io/netty/netty-codec-http/4.1.69.Final/netty-codec-http-4.1.69.Final.jar:/Users/manav/.m2/repository/io/netty/netty-codec/4.1.69.Final/netty-codec-4.1.69.Final.jar:/Users/manav/.m2/repository/io/netty/netty-handler/4.1.69.Final/netty-handler-4.1.69.Final.jar:/Users/manav/.m2/repository/io/netty/netty-common/4.1.69.Final/netty-common-4.1.69.Final.jar:/Users/manav/.m2/repository/io/netty/netty-transport-native-epoll/4.1.69.Final/netty-transport-native-epoll-4.1.69.Final.jar:/Users/manav/.m2/repository/io/netty/netty-transport-native-kqueue/4.1.69.Final/netty-transport-native-kqueue-4.1.69.Final.jar:/Users/manav/.m2/repository/io/netty/netty-transport-native-unix-common/4.1.69.Final/netty-transport-native-unix-common-4.1.69.Final.jar:/Users/manav/.m2/repository/io/netty/netty-transport/4.1.69.Final/netty-transport-4.1.69.Final.jar:/Users/manav/.m2/repository/io/netty/netty-resolver/4.1.69.Final/netty-resolver-4.1.69.Final.jar:/Users/manav/.m2/repository/io/opentelemetry/opentelemetry-api/1.9.0/opentelemetry-api-1.9.0.jar:/Users/manav/.m2/repository/io/opentelemetry/opentelemetry-context/1.9.0/opentelemetry-context-1.9.0.jar:/Users/manav/.m2/repository/io/opentelemetry/opentelemetry-exporter-logging/1.9.0/opentelemetry-exporter-logging-1.9.0.jar:/Users/manav/.m2/repository/io/opentelemetry/opentelemetry-sdk-metrics/1.9.0-alpha/opentelemetry-sdk-metrics-1.9.0-alpha.jar:/Users/manav/.m2/repository/io/opentelemetry/opentelemetry-sdk-logs/1.9.0-alpha/opentelemetry-sdk-logs-1.9.0-alpha.jar:/Users/manav/.m2/repository/io/opentelemetry/opentelemetry-sdk-common/1.9.0/opentelemetry-sdk-common-1.9.0.jar:/Users/manav/.m2/repository/io/opentelemetry/opentelemetry-sdk-extension-autoconfigure-spi/1.9.0/opentelemetry-sdk-extension-autoconfigure-spi-1.9.0.jar:/Users/manav/.m2/repository/io/opentelemetry/opentelemetry-sdk-extension-autoconfigure/1.9.0-alpha/opentelemetry-sdk-extension-autoconfigure-1.9.0-alpha.jar:/Users/manav/.m2/repository/io/opentelemetry/opentelemetry-sdk-trace/1.9.0/opentelemetry-sdk-trace-1.9.0.jar:/Users/manav/.m2/repository/io/opentelemetry/opentelemetry-api-metrics/1.9.0-alpha/opentelemetry-api-metrics-1.9.0-alpha.jar:/Users/manav/.m2/repository/io/opentelemetry/opentelemetry-sdk/1.9.0/opentelemetry-sdk-1.9.0.jar:/Users/manav/.m2/repository/io/opentelemetry/opentelemetry-semconv/1.9.0-alpha/opentelemetry-semconv-1.9.0-alpha.jar:/Users/manav/.m2/repository/io/ous/jtoml/2.0.0/jtoml-2.0.0.jar:/Users/manav/.m2/repository/org/apache/commons/commons-exec/1.3/commons-exec-1.3.jar:/Users/manav/.m2/repository/org/asynchttpclient/async-http-client/2.12.3/async-http-client-2.12.3.jar:/Users/manav/.m2/repository/org/asynchttpclient/async-http-client-netty-utils/2.12.3/async-http-client-netty-utils-2.12.3.jar:/Users/manav/.m2/repository/io/netty/netty-codec-socks/4.1.60.Final/netty-codec-socks-4.1.60.Final.jar:/Users/manav/.m2/repository/io/netty/netty-handler-proxy/4.1.60.Final/netty-handler-proxy-4.1.60.Final.jar:/Users/manav/.m2/repository/io/netty/netty-transport-native-epoll/4.1.60.Final/netty-transport-native-epoll-4.1.60.Final-linux-x86_64.jar:/Users/manav/.m2/repository/io/netty/netty-transport-native-kqueue/4.1.60.Final/netty-transport-native-kqueue-4.1.60.Final-osx-x86_64.jar:/Users/manav/.m2/repository/org/reactivestreams/reactive-streams/1.0.3/reactive-streams-1.0.3.jar:/Users/manav/.m2/repository/com/typesafe/netty/netty-reactive-streams/2.0.4/netty-reactive-streams-2.0.4.jar:/Users/manav/.m2/repository/com/sun/activation/jakarta.activation/1.2.2/jakarta.activation-1.2.2.jar:/Users/manav/.m2/repository/org/seleniumhq/selenium/selenium-http/4.1.0/selenium-http-4.1.0.jar:/Users/manav/.m2/repository/net/jodah/failsafe/2.4.4/failsafe-2.4.4.jar:/Users/manav/.m2/repository/org/seleniumhq/selenium/selenium-safari-driver/4.1.0/selenium-safari-driver-4.1.0.jar:/Users/manav/.m2/repository/org/seleniumhq/selenium/selenium-support/4.1.0/selenium-support-4.1.0.jar:/Users/manav/.m2/repository/io/cucumber/cucumber-java/7.6.0/cucumber-java-7.6.0.jar:/Users/manav/.m2/repository/io/cucumber/cucumber-core/7.6.0/cucumber-core-7.6.0.jar:/Users/manav/.m2/repository/io/cucumber/cucumber-gherkin/7.6.0/cucumber-gherkin-7.6.0.jar:/Users/manav/.m2/repository/io/cucumber/cucumber-gherkin-messages/7.6.0/cucumber-gherkin-messages-7.6.0.jar:/Users/manav/.m2/repository/io/cucumber/gherkin/24.0.0/gherkin-24.0.0.jar:/Users/manav/.m2/repository/io/cucumber/messages/19.0.0/messages-19.0.0.jar:/Users/manav/.m2/repository/io/cucumber/tag-expressions/4.1.0/tag-expressions-4.1.0.jar:/Users/manav/.m2/repository/io/cucumber/cucumber-expressions/16.0.0/cucumber-expressions-16.0.0.jar:/Users/manav/.m2/repository/io/cucumber/datatable/7.6.0/datatable-7.6.0.jar:/Users/manav/.m2/repository/io/cucumber/cucumber-plugin/7.6.0/cucumber-plugin-7.6.0.jar:/Users/manav/.m2/repository/io/cucumber/docstring/7.6.0/docstring-7.6.0.jar:/Users/manav/.m2/repository/io/cucumber/html-formatter/20.0.0/html-formatter-20.0.0.jar:/Users/manav/.m2/repository/io/cucumber/ci-environment/9.1.0/ci-environment-9.1.0.jar:/Users/manav/.m2/repository/org/apiguardian/apiguardian-api/1.1.2/apiguardian-api-1.1.2.jar:/Users/manav/.m2/repository/io/cucumber/cucumber-testng/7.6.0/cucumber-testng-7.6.0.jar:/Users/manav/.m2/repository/org/testng/testng/7.6.1/testng-7.6.1.jar:/Users/manav/.m2/repository/com/google/code/findbugs/jsr305/3.0.2/jsr305-3.0.2.jar:/Users/manav/.m2/repository/org/webjars/jquery/3.6.0/jquery-3.6.0.jar:/Users/manav/.m2/repository/io/cucumber/cucumber-picocontainer/7.6.0/cucumber-picocontainer-7.6.0.jar:/Users/manav/.m2/repository/org/picocontainer/picocontainer/2.15/picocontainer-2.15.jar:/Users/manav/.m2/repository/io/github/bonigarcia/webdrivermanager/5.3.0/webdrivermanager-5.3.0.jar:/Users/manav/.m2/repository/com/google/code/gson/gson/2.9.1/gson-2.9.1.jar:/Users/manav/.m2/repository/com/github/docker-java/docker-java/3.2.13/docker-java-3.2.13.jar:/Users/manav/.m2/repository/com/github/docker-java/docker-java-core/3.2.13/docker-java-core-3.2.13.jar:/Users/manav/.m2/repository/com/github/docker-java/docker-java-api/3.2.13/docker-java-api-3.2.13.jar:/Users/manav/.m2/repository/com/fasterxml/jackson/core/jackson-annotations/2.10.3/jackson-annotations-2.10.3.jar:/Users/manav/.m2/repository/org/apache/commons/commons-compress/1.21/commons-compress-1.21.jar:/Users/manav/.m2/repository/com/fasterxml/jackson/core/jackson-databind/2.10.3/jackson-databind-2.10.3.jar:/Users/manav/.m2/repository/com/fasterxml/jackson/core/jackson-core/2.10.3/jackson-core-2.10.3.jar:/Users/manav/.m2/repository/org/bouncycastle/bcpkix-jdk15on/1.64/bcpkix-jdk15on-1.64.jar:/Users/manav/.m2/repository/org/bouncycastle/bcprov-jdk15on/1.64/bcprov-jdk15on-1.64.jar:/Users/manav/.m2/repository/org/slf4j/jcl-over-slf4j/1.7.30/jcl-over-slf4j-1.7.30.jar:/Users/manav/.m2/repository/com/github/docker-java/docker-java-transport-httpclient5/3.2.13/docker-java-transport-httpclient5-3.2.13.jar:/Users/manav/.m2/repository/com/github/docker-java/docker-java-transport/3.2.13/docker-java-transport-3.2.13.jar:/Users/manav/.m2/repository/net/java/dev/jna/jna/5.8.0/jna-5.8.0.jar:/Users/manav/.m2/repository/org/brotli/dec/0.1.2/dec-0.1.2.jar:/Users/manav/.m2/repository/org/apache/commons/commons-lang3/3.12.0/commons-lang3-3.12.0.jar:/Users/manav/.m2/repository/org/apache/httpcomponents/client5/httpclient5/5.1.3/httpclient5-5.1.3.jar:/Users/manav/.m2/repository/org/apache/httpcomponents/core5/httpcore5/5.1.3/httpcore5-5.1.3.jar:/Users/manav/.m2/repository/org/apache/httpcomponents/core5/httpcore5-h2/5.1.3/httpcore5-h2-5.1.3.jar:/Users/manav/.m2/repository/com/github/javafaker/javafaker/1.0.2/javafaker-1.0.2.jar:/Users/manav/.m2/repository/org/yaml/snakeyaml/1.23/snakeyaml-1.23-android.jar:/Users/manav/.m2/repository/com/github/mifmif/generex/1.0.2/generex-1.0.2.jar:/Users/manav/.m2/repository/dk/brics/automaton/automaton/1.11-8/automaton-1.11-8.jar:/Users/manav/.m2/repository/com/konghq/unirest-java/3.13.11/unirest-java-3.13.11.jar:/Users/manav/.m2/repository/org/apache/httpcomponents/httpclient/4.5.13/httpclient-4.5.13.jar:/Users/manav/.m2/repository/org/apache/httpcomponents/httpcore/4.4.13/httpcore-4.4.13.jar:/Users/manav/.m2/repository/commons-logging/commons-logging/1.2/commons-logging-1.2.jar:/Users/manav/.m2/repository/org/apache/httpcomponents/httpmime/4.5.13/httpmime-4.5.13.jar:/Users/manav/.m2/repository/org/apache/httpcomponents/httpcore-nio/4.4.13/httpcore-nio-4.4.13.jar:/Users/manav/.m2/repository/org/apache/httpcomponents/httpasyncclient/4.1.5/httpasyncclient-4.1.5.jar:/Users/manav/.m2/repository/commons-codec/commons-codec/1.15/commons-codec-1.15.jar:/Users/manav/.m2/repository/org/json/json/20220320/json-20220320.jar:/Users/manav/.m2/repository/com/github/2captcha/2captcha-java/1.0.1/2captcha-java-1.0.1.jar:/Users/manav/.m2/repository/com/squareup/okhttp3/okhttp/4.7.2/okhttp-4.7.2.jar:/Users/manav/.m2/repository/com/squareup/okio/okio/2.6.0/okio-2.6.0.jar:/Users/manav/.m2/repository/org/jetbrains/kotlin/kotlin-stdlib-common/1.3.70/kotlin-stdlib-common-1.3.70.jar:/Users/manav/.m2/repository/org/jetbrains/kotlin/kotlin-stdlib/1.3.71/kotlin-stdlib-1.3.71.jar:/Users/manav/.m2/repository/org/jetbrains/annotations/13.0/annotations-13.0.jar:/Users/manav/.m2/repository/commons-io/commons-io/2.11.0/commons-io-2.11.0.jar:/Users/manav/.m2/repository/com/github/mkolisnyk/cucumber-runner/1.3.5/cucumber-runner-1.3.5.jar:/Users/manav/.m2/repository/com/github/mkolisnyk/cucumber-report-generator/1.3.5/cucumber-report-generator-1.3.5.jar:/Users/manav/.m2/repository/org/freemarker/freemarker/2.3.26-incubating/freemarker-2.3.26-incubating.jar:/Users/manav/.m2/repository/batik/batik-transcoder/1.6-1/batik-transcoder-1.6-1.jar:/Users/manav/.m2/repository/batik/batik-bridge/1.6-1/batik-bridge-1.6-1.jar:/Users/manav/.m2/repository/batik/batik-gvt/1.6-1/batik-gvt-1.6-1.jar:/Users/manav/.m2/repository/batik/batik-awt-util/1.6-1/batik-awt-util-1.6-1.jar:/Users/manav/.m2/repository/batik/batik-util/1.6-1/batik-util-1.6-1.jar:/Users/manav/.m2/repository/batik/batik-gui-util/1.6-1/batik-gui-util-1.6-1.jar:/Users/manav/.m2/repository/batik/batik-ext/1.6-1/batik-ext-1.6-1.jar:/Users/manav/.m2/repository/xml-apis/xmlParserAPIs/2.0.2/xmlParserAPIs-2.0.2.jar:/Users/manav/.m2/repository/batik/batik-script/1.6-1/batik-script-1.6-1.jar:/Users/manav/.m2/repository/rhino/js/1.5R4.1/js-1.5R4.1.jar:/Users/manav/.m2/repository/batik/batik-svg-dom/1.6-1/batik-svg-dom-1.6-1.jar:/Users/manav/.m2/repository/batik/batik-dom/1.6-1/batik-dom-1.6-1.jar:/Users/manav/.m2/repository/batik/batik-css/1.6-1/batik-css-1.6-1.jar:/Users/manav/.m2/repository/batik/batik-xml/1.6-1/batik-xml-1.6-1.jar:/Users/manav/.m2/repository/batik/batik-parser/1.6-1/batik-parser-1.6-1.jar:/Users/manav/.m2/repository/com/itextpdf/itextpdf/5.5.11/itextpdf-5.5.11.jar:/Users/manav/.m2/repository/com/cedarsoftware/json-io/4.9.12/json-io-4.9.12.jar:/Users/manav/.m2/repository/info/cukes/cucumber-junit/1.2.5/cucumber-junit-1.2.5.jar:/Users/manav/.m2/repository/info/cukes/cucumber-core/1.2.5/cucumber-core-1.2.5.jar:/Users/manav/.m2/repository/info/cukes/cucumber-html/0.2.3/cucumber-html-0.2.3.jar:/Users/manav/.m2/repository/info/cukes/cucumber-jvm-deps/1.0.5/cucumber-jvm-deps-1.0.5.jar:/Users/manav/.m2/repository/info/cukes/gherkin/2.12.2/gherkin-2.12.2.jar:/Users/manav/.m2/repository/info/cukes/cucumber-testng/1.2.5/cucumber-testng-1.2.5.jar:/Users/manav/.m2/repository/junit/junit/4.12/junit-4.12.jar:/Users/manav/.m2/repository/org/hamcrest/hamcrest-core/1.3/hamcrest-core-1.3.jar:/Users/manav/.m2/repository/org/xhtmlrenderer/flying-saucer-pdf/9.1.7/flying-saucer-pdf-9.1.7.jar:/Users/manav/.m2/repository/com/lowagie/itext/2.1.7/itext-2.1.7.jar:/Users/manav/.m2/repository/org/bouncycastle/bctsp-jdk14/1.38/bctsp-jdk14-1.38.jar:/Users/manav/.m2/repository/org/xhtmlrenderer/flying-saucer-core/9.1.7/flying-saucer-core-9.1.7.jar:/Users/manav/.m2/repository/org/javassist/javassist/3.22.0-CR2/javassist-3.22.0-CR2.jar:/Users/manav/.m2/repository/joda-time/joda-time/2.9.9/joda-time-2.9.9.jar:/Users/manav/.m2/repository/org/codehaus/plexus/plexus-utils/3.0.1/plexus-utils-3.0.1.jar:/Users/manav/.m2/repository/org/apache/maven/maven-plugin-api/2.0/maven-plugin-api-2.0.jar:/Users/manav/.m2/repository/org/apache/maven/reporting/maven-reporting-api/2.0.8/maven-reporting-api-2.0.8.jar:/Users/manav/.m2/repository/org/apache/maven/doxia/doxia-sink-api/1.0-alpha-9/doxia-sink-api-1.0-alpha-9.jar:/Users/manav/.m2/repository/org/apache/maven/reporting/maven-reporting-impl/2.0.4.3/maven-reporting-impl-2.0.4.3.jar:/Users/manav/.m2/repository/org/apache/maven/maven-project/2.0.4/maven-project-2.0.4.jar:/Users/manav/.m2/repository/org/apache/maven/maven-settings/2.0.4/maven-settings-2.0.4.jar:/Users/manav/.m2/repository/org/apache/maven/maven-profile/2.0.4/maven-profile-2.0.4.jar:/Users/manav/.m2/repository/org/apache/maven/maven-model/2.0.4/maven-model-2.0.4.jar:/Users/manav/.m2/repository/org/apache/maven/maven-artifact-manager/2.0.4/maven-artifact-manager-2.0.4.jar:/Users/manav/.m2/repository/org/apache/maven/maven-repository-metadata/2.0.4/maven-repository-metadata-2.0.4.jar:/Users/manav/.m2/repository/org/apache/maven/wagon/wagon-provider-api/1.0-alpha-6/wagon-provider-api-1.0-alpha-6.jar:/Users/manav/.m2/repository/org/apache/maven/maven-artifact/2.0.4/maven-artifact-2.0.4.jar:/Users/manav/.m2/repository/org/codehaus/plexus/plexus-container-default/1.0-alpha-9/plexus-container-default-1.0-alpha-9.jar:/Users/manav/.m2/repository/classworlds/classworlds/1.1-alpha-2/classworlds-1.1-alpha-2.jar:/Users/manav/.m2/repository/org/apache/maven/doxia/doxia-core/1.0/doxia-core-1.0.jar:/Users/manav/.m2/repository/org/apache/maven/doxia/doxia-site-renderer/1.0/doxia-site-renderer-1.0.jar:/Users/manav/.m2/repository/org/codehaus/plexus/plexus-i18n/1.0-beta-7/plexus-i18n-1.0-beta-7.jar:/Users/manav/.m2/repository/org/codehaus/plexus/plexus-velocity/1.1.7/plexus-velocity-1.1.7.jar:/Users/manav/.m2/repository/org/apache/velocity/velocity/1.5/velocity-1.5.jar:/Users/manav/.m2/repository/commons-lang/commons-lang/2.1/commons-lang-2.1.jar:/Users/manav/.m2/repository/org/apache/maven/doxia/doxia-decoration-model/1.0/doxia-decoration-model-1.0.jar:/Users/manav/.m2/repository/commons-collections/commons-collections/3.2/commons-collections-3.2.jar:/Users/manav/.m2/repository/org/apache/maven/doxia/doxia-module-apt/1.0/doxia-module-apt-1.0.jar:/Users/manav/.m2/repository/org/apache/maven/doxia/doxia-module-fml/1.0/doxia-module-fml-1.0.jar:/Users/manav/.m2/repository/org/apache/maven/doxia/doxia-module-xdoc/1.0/doxia-module-xdoc-1.0.jar:/Users/manav/.m2/repository/org/apache/maven/doxia/doxia-module-xhtml/1.0/doxia-module-xhtml-1.0.jar:/Users/manav/.m2/repository/commons-validator/commons-validator/1.2.0/commons-validator-1.2.0.jar:/Users/manav/.m2/repository/commons-beanutils/commons-beanutils/1.7.0/commons-beanutils-1.7.0.jar:/Users/manav/.m2/repository/commons-digester/commons-digester/1.6/commons-digester-1.6.jar:/Users/manav/.m2/repository/oro/oro/2.0.8/oro-2.0.8.jar:/Users/manav/.m2/repository/org/apache/maven/shared/maven-doxia-tools/1.0.2/maven-doxia-tools-1.0.2.jar:/Users/manav/.m2/repository/org/assertj/assertj-core/3.23.1/assertj-core-3.23.1.jar:/Users/manav/.m2/repository/net/bytebuddy/byte-buddy/1.12.10/byte-buddy-1.12.10.jar:/Users/manav/.m2/repository/io/rest-assured/rest-assured/5.1.1/rest-assured-5.1.1.jar:/Users/manav/.m2/repository/org/apache/groovy/groovy/4.0.1/groovy-4.0.1.jar:/Users/manav/.m2/repository/org/apache/groovy/groovy-xml/4.0.1/groovy-xml-4.0.1.jar:/Users/manav/.m2/repository/org/hamcrest/hamcrest/2.1/hamcrest-2.1.jar:/Users/manav/.m2/repository/org/ccil/cowan/tagsoup/tagsoup/1.2.1/tagsoup-1.2.1.jar:/Users/manav/.m2/repository/io/rest-assured/json-path/5.1.1/json-path-5.1.1.jar:/Users/manav/.m2/repository/org/apache/groovy/groovy-json/4.0.1/groovy-json-4.0.1.jar:/Users/manav/.m2/repository/io/rest-assured/rest-assured-common/5.1.1/rest-assured-common-5.1.1.jar:/Users/manav/.m2/repository/io/rest-assured/xml-path/5.1.1/xml-path-5.1.1.jar:/Users/manav/.m2/repository/org/postgresql/postgresql/42.5.0/postgresql-42.5.0.jar:/Users/manav/.m2/repository/org/checkerframework/checker-qual/3.5.0/checker-qual-3.5.0.jar:/Users/manav/.m2/repository/org/apache/maven/surefire/surefire-testng-utils/2.22.0/surefire-testng-utils-2.22.0.jar:/Users/manav/.m2/repository/org/apache/maven/surefire/surefire-grouper/2.22.0/surefire-grouper-2.22.0.jar:"/>
    <property name="sun.cpu.endian" value="little"/>
    <property name="user.home" value="/Users/manav"/>
    <property name="user.language" value="en"/>
    <property name="java.specification.vendor" value="Oracle Corporation"/>
    <property name="java.version.date" value="2022-08-18"/>
    <property name="java.home" value="/opt/homebrew/Cellar/openjdk/18.0.2.1_1/libexec/openjdk.jdk/Contents/Home"/>
    <property name="file.separator" value="/"/>
    <property name="basedir" value="/Users/manav/Documents/DemoProject"/>
    <property name="java.vm.compressedOopsMode" value="Zero based"/>
    <property name="line.separator" value="&#10;"/>
    <property name="java.vm.specification.vendor" value="Oracle Corporation"/>
    <property name="java.specification.name" value="Java Platform API Specification"/>
    <property name="apple.awt.application.name" value="ForkedBooter"/>
    <property name="surefire.real.class.path" value="/Users/manav/Documents/DemoProject/target/surefire/surefirebooter5049641609013628753.jar"/>
    <property name="sun.management.compiler" value="HotSpot 64-Bit Tiered Compilers"/>
    <property name="ftp.nonProxyHosts" value="local|*.local|169.254/16|*.169.254/16"/>
    <property name="java.runtime.version" value="18.0.2.1+1"/>
    <property name="user.name" value="manav"/>
    <property name="path.separator" value=":"/>
    <property name="os.version" value="12.6"/>
    <property name="java.runtime.name" value="OpenJDK Runtime Environment"/>
    <property name="file.encoding" value="UTF-8"/>
    <property name="browser" value="ch"/>
    <property name="java.vm.name" value="OpenJDK 64-Bit Server VM"/>
    <property name="java.vendor.version" value="Homebrew"/>
    <property name="localRepository" value="/Users/manav/.m2/repository"/>
    <property name="java.vendor.url.bug" value="https://github.com/Homebrew/homebrew-core/issues"/>
    <property name="java.io.tmpdir" value="/var/folders/th/f4yf398x0lb1dnzsf70zmbd40000gq/T/"/>
    <property name="java.version" value="18.0.2.1"/>
    <property name="cucumber.filter.tags" value="@UP_signIn"/>
    <property name="user.dir" value="/Users/manav/Documents/DemoProject"/>
    <property name="os.arch" value="aarch64"/>
    <property name="threads" value="single"/>
    <property name="java.vm.specification.name" value="Java Virtual Machine Specification"/>
    <property name="env" value="stage_cse"/>
    <property name="native.encoding" value="US-ASCII"/>
    <property name="java.library.path" value="/Users/manav/Library/Java/Extensions:/Library/Java/Extensions:/Network/Library/Java/Extensions:/System/Library/Java/Extensions:/usr/lib/java:."/>
    <property name="java.vm.info" value="mixed mode, sharing"/>
    <property name="java.vendor" value="Homebrew"/>
    <property name="java.vm.version" value="18.0.2.1+1"/>
    <property name="sun.io.unicode.encoding" value="UnicodeBig"/>
    <property name="socksNonProxyHosts" value="local|*.local|169.254/16|*.169.254/16"/>
    <property name="java.class.version" value="62.0"/>
    <property name="maven.test.failure.ignore" value="true"/>
  </properties>
  <testcase name="runScenario" classname="RunCucumberTest" time="37.161">
    <failure message="element not interactable&#10;  (Session info: headless chrome=105.0.5195.125)&#10;Build info: version: &apos;4.1.0&apos;, revision: &apos;87802e897b&apos;&#10;System info: host: &apos;ip-192-168-0-104.ec2.internal&apos;, ip: &apos;fe80:0:0:0:4af:d5dc:4a63:b3c%en0&apos;, os.name: &apos;Mac OS X&apos;, os.arch: &apos;aarch64&apos;, os.version: &apos;12.6&apos;, java.version: &apos;18.0.2.1&apos;&#10;Driver info: org.openqa.selenium.chrome.ChromeDriver&#10;Command: [ec3f40f4a76b893eeeb6bcbda0005506, clickElement {id=99f51ab1-9d2b-42dc-b705-0e45a1e87db2}]&#10;Capabilities {acceptInsecureCerts: false, browserName: chrome, browserVersion: 105.0.5195.125, chrome: {chromedriverVersion: 105.0.5195.52 (412c95e51883..., userDataDir: /var/folders/th/f4yf398x0lb...}, goog:chromeOptions: {debuggerAddress: localhost:49578}, javascriptEnabled: true, networkConnectionEnabled: false, pageLoadStrategy: normal, platform: MAC, platformName: MAC, proxy: Proxy(), se:cdp: ws://localhost:49578/devtoo..., se:cdpVersion: 105.0.5195.125, setWindowRect: true, strictFileInteractability: false, timeouts: {implicit: 0, pageLoad: 300000, script: 30000}, unhandledPromptBehavior: dismiss and notify, webauthn:extension:credBlob: true, webauthn:extension:largeBlob: true, webauthn:virtualAuthenticators: true}&#10;Element: [[ChromeDriver: chrome on MAC (ec3f40f4a76b893eeeb6bcbda0005506)] -&gt; xpath: //button]&#10;Session ID: ec3f40f4a76b893eeeb6bcbda0005506" type="org.openqa.selenium.ElementNotInteractableException">org.openqa.selenium.ElementNotInteractableException: 
element not interactable
  (Session info: headless chrome=105.0.5195.125)
Build info: version: '4.1.0', revision: '87802e897b'
System info: host: 'ip-192-168-0-104.ec2.internal', ip: 'fe80:0:0:0:4af:d5dc:4a63:b3c%en0', os.name: 'Mac OS X', os.arch: 'aarch64', os.version: '12.6', java.version: '18.0.2.1'
Driver info: org.openqa.selenium.chrome.ChromeDriver
Command: [ec3f40f4a76b893eeeb6bcbda0005506, clickElement {id=99f51ab1-9d2b-42dc-b705-0e45a1e87db2}]
Capabilities {acceptInsecureCerts: false, browserName: chrome, browserVersion: 105.0.5195.125, chrome: {chromedriverVersion: 105.0.5195.52 (412c95e51883..., userDataDir: /var/folders/th/f4yf398x0lb...}, goog:chromeOptions: {debuggerAddress: localhost:49578}, javascriptEnabled: true, networkConnectionEnabled: false, pageLoadStrategy: normal, platform: MAC, platformName: MAC, proxy: Proxy(), se:cdp: ws://localhost:49578/devtoo..., se:cdpVersion: 105.0.5195.125, setWindowRect: true, strictFileInteractability: false, timeouts: {implicit: 0, pageLoad: 300000, script: 30000}, unhandledPromptBehavior: dismiss and notify, webauthn:extension:credBlob: true, webauthn:extension:largeBlob: true, webauthn:virtualAuthenticators: true}
Element: [[ChromeDriver: chrome on MAC (ec3f40f4a76b893eeeb6bcbda0005506)] -> xpath: //button]
Session ID: ec3f40f4a76b893eeeb6bcbda0005506
</failure>
    <system-out><![CDATA[
@UP @UP_signIn @regression @smoke
Scenario: Ensure existing profile user can login in Upgrade                         &amp#27;[90m# src/test/java/features/Upgrade/signIn.feature:7&amp#27;[0m
  &amp#27;[32mGiven &amp#27;[0m&amp#27;[32mthe Upgrade user navigates to the homepage&amp#27;[0m                                  &amp#27;[90m# stepDef.Upgrade_Registration_SignIn_steps.theUserNavigatesToTheUpgradeHomePage()&amp#27;[0m
  &amp#27;[31mAnd &amp#27;[0m&amp#27;[31mthe Upgrade user creates a new profile&amp#27;[0m                                        &amp#27;[90m# stepDef.Upgrade_Registration_SignIn_steps.theUserCreatesAnNewProfileInUP()&amp#27;[0m
      &amp#27;[31morg.openqa.selenium.ElementNotInteractableException: element not interactable
  (Session info: headless chrome=105.0.5195.125)
Build info: version: '4.1.0', revision: '87802e897b'
System info: host: 'ip-192-168-0-104.ec2.internal', ip: 'fe80:0:0:0:4af:d5dc:4a63:b3c%en0', os.name: 'Mac OS X', os.arch: 'aarch64', os.version: '12.6', java.version: '18.0.2.1'
Driver info: org.openqa.selenium.chrome.ChromeDriver
Command: [ec3f40f4a76b893eeeb6bcbda0005506, clickElement {id=99f51ab1-9d2b-42dc-b705-0e45a1e87db2}]
Capabilities {acceptInsecureCerts: false, browserName: chrome, browserVersion: 105.0.5195.125, chrome: {chromedriverVersion: 105.0.5195.52 (412c95e51883..., userDataDir: /var/folders/th/f4yf398x0lb...}, goog:chromeOptions: {debuggerAddress: localhost:49578}, javascriptEnabled: true, networkConnectionEnabled: false, pageLoadStrategy: normal, platform: MAC, platformName: MAC, proxy: Proxy(), se:cdp: ws://localhost:49578/devtoo..., se:cdpVersion: 105.0.5195.125, setWindowRect: true, strictFileInteractability: false, timeouts: {implicit: 0, pageLoad: 300000, script: 30000}, unhandledPromptBehavior: dismiss and notify, webauthn:extension:credBlob: true, webauthn:extension:largeBlob: true, webauthn:virtualAuthenticators: true}
Element: [[ChromeDriver: chrome on MAC (ec3f40f4a76b893eeeb6bcbda0005506)] -> xpath: //button]
Session ID: ec3f40f4a76b893eeeb6bcbda0005506
	at java.base/jdk.internal.reflect.DirectConstructorHandleAccessor.newInstance(DirectConstructorHandleAccessor.java:67)
	at java.base/java.lang.reflect.Constructor.newInstanceWithCaller(Constructor.java:499)
	at java.base/java.lang.reflect.Constructor.newInstance(Constructor.java:483)
	at org.openqa.selenium.remote.codec.w3c.W3CHttpResponseCodec.createException(W3CHttpResponseCodec.java:200)
	at org.openqa.selenium.remote.codec.w3c.W3CHttpResponseCodec.decode(W3CHttpResponseCodec.java:133)
	at org.openqa.selenium.remote.codec.w3c.W3CHttpResponseCodec.decode(W3CHttpResponseCodec.java:53)
	at org.openqa.selenium.remote.HttpCommandExecutor.execute(HttpCommandExecutor.java:184)
	at org.openqa.selenium.remote.service.DriverCommandExecutor.invokeExecute(DriverCommandExecutor.java:164)
	at org.openqa.selenium.remote.service.DriverCommandExecutor.execute(DriverCommandExecutor.java:139)
	at org.openqa.selenium.remote.RemoteWebDriver.execute(RemoteWebDriver.java:559)
	at org.openqa.selenium.remote.RemoteWebElement.execute(RemoteWebElement.java:251)
	at org.openqa.selenium.remote.RemoteWebElement.click(RemoteWebElement.java:77)
	at java.base/jdk.internal.reflect.DirectMethodHandleAccessor.invoke(DirectMethodHandleAccessor.java:104)
	at java.base/java.lang.reflect.Method.invoke(Method.java:577)
	at org.openqa.selenium.support.pagefactory.internal.LocatingElementHandler.invoke(LocatingElementHandler.java:52)
	at jdk.proxy2/jdk.proxy2.$Proxy33.click(Unknown Source)
	at pageObject.CSE_Registration_SignIn_page.cseClickNextButtonFromEnterYourHomeAddress(CSE_Registration_SignIn_page.java:256)
	at stepDef.Upgrade_Registration_SignIn_steps.theUserCreatesAnNewProfileInUP(Upgrade_Registration_SignIn_steps.java:86)
	at ✽.the Upgrade user creates a new profile(file:///Users/manav/Documents/DemoProject/src/test/java/features/Upgrade/signIn.feature:8)
&amp#27;[0m
  &amp#27;[36mAnd &amp#27;[0m&amp#27;[36mthe Upgrade user signs out via the hamburger menu&amp#27;[0m                             &amp#27;[90m# stepDef.Upgrade_Registration_SignIn_steps.userSignsOutFromTheUP()&amp#27;[0m
  &amp#27;[36mAnd &amp#27;[0m&amp#27;[36mthe Upgrade user clicks on the &amp#27;[0m&amp#27;[36m&amp#27;[1m"Sign in here"&amp#27;[0m&amp#27;[36m link from the top nav&amp#27;[0m           &amp#27;[90m# stepDef.Upgrade_Registration_SignIn_steps.theUpgradeUserClicksOnTheLinkFromTheTopNav(java.lang.String)&amp#27;[0m
  &amp#27;[36mWhen &amp#27;[0m&amp#27;[36mthe Upgrade user login to the account&amp#27;[0m                                        &amp#27;[90m# stepDef.Upgrade_Appointment_steps.theUserSignIntoUP()&amp#27;[0m
  &amp#27;[36mThen &amp#27;[0m&amp#27;[36mthe user should see the Welcome Back Message along with hardcoded first name&amp#27;[0m &amp#27;[90m# stepDef.Upgrade_Registration_SignIn_steps.theUserShouldSeeTheWelcomeBackPageWithHardCodedFirstName()&amp#27;[0m

    Embedding Ensure existing profile user can login in Upgrade [image/png 132883 bytes]

]]></system-out>
    <system-err><![CDATA[ChromeDriver was started successfully.
Oct 07, 2022 4:12:38 PM org.openqa.selenium.remote.ProtocolHandshake createSession
INFO: Detected dialect: W3C
Oct 07, 2022 4:12:38 PM org.openqa.selenium.devtools.CdpVersionFinder findNearestMatch
WARNING: Unable to find an exact match for CDP version 105, so returning the closest version found: a no-op implementation
Oct 07, 2022 4:12:38 PM org.openqa.selenium.devtools.CdpVersionFinder findNearestMatch
INFO: Unable to find CDP implementation matching 105.
Oct 07, 2022 4:12:38 PM org.openqa.selenium.chromium.ChromiumDriver lambda$new$3
WARNING: Unable to find version of CDP to use for . You may need to include a dependency on a specific version of the CDP using something similar to `org.seleniumhq.selenium:selenium-devtools-v86:4.1.0` where the version ("v86") matches the version of the chromium-based browser you're using and the version number of the artifact is the same as Selenium's.
]]></system-err>
  </testcase>
  <testcase name="runScenario" classname="RunCucumberTest" time="14.387">
    <failure message="Keys to send should be a not null CharSequence" type="java.lang.IllegalArgumentException">java.lang.IllegalArgumentException: Keys to send should be a not null CharSequence
</failure>
    <system-out><![CDATA[
@UP @UP_signIn @regression @smoke
Scenario: Ensure existing profile user can logout from Upgrade     &amp#27;[90m# src/test/java/features/Upgrade/signIn.feature:15&amp#27;[0m
  &amp#27;[32mGiven &amp#27;[0m&amp#27;[32mthe Upgrade user navigates to the homepage&amp#27;[0m                 &amp#27;[90m# stepDef.Upgrade_Registration_SignIn_steps.theUserNavigatesToTheUpgradeHomePage()&amp#27;[0m
  &amp#27;[31mAnd &amp#27;[0m&amp#27;[31mthe Upgrade user login to the account&amp#27;[0m                        &amp#27;[90m# stepDef.Upgrade_Appointment_steps.theUserSignIntoUP()&amp#27;[0m
      &amp#27;[31mjava.lang.IllegalArgumentException: Keys to send should be a not null CharSequence
	at org.openqa.selenium.remote.RemoteWebElement.sendKeys(RemoteWebElement.java:92)
	at java.base/jdk.internal.reflect.DirectMethodHandleAccessor.invoke(DirectMethodHandleAccessor.java:104)
	at java.base/java.lang.reflect.Method.invoke(Method.java:577)
	at org.openqa.selenium.support.pagefactory.internal.LocatingElementHandler.invoke(LocatingElementHandler.java:52)
	at jdk.proxy2/jdk.proxy2.$Proxy33.sendKeys(Unknown Source)
	at pageObject.Upgrade_Registration_SignIn_page.upLoginEnterEmail(Upgrade_Registration_SignIn_page.java:62)
	at stepDef.Upgrade_Appointment_steps.theUserSignIntoUP(Upgrade_Appointment_steps.java:28)
	at ✽.the Upgrade user login to the account(file:///Users/manav/Documents/DemoProject/src/test/java/features/Upgrade/signIn.feature:16)
&amp#27;[0m
  &amp#27;[36mWhen &amp#27;[0m&amp#27;[36mthe Upgrade user signs out via the hamburger menu&amp#27;[0m           &amp#27;[90m# stepDef.Upgrade_Registration_SignIn_steps.userSignsOutFromTheUP()&amp#27;[0m
  &amp#27;[36mThen &amp#27;[0m&amp#27;[36mthe Upgrade user should successfully return to the homepage&amp#27;[0m &amp#27;[90m# stepDef.Upgrade_Registration_SignIn_steps.theUserShouldReturnsToUpgradeHomepage()&amp#27;[0m

    Embedding Ensure existing profile user can logout from Upgrade [image/png 823956 bytes]

]]></system-out>
    <system-err><![CDATA[ChromeDriver was started successfully.
Oct 07, 2022 4:13:14 PM org.openqa.selenium.remote.ProtocolHandshake createSession
INFO: Detected dialect: W3C
Oct 07, 2022 4:13:14 PM org.openqa.selenium.devtools.CdpVersionFinder findNearestMatch
WARNING: Unable to find an exact match for CDP version 105, so returning the closest version found: a no-op implementation
Oct 07, 2022 4:13:14 PM org.openqa.selenium.devtools.CdpVersionFinder findNearestMatch
INFO: Unable to find CDP implementation matching 105.
Oct 07, 2022 4:13:14 PM org.openqa.selenium.chromium.ChromiumDriver lambda$new$3
WARNING: Unable to find version of CDP to use for . You may need to include a dependency on a specific version of the CDP using something similar to `org.seleniumhq.selenium:selenium-devtools-v86:4.1.0` where the version ("v86") matches the version of the chromium-based browser you're using and the version number of the artifact is the same as Selenium's.
]]></system-err>
  </testcase>
  <testcase name="runScenario" classname="RunCucumberTest" time="25.208"/>
</testsuite>