<?xml version="1.0" encoding="UTF-8"?>
<testsuite xmlns:xsi="http://www.w3.org/2001/XMLSchema-instance" xsi:noNamespaceSchemaLocation="https://maven.apache.org/surefire/maven-surefire-plugin/xsd/surefire-test-report.xsd" name="TestSuite" time="4,905.091" tests="74" errors="0" skipped="0" failures="72">
  <properties>
    <property name="java.specification.version" value="18"/>
    <property name="sun.jnu.encoding" value="UTF-8"/>
    <property name="java.class.path" value="/Users/manav/Documents/QATest/qa-automation-tests/target/test-classes:/Users/manav/Documents/QATest/qa-automation-tests/target/classes:/Users/manav/.m2/repository/org/apache/logging/log4j/log4j-core/2.18.0/log4j-core-2.18.0.jar:/Users/manav/.m2/repository/org/apache/logging/log4j/log4j-api/2.18.0/log4j-api-2.18.0.jar:/Users/manav/.m2/repository/xerces/xercesImpl/2.12.2/xercesImpl-2.12.2.jar:/Users/manav/.m2/repository/xml-apis/xml-apis/1.4.01/xml-apis-1.4.01.jar:/Users/manav/.m2/repository/org/apache/logging/log4j/log4j-slf4j-impl/2.18.0/log4j-slf4j-impl-2.18.0.jar:/Users/manav/.m2/repository/org/slf4j/slf4j-api/1.7.25/slf4j-api-1.7.25.jar:/Users/manav/.m2/repository/org/seleniumhq/selenium/selenium-java/4.4.0/selenium-java-4.4.0.jar:/Users/manav/.m2/repository/org/seleniumhq/selenium/selenium-api/4.4.0/selenium-api-4.4.0.jar:/Users/manav/.m2/repository/org/seleniumhq/selenium/selenium-chrome-driver/4.4.0/selenium-chrome-driver-4.4.0.jar:/Users/manav/.m2/repository/com/google/auto/service/auto-service-annotations/1.0.1/auto-service-annotations-1.0.1.jar:/Users/manav/.m2/repository/com/google/auto/service/auto-service/1.0.1/auto-service-1.0.1.jar:/Users/manav/.m2/repository/com/google/auto/auto-common/1.2/auto-common-1.2.jar:/Users/manav/.m2/repository/com/google/guava/guava/31.1-jre/guava-31.1-jre.jar:/Users/manav/.m2/repository/com/google/guava/failureaccess/1.0.1/failureaccess-1.0.1.jar:/Users/manav/.m2/repository/com/google/guava/listenablefuture/9999.0-empty-to-avoid-conflict-with-guava/listenablefuture-9999.0-empty-to-avoid-conflict-with-guava.jar:/Users/manav/.m2/repository/com/google/errorprone/error_prone_annotations/2.11.0/error_prone_annotations-2.11.0.jar:/Users/manav/.m2/repository/com/google/j2objc/j2objc-annotations/1.3/j2objc-annotations-1.3.jar:/Users/manav/.m2/repository/org/seleniumhq/selenium/selenium-chromium-driver/4.4.0/selenium-chromium-driver-4.4.0.jar:/Users/manav/.m2/repository/org/seleniumhq/selenium/selenium-json/4.4.0/selenium-json-4.4.0.jar:/Users/manav/.m2/repository/org/seleniumhq/selenium/selenium-devtools-v102/4.4.0/selenium-devtools-v102-4.4.0.jar:/Users/manav/.m2/repository/org/seleniumhq/selenium/selenium-devtools-v103/4.4.0/selenium-devtools-v103-4.4.0.jar:/Users/manav/.m2/repository/org/seleniumhq/selenium/selenium-devtools-v104/4.4.0/selenium-devtools-v104-4.4.0.jar:/Users/manav/.m2/repository/org/seleniumhq/selenium/selenium-devtools-v85/4.4.0/selenium-devtools-v85-4.4.0.jar:/Users/manav/.m2/repository/org/seleniumhq/selenium/selenium-edge-driver/4.4.0/selenium-edge-driver-4.4.0.jar:/Users/manav/.m2/repository/org/seleniumhq/selenium/selenium-firefox-driver/4.4.0/selenium-firefox-driver-4.4.0.jar:/Users/manav/.m2/repository/org/seleniumhq/selenium/selenium-ie-driver/4.4.0/selenium-ie-driver-4.4.0.jar:/Users/manav/.m2/repository/org/seleniumhq/selenium/selenium-opera-driver/4.4.0/selenium-opera-driver-4.4.0.jar:/Users/manav/.m2/repository/org/seleniumhq/selenium/selenium-remote-driver/4.4.0/selenium-remote-driver-4.4.0.jar:/Users/manav/.m2/repository/com/beust/jcommander/1.82/jcommander-1.82.jar:/Users/manav/.m2/repository/io/netty/netty-buffer/4.1.78.Final/netty-buffer-4.1.78.Final.jar:/Users/manav/.m2/repository/io/netty/netty-codec-http/4.1.78.Final/netty-codec-http-4.1.78.Final.jar:/Users/manav/.m2/repository/io/netty/netty-codec/4.1.78.Final/netty-codec-4.1.78.Final.jar:/Users/manav/.m2/repository/io/netty/netty-handler/4.1.78.Final/netty-handler-4.1.78.Final.jar:/Users/manav/.m2/repository/io/netty/netty-common/4.1.78.Final/netty-common-4.1.78.Final.jar:/Users/manav/.m2/repository/io/netty/netty-transport-classes-epoll/4.1.78.Final/netty-transport-classes-epoll-4.1.78.Final.jar:/Users/manav/.m2/repository/io/netty/netty-transport-classes-kqueue/4.1.78.Final/netty-transport-classes-kqueue-4.1.78.Final.jar:/Users/manav/.m2/repository/io/netty/netty-transport-native-epoll/4.1.78.Final/netty-transport-native-epoll-4.1.78.Final.jar:/Users/manav/.m2/repository/io/netty/netty-transport-native-kqueue/4.1.78.Final/netty-transport-native-kqueue-4.1.78.Final.jar:/Users/manav/.m2/repository/io/netty/netty-transport-native-unix-common/4.1.78.Final/netty-transport-native-unix-common-4.1.78.Final.jar:/Users/manav/.m2/repository/io/netty/netty-transport/4.1.78.Final/netty-transport-4.1.78.Final.jar:/Users/manav/.m2/repository/io/netty/netty-resolver/4.1.78.Final/netty-resolver-4.1.78.Final.jar:/Users/manav/.m2/repository/io/opentelemetry/opentelemetry-api/1.16.0/opentelemetry-api-1.16.0.jar:/Users/manav/.m2/repository/io/opentelemetry/opentelemetry-context/1.16.0/opentelemetry-context-1.16.0.jar:/Users/manav/.m2/repository/io/opentelemetry/opentelemetry-exporter-logging/1.16.0/opentelemetry-exporter-logging-1.16.0.jar:/Users/manav/.m2/repository/io/opentelemetry/opentelemetry-sdk-metrics/1.16.0/opentelemetry-sdk-metrics-1.16.0.jar:/Users/manav/.m2/repository/io/opentelemetry/opentelemetry-sdk-logs/1.16.0-alpha/opentelemetry-sdk-logs-1.16.0-alpha.jar:/Users/manav/.m2/repository/io/opentelemetry/opentelemetry-sdk-common/1.16.0/opentelemetry-sdk-common-1.16.0.jar:/Users/manav/.m2/repository/io/opentelemetry/opentelemetry-sdk-extension-autoconfigure-spi/1.16.0/opentelemetry-sdk-extension-autoconfigure-spi-1.16.0.jar:/Users/manav/.m2/repository/io/opentelemetry/opentelemetry-sdk-extension-autoconfigure/1.16.0-alpha/opentelemetry-sdk-extension-autoconfigure-1.16.0-alpha.jar:/Users/manav/.m2/repository/io/opentelemetry/opentelemetry-sdk-trace/1.16.0/opentelemetry-sdk-trace-1.16.0.jar:/Users/manav/.m2/repository/io/opentelemetry/opentelemetry-sdk/1.16.0/opentelemetry-sdk-1.16.0.jar:/Users/manav/.m2/repository/io/opentelemetry/opentelemetry-semconv/1.16.0-alpha/opentelemetry-semconv-1.16.0-alpha.jar:/Users/manav/.m2/repository/io/ous/jtoml/2.0.0/jtoml-2.0.0.jar:/Users/manav/.m2/repository/org/apache/commons/commons-exec/1.3/commons-exec-1.3.jar:/Users/manav/.m2/repository/org/asynchttpclient/async-http-client/2.12.3/async-http-client-2.12.3.jar:/Users/manav/.m2/repository/org/asynchttpclient/async-http-client-netty-utils/2.12.3/async-http-client-netty-utils-2.12.3.jar:/Users/manav/.m2/repository/io/netty/netty-codec-socks/4.1.60.Final/netty-codec-socks-4.1.60.Final.jar:/Users/manav/.m2/repository/io/netty/netty-handler-proxy/4.1.60.Final/netty-handler-proxy-4.1.60.Final.jar:/Users/manav/.m2/repository/io/netty/netty-transport-native-epoll/4.1.60.Final/netty-transport-native-epoll-4.1.60.Final-linux-x86_64.jar:/Users/manav/.m2/repository/io/netty/netty-transport-native-kqueue/4.1.60.Final/netty-transport-native-kqueue-4.1.60.Final-osx-x86_64.jar:/Users/manav/.m2/repository/org/reactivestreams/reactive-streams/1.0.3/reactive-streams-1.0.3.jar:/Users/manav/.m2/repository/com/typesafe/netty/netty-reactive-streams/2.0.4/netty-reactive-streams-2.0.4.jar:/Users/manav/.m2/repository/com/sun/activation/jakarta.activation/1.2.2/jakarta.activation-1.2.2.jar:/Users/manav/.m2/repository/org/seleniumhq/selenium/selenium-http/4.4.0/selenium-http-4.4.0.jar:/Users/manav/.m2/repository/dev/failsafe/failsafe/3.2.4/failsafe-3.2.4.jar:/Users/manav/.m2/repository/org/seleniumhq/selenium/selenium-safari-driver/4.4.0/selenium-safari-driver-4.4.0.jar:/Users/manav/.m2/repository/org/seleniumhq/selenium/selenium-support/4.4.0/selenium-support-4.4.0.jar:/Users/manav/.m2/repository/io/cucumber/cucumber-java/7.6.0/cucumber-java-7.6.0.jar:/Users/manav/.m2/repository/io/cucumber/cucumber-core/7.6.0/cucumber-core-7.6.0.jar:/Users/manav/.m2/repository/io/cucumber/cucumber-gherkin/7.6.0/cucumber-gherkin-7.6.0.jar:/Users/manav/.m2/repository/io/cucumber/cucumber-gherkin-messages/7.6.0/cucumber-gherkin-messages-7.6.0.jar:/Users/manav/.m2/repository/io/cucumber/gherkin/24.0.0/gherkin-24.0.0.jar:/Users/manav/.m2/repository/io/cucumber/messages/19.0.0/messages-19.0.0.jar:/Users/manav/.m2/repository/io/cucumber/tag-expressions/4.1.0/tag-expressions-4.1.0.jar:/Users/manav/.m2/repository/io/cucumber/cucumber-expressions/16.0.0/cucumber-expressions-16.0.0.jar:/Users/manav/.m2/repository/io/cucumber/datatable/7.6.0/datatable-7.6.0.jar:/Users/manav/.m2/repository/io/cucumber/cucumber-plugin/7.6.0/cucumber-plugin-7.6.0.jar:/Users/manav/.m2/repository/io/cucumber/docstring/7.6.0/docstring-7.6.0.jar:/Users/manav/.m2/repository/io/cucumber/html-formatter/20.0.0/html-formatter-20.0.0.jar:/Users/manav/.m2/repository/io/cucumber/ci-environment/9.1.0/ci-environment-9.1.0.jar:/Users/manav/.m2/repository/org/apiguardian/apiguardian-api/1.1.2/apiguardian-api-1.1.2.jar:/Users/manav/.m2/repository/io/cucumber/cucumber-testng/7.6.0/cucumber-testng-7.6.0.jar:/Users/manav/.m2/repository/org/testng/testng/7.6.1/testng-7.6.1.jar:/Users/manav/.m2/repository/com/google/code/findbugs/jsr305/3.0.2/jsr305-3.0.2.jar:/Users/manav/.m2/repository/org/webjars/jquery/3.6.0/jquery-3.6.0.jar:/Users/manav/.m2/repository/io/cucumber/cucumber-picocontainer/7.6.0/cucumber-picocontainer-7.6.0.jar:/Users/manav/.m2/repository/org/picocontainer/picocontainer/2.15/picocontainer-2.15.jar:/Users/manav/.m2/repository/io/github/bonigarcia/webdrivermanager/5.3.0/webdrivermanager-5.3.0.jar:/Users/manav/.m2/repository/com/google/code/gson/gson/2.9.1/gson-2.9.1.jar:/Users/manav/.m2/repository/com/github/docker-java/docker-java/3.2.13/docker-java-3.2.13.jar:/Users/manav/.m2/repository/com/github/docker-java/docker-java-core/3.2.13/docker-java-core-3.2.13.jar:/Users/manav/.m2/repository/com/github/docker-java/docker-java-api/3.2.13/docker-java-api-3.2.13.jar:/Users/manav/.m2/repository/com/fasterxml/jackson/core/jackson-annotations/2.10.3/jackson-annotations-2.10.3.jar:/Users/manav/.m2/repository/org/apache/commons/commons-compress/1.21/commons-compress-1.21.jar:/Users/manav/.m2/repository/com/fasterxml/jackson/core/jackson-databind/2.10.3/jackson-databind-2.10.3.jar:/Users/manav/.m2/repository/com/fasterxml/jackson/core/jackson-core/2.10.3/jackson-core-2.10.3.jar:/Users/manav/.m2/repository/org/bouncycastle/bcpkix-jdk15on/1.64/bcpkix-jdk15on-1.64.jar:/Users/manav/.m2/repository/org/bouncycastle/bcprov-jdk15on/1.64/bcprov-jdk15on-1.64.jar:/Users/manav/.m2/repository/org/slf4j/jcl-over-slf4j/1.7.30/jcl-over-slf4j-1.7.30.jar:/Users/manav/.m2/repository/com/github/docker-java/docker-java-transport-httpclient5/3.2.13/docker-java-transport-httpclient5-3.2.13.jar:/Users/manav/.m2/repository/com/github/docker-java/docker-java-transport/3.2.13/docker-java-transport-3.2.13.jar:/Users/manav/.m2/repository/net/java/dev/jna/jna/5.8.0/jna-5.8.0.jar:/Users/manav/.m2/repository/org/brotli/dec/0.1.2/dec-0.1.2.jar:/Users/manav/.m2/repository/org/apache/commons/commons-lang3/3.12.0/commons-lang3-3.12.0.jar:/Users/manav/.m2/repository/org/apache/httpcomponents/client5/httpclient5/5.1.3/httpclient5-5.1.3.jar:/Users/manav/.m2/repository/org/apache/httpcomponents/core5/httpcore5/5.1.3/httpcore5-5.1.3.jar:/Users/manav/.m2/repository/org/apache/httpcomponents/core5/httpcore5-h2/5.1.3/httpcore5-h2-5.1.3.jar:/Users/manav/.m2/repository/com/github/javafaker/javafaker/1.0.2/javafaker-1.0.2.jar:/Users/manav/.m2/repository/org/yaml/snakeyaml/1.23/snakeyaml-1.23-android.jar:/Users/manav/.m2/repository/com/github/mifmif/generex/1.0.2/generex-1.0.2.jar:/Users/manav/.m2/repository/dk/brics/automaton/automaton/1.11-8/automaton-1.11-8.jar:/Users/manav/.m2/repository/com/konghq/unirest-java/3.13.11/unirest-java-3.13.11.jar:/Users/manav/.m2/repository/org/apache/httpcomponents/httpclient/4.5.13/httpclient-4.5.13.jar:/Users/manav/.m2/repository/org/apache/httpcomponents/httpcore/4.4.13/httpcore-4.4.13.jar:/Users/manav/.m2/repository/commons-logging/commons-logging/1.2/commons-logging-1.2.jar:/Users/manav/.m2/repository/org/apache/httpcomponents/httpmime/4.5.13/httpmime-4.5.13.jar:/Users/manav/.m2/repository/org/apache/httpcomponents/httpcore-nio/4.4.13/httpcore-nio-4.4.13.jar:/Users/manav/.m2/repository/org/apache/httpcomponents/httpasyncclient/4.1.5/httpasyncclient-4.1.5.jar:/Users/manav/.m2/repository/commons-codec/commons-codec/1.15/commons-codec-1.15.jar:/Users/manav/.m2/repository/org/json/json/20220320/json-20220320.jar:/Users/manav/.m2/repository/com/github/2captcha/2captcha-java/1.0.1/2captcha-java-1.0.1.jar:/Users/manav/.m2/repository/com/squareup/okhttp3/okhttp/4.7.2/okhttp-4.7.2.jar:/Users/manav/.m2/repository/com/squareup/okio/okio/2.6.0/okio-2.6.0.jar:/Users/manav/.m2/repository/org/jetbrains/kotlin/kotlin-stdlib-common/1.3.70/kotlin-stdlib-common-1.3.70.jar:/Users/manav/.m2/repository/org/jetbrains/kotlin/kotlin-stdlib/1.3.71/kotlin-stdlib-1.3.71.jar:/Users/manav/.m2/repository/org/jetbrains/annotations/13.0/annotations-13.0.jar:/Users/manav/.m2/repository/commons-io/commons-io/2.11.0/commons-io-2.11.0.jar:/Users/manav/.m2/repository/com/github/mkolisnyk/cucumber-runner/1.3.5/cucumber-runner-1.3.5.jar:/Users/manav/.m2/repository/com/github/mkolisnyk/cucumber-report-generator/1.3.5/cucumber-report-generator-1.3.5.jar:/Users/manav/.m2/repository/org/freemarker/freemarker/2.3.26-incubating/freemarker-2.3.26-incubating.jar:/Users/manav/.m2/repository/batik/batik-transcoder/1.6-1/batik-transcoder-1.6-1.jar:/Users/manav/.m2/repository/batik/batik-bridge/1.6-1/batik-bridge-1.6-1.jar:/Users/manav/.m2/repository/batik/batik-gvt/1.6-1/batik-gvt-1.6-1.jar:/Users/manav/.m2/repository/batik/batik-awt-util/1.6-1/batik-awt-util-1.6-1.jar:/Users/manav/.m2/repository/batik/batik-util/1.6-1/batik-util-1.6-1.jar:/Users/manav/.m2/repository/batik/batik-gui-util/1.6-1/batik-gui-util-1.6-1.jar:/Users/manav/.m2/repository/batik/batik-ext/1.6-1/batik-ext-1.6-1.jar:/Users/manav/.m2/repository/xml-apis/xmlParserAPIs/2.0.2/xmlParserAPIs-2.0.2.jar:/Users/manav/.m2/repository/batik/batik-script/1.6-1/batik-script-1.6-1.jar:/Users/manav/.m2/repository/rhino/js/1.5R4.1/js-1.5R4.1.jar:/Users/manav/.m2/repository/batik/batik-svg-dom/1.6-1/batik-svg-dom-1.6-1.jar:/Users/manav/.m2/repository/batik/batik-dom/1.6-1/batik-dom-1.6-1.jar:/Users/manav/.m2/repository/batik/batik-css/1.6-1/batik-css-1.6-1.jar:/Users/manav/.m2/repository/batik/batik-xml/1.6-1/batik-xml-1.6-1.jar:/Users/manav/.m2/repository/batik/batik-parser/1.6-1/batik-parser-1.6-1.jar:/Users/manav/.m2/repository/com/itextpdf/itextpdf/5.5.11/itextpdf-5.5.11.jar:/Users/manav/.m2/repository/com/cedarsoftware/json-io/4.9.12/json-io-4.9.12.jar:/Users/manav/.m2/repository/info/cukes/cucumber-junit/1.2.5/cucumber-junit-1.2.5.jar:/Users/manav/.m2/repository/info/cukes/cucumber-core/1.2.5/cucumber-core-1.2.5.jar:/Users/manav/.m2/repository/info/cukes/cucumber-html/0.2.3/cucumber-html-0.2.3.jar:/Users/manav/.m2/repository/info/cukes/cucumber-jvm-deps/1.0.5/cucumber-jvm-deps-1.0.5.jar:/Users/manav/.m2/repository/info/cukes/gherkin/2.12.2/gherkin-2.12.2.jar:/Users/manav/.m2/repository/info/cukes/cucumber-testng/1.2.5/cucumber-testng-1.2.5.jar:/Users/manav/.m2/repository/junit/junit/4.12/junit-4.12.jar:/Users/manav/.m2/repository/org/hamcrest/hamcrest-core/1.3/hamcrest-core-1.3.jar:/Users/manav/.m2/repository/org/xhtmlrenderer/flying-saucer-pdf/9.1.7/flying-saucer-pdf-9.1.7.jar:/Users/manav/.m2/repository/com/lowagie/itext/2.1.7/itext-2.1.7.jar:/Users/manav/.m2/repository/org/bouncycastle/bctsp-jdk14/1.38/bctsp-jdk14-1.38.jar:/Users/manav/.m2/repository/org/xhtmlrenderer/flying-saucer-core/9.1.7/flying-saucer-core-9.1.7.jar:/Users/manav/.m2/repository/org/javassist/javassist/3.22.0-CR2/javassist-3.22.0-CR2.jar:/Users/manav/.m2/repository/joda-time/joda-time/2.9.9/joda-time-2.9.9.jar:/Users/manav/.m2/repository/org/codehaus/plexus/plexus-utils/3.0.1/plexus-utils-3.0.1.jar:/Users/manav/.m2/repository/org/apache/maven/maven-plugin-api/2.0/maven-plugin-api-2.0.jar:/Users/manav/.m2/repository/org/apache/maven/reporting/maven-reporting-api/2.0.8/maven-reporting-api-2.0.8.jar:/Users/manav/.m2/repository/org/apache/maven/doxia/doxia-sink-api/1.0-alpha-9/doxia-sink-api-1.0-alpha-9.jar:/Users/manav/.m2/repository/org/apache/maven/reporting/maven-reporting-impl/2.0.4.3/maven-reporting-impl-2.0.4.3.jar:/Users/manav/.m2/repository/org/apache/maven/maven-project/2.0.4/maven-project-2.0.4.jar:/Users/manav/.m2/repository/org/apache/maven/maven-settings/2.0.4/maven-settings-2.0.4.jar:/Users/manav/.m2/repository/org/apache/maven/maven-profile/2.0.4/maven-profile-2.0.4.jar:/Users/manav/.m2/repository/org/apache/maven/maven-model/2.0.4/maven-model-2.0.4.jar:/Users/manav/.m2/repository/org/apache/maven/maven-artifact-manager/2.0.4/maven-artifact-manager-2.0.4.jar:/Users/manav/.m2/repository/org/apache/maven/maven-repository-metadata/2.0.4/maven-repository-metadata-2.0.4.jar:/Users/manav/.m2/repository/org/apache/maven/wagon/wagon-provider-api/1.0-alpha-6/wagon-provider-api-1.0-alpha-6.jar:/Users/manav/.m2/repository/org/apache/maven/maven-artifact/2.0.4/maven-artifact-2.0.4.jar:/Users/manav/.m2/repository/org/codehaus/plexus/plexus-container-default/1.0-alpha-9/plexus-container-default-1.0-alpha-9.jar:/Users/manav/.m2/repository/classworlds/classworlds/1.1-alpha-2/classworlds-1.1-alpha-2.jar:/Users/manav/.m2/repository/org/apache/maven/doxia/doxia-core/1.0/doxia-core-1.0.jar:/Users/manav/.m2/repository/org/apache/maven/doxia/doxia-site-renderer/1.0/doxia-site-renderer-1.0.jar:/Users/manav/.m2/repository/org/codehaus/plexus/plexus-i18n/1.0-beta-7/plexus-i18n-1.0-beta-7.jar:/Users/manav/.m2/repository/org/codehaus/plexus/plexus-velocity/1.1.7/plexus-velocity-1.1.7.jar:/Users/manav/.m2/repository/org/apache/velocity/velocity/1.5/velocity-1.5.jar:/Users/manav/.m2/repository/commons-lang/commons-lang/2.1/commons-lang-2.1.jar:/Users/manav/.m2/repository/org/apache/maven/doxia/doxia-decoration-model/1.0/doxia-decoration-model-1.0.jar:/Users/manav/.m2/repository/commons-collections/commons-collections/3.2/commons-collections-3.2.jar:/Users/manav/.m2/repository/org/apache/maven/doxia/doxia-module-apt/1.0/doxia-module-apt-1.0.jar:/Users/manav/.m2/repository/org/apache/maven/doxia/doxia-module-fml/1.0/doxia-module-fml-1.0.jar:/Users/manav/.m2/repository/org/apache/maven/doxia/doxia-module-xdoc/1.0/doxia-module-xdoc-1.0.jar:/Users/manav/.m2/repository/org/apache/maven/doxia/doxia-module-xhtml/1.0/doxia-module-xhtml-1.0.jar:/Users/manav/.m2/repository/commons-validator/commons-validator/1.2.0/commons-validator-1.2.0.jar:/Users/manav/.m2/repository/commons-beanutils/commons-beanutils/1.7.0/commons-beanutils-1.7.0.jar:/Users/manav/.m2/repository/commons-digester/commons-digester/1.6/commons-digester-1.6.jar:/Users/manav/.m2/repository/oro/oro/2.0.8/oro-2.0.8.jar:/Users/manav/.m2/repository/org/apache/maven/shared/maven-doxia-tools/1.0.2/maven-doxia-tools-1.0.2.jar:/Users/manav/.m2/repository/org/assertj/assertj-core/3.23.1/assertj-core-3.23.1.jar:/Users/manav/.m2/repository/net/bytebuddy/byte-buddy/1.12.10/byte-buddy-1.12.10.jar:/Users/manav/.m2/repository/io/rest-assured/rest-assured/5.1.1/rest-assured-5.1.1.jar:/Users/manav/.m2/repository/org/apache/groovy/groovy/4.0.1/groovy-4.0.1.jar:/Users/manav/.m2/repository/org/apache/groovy/groovy-xml/4.0.1/groovy-xml-4.0.1.jar:/Users/manav/.m2/repository/org/hamcrest/hamcrest/2.1/hamcrest-2.1.jar:/Users/manav/.m2/repository/org/ccil/cowan/tagsoup/tagsoup/1.2.1/tagsoup-1.2.1.jar:/Users/manav/.m2/repository/io/rest-assured/json-path/5.1.1/json-path-5.1.1.jar:/Users/manav/.m2/repository/org/apache/groovy/groovy-json/4.0.1/groovy-json-4.0.1.jar:/Users/manav/.m2/repository/io/rest-assured/rest-assured-common/5.1.1/rest-assured-common-5.1.1.jar:/Users/manav/.m2/repository/io/rest-assured/xml-path/5.1.1/xml-path-5.1.1.jar:/Users/manav/.m2/repository/org/postgresql/postgresql/42.5.0/postgresql-42.5.0.jar:/Users/manav/.m2/repository/org/checkerframework/checker-qual/3.5.0/checker-qual-3.5.0.jar:/Users/manav/.m2/repository/org/apache/maven/surefire/surefire-testng-utils/2.22.0/surefire-testng-utils-2.22.0.jar:/Users/manav/.m2/repository/org/apache/maven/surefire/surefire-grouper/2.22.0/surefire-grouper-2.22.0.jar:"/>
    <property name="java.vm.vendor" value="Homebrew"/>
    <property name="sun.arch.data.model" value="64"/>
    <property name="java.vendor.url" value="https://github.com/Homebrew/homebrew-core/issues"/>
    <property name="os.name" value="Mac OS X"/>
    <property name="java.vm.specification.version" value="18"/>
    <property name="sun.java.launcher" value="SUN_STANDARD"/>
    <property name="user.country" value="IN"/>
    <property name="sun.boot.library.path" value="/opt/homebrew/Cellar/openjdk/18.0.2.1_1/libexec/openjdk.jdk/Contents/Home/lib"/>
    <property name="sun.java.command" value="/Users/manav/Documents/QATest/qa-automation-tests/target/surefire/surefirebooter17859514410156880406.jar /Users/manav/Documents/QATest/qa-automation-tests/target/surefire 2022-09-28T19-40-47_900-jvmRun1 surefire7886390862564724811tmp surefire_06592105112898521438tmp"/>
    <property name="http.nonProxyHosts" value="local|*.local|169.254/16|*.169.254/16"/>
    <property name="jdk.debug" value="release"/>
    <property name="surefire.test.class.path" value="/Users/manav/Documents/QATest/qa-automation-tests/target/test-classes:/Users/manav/Documents/QATest/qa-automation-tests/target/classes:/Users/manav/.m2/repository/org/apache/logging/log4j/log4j-core/2.18.0/log4j-core-2.18.0.jar:/Users/manav/.m2/repository/org/apache/logging/log4j/log4j-api/2.18.0/log4j-api-2.18.0.jar:/Users/manav/.m2/repository/xerces/xercesImpl/2.12.2/xercesImpl-2.12.2.jar:/Users/manav/.m2/repository/xml-apis/xml-apis/1.4.01/xml-apis-1.4.01.jar:/Users/manav/.m2/repository/org/apache/logging/log4j/log4j-slf4j-impl/2.18.0/log4j-slf4j-impl-2.18.0.jar:/Users/manav/.m2/repository/org/slf4j/slf4j-api/1.7.25/slf4j-api-1.7.25.jar:/Users/manav/.m2/repository/org/seleniumhq/selenium/selenium-java/4.4.0/selenium-java-4.4.0.jar:/Users/manav/.m2/repository/org/seleniumhq/selenium/selenium-api/4.4.0/selenium-api-4.4.0.jar:/Users/manav/.m2/repository/org/seleniumhq/selenium/selenium-chrome-driver/4.4.0/selenium-chrome-driver-4.4.0.jar:/Users/manav/.m2/repository/com/google/auto/service/auto-service-annotations/1.0.1/auto-service-annotations-1.0.1.jar:/Users/manav/.m2/repository/com/google/auto/service/auto-service/1.0.1/auto-service-1.0.1.jar:/Users/manav/.m2/repository/com/google/auto/auto-common/1.2/auto-common-1.2.jar:/Users/manav/.m2/repository/com/google/guava/guava/31.1-jre/guava-31.1-jre.jar:/Users/manav/.m2/repository/com/google/guava/failureaccess/1.0.1/failureaccess-1.0.1.jar:/Users/manav/.m2/repository/com/google/guava/listenablefuture/9999.0-empty-to-avoid-conflict-with-guava/listenablefuture-9999.0-empty-to-avoid-conflict-with-guava.jar:/Users/manav/.m2/repository/com/google/errorprone/error_prone_annotations/2.11.0/error_prone_annotations-2.11.0.jar:/Users/manav/.m2/repository/com/google/j2objc/j2objc-annotations/1.3/j2objc-annotations-1.3.jar:/Users/manav/.m2/repository/org/seleniumhq/selenium/selenium-chromium-driver/4.4.0/selenium-chromium-driver-4.4.0.jar:/Users/manav/.m2/repository/org/seleniumhq/selenium/selenium-json/4.4.0/selenium-json-4.4.0.jar:/Users/manav/.m2/repository/org/seleniumhq/selenium/selenium-devtools-v102/4.4.0/selenium-devtools-v102-4.4.0.jar:/Users/manav/.m2/repository/org/seleniumhq/selenium/selenium-devtools-v103/4.4.0/selenium-devtools-v103-4.4.0.jar:/Users/manav/.m2/repository/org/seleniumhq/selenium/selenium-devtools-v104/4.4.0/selenium-devtools-v104-4.4.0.jar:/Users/manav/.m2/repository/org/seleniumhq/selenium/selenium-devtools-v85/4.4.0/selenium-devtools-v85-4.4.0.jar:/Users/manav/.m2/repository/org/seleniumhq/selenium/selenium-edge-driver/4.4.0/selenium-edge-driver-4.4.0.jar:/Users/manav/.m2/repository/org/seleniumhq/selenium/selenium-firefox-driver/4.4.0/selenium-firefox-driver-4.4.0.jar:/Users/manav/.m2/repository/org/seleniumhq/selenium/selenium-ie-driver/4.4.0/selenium-ie-driver-4.4.0.jar:/Users/manav/.m2/repository/org/seleniumhq/selenium/selenium-opera-driver/4.4.0/selenium-opera-driver-4.4.0.jar:/Users/manav/.m2/repository/org/seleniumhq/selenium/selenium-remote-driver/4.4.0/selenium-remote-driver-4.4.0.jar:/Users/manav/.m2/repository/com/beust/jcommander/1.82/jcommander-1.82.jar:/Users/manav/.m2/repository/io/netty/netty-buffer/4.1.78.Final/netty-buffer-4.1.78.Final.jar:/Users/manav/.m2/repository/io/netty/netty-codec-http/4.1.78.Final/netty-codec-http-4.1.78.Final.jar:/Users/manav/.m2/repository/io/netty/netty-codec/4.1.78.Final/netty-codec-4.1.78.Final.jar:/Users/manav/.m2/repository/io/netty/netty-handler/4.1.78.Final/netty-handler-4.1.78.Final.jar:/Users/manav/.m2/repository/io/netty/netty-common/4.1.78.Final/netty-common-4.1.78.Final.jar:/Users/manav/.m2/repository/io/netty/netty-transport-classes-epoll/4.1.78.Final/netty-transport-classes-epoll-4.1.78.Final.jar:/Users/manav/.m2/repository/io/netty/netty-transport-classes-kqueue/4.1.78.Final/netty-transport-classes-kqueue-4.1.78.Final.jar:/Users/manav/.m2/repository/io/netty/netty-transport-native-epoll/4.1.78.Final/netty-transport-native-epoll-4.1.78.Final.jar:/Users/manav/.m2/repository/io/netty/netty-transport-native-kqueue/4.1.78.Final/netty-transport-native-kqueue-4.1.78.Final.jar:/Users/manav/.m2/repository/io/netty/netty-transport-native-unix-common/4.1.78.Final/netty-transport-native-unix-common-4.1.78.Final.jar:/Users/manav/.m2/repository/io/netty/netty-transport/4.1.78.Final/netty-transport-4.1.78.Final.jar:/Users/manav/.m2/repository/io/netty/netty-resolver/4.1.78.Final/netty-resolver-4.1.78.Final.jar:/Users/manav/.m2/repository/io/opentelemetry/opentelemetry-api/1.16.0/opentelemetry-api-1.16.0.jar:/Users/manav/.m2/repository/io/opentelemetry/opentelemetry-context/1.16.0/opentelemetry-context-1.16.0.jar:/Users/manav/.m2/repository/io/opentelemetry/opentelemetry-exporter-logging/1.16.0/opentelemetry-exporter-logging-1.16.0.jar:/Users/manav/.m2/repository/io/opentelemetry/opentelemetry-sdk-metrics/1.16.0/opentelemetry-sdk-metrics-1.16.0.jar:/Users/manav/.m2/repository/io/opentelemetry/opentelemetry-sdk-logs/1.16.0-alpha/opentelemetry-sdk-logs-1.16.0-alpha.jar:/Users/manav/.m2/repository/io/opentelemetry/opentelemetry-sdk-common/1.16.0/opentelemetry-sdk-common-1.16.0.jar:/Users/manav/.m2/repository/io/opentelemetry/opentelemetry-sdk-extension-autoconfigure-spi/1.16.0/opentelemetry-sdk-extension-autoconfigure-spi-1.16.0.jar:/Users/manav/.m2/repository/io/opentelemetry/opentelemetry-sdk-extension-autoconfigure/1.16.0-alpha/opentelemetry-sdk-extension-autoconfigure-1.16.0-alpha.jar:/Users/manav/.m2/repository/io/opentelemetry/opentelemetry-sdk-trace/1.16.0/opentelemetry-sdk-trace-1.16.0.jar:/Users/manav/.m2/repository/io/opentelemetry/opentelemetry-sdk/1.16.0/opentelemetry-sdk-1.16.0.jar:/Users/manav/.m2/repository/io/opentelemetry/opentelemetry-semconv/1.16.0-alpha/opentelemetry-semconv-1.16.0-alpha.jar:/Users/manav/.m2/repository/io/ous/jtoml/2.0.0/jtoml-2.0.0.jar:/Users/manav/.m2/repository/org/apache/commons/commons-exec/1.3/commons-exec-1.3.jar:/Users/manav/.m2/repository/org/asynchttpclient/async-http-client/2.12.3/async-http-client-2.12.3.jar:/Users/manav/.m2/repository/org/asynchttpclient/async-http-client-netty-utils/2.12.3/async-http-client-netty-utils-2.12.3.jar:/Users/manav/.m2/repository/io/netty/netty-codec-socks/4.1.60.Final/netty-codec-socks-4.1.60.Final.jar:/Users/manav/.m2/repository/io/netty/netty-handler-proxy/4.1.60.Final/netty-handler-proxy-4.1.60.Final.jar:/Users/manav/.m2/repository/io/netty/netty-transport-native-epoll/4.1.60.Final/netty-transport-native-epoll-4.1.60.Final-linux-x86_64.jar:/Users/manav/.m2/repository/io/netty/netty-transport-native-kqueue/4.1.60.Final/netty-transport-native-kqueue-4.1.60.Final-osx-x86_64.jar:/Users/manav/.m2/repository/org/reactivestreams/reactive-streams/1.0.3/reactive-streams-1.0.3.jar:/Users/manav/.m2/repository/com/typesafe/netty/netty-reactive-streams/2.0.4/netty-reactive-streams-2.0.4.jar:/Users/manav/.m2/repository/com/sun/activation/jakarta.activation/1.2.2/jakarta.activation-1.2.2.jar:/Users/manav/.m2/repository/org/seleniumhq/selenium/selenium-http/4.4.0/selenium-http-4.4.0.jar:/Users/manav/.m2/repository/dev/failsafe/failsafe/3.2.4/failsafe-3.2.4.jar:/Users/manav/.m2/repository/org/seleniumhq/selenium/selenium-safari-driver/4.4.0/selenium-safari-driver-4.4.0.jar:/Users/manav/.m2/repository/org/seleniumhq/selenium/selenium-support/4.4.0/selenium-support-4.4.0.jar:/Users/manav/.m2/repository/io/cucumber/cucumber-java/7.6.0/cucumber-java-7.6.0.jar:/Users/manav/.m2/repository/io/cucumber/cucumber-core/7.6.0/cucumber-core-7.6.0.jar:/Users/manav/.m2/repository/io/cucumber/cucumber-gherkin/7.6.0/cucumber-gherkin-7.6.0.jar:/Users/manav/.m2/repository/io/cucumber/cucumber-gherkin-messages/7.6.0/cucumber-gherkin-messages-7.6.0.jar:/Users/manav/.m2/repository/io/cucumber/gherkin/24.0.0/gherkin-24.0.0.jar:/Users/manav/.m2/repository/io/cucumber/messages/19.0.0/messages-19.0.0.jar:/Users/manav/.m2/repository/io/cucumber/tag-expressions/4.1.0/tag-expressions-4.1.0.jar:/Users/manav/.m2/repository/io/cucumber/cucumber-expressions/16.0.0/cucumber-expressions-16.0.0.jar:/Users/manav/.m2/repository/io/cucumber/datatable/7.6.0/datatable-7.6.0.jar:/Users/manav/.m2/repository/io/cucumber/cucumber-plugin/7.6.0/cucumber-plugin-7.6.0.jar:/Users/manav/.m2/repository/io/cucumber/docstring/7.6.0/docstring-7.6.0.jar:/Users/manav/.m2/repository/io/cucumber/html-formatter/20.0.0/html-formatter-20.0.0.jar:/Users/manav/.m2/repository/io/cucumber/ci-environment/9.1.0/ci-environment-9.1.0.jar:/Users/manav/.m2/repository/org/apiguardian/apiguardian-api/1.1.2/apiguardian-api-1.1.2.jar:/Users/manav/.m2/repository/io/cucumber/cucumber-testng/7.6.0/cucumber-testng-7.6.0.jar:/Users/manav/.m2/repository/org/testng/testng/7.6.1/testng-7.6.1.jar:/Users/manav/.m2/repository/com/google/code/findbugs/jsr305/3.0.2/jsr305-3.0.2.jar:/Users/manav/.m2/repository/org/webjars/jquery/3.6.0/jquery-3.6.0.jar:/Users/manav/.m2/repository/io/cucumber/cucumber-picocontainer/7.6.0/cucumber-picocontainer-7.6.0.jar:/Users/manav/.m2/repository/org/picocontainer/picocontainer/2.15/picocontainer-2.15.jar:/Users/manav/.m2/repository/io/github/bonigarcia/webdrivermanager/5.3.0/webdrivermanager-5.3.0.jar:/Users/manav/.m2/repository/com/google/code/gson/gson/2.9.1/gson-2.9.1.jar:/Users/manav/.m2/repository/com/github/docker-java/docker-java/3.2.13/docker-java-3.2.13.jar:/Users/manav/.m2/repository/com/github/docker-java/docker-java-core/3.2.13/docker-java-core-3.2.13.jar:/Users/manav/.m2/repository/com/github/docker-java/docker-java-api/3.2.13/docker-java-api-3.2.13.jar:/Users/manav/.m2/repository/com/fasterxml/jackson/core/jackson-annotations/2.10.3/jackson-annotations-2.10.3.jar:/Users/manav/.m2/repository/org/apache/commons/commons-compress/1.21/commons-compress-1.21.jar:/Users/manav/.m2/repository/com/fasterxml/jackson/core/jackson-databind/2.10.3/jackson-databind-2.10.3.jar:/Users/manav/.m2/repository/com/fasterxml/jackson/core/jackson-core/2.10.3/jackson-core-2.10.3.jar:/Users/manav/.m2/repository/org/bouncycastle/bcpkix-jdk15on/1.64/bcpkix-jdk15on-1.64.jar:/Users/manav/.m2/repository/org/bouncycastle/bcprov-jdk15on/1.64/bcprov-jdk15on-1.64.jar:/Users/manav/.m2/repository/org/slf4j/jcl-over-slf4j/1.7.30/jcl-over-slf4j-1.7.30.jar:/Users/manav/.m2/repository/com/github/docker-java/docker-java-transport-httpclient5/3.2.13/docker-java-transport-httpclient5-3.2.13.jar:/Users/manav/.m2/repository/com/github/docker-java/docker-java-transport/3.2.13/docker-java-transport-3.2.13.jar:/Users/manav/.m2/repository/net/java/dev/jna/jna/5.8.0/jna-5.8.0.jar:/Users/manav/.m2/repository/org/brotli/dec/0.1.2/dec-0.1.2.jar:/Users/manav/.m2/repository/org/apache/commons/commons-lang3/3.12.0/commons-lang3-3.12.0.jar:/Users/manav/.m2/repository/org/apache/httpcomponents/client5/httpclient5/5.1.3/httpclient5-5.1.3.jar:/Users/manav/.m2/repository/org/apache/httpcomponents/core5/httpcore5/5.1.3/httpcore5-5.1.3.jar:/Users/manav/.m2/repository/org/apache/httpcomponents/core5/httpcore5-h2/5.1.3/httpcore5-h2-5.1.3.jar:/Users/manav/.m2/repository/com/github/javafaker/javafaker/1.0.2/javafaker-1.0.2.jar:/Users/manav/.m2/repository/org/yaml/snakeyaml/1.23/snakeyaml-1.23-android.jar:/Users/manav/.m2/repository/com/github/mifmif/generex/1.0.2/generex-1.0.2.jar:/Users/manav/.m2/repository/dk/brics/automaton/automaton/1.11-8/automaton-1.11-8.jar:/Users/manav/.m2/repository/com/konghq/unirest-java/3.13.11/unirest-java-3.13.11.jar:/Users/manav/.m2/repository/org/apache/httpcomponents/httpclient/4.5.13/httpclient-4.5.13.jar:/Users/manav/.m2/repository/org/apache/httpcomponents/httpcore/4.4.13/httpcore-4.4.13.jar:/Users/manav/.m2/repository/commons-logging/commons-logging/1.2/commons-logging-1.2.jar:/Users/manav/.m2/repository/org/apache/httpcomponents/httpmime/4.5.13/httpmime-4.5.13.jar:/Users/manav/.m2/repository/org/apache/httpcomponents/httpcore-nio/4.4.13/httpcore-nio-4.4.13.jar:/Users/manav/.m2/repository/org/apache/httpcomponents/httpasyncclient/4.1.5/httpasyncclient-4.1.5.jar:/Users/manav/.m2/repository/commons-codec/commons-codec/1.15/commons-codec-1.15.jar:/Users/manav/.m2/repository/org/json/json/20220320/json-20220320.jar:/Users/manav/.m2/repository/com/github/2captcha/2captcha-java/1.0.1/2captcha-java-1.0.1.jar:/Users/manav/.m2/repository/com/squareup/okhttp3/okhttp/4.7.2/okhttp-4.7.2.jar:/Users/manav/.m2/repository/com/squareup/okio/okio/2.6.0/okio-2.6.0.jar:/Users/manav/.m2/repository/org/jetbrains/kotlin/kotlin-stdlib-common/1.3.70/kotlin-stdlib-common-1.3.70.jar:/Users/manav/.m2/repository/org/jetbrains/kotlin/kotlin-stdlib/1.3.71/kotlin-stdlib-1.3.71.jar:/Users/manav/.m2/repository/org/jetbrains/annotations/13.0/annotations-13.0.jar:/Users/manav/.m2/repository/commons-io/commons-io/2.11.0/commons-io-2.11.0.jar:/Users/manav/.m2/repository/com/github/mkolisnyk/cucumber-runner/1.3.5/cucumber-runner-1.3.5.jar:/Users/manav/.m2/repository/com/github/mkolisnyk/cucumber-report-generator/1.3.5/cucumber-report-generator-1.3.5.jar:/Users/manav/.m2/repository/org/freemarker/freemarker/2.3.26-incubating/freemarker-2.3.26-incubating.jar:/Users/manav/.m2/repository/batik/batik-transcoder/1.6-1/batik-transcoder-1.6-1.jar:/Users/manav/.m2/repository/batik/batik-bridge/1.6-1/batik-bridge-1.6-1.jar:/Users/manav/.m2/repository/batik/batik-gvt/1.6-1/batik-gvt-1.6-1.jar:/Users/manav/.m2/repository/batik/batik-awt-util/1.6-1/batik-awt-util-1.6-1.jar:/Users/manav/.m2/repository/batik/batik-util/1.6-1/batik-util-1.6-1.jar:/Users/manav/.m2/repository/batik/batik-gui-util/1.6-1/batik-gui-util-1.6-1.jar:/Users/manav/.m2/repository/batik/batik-ext/1.6-1/batik-ext-1.6-1.jar:/Users/manav/.m2/repository/xml-apis/xmlParserAPIs/2.0.2/xmlParserAPIs-2.0.2.jar:/Users/manav/.m2/repository/batik/batik-script/1.6-1/batik-script-1.6-1.jar:/Users/manav/.m2/repository/rhino/js/1.5R4.1/js-1.5R4.1.jar:/Users/manav/.m2/repository/batik/batik-svg-dom/1.6-1/batik-svg-dom-1.6-1.jar:/Users/manav/.m2/repository/batik/batik-dom/1.6-1/batik-dom-1.6-1.jar:/Users/manav/.m2/repository/batik/batik-css/1.6-1/batik-css-1.6-1.jar:/Users/manav/.m2/repository/batik/batik-xml/1.6-1/batik-xml-1.6-1.jar:/Users/manav/.m2/repository/batik/batik-parser/1.6-1/batik-parser-1.6-1.jar:/Users/manav/.m2/repository/com/itextpdf/itextpdf/5.5.11/itextpdf-5.5.11.jar:/Users/manav/.m2/repository/com/cedarsoftware/json-io/4.9.12/json-io-4.9.12.jar:/Users/manav/.m2/repository/info/cukes/cucumber-junit/1.2.5/cucumber-junit-1.2.5.jar:/Users/manav/.m2/repository/info/cukes/cucumber-core/1.2.5/cucumber-core-1.2.5.jar:/Users/manav/.m2/repository/info/cukes/cucumber-html/0.2.3/cucumber-html-0.2.3.jar:/Users/manav/.m2/repository/info/cukes/cucumber-jvm-deps/1.0.5/cucumber-jvm-deps-1.0.5.jar:/Users/manav/.m2/repository/info/cukes/gherkin/2.12.2/gherkin-2.12.2.jar:/Users/manav/.m2/repository/info/cukes/cucumber-testng/1.2.5/cucumber-testng-1.2.5.jar:/Users/manav/.m2/repository/junit/junit/4.12/junit-4.12.jar:/Users/manav/.m2/repository/org/hamcrest/hamcrest-core/1.3/hamcrest-core-1.3.jar:/Users/manav/.m2/repository/org/xhtmlrenderer/flying-saucer-pdf/9.1.7/flying-saucer-pdf-9.1.7.jar:/Users/manav/.m2/repository/com/lowagie/itext/2.1.7/itext-2.1.7.jar:/Users/manav/.m2/repository/org/bouncycastle/bctsp-jdk14/1.38/bctsp-jdk14-1.38.jar:/Users/manav/.m2/repository/org/xhtmlrenderer/flying-saucer-core/9.1.7/flying-saucer-core-9.1.7.jar:/Users/manav/.m2/repository/org/javassist/javassist/3.22.0-CR2/javassist-3.22.0-CR2.jar:/Users/manav/.m2/repository/joda-time/joda-time/2.9.9/joda-time-2.9.9.jar:/Users/manav/.m2/repository/org/codehaus/plexus/plexus-utils/3.0.1/plexus-utils-3.0.1.jar:/Users/manav/.m2/repository/org/apache/maven/maven-plugin-api/2.0/maven-plugin-api-2.0.jar:/Users/manav/.m2/repository/org/apache/maven/reporting/maven-reporting-api/2.0.8/maven-reporting-api-2.0.8.jar:/Users/manav/.m2/repository/org/apache/maven/doxia/doxia-sink-api/1.0-alpha-9/doxia-sink-api-1.0-alpha-9.jar:/Users/manav/.m2/repository/org/apache/maven/reporting/maven-reporting-impl/2.0.4.3/maven-reporting-impl-2.0.4.3.jar:/Users/manav/.m2/repository/org/apache/maven/maven-project/2.0.4/maven-project-2.0.4.jar:/Users/manav/.m2/repository/org/apache/maven/maven-settings/2.0.4/maven-settings-2.0.4.jar:/Users/manav/.m2/repository/org/apache/maven/maven-profile/2.0.4/maven-profile-2.0.4.jar:/Users/manav/.m2/repository/org/apache/maven/maven-model/2.0.4/maven-model-2.0.4.jar:/Users/manav/.m2/repository/org/apache/maven/maven-artifact-manager/2.0.4/maven-artifact-manager-2.0.4.jar:/Users/manav/.m2/repository/org/apache/maven/maven-repository-metadata/2.0.4/maven-repository-metadata-2.0.4.jar:/Users/manav/.m2/repository/org/apache/maven/wagon/wagon-provider-api/1.0-alpha-6/wagon-provider-api-1.0-alpha-6.jar:/Users/manav/.m2/repository/org/apache/maven/maven-artifact/2.0.4/maven-artifact-2.0.4.jar:/Users/manav/.m2/repository/org/codehaus/plexus/plexus-container-default/1.0-alpha-9/plexus-container-default-1.0-alpha-9.jar:/Users/manav/.m2/repository/classworlds/classworlds/1.1-alpha-2/classworlds-1.1-alpha-2.jar:/Users/manav/.m2/repository/org/apache/maven/doxia/doxia-core/1.0/doxia-core-1.0.jar:/Users/manav/.m2/repository/org/apache/maven/doxia/doxia-site-renderer/1.0/doxia-site-renderer-1.0.jar:/Users/manav/.m2/repository/org/codehaus/plexus/plexus-i18n/1.0-beta-7/plexus-i18n-1.0-beta-7.jar:/Users/manav/.m2/repository/org/codehaus/plexus/plexus-velocity/1.1.7/plexus-velocity-1.1.7.jar:/Users/manav/.m2/repository/org/apache/velocity/velocity/1.5/velocity-1.5.jar:/Users/manav/.m2/repository/commons-lang/commons-lang/2.1/commons-lang-2.1.jar:/Users/manav/.m2/repository/org/apache/maven/doxia/doxia-decoration-model/1.0/doxia-decoration-model-1.0.jar:/Users/manav/.m2/repository/commons-collections/commons-collections/3.2/commons-collections-3.2.jar:/Users/manav/.m2/repository/org/apache/maven/doxia/doxia-module-apt/1.0/doxia-module-apt-1.0.jar:/Users/manav/.m2/repository/org/apache/maven/doxia/doxia-module-fml/1.0/doxia-module-fml-1.0.jar:/Users/manav/.m2/repository/org/apache/maven/doxia/doxia-module-xdoc/1.0/doxia-module-xdoc-1.0.jar:/Users/manav/.m2/repository/org/apache/maven/doxia/doxia-module-xhtml/1.0/doxia-module-xhtml-1.0.jar:/Users/manav/.m2/repository/commons-validator/commons-validator/1.2.0/commons-validator-1.2.0.jar:/Users/manav/.m2/repository/commons-beanutils/commons-beanutils/1.7.0/commons-beanutils-1.7.0.jar:/Users/manav/.m2/repository/commons-digester/commons-digester/1.6/commons-digester-1.6.jar:/Users/manav/.m2/repository/oro/oro/2.0.8/oro-2.0.8.jar:/Users/manav/.m2/repository/org/apache/maven/shared/maven-doxia-tools/1.0.2/maven-doxia-tools-1.0.2.jar:/Users/manav/.m2/repository/org/assertj/assertj-core/3.23.1/assertj-core-3.23.1.jar:/Users/manav/.m2/repository/net/bytebuddy/byte-buddy/1.12.10/byte-buddy-1.12.10.jar:/Users/manav/.m2/repository/io/rest-assured/rest-assured/5.1.1/rest-assured-5.1.1.jar:/Users/manav/.m2/repository/org/apache/groovy/groovy/4.0.1/groovy-4.0.1.jar:/Users/manav/.m2/repository/org/apache/groovy/groovy-xml/4.0.1/groovy-xml-4.0.1.jar:/Users/manav/.m2/repository/org/hamcrest/hamcrest/2.1/hamcrest-2.1.jar:/Users/manav/.m2/repository/org/ccil/cowan/tagsoup/tagsoup/1.2.1/tagsoup-1.2.1.jar:/Users/manav/.m2/repository/io/rest-assured/json-path/5.1.1/json-path-5.1.1.jar:/Users/manav/.m2/repository/org/apache/groovy/groovy-json/4.0.1/groovy-json-4.0.1.jar:/Users/manav/.m2/repository/io/rest-assured/rest-assured-common/5.1.1/rest-assured-common-5.1.1.jar:/Users/manav/.m2/repository/io/rest-assured/xml-path/5.1.1/xml-path-5.1.1.jar:/Users/manav/.m2/repository/org/postgresql/postgresql/42.5.0/postgresql-42.5.0.jar:/Users/manav/.m2/repository/org/checkerframework/checker-qual/3.5.0/checker-qual-3.5.0.jar:/Users/manav/.m2/repository/org/apache/maven/surefire/surefire-testng-utils/2.22.0/surefire-testng-utils-2.22.0.jar:/Users/manav/.m2/repository/org/apache/maven/surefire/surefire-grouper/2.22.0/surefire-grouper-2.22.0.jar:"/>
    <property name="sun.cpu.endian" value="little"/>
    <property name="user.home" value="/Users/manav"/>
    <property name="user.language" value="en"/>
    <property name="java.specification.vendor" value="Oracle Corporation"/>
    <property name="java.version.date" value="2022-08-18"/>
    <property name="java.home" value="/opt/homebrew/Cellar/openjdk/18.0.2.1_1/libexec/openjdk.jdk/Contents/Home"/>
    <property name="file.separator" value="/"/>
    <property name="basedir" value="/Users/manav/Documents/QATest/qa-automation-tests"/>
    <property name="java.vm.compressedOopsMode" value="Zero based"/>
    <property name="line.separator" value="&#10;"/>
    <property name="java.vm.specification.vendor" value="Oracle Corporation"/>
    <property name="java.specification.name" value="Java Platform API Specification"/>
    <property name="maven.test.failure" value="true"/>
    <property name="apple.awt.application.name" value="ForkedBooter"/>
    <property name="surefire.real.class.path" value="/Users/manav/Documents/QATest/qa-automation-tests/target/surefire/surefirebooter17859514410156880406.jar"/>
    <property name="sun.management.compiler" value="HotSpot 64-Bit Tiered Compilers"/>
    <property name="ftp.nonProxyHosts" value="local|*.local|169.254/16|*.169.254/16"/>
    <property name="java.runtime.version" value="18.0.2.1+1"/>
    <property name="user.name" value="manav"/>
    <property name="path.separator" value=":"/>
    <property name="os.version" value="12.6"/>
    <property name="java.runtime.name" value="OpenJDK Runtime Environment"/>
    <property name="file.encoding" value="UTF-8"/>
    <property name="browser" value="ch"/>
    <property name="java.vm.name" value="OpenJDK 64-Bit Server VM"/>
    <property name="java.vendor.version" value="Homebrew"/>
    <property name="localRepository" value="/Users/manav/.m2/repository"/>
    <property name="java.vendor.url.bug" value="https://github.com/Homebrew/homebrew-core/issues"/>
    <property name="java.io.tmpdir" value="/var/folders/th/f4yf398x0lb1dnzsf70zmbd40000gq/T/"/>
    <property name="java.version" value="18.0.2.1"/>
    <property name="cucumber.filter.tags" value="@UP"/>
    <property name="user.dir" value="/Users/manav/Documents/QATest/qa-automation-tests"/>
    <property name="os.arch" value="aarch64"/>
    <property name="threads" value="single"/>
    <property name="java.vm.specification.name" value="Java Virtual Machine Specification"/>
    <property name="env" value="stage_up"/>
    <property name="native.encoding" value="US-ASCII"/>
    <property name="java.library.path" value="/Users/manav/Library/Java/Extensions:/Library/Java/Extensions:/Network/Library/Java/Extensions:/System/Library/Java/Extensions:/usr/lib/java:."/>
    <property name="java.vm.info" value="mixed mode, sharing"/>
    <property name="java.vendor" value="Homebrew"/>
    <property name="java.vm.version" value="18.0.2.1+1"/>
    <property name="sun.io.unicode.encoding" value="UnicodeBig"/>
    <property name="socksNonProxyHosts" value="local|*.local|169.254/16|*.169.254/16"/>
    <property name="java.class.version" value="62.0"/>
  </properties>
  <testcase name="runScenario" classname="RunCucumberTest" time="74.96">
    <failure message="Expected condition failed: waiting for visibility of Proxy element for: DefaultElementLocator &apos;By.xpath: //h1[contains(text(),&apos;Choose Trade Option&apos;)]&apos; (tried for 20 second(s) with 500 milliseconds interval)" type="org.openqa.selenium.TimeoutException">org.openqa.selenium.TimeoutException: Expected condition failed: waiting for visibility of Proxy element for: DefaultElementLocator 'By.xpath: //h1[contains(text(),'Choose Trade Option')]' (tried for 20 second(s) with 500 milliseconds interval)
Caused by: org.openqa.selenium.NoSuchElementException: 
no such element: Unable to locate element: {"method":"xpath","selector":"//h1[contains(text(),'Choose Trade Option')]"}
  (Session info: chrome=105.0.5195.125)
For documentation on this error, please visit: https://selenium.dev/exceptions/#no_such_element
Build info: version: '4.4.0', revision: 'e5c75ed026a'
System info: host: 'SF-LAP-412.local', ip: 'fe80:0:0:0:eb:c8fe:5a40:5798%en0', os.name: 'Mac OS X', os.arch: 'aarch64', os.version: '12.6', java.version: '18.0.2.1'
Driver info: org.openqa.selenium.chrome.ChromeDriver
Command: [ee844a6030fa33793a574dfec64e2cd1, findElement {using=xpath, value=//h1[contains(text(),'Choose Trade Option')]}]
Capabilities {acceptInsecureCerts: false, browserName: chrome, browserVersion: 105.0.5195.125, chrome: {chromedriverVersion: 105.0.5195.52 (412c95e51883..., userDataDir: /var/folders/th/f4yf398x0lb...}, goog:chromeOptions: {debuggerAddress: localhost:52921}, networkConnectionEnabled: false, pageLoadStrategy: normal, platformName: MAC, proxy: Proxy(), se:cdp: ws://localhost:52921/devtoo..., se:cdpVersion: 105.0.5195.125, setWindowRect: true, strictFileInteractability: false, timeouts: {implicit: 0, pageLoad: 300000, script: 30000}, unhandledPromptBehavior: dismiss and notify, webauthn:extension:credBlob: true, webauthn:extension:largeBlob: true, webauthn:virtualAuthenticators: true}
Session ID: ee844a6030fa33793a574dfec64e2cd1
</failure>
    <system-out><![CDATA[
@UP @UP_garage @change_Trade @regression @smoke
Scenario: Ensure the Upgrade user can add a trade-in vehicle from the deal page      &amp#27;[90m# src/test/java/features/Upgrade/changeTrade.feature:11&amp#27;[0m
  &amp#27;[32mGiven &amp#27;[0m&amp#27;[32mthe Upgrade user navigates to the homepage&amp#27;[0m                                   &amp#27;[90m# stepDef.Upgrade_Registration_SignIn_steps.theUserNavigatesToTheUpgradeHomePage()&amp#27;[0m
  &amp#27;[32mAnd &amp#27;[0m&amp#27;[32mthe Upgrade user clicks on the &amp#27;[0m&amp#27;[32m&amp#27;[1m"Sign in here"&amp#27;[0m&amp#27;[32m link from the top nav&amp#27;[0m            &amp#27;[90m# stepDef.Upgrade_Registration_SignIn_steps.theUpgradeUserClicksOnTheLinkFromTheTopNav(java.lang.String)&amp#27;[0m
  &amp#27;[31mAnd &amp#27;[0m&amp#27;[31mthe Upgrade user creates a new profile&amp#27;[0m                                         &amp#27;[90m# stepDef.Upgrade_Registration_SignIn_steps.theUserCreatesAnNewProfileInUP()&amp#27;[0m
      &amp#27;[31morg.openqa.selenium.TimeoutException: Expected condition failed: waiting for visibility of Proxy element for: DefaultElementLocator 'By.xpath: //h1[contains(text(),'Choose Trade Option')]' (tried for 20 second(s) with 500 milliseconds interval)
	at org.openqa.selenium.support.ui.WebDriverWait.timeoutException(WebDriverWait.java:87)
	at org.openqa.selenium.support.ui.FluentWait.until(FluentWait.java:231)
	at base.GenericFunctions.waitForElementToBeVisible(GenericFunctions.java:33)
	at pageObject.Upgrade_Registration_SignIn_page.verifyChooseTradeOption(Upgrade_Registration_SignIn_page.java:50)
	at stepDef.Upgrade_Registration_SignIn_steps.theUserCreatesAnNewProfileInUP(Upgrade_Registration_SignIn_steps.java:87)
	at ✽.the Upgrade user creates a new profile(file:///Users/manav/Documents/QATest/qa-automation-tests/src/test/java/features/Upgrade/changeTrade.feature:6)
Caused by: org.openqa.selenium.NoSuchElementException: no such element: Unable to locate element: {"method":"xpath","selector":"//h1[contains(text(),'Choose Trade Option')]"}
  (Session info: chrome=105.0.5195.125)
For documentation on this error, please visit: https://selenium.dev/exceptions/#no_such_element
Build info: version: '4.4.0', revision: 'e5c75ed026a'
System info: host: 'SF-LAP-412.local', ip: 'fe80:0:0:0:eb:c8fe:5a40:5798%en0', os.name: 'Mac OS X', os.arch: 'aarch64', os.version: '12.6', java.version: '18.0.2.1'
Driver info: org.openqa.selenium.chrome.ChromeDriver
Command: [ee844a6030fa33793a574dfec64e2cd1, findElement {using=xpath, value=//h1[contains(text(),'Choose Trade Option')]}]
Capabilities {acceptInsecureCerts: false, browserName: chrome, browserVersion: 105.0.5195.125, chrome: {chromedriverVersion: 105.0.5195.52 (412c95e51883..., userDataDir: /var/folders/th/f4yf398x0lb...}, goog:chromeOptions: {debuggerAddress: localhost:52921}, networkConnectionEnabled: false, pageLoadStrategy: normal, platformName: MAC, proxy: Proxy(), se:cdp: ws://localhost:52921/devtoo..., se:cdpVersion: 105.0.5195.125, setWindowRect: true, strictFileInteractability: false, timeouts: {implicit: 0, pageLoad: 300000, script: 30000}, unhandledPromptBehavior: dismiss and notify, webauthn:extension:credBlob: true, webauthn:extension:largeBlob: true, webauthn:virtualAuthenticators: true}
Session ID: ee844a6030fa33793a574dfec64e2cd1
	at java.base/jdk.internal.reflect.DirectConstructorHandleAccessor.newInstance(DirectConstructorHandleAccessor.java:67)
	at java.base/java.lang.reflect.Constructor.newInstanceWithCaller(Constructor.java:499)
	at java.base/java.lang.reflect.Constructor.newInstance(Constructor.java:483)
	at org.openqa.selenium.remote.codec.w3c.W3CHttpResponseCodec.createException(W3CHttpResponseCodec.java:200)
	at org.openqa.selenium.remote.codec.w3c.W3CHttpResponseCodec.decode(W3CHttpResponseCodec.java:133)
	at org.openqa.selenium.remote.codec.w3c.W3CHttpResponseCodec.decode(W3CHttpResponseCodec.java:53)
	at org.openqa.selenium.remote.HttpCommandExecutor.execute(HttpCommandExecutor.java:184)
	at org.openqa.selenium.remote.service.DriverCommandExecutor.invokeExecute(DriverCommandExecutor.java:167)
	at org.openqa.selenium.remote.service.DriverCommandExecutor.execute(DriverCommandExecutor.java:142)
	at org.openqa.selenium.remote.RemoteWebDriver.execute(RemoteWebDriver.java:547)
	at org.openqa.selenium.remote.ElementLocation$ElementFinder$2.findElement(ElementLocation.java:162)
	at org.openqa.selenium.remote.ElementLocation.findElement(ElementLocation.java:60)
	at org.openqa.selenium.remote.RemoteWebDriver.findElement(RemoteWebDriver.java:365)
	at org.openqa.selenium.remote.RemoteWebDriver.findElement(RemoteWebDriver.java:357)
	at org.openqa.selenium.support.pagefactory.DefaultElementLocator.findElement(DefaultElementLocator.java:70)
	at org.openqa.selenium.support.pagefactory.internal.LocatingElementHandler.invoke(LocatingElementHandler.java:39)
	at jdk.proxy2/jdk.proxy2.$Proxy33.isDisplayed(Unknown Source)
	at org.openqa.selenium.support.ui.ExpectedConditions.elementIfVisible(ExpectedConditions.java:307)
	at org.openqa.selenium.support.ui.ExpectedConditions.access$000(ExpectedConditions.java:40)
	at org.openqa.selenium.support.ui.ExpectedConditions$10.apply(ExpectedConditions.java:293)
	at org.openqa.selenium.support.ui.ExpectedConditions$10.apply(ExpectedConditions.java:290)
	at org.openqa.selenium.support.ui.FluentWait.until(FluentWait.java:208)
	at base.GenericFunctions.waitForElementToBeVisible(GenericFunctions.java:33)
	at pageObject.Upgrade_Registration_SignIn_page.verifyChooseTradeOption(Upgrade_Registration_SignIn_page.java:50)
	at stepDef.Upgrade_Registration_SignIn_steps.theUserCreatesAnNewProfileInUP(Upgrade_Registration_SignIn_steps.java:87)
	at java.base/jdk.internal.reflect.DirectMethodHandleAccessor.invoke(DirectMethodHandleAccessor.java:104)
	at java.base/java.lang.reflect.Method.invoke(Method.java:577)
	at io.cucumber.java.Invoker.doInvoke(Invoker.java:66)
	at io.cucumber.java.Invoker.invoke(Invoker.java:24)
	at io.cucumber.java.AbstractGlueDefinition.invokeMethod(AbstractGlueDefinition.java:47)
	at io.cucumber.java.JavaStepDefinition.execute(JavaStepDefinition.java:29)
	at io.cucumber.core.runner.CoreStepDefinition.execute(CoreStepDefinition.java:66)
	at io.cucumber.core.runner.PickleStepDefinitionMatch.runStep(PickleStepDefinitionMatch.java:63)
	at io.cucumber.core.runner.ExecutionMode$1.execute(ExecutionMode.java:10)
	at io.cucumber.core.runner.TestStep.executeStep(TestStep.java:85)
	at io.cucumber.core.runner.TestStep.run(TestStep.java:57)
	at io.cucumber.core.runner.PickleStepTestStep.run(PickleStepTestStep.java:51)
	at io.cucumber.core.runner.TestCase.run(TestCase.java:84)
	at io.cucumber.core.runner.Runner.runPickle(Runner.java:75)
	at io.cucumber.testng.TestNGCucumberRunner.lambda$runScenario$1(TestNGCucumberRunner.java:132)
	at io.cucumber.core.runtime.CucumberExecutionContext.lambda$runTestCase$5(CucumberExecutionContext.java:129)
	at io.cucumber.core.runtime.RethrowingThrowableCollector.executeAndThrow(RethrowingThrowableCollector.java:23)
	at io.cucumber.core.runtime.CucumberExecutionContext.runTestCase(CucumberExecutionContext.java:129)
	at io.cucumber.testng.TestNGCucumberRunner.runScenario(TestNGCucumberRunner.java:129)
	at io.cucumber.testng.AbstractTestNGCucumberTests.runScenario(AbstractTestNGCucumberTests.java:35)
	at java.base/jdk.internal.reflect.DirectMethodHandleAccessor.invoke(DirectMethodHandleAccessor.java:104)
	at java.base/java.lang.reflect.Method.invoke(Method.java:577)
	at org.testng.internal.invokers.MethodInvocationHelper.invokeMethod(MethodInvocationHelper.java:139)
	at org.testng.internal.invokers.TestInvoker.invokeMethod(TestInvoker.java:677)
	at org.testng.internal.invokers.TestInvoker.invokeTestMethod(TestInvoker.java:221)
	at org.testng.internal.invokers.TestMethodWithDataProviderMethodWorker.call(TestMethodWithDataProviderMethodWorker.java:80)
	at org.testng.internal.invokers.TestMethodWithDataProviderMethodWorker.call(TestMethodWithDataProviderMethodWorker.java:17)
	at java.base/java.util.concurrent.FutureTask.run(FutureTask.java:264)
	at java.base/java.util.concurrent.Executors$RunnableAdapter.call(Executors.java:539)
	at java.base/java.util.concurrent.FutureTask.run(FutureTask.java:264)
	at java.base/java.util.concurrent.ThreadPoolExecutor.runWorker(ThreadPoolExecutor.java:1136)
	at java.base/java.util.concurrent.ThreadPoolExecutor$Worker.run(ThreadPoolExecutor.java:635)
	at java.base/java.lang.Thread.run(Thread.java:833)
&amp#27;[0m
  &amp#27;[36mAnd &amp#27;[0m&amp#27;[36mthe Upgrade user clicks on shop new cars to navigate to the offer details page&amp#27;[0m &amp#27;[90m# stepDef.Upgrade_Contact_Dealer_steps.theUpgradeUserClicksOnShopNewCarsToNavigateToOfferDetailsPage()&amp#27;[0m
  &amp#27;[36mThen &amp#27;[0m&amp#27;[36mthe Upgrade user switches to the Finance tab&amp#27;[0m                                  &amp#27;[90m# stepDef.Upgrade_Trades_steps.theUpgradeUserSwitchToFinanceTab()&amp#27;[0m
  &amp#27;[36mAnd &amp#27;[0m&amp#27;[36mthe Upgrade user clicks to add a trade on the deal page&amp#27;[0m                        &amp#27;[90m# stepDef.Upgrade_Trades_steps.theUpgradeUserClicksOnAddATradeOnDealPage()&amp#27;[0m
  &amp#27;[36mWhen &amp#27;[0m&amp#27;[36mthe Upgrade user submits a Trade-In Vehicle the deal&amp#27;[0m                          &amp#27;[90m# stepDef.Upgrade_Trades_steps.theUpgradeUserSubmitsATradeInVehicleTheDeal()&amp#27;[0m
  &amp#27;[36mThen &amp#27;[0m&amp#27;[36mthe Upgrade user is presented with the trade vehicle&amp#27;[0m                          &amp#27;[90m# stepDef.Upgrade_Trades_steps.theUpgradeUserIsPresentedWithTheTradeVehicle()&amp#27;[0m

    Embedding Ensure the Upgrade user can add a trade-in vehicle from the deal page [image/png 156244 bytes]

]]></system-out>
    <system-err><![CDATA[ChromeDriver was started successfully.
Sep 28, 2022 7:40:51 PM org.openqa.selenium.remote.ProtocolHandshake createSession
INFO: Detected upstream dialect: W3C
Sep 28, 2022 7:40:51 PM org.openqa.selenium.devtools.CdpVersionFinder findNearestMatch
WARNING: Unable to find an exact match for CDP version 105, so returning the closest version found: 104
Sep 28, 2022 7:40:51 PM org.openqa.selenium.devtools.CdpVersionFinder findNearestMatch
INFO: Found CDP implementation for version 105 of 104
]]></system-err>
  </testcase>
  <testcase name="runScenario" classname="RunCucumberTest" time="69.148">
    <failure message="Expected condition failed: waiting for visibility of Proxy element for: DefaultElementLocator &apos;By.xpath: //h1[contains(text(),&apos;Choose Trade Option&apos;)]&apos; (tried for 20 second(s) with 500 milliseconds interval)" type="org.openqa.selenium.TimeoutException">org.openqa.selenium.TimeoutException: Expected condition failed: waiting for visibility of Proxy element for: DefaultElementLocator 'By.xpath: //h1[contains(text(),'Choose Trade Option')]' (tried for 20 second(s) with 500 milliseconds interval)
Caused by: org.openqa.selenium.NoSuchElementException: 
no such element: Unable to locate element: {"method":"xpath","selector":"//h1[contains(text(),'Choose Trade Option')]"}
  (Session info: chrome=105.0.5195.125)
For documentation on this error, please visit: https://selenium.dev/exceptions/#no_such_element
Build info: version: '4.4.0', revision: 'e5c75ed026a'
System info: host: 'SF-LAP-412.local', ip: 'fe80:0:0:0:eb:c8fe:5a40:5798%en0', os.name: 'Mac OS X', os.arch: 'aarch64', os.version: '12.6', java.version: '18.0.2.1'
Driver info: org.openqa.selenium.chrome.ChromeDriver
Command: [7a65740269550cbdfa0ac7478479a1a1, findElement {using=xpath, value=//h1[contains(text(),'Choose Trade Option')]}]
Capabilities {acceptInsecureCerts: false, browserName: chrome, browserVersion: 105.0.5195.125, chrome: {chromedriverVersion: 105.0.5195.52 (412c95e51883..., userDataDir: /var/folders/th/f4yf398x0lb...}, goog:chromeOptions: {debuggerAddress: localhost:53287}, networkConnectionEnabled: false, pageLoadStrategy: normal, platformName: MAC, proxy: Proxy(), se:cdp: ws://localhost:53287/devtoo..., se:cdpVersion: 105.0.5195.125, setWindowRect: true, strictFileInteractability: false, timeouts: {implicit: 0, pageLoad: 300000, script: 30000}, unhandledPromptBehavior: dismiss and notify, webauthn:extension:credBlob: true, webauthn:extension:largeBlob: true, webauthn:virtualAuthenticators: true}
Session ID: 7a65740269550cbdfa0ac7478479a1a1
</failure>
    <system-out><![CDATA[
@UP @UP_garage @change_Trade @regression @smoke
Scenario: Ensure the Upgrade user can change trade from the deal page                &amp#27;[90m# src/test/java/features/Upgrade/changeTrade.feature:17&amp#27;[0m
  &amp#27;[32mGiven &amp#27;[0m&amp#27;[32mthe Upgrade user navigates to the homepage&amp#27;[0m                                   &amp#27;[90m# stepDef.Upgrade_Registration_SignIn_steps.theUserNavigatesToTheUpgradeHomePage()&amp#27;[0m
  &amp#27;[32mAnd &amp#27;[0m&amp#27;[32mthe Upgrade user clicks on the &amp#27;[0m&amp#27;[32m&amp#27;[1m"Sign in here"&amp#27;[0m&amp#27;[32m link from the top nav&amp#27;[0m            &amp#27;[90m# stepDef.Upgrade_Registration_SignIn_steps.theUpgradeUserClicksOnTheLinkFromTheTopNav(java.lang.String)&amp#27;[0m
  &amp#27;[31mAnd &amp#27;[0m&amp#27;[31mthe Upgrade user creates a new profile&amp#27;[0m                                         &amp#27;[90m# stepDef.Upgrade_Registration_SignIn_steps.theUserCreatesAnNewProfileInUP()&amp#27;[0m
      &amp#27;[31morg.openqa.selenium.TimeoutException: Expected condition failed: waiting for visibility of Proxy element for: DefaultElementLocator 'By.xpath: //h1[contains(text(),'Choose Trade Option')]' (tried for 20 second(s) with 500 milliseconds interval)
	at org.openqa.selenium.support.ui.WebDriverWait.timeoutException(WebDriverWait.java:87)
	at org.openqa.selenium.support.ui.FluentWait.until(FluentWait.java:231)
	at base.GenericFunctions.waitForElementToBeVisible(GenericFunctions.java:33)
	at pageObject.Upgrade_Registration_SignIn_page.verifyChooseTradeOption(Upgrade_Registration_SignIn_page.java:50)
	at stepDef.Upgrade_Registration_SignIn_steps.theUserCreatesAnNewProfileInUP(Upgrade_Registration_SignIn_steps.java:87)
	at ✽.the Upgrade user creates a new profile(file:///Users/manav/Documents/QATest/qa-automation-tests/src/test/java/features/Upgrade/changeTrade.feature:6)
Caused by: org.openqa.selenium.NoSuchElementException: no such element: Unable to locate element: {"method":"xpath","selector":"//h1[contains(text(),'Choose Trade Option')]"}
  (Session info: chrome=105.0.5195.125)
For documentation on this error, please visit: https://selenium.dev/exceptions/#no_such_element
Build info: version: '4.4.0', revision: 'e5c75ed026a'
System info: host: 'SF-LAP-412.local', ip: 'fe80:0:0:0:eb:c8fe:5a40:5798%en0', os.name: 'Mac OS X', os.arch: 'aarch64', os.version: '12.6', java.version: '18.0.2.1'
Driver info: org.openqa.selenium.chrome.ChromeDriver
Command: [7a65740269550cbdfa0ac7478479a1a1, findElement {using=xpath, value=//h1[contains(text(),'Choose Trade Option')]}]
Capabilities {acceptInsecureCerts: false, browserName: chrome, browserVersion: 105.0.5195.125, chrome: {chromedriverVersion: 105.0.5195.52 (412c95e51883..., userDataDir: /var/folders/th/f4yf398x0lb...}, goog:chromeOptions: {debuggerAddress: localhost:53287}, networkConnectionEnabled: false, pageLoadStrategy: normal, platformName: MAC, proxy: Proxy(), se:cdp: ws://localhost:53287/devtoo..., se:cdpVersion: 105.0.5195.125, setWindowRect: true, strictFileInteractability: false, timeouts: {implicit: 0, pageLoad: 300000, script: 30000}, unhandledPromptBehavior: dismiss and notify, webauthn:extension:credBlob: true, webauthn:extension:largeBlob: true, webauthn:virtualAuthenticators: true}
Session ID: 7a65740269550cbdfa0ac7478479a1a1
	at java.base/jdk.internal.reflect.DirectConstructorHandleAccessor.newInstance(DirectConstructorHandleAccessor.java:67)
	at java.base/java.lang.reflect.Constructor.newInstanceWithCaller(Constructor.java:499)
	at java.base/java.lang.reflect.Constructor.newInstance(Constructor.java:483)
	at org.openqa.selenium.remote.codec.w3c.W3CHttpResponseCodec.createException(W3CHttpResponseCodec.java:200)
	at org.openqa.selenium.remote.codec.w3c.W3CHttpResponseCodec.decode(W3CHttpResponseCodec.java:133)
	at org.openqa.selenium.remote.codec.w3c.W3CHttpResponseCodec.decode(W3CHttpResponseCodec.java:53)
	at org.openqa.selenium.remote.HttpCommandExecutor.execute(HttpCommandExecutor.java:184)
	at org.openqa.selenium.remote.service.DriverCommandExecutor.invokeExecute(DriverCommandExecutor.java:167)
	at org.openqa.selenium.remote.service.DriverCommandExecutor.execute(DriverCommandExecutor.java:142)
	at org.openqa.selenium.remote.RemoteWebDriver.execute(RemoteWebDriver.java:547)
	at org.openqa.selenium.remote.ElementLocation$ElementFinder$2.findElement(ElementLocation.java:162)
	at org.openqa.selenium.remote.ElementLocation.findElement(ElementLocation.java:60)
	at org.openqa.selenium.remote.RemoteWebDriver.findElement(RemoteWebDriver.java:365)
	at org.openqa.selenium.remote.RemoteWebDriver.findElement(RemoteWebDriver.java:357)
	at org.openqa.selenium.support.pagefactory.DefaultElementLocator.findElement(DefaultElementLocator.java:70)
	at org.openqa.selenium.support.pagefactory.internal.LocatingElementHandler.invoke(LocatingElementHandler.java:39)
	at jdk.proxy2/jdk.proxy2.$Proxy33.isDisplayed(Unknown Source)
	at org.openqa.selenium.support.ui.ExpectedConditions.elementIfVisible(ExpectedConditions.java:307)
	at org.openqa.selenium.support.ui.ExpectedConditions.access$000(ExpectedConditions.java:40)
	at org.openqa.selenium.support.ui.ExpectedConditions$10.apply(ExpectedConditions.java:293)
	at org.openqa.selenium.support.ui.ExpectedConditions$10.apply(ExpectedConditions.java:290)
	at org.openqa.selenium.support.ui.FluentWait.until(FluentWait.java:208)
	at base.GenericFunctions.waitForElementToBeVisible(GenericFunctions.java:33)
	at pageObject.Upgrade_Registration_SignIn_page.verifyChooseTradeOption(Upgrade_Registration_SignIn_page.java:50)
	at stepDef.Upgrade_Registration_SignIn_steps.theUserCreatesAnNewProfileInUP(Upgrade_Registration_SignIn_steps.java:87)
	at java.base/jdk.internal.reflect.DirectMethodHandleAccessor.invoke(DirectMethodHandleAccessor.java:104)
	at java.base/java.lang.reflect.Method.invoke(Method.java:577)
	at io.cucumber.java.Invoker.doInvoke(Invoker.java:66)
	at io.cucumber.java.Invoker.invoke(Invoker.java:24)
	at io.cucumber.java.AbstractGlueDefinition.invokeMethod(AbstractGlueDefinition.java:47)
	at io.cucumber.java.JavaStepDefinition.execute(JavaStepDefinition.java:29)
	at io.cucumber.core.runner.CoreStepDefinition.execute(CoreStepDefinition.java:66)
	at io.cucumber.core.runner.PickleStepDefinitionMatch.runStep(PickleStepDefinitionMatch.java:63)
	at io.cucumber.core.runner.ExecutionMode$1.execute(ExecutionMode.java:10)
	at io.cucumber.core.runner.TestStep.executeStep(TestStep.java:85)
	at io.cucumber.core.runner.TestStep.run(TestStep.java:57)
	at io.cucumber.core.runner.PickleStepTestStep.run(PickleStepTestStep.java:51)
	at io.cucumber.core.runner.TestCase.run(TestCase.java:84)
	at io.cucumber.core.runner.Runner.runPickle(Runner.java:75)
	at io.cucumber.testng.TestNGCucumberRunner.lambda$runScenario$1(TestNGCucumberRunner.java:132)
	at io.cucumber.core.runtime.CucumberExecutionContext.lambda$runTestCase$5(CucumberExecutionContext.java:129)
	at io.cucumber.core.runtime.RethrowingThrowableCollector.executeAndThrow(RethrowingThrowableCollector.java:23)
	at io.cucumber.core.runtime.CucumberExecutionContext.runTestCase(CucumberExecutionContext.java:129)
	at io.cucumber.testng.TestNGCucumberRunner.runScenario(TestNGCucumberRunner.java:129)
	at io.cucumber.testng.AbstractTestNGCucumberTests.runScenario(AbstractTestNGCucumberTests.java:35)
	at java.base/jdk.internal.reflect.DirectMethodHandleAccessor.invoke(DirectMethodHandleAccessor.java:104)
	at java.base/java.lang.reflect.Method.invoke(Method.java:577)
	at org.testng.internal.invokers.MethodInvocationHelper.invokeMethod(MethodInvocationHelper.java:139)
	at org.testng.internal.invokers.TestInvoker.invokeMethod(TestInvoker.java:677)
	at org.testng.internal.invokers.TestInvoker.invokeTestMethod(TestInvoker.java:221)
	at org.testng.internal.invokers.TestMethodWithDataProviderMethodWorker.call(TestMethodWithDataProviderMethodWorker.java:80)
	at org.testng.internal.invokers.TestMethodWithDataProviderMethodWorker.call(TestMethodWithDataProviderMethodWorker.java:17)
	at java.base/java.util.concurrent.FutureTask.run(FutureTask.java:264)
	at java.base/java.util.concurrent.Executors$RunnableAdapter.call(Executors.java:539)
	at java.base/java.util.concurrent.FutureTask.run(FutureTask.java:264)
	at java.base/java.util.concurrent.ThreadPoolExecutor.runWorker(ThreadPoolExecutor.java:1136)
	at java.base/java.util.concurrent.ThreadPoolExecutor$Worker.run(ThreadPoolExecutor.java:635)
	at java.base/java.lang.Thread.run(Thread.java:833)
&amp#27;[0m
  &amp#27;[36mAnd &amp#27;[0m&amp#27;[36mthe Upgrade user clicks on shop new cars to navigate to the offer details page&amp#27;[0m &amp#27;[90m# stepDef.Upgrade_Contact_Dealer_steps.theUpgradeUserClicksOnShopNewCarsToNavigateToOfferDetailsPage()&amp#27;[0m
  &amp#27;[36mThen &amp#27;[0m&amp#27;[36mthe Upgrade user switches to the Finance tab&amp#27;[0m                                  &amp#27;[90m# stepDef.Upgrade_Trades_steps.theUpgradeUserSwitchToFinanceTab()&amp#27;[0m
  &amp#27;[36mAnd &amp#27;[0m&amp#27;[36mthe Upgrade user clicks to add a trade on the deal page&amp#27;[0m                        &amp#27;[90m# stepDef.Upgrade_Trades_steps.theUpgradeUserClicksOnAddATradeOnDealPage()&amp#27;[0m
  &amp#27;[36mAnd &amp#27;[0m&amp#27;[36mthe Upgrade user submits a Trade-In Vehicle the deal&amp#27;[0m                           &amp#27;[90m# stepDef.Upgrade_Trades_steps.theUpgradeUserSubmitsATradeInVehicleTheDeal()&amp#27;[0m
  &amp#27;[36mThen &amp#27;[0m&amp#27;[36mthe Upgrade user is presented with the trade vehicle&amp#27;[0m                          &amp#27;[90m# stepDef.Upgrade_Trades_steps.theUpgradeUserIsPresentedWithTheTradeVehicle()&amp#27;[0m
  &amp#27;[36mAnd &amp#27;[0m&amp#27;[36mthe Upgrade user clicks on the change trade link&amp#27;[0m                               &amp#27;[90m# stepDef.Upgrade_Trades_steps.theUpgradeUserClicksOnChangeTradeLink()&amp#27;[0m
  &amp#27;[36mWhen &amp#27;[0m&amp#27;[36mthe Upgrade user submits a Trade-In Vehicle the deal&amp#27;[0m                          &amp#27;[90m# stepDef.Upgrade_Trades_steps.theUpgradeUserSubmitsATradeInVehicleTheDeal()&amp#27;[0m
  &amp#27;[36mThen &amp#27;[0m&amp#27;[36mthe Upgrade user is presented with the trade vehicle&amp#27;[0m                          &amp#27;[90m# stepDef.Upgrade_Trades_steps.theUpgradeUserIsPresentedWithTheTradeVehicle()&amp#27;[0m

    Embedding Ensure the Upgrade user can change trade from the deal page [image/png 156354 bytes]

]]></system-out>
    <system-err><![CDATA[ChromeDriver was started successfully.
Sep 28, 2022 7:42:05 PM org.openqa.selenium.remote.ProtocolHandshake createSession
INFO: Detected upstream dialect: W3C
Sep 28, 2022 7:42:05 PM org.openqa.selenium.devtools.CdpVersionFinder findNearestMatch
WARNING: Unable to find an exact match for CDP version 105, so returning the closest version found: 104
Sep 28, 2022 7:42:05 PM org.openqa.selenium.devtools.CdpVersionFinder findNearestMatch
INFO: Found CDP implementation for version 105 of 104
]]></system-err>
  </testcase>
  <testcase name="runScenario" classname="RunCucumberTest" time="69.191">
    <failure message="Expected condition failed: waiting for visibility of Proxy element for: DefaultElementLocator &apos;By.xpath: //h1[contains(text(),&apos;Choose Trade Option&apos;)]&apos; (tried for 20 second(s) with 500 milliseconds interval)" type="org.openqa.selenium.TimeoutException">org.openqa.selenium.TimeoutException: Expected condition failed: waiting for visibility of Proxy element for: DefaultElementLocator 'By.xpath: //h1[contains(text(),'Choose Trade Option')]' (tried for 20 second(s) with 500 milliseconds interval)
Caused by: org.openqa.selenium.NoSuchElementException: 
no such element: Unable to locate element: {"method":"xpath","selector":"//h1[contains(text(),'Choose Trade Option')]"}
  (Session info: chrome=105.0.5195.125)
For documentation on this error, please visit: https://selenium.dev/exceptions/#no_such_element
Build info: version: '4.4.0', revision: 'e5c75ed026a'
System info: host: 'SF-LAP-412.local', ip: 'fe80:0:0:0:eb:c8fe:5a40:5798%en0', os.name: 'Mac OS X', os.arch: 'aarch64', os.version: '12.6', java.version: '18.0.2.1'
Driver info: org.openqa.selenium.chrome.ChromeDriver
Command: [252ec04119dcaf796d95c1c4f720ead0, findElement {using=xpath, value=//h1[contains(text(),'Choose Trade Option')]}]
Capabilities {acceptInsecureCerts: false, browserName: chrome, browserVersion: 105.0.5195.125, chrome: {chromedriverVersion: 105.0.5195.52 (412c95e51883..., userDataDir: /var/folders/th/f4yf398x0lb...}, goog:chromeOptions: {debuggerAddress: localhost:53627}, networkConnectionEnabled: false, pageLoadStrategy: normal, platformName: MAC, proxy: Proxy(), se:cdp: ws://localhost:53627/devtoo..., se:cdpVersion: 105.0.5195.125, setWindowRect: true, strictFileInteractability: false, timeouts: {implicit: 0, pageLoad: 300000, script: 30000}, unhandledPromptBehavior: dismiss and notify, webauthn:extension:credBlob: true, webauthn:extension:largeBlob: true, webauthn:virtualAuthenticators: true}
Session ID: 252ec04119dcaf796d95c1c4f720ead0
</failure>
    <system-out><![CDATA[
@UP @UP_garage @change_Trade @regression
Scenario: Ensure the Upgrade user can remove the trade from the deal page            &amp#27;[90m# src/test/java/features/Upgrade/changeTrade.feature:26&amp#27;[0m
  &amp#27;[32mGiven &amp#27;[0m&amp#27;[32mthe Upgrade user navigates to the homepage&amp#27;[0m                                   &amp#27;[90m# stepDef.Upgrade_Registration_SignIn_steps.theUserNavigatesToTheUpgradeHomePage()&amp#27;[0m
  &amp#27;[32mAnd &amp#27;[0m&amp#27;[32mthe Upgrade user clicks on the &amp#27;[0m&amp#27;[32m&amp#27;[1m"Sign in here"&amp#27;[0m&amp#27;[32m link from the top nav&amp#27;[0m            &amp#27;[90m# stepDef.Upgrade_Registration_SignIn_steps.theUpgradeUserClicksOnTheLinkFromTheTopNav(java.lang.String)&amp#27;[0m
  &amp#27;[31mAnd &amp#27;[0m&amp#27;[31mthe Upgrade user creates a new profile&amp#27;[0m                                         &amp#27;[90m# stepDef.Upgrade_Registration_SignIn_steps.theUserCreatesAnNewProfileInUP()&amp#27;[0m
      &amp#27;[31morg.openqa.selenium.TimeoutException: Expected condition failed: waiting for visibility of Proxy element for: DefaultElementLocator 'By.xpath: //h1[contains(text(),'Choose Trade Option')]' (tried for 20 second(s) with 500 milliseconds interval)
	at org.openqa.selenium.support.ui.WebDriverWait.timeoutException(WebDriverWait.java:87)
	at org.openqa.selenium.support.ui.FluentWait.until(FluentWait.java:231)
	at base.GenericFunctions.waitForElementToBeVisible(GenericFunctions.java:33)
	at pageObject.Upgrade_Registration_SignIn_page.verifyChooseTradeOption(Upgrade_Registration_SignIn_page.java:50)
	at stepDef.Upgrade_Registration_SignIn_steps.theUserCreatesAnNewProfileInUP(Upgrade_Registration_SignIn_steps.java:87)
	at ✽.the Upgrade user creates a new profile(file:///Users/manav/Documents/QATest/qa-automation-tests/src/test/java/features/Upgrade/changeTrade.feature:6)
Caused by: org.openqa.selenium.NoSuchElementException: no such element: Unable to locate element: {"method":"xpath","selector":"//h1[contains(text(),'Choose Trade Option')]"}
  (Session info: chrome=105.0.5195.125)
For documentation on this error, please visit: https://selenium.dev/exceptions/#no_such_element
Build info: version: '4.4.0', revision: 'e5c75ed026a'
System info: host: 'SF-LAP-412.local', ip: 'fe80:0:0:0:eb:c8fe:5a40:5798%en0', os.name: 'Mac OS X', os.arch: 'aarch64', os.version: '12.6', java.version: '18.0.2.1'
Driver info: org.openqa.selenium.chrome.ChromeDriver
Command: [252ec04119dcaf796d95c1c4f720ead0, findElement {using=xpath, value=//h1[contains(text(),'Choose Trade Option')]}]
Capabilities {acceptInsecureCerts: false, browserName: chrome, browserVersion: 105.0.5195.125, chrome: {chromedriverVersion: 105.0.5195.52 (412c95e51883..., userDataDir: /var/folders/th/f4yf398x0lb...}, goog:chromeOptions: {debuggerAddress: localhost:53627}, networkConnectionEnabled: false, pageLoadStrategy: normal, platformName: MAC, proxy: Proxy(), se:cdp: ws://localhost:53627/devtoo..., se:cdpVersion: 105.0.5195.125, setWindowRect: true, strictFileInteractability: false, timeouts: {implicit: 0, pageLoad: 300000, script: 30000}, unhandledPromptBehavior: dismiss and notify, webauthn:extension:credBlob: true, webauthn:extension:largeBlob: true, webauthn:virtualAuthenticators: true}
Session ID: 252ec04119dcaf796d95c1c4f720ead0
	at java.base/jdk.internal.reflect.DirectConstructorHandleAccessor.newInstance(DirectConstructorHandleAccessor.java:67)
	at java.base/java.lang.reflect.Constructor.newInstanceWithCaller(Constructor.java:499)
	at java.base/java.lang.reflect.Constructor.newInstance(Constructor.java:483)
	at org.openqa.selenium.remote.codec.w3c.W3CHttpResponseCodec.createException(W3CHttpResponseCodec.java:200)
	at org.openqa.selenium.remote.codec.w3c.W3CHttpResponseCodec.decode(W3CHttpResponseCodec.java:133)
	at org.openqa.selenium.remote.codec.w3c.W3CHttpResponseCodec.decode(W3CHttpResponseCodec.java:53)
	at org.openqa.selenium.remote.HttpCommandExecutor.execute(HttpCommandExecutor.java:184)
	at org.openqa.selenium.remote.service.DriverCommandExecutor.invokeExecute(DriverCommandExecutor.java:167)
	at org.openqa.selenium.remote.service.DriverCommandExecutor.execute(DriverCommandExecutor.java:142)
	at org.openqa.selenium.remote.RemoteWebDriver.execute(RemoteWebDriver.java:547)
	at org.openqa.selenium.remote.ElementLocation$ElementFinder$2.findElement(ElementLocation.java:162)
	at org.openqa.selenium.remote.ElementLocation.findElement(ElementLocation.java:60)
	at org.openqa.selenium.remote.RemoteWebDriver.findElement(RemoteWebDriver.java:365)
	at org.openqa.selenium.remote.RemoteWebDriver.findElement(RemoteWebDriver.java:357)
	at org.openqa.selenium.support.pagefactory.DefaultElementLocator.findElement(DefaultElementLocator.java:70)
	at org.openqa.selenium.support.pagefactory.internal.LocatingElementHandler.invoke(LocatingElementHandler.java:39)
	at jdk.proxy2/jdk.proxy2.$Proxy33.isDisplayed(Unknown Source)
	at org.openqa.selenium.support.ui.ExpectedConditions.elementIfVisible(ExpectedConditions.java:307)
	at org.openqa.selenium.support.ui.ExpectedConditions.access$000(ExpectedConditions.java:40)
	at org.openqa.selenium.support.ui.ExpectedConditions$10.apply(ExpectedConditions.java:293)
	at org.openqa.selenium.support.ui.ExpectedConditions$10.apply(ExpectedConditions.java:290)
	at org.openqa.selenium.support.ui.FluentWait.until(FluentWait.java:208)
	at base.GenericFunctions.waitForElementToBeVisible(GenericFunctions.java:33)
	at pageObject.Upgrade_Registration_SignIn_page.verifyChooseTradeOption(Upgrade_Registration_SignIn_page.java:50)
	at stepDef.Upgrade_Registration_SignIn_steps.theUserCreatesAnNewProfileInUP(Upgrade_Registration_SignIn_steps.java:87)
	at java.base/jdk.internal.reflect.DirectMethodHandleAccessor.invoke(DirectMethodHandleAccessor.java:104)
	at java.base/java.lang.reflect.Method.invoke(Method.java:577)
	at io.cucumber.java.Invoker.doInvoke(Invoker.java:66)
	at io.cucumber.java.Invoker.invoke(Invoker.java:24)
	at io.cucumber.java.AbstractGlueDefinition.invokeMethod(AbstractGlueDefinition.java:47)
	at io.cucumber.java.JavaStepDefinition.execute(JavaStepDefinition.java:29)
	at io.cucumber.core.runner.CoreStepDefinition.execute(CoreStepDefinition.java:66)
	at io.cucumber.core.runner.PickleStepDefinitionMatch.runStep(PickleStepDefinitionMatch.java:63)
	at io.cucumber.core.runner.ExecutionMode$1.execute(ExecutionMode.java:10)
	at io.cucumber.core.runner.TestStep.executeStep(TestStep.java:85)
	at io.cucumber.core.runner.TestStep.run(TestStep.java:57)
	at io.cucumber.core.runner.PickleStepTestStep.run(PickleStepTestStep.java:51)
	at io.cucumber.core.runner.TestCase.run(TestCase.java:84)
	at io.cucumber.core.runner.Runner.runPickle(Runner.java:75)
	at io.cucumber.testng.TestNGCucumberRunner.lambda$runScenario$1(TestNGCucumberRunner.java:132)
	at io.cucumber.core.runtime.CucumberExecutionContext.lambda$runTestCase$5(CucumberExecutionContext.java:129)
	at io.cucumber.core.runtime.RethrowingThrowableCollector.executeAndThrow(RethrowingThrowableCollector.java:23)
	at io.cucumber.core.runtime.CucumberExecutionContext.runTestCase(CucumberExecutionContext.java:129)
	at io.cucumber.testng.TestNGCucumberRunner.runScenario(TestNGCucumberRunner.java:129)
	at io.cucumber.testng.AbstractTestNGCucumberTests.runScenario(AbstractTestNGCucumberTests.java:35)
	at java.base/jdk.internal.reflect.DirectMethodHandleAccessor.invoke(DirectMethodHandleAccessor.java:104)
	at java.base/java.lang.reflect.Method.invoke(Method.java:577)
	at org.testng.internal.invokers.MethodInvocationHelper.invokeMethod(MethodInvocationHelper.java:139)
	at org.testng.internal.invokers.TestInvoker.invokeMethod(TestInvoker.java:677)
	at org.testng.internal.invokers.TestInvoker.invokeTestMethod(TestInvoker.java:221)
	at org.testng.internal.invokers.TestMethodWithDataProviderMethodWorker.call(TestMethodWithDataProviderMethodWorker.java:80)
	at org.testng.internal.invokers.TestMethodWithDataProviderMethodWorker.call(TestMethodWithDataProviderMethodWorker.java:17)
	at java.base/java.util.concurrent.FutureTask.run(FutureTask.java:264)
	at java.base/java.util.concurrent.Executors$RunnableAdapter.call(Executors.java:539)
	at java.base/java.util.concurrent.FutureTask.run(FutureTask.java:264)
	at java.base/java.util.concurrent.ThreadPoolExecutor.runWorker(ThreadPoolExecutor.java:1136)
	at java.base/java.util.concurrent.ThreadPoolExecutor$Worker.run(ThreadPoolExecutor.java:635)
	at java.base/java.lang.Thread.run(Thread.java:833)
&amp#27;[0m
  &amp#27;[36mAnd &amp#27;[0m&amp#27;[36mthe Upgrade user clicks on shop new cars to navigate to the offer details page&amp#27;[0m &amp#27;[90m# stepDef.Upgrade_Contact_Dealer_steps.theUpgradeUserClicksOnShopNewCarsToNavigateToOfferDetailsPage()&amp#27;[0m
  &amp#27;[36mThen &amp#27;[0m&amp#27;[36mthe Upgrade user switches to the Finance tab&amp#27;[0m                                  &amp#27;[90m# stepDef.Upgrade_Trades_steps.theUpgradeUserSwitchToFinanceTab()&amp#27;[0m
  &amp#27;[36mAnd &amp#27;[0m&amp#27;[36mthe Upgrade user clicks to add a trade on the deal page&amp#27;[0m                        &amp#27;[90m# stepDef.Upgrade_Trades_steps.theUpgradeUserClicksOnAddATradeOnDealPage()&amp#27;[0m
  &amp#27;[36mAnd &amp#27;[0m&amp#27;[36mthe Upgrade user submits a Trade-In Vehicle the deal&amp#27;[0m                           &amp#27;[90m# stepDef.Upgrade_Trades_steps.theUpgradeUserSubmitsATradeInVehicleTheDeal()&amp#27;[0m
  &amp#27;[36mAnd &amp#27;[0m&amp#27;[36mthe Upgrade user is presented with the trade vehicle&amp#27;[0m                           &amp#27;[90m# stepDef.Upgrade_Trades_steps.theUpgradeUserIsPresentedWithTheTradeVehicle()&amp#27;[0m
  &amp#27;[36mWhen &amp#27;[0m&amp#27;[36mthe Upgrade user clicks on change trade to add no trade&amp#27;[0m                       &amp#27;[90m# stepDef.Upgrade_Trades_steps.theUpgradeUserClicksOnChangeTradeToAddNoTrade()&amp#27;[0m
  &amp#27;[36mThen &amp#27;[0m&amp#27;[36mthe Upgrade user verifies no trade vehicle has been added&amp#27;[0m                     &amp#27;[90m# stepDef.Upgrade_Trades_steps.theUpgradeUserVerifiesNoTradeVehicleHasBeenAdded()&amp#27;[0m

    Embedding Ensure the Upgrade user can remove the trade from the deal page [image/png 156244 bytes]

]]></system-out>
    <system-err><![CDATA[ChromeDriver was started successfully.
Sep 28, 2022 7:43:14 PM org.openqa.selenium.remote.ProtocolHandshake createSession
INFO: Detected upstream dialect: W3C
Sep 28, 2022 7:43:14 PM org.openqa.selenium.devtools.CdpVersionFinder findNearestMatch
WARNING: Unable to find an exact match for CDP version 105, so returning the closest version found: 104
Sep 28, 2022 7:43:14 PM org.openqa.selenium.devtools.CdpVersionFinder findNearestMatch
INFO: Found CDP implementation for version 105 of 104
]]></system-err>
  </testcase>
  <testcase name="runScenario" classname="RunCucumberTest" time="70.222">
    <failure message="Expected condition failed: waiting for visibility of Proxy element for: DefaultElementLocator &apos;By.xpath: //h1[contains(text(),&apos;Choose Trade Option&apos;)]&apos; (tried for 20 second(s) with 500 milliseconds interval)" type="org.openqa.selenium.TimeoutException">org.openqa.selenium.TimeoutException: Expected condition failed: waiting for visibility of Proxy element for: DefaultElementLocator 'By.xpath: //h1[contains(text(),'Choose Trade Option')]' (tried for 20 second(s) with 500 milliseconds interval)
Caused by: org.openqa.selenium.NoSuchElementException: 
no such element: Unable to locate element: {"method":"xpath","selector":"//h1[contains(text(),'Choose Trade Option')]"}
  (Session info: chrome=105.0.5195.125)
For documentation on this error, please visit: https://selenium.dev/exceptions/#no_such_element
Build info: version: '4.4.0', revision: 'e5c75ed026a'
System info: host: 'SF-LAP-412.local', ip: 'fe80:0:0:0:eb:c8fe:5a40:5798%en0', os.name: 'Mac OS X', os.arch: 'aarch64', os.version: '12.6', java.version: '18.0.2.1'
Driver info: org.openqa.selenium.chrome.ChromeDriver
Command: [8522a25b084f75cf3b52e911d2ce9923, findElement {using=xpath, value=//h1[contains(text(),'Choose Trade Option')]}]
Capabilities {acceptInsecureCerts: false, browserName: chrome, browserVersion: 105.0.5195.125, chrome: {chromedriverVersion: 105.0.5195.52 (412c95e51883..., userDataDir: /var/folders/th/f4yf398x0lb...}, goog:chromeOptions: {debuggerAddress: localhost:53964}, networkConnectionEnabled: false, pageLoadStrategy: normal, platformName: MAC, proxy: Proxy(), se:cdp: ws://localhost:53964/devtoo..., se:cdpVersion: 105.0.5195.125, setWindowRect: true, strictFileInteractability: false, timeouts: {implicit: 0, pageLoad: 300000, script: 30000}, unhandledPromptBehavior: dismiss and notify, webauthn:extension:credBlob: true, webauthn:extension:largeBlob: true, webauthn:virtualAuthenticators: true}
Session ID: 8522a25b084f75cf3b52e911d2ce9923
</failure>
    <system-out><![CDATA[
@UP @UP_garage @UP_checkBox @regression @smoke
Scenario: Ensure check boxes for a logged-in profile financing deal are in order and do not repeat &amp#27;[90m# src/test/java/features/Upgrade/dealPageCheckBoxSorting.feature:10&amp#27;[0m
  &amp#27;[32mGiven &amp#27;[0m&amp#27;[32mthe Upgrade user navigates to the homepage&amp#27;[0m                                                 &amp#27;[90m# stepDef.Upgrade_Registration_SignIn_steps.theUserNavigatesToTheUpgradeHomePage()&amp#27;[0m
  &amp#27;[32mAnd &amp#27;[0m&amp#27;[32mthe Upgrade user clicks on the &amp#27;[0m&amp#27;[32m&amp#27;[1m"Sign in here"&amp#27;[0m&amp#27;[32m link from the top nav&amp#27;[0m                          &amp#27;[90m# stepDef.Upgrade_Registration_SignIn_steps.theUpgradeUserClicksOnTheLinkFromTheTopNav(java.lang.String)&amp#27;[0m
  &amp#27;[31mAnd &amp#27;[0m&amp#27;[31mthe Upgrade user creates a new profile&amp#27;[0m                                                       &amp#27;[90m# stepDef.Upgrade_Registration_SignIn_steps.theUserCreatesAnNewProfileInUP()&amp#27;[0m
      &amp#27;[31morg.openqa.selenium.TimeoutException: Expected condition failed: waiting for visibility of Proxy element for: DefaultElementLocator 'By.xpath: //h1[contains(text(),'Choose Trade Option')]' (tried for 20 second(s) with 500 milliseconds interval)
	at org.openqa.selenium.support.ui.WebDriverWait.timeoutException(WebDriverWait.java:87)
	at org.openqa.selenium.support.ui.FluentWait.until(FluentWait.java:231)
	at base.GenericFunctions.waitForElementToBeVisible(GenericFunctions.java:33)
	at pageObject.Upgrade_Registration_SignIn_page.verifyChooseTradeOption(Upgrade_Registration_SignIn_page.java:50)
	at stepDef.Upgrade_Registration_SignIn_steps.theUserCreatesAnNewProfileInUP(Upgrade_Registration_SignIn_steps.java:87)
	at ✽.the Upgrade user creates a new profile(file:///Users/manav/Documents/QATest/qa-automation-tests/src/test/java/features/Upgrade/dealPageCheckBoxSorting.feature:6)
Caused by: org.openqa.selenium.NoSuchElementException: no such element: Unable to locate element: {"method":"xpath","selector":"//h1[contains(text(),'Choose Trade Option')]"}
  (Session info: chrome=105.0.5195.125)
For documentation on this error, please visit: https://selenium.dev/exceptions/#no_such_element
Build info: version: '4.4.0', revision: 'e5c75ed026a'
System info: host: 'SF-LAP-412.local', ip: 'fe80:0:0:0:eb:c8fe:5a40:5798%en0', os.name: 'Mac OS X', os.arch: 'aarch64', os.version: '12.6', java.version: '18.0.2.1'
Driver info: org.openqa.selenium.chrome.ChromeDriver
Command: [8522a25b084f75cf3b52e911d2ce9923, findElement {using=xpath, value=//h1[contains(text(),'Choose Trade Option')]}]
Capabilities {acceptInsecureCerts: false, browserName: chrome, browserVersion: 105.0.5195.125, chrome: {chromedriverVersion: 105.0.5195.52 (412c95e51883..., userDataDir: /var/folders/th/f4yf398x0lb...}, goog:chromeOptions: {debuggerAddress: localhost:53964}, networkConnectionEnabled: false, pageLoadStrategy: normal, platformName: MAC, proxy: Proxy(), se:cdp: ws://localhost:53964/devtoo..., se:cdpVersion: 105.0.5195.125, setWindowRect: true, strictFileInteractability: false, timeouts: {implicit: 0, pageLoad: 300000, script: 30000}, unhandledPromptBehavior: dismiss and notify, webauthn:extension:credBlob: true, webauthn:extension:largeBlob: true, webauthn:virtualAuthenticators: true}
Session ID: 8522a25b084f75cf3b52e911d2ce9923
	at java.base/jdk.internal.reflect.DirectConstructorHandleAccessor.newInstance(DirectConstructorHandleAccessor.java:67)
	at java.base/java.lang.reflect.Constructor.newInstanceWithCaller(Constructor.java:499)
	at java.base/java.lang.reflect.Constructor.newInstance(Constructor.java:483)
	at org.openqa.selenium.remote.codec.w3c.W3CHttpResponseCodec.createException(W3CHttpResponseCodec.java:200)
	at org.openqa.selenium.remote.codec.w3c.W3CHttpResponseCodec.decode(W3CHttpResponseCodec.java:133)
	at org.openqa.selenium.remote.codec.w3c.W3CHttpResponseCodec.decode(W3CHttpResponseCodec.java:53)
	at org.openqa.selenium.remote.HttpCommandExecutor.execute(HttpCommandExecutor.java:184)
	at org.openqa.selenium.remote.service.DriverCommandExecutor.invokeExecute(DriverCommandExecutor.java:167)
	at org.openqa.selenium.remote.service.DriverCommandExecutor.execute(DriverCommandExecutor.java:142)
	at org.openqa.selenium.remote.RemoteWebDriver.execute(RemoteWebDriver.java:547)
	at org.openqa.selenium.remote.ElementLocation$ElementFinder$2.findElement(ElementLocation.java:162)
	at org.openqa.selenium.remote.ElementLocation.findElement(ElementLocation.java:60)
	at org.openqa.selenium.remote.RemoteWebDriver.findElement(RemoteWebDriver.java:365)
	at org.openqa.selenium.remote.RemoteWebDriver.findElement(RemoteWebDriver.java:357)
	at org.openqa.selenium.support.pagefactory.DefaultElementLocator.findElement(DefaultElementLocator.java:70)
	at org.openqa.selenium.support.pagefactory.internal.LocatingElementHandler.invoke(LocatingElementHandler.java:39)
	at jdk.proxy2/jdk.proxy2.$Proxy33.isDisplayed(Unknown Source)
	at org.openqa.selenium.support.ui.ExpectedConditions.elementIfVisible(ExpectedConditions.java:307)
	at org.openqa.selenium.support.ui.ExpectedConditions.access$000(ExpectedConditions.java:40)
	at org.openqa.selenium.support.ui.ExpectedConditions$10.apply(ExpectedConditions.java:293)
	at org.openqa.selenium.support.ui.ExpectedConditions$10.apply(ExpectedConditions.java:290)
	at org.openqa.selenium.support.ui.FluentWait.until(FluentWait.java:208)
	at base.GenericFunctions.waitForElementToBeVisible(GenericFunctions.java:33)
	at pageObject.Upgrade_Registration_SignIn_page.verifyChooseTradeOption(Upgrade_Registration_SignIn_page.java:50)
	at stepDef.Upgrade_Registration_SignIn_steps.theUserCreatesAnNewProfileInUP(Upgrade_Registration_SignIn_steps.java:87)
	at java.base/jdk.internal.reflect.DirectMethodHandleAccessor.invoke(DirectMethodHandleAccessor.java:104)
	at java.base/java.lang.reflect.Method.invoke(Method.java:577)
	at io.cucumber.java.Invoker.doInvoke(Invoker.java:66)
	at io.cucumber.java.Invoker.invoke(Invoker.java:24)
	at io.cucumber.java.AbstractGlueDefinition.invokeMethod(AbstractGlueDefinition.java:47)
	at io.cucumber.java.JavaStepDefinition.execute(JavaStepDefinition.java:29)
	at io.cucumber.core.runner.CoreStepDefinition.execute(CoreStepDefinition.java:66)
	at io.cucumber.core.runner.PickleStepDefinitionMatch.runStep(PickleStepDefinitionMatch.java:63)
	at io.cucumber.core.runner.ExecutionMode$1.execute(ExecutionMode.java:10)
	at io.cucumber.core.runner.TestStep.executeStep(TestStep.java:85)
	at io.cucumber.core.runner.TestStep.run(TestStep.java:57)
	at io.cucumber.core.runner.PickleStepTestStep.run(PickleStepTestStep.java:51)
	at io.cucumber.core.runner.TestCase.run(TestCase.java:84)
	at io.cucumber.core.runner.Runner.runPickle(Runner.java:75)
	at io.cucumber.testng.TestNGCucumberRunner.lambda$runScenario$1(TestNGCucumberRunner.java:132)
	at io.cucumber.core.runtime.CucumberExecutionContext.lambda$runTestCase$5(CucumberExecutionContext.java:129)
	at io.cucumber.core.runtime.RethrowingThrowableCollector.executeAndThrow(RethrowingThrowableCollector.java:23)
	at io.cucumber.core.runtime.CucumberExecutionContext.runTestCase(CucumberExecutionContext.java:129)
	at io.cucumber.testng.TestNGCucumberRunner.runScenario(TestNGCucumberRunner.java:129)
	at io.cucumber.testng.AbstractTestNGCucumberTests.runScenario(AbstractTestNGCucumberTests.java:35)
	at java.base/jdk.internal.reflect.DirectMethodHandleAccessor.invoke(DirectMethodHandleAccessor.java:104)
	at java.base/java.lang.reflect.Method.invoke(Method.java:577)
	at org.testng.internal.invokers.MethodInvocationHelper.invokeMethod(MethodInvocationHelper.java:139)
	at org.testng.internal.invokers.TestInvoker.invokeMethod(TestInvoker.java:677)
	at org.testng.internal.invokers.TestInvoker.invokeTestMethod(TestInvoker.java:221)
	at org.testng.internal.invokers.TestMethodWithDataProviderMethodWorker.call(TestMethodWithDataProviderMethodWorker.java:80)
	at org.testng.internal.invokers.TestMethodWithDataProviderMethodWorker.call(TestMethodWithDataProviderMethodWorker.java:17)
	at java.base/java.util.concurrent.FutureTask.run(FutureTask.java:264)
	at java.base/java.util.concurrent.Executors$RunnableAdapter.call(Executors.java:539)
	at java.base/java.util.concurrent.FutureTask.run(FutureTask.java:264)
	at java.base/java.util.concurrent.ThreadPoolExecutor.runWorker(ThreadPoolExecutor.java:1136)
	at java.base/java.util.concurrent.ThreadPoolExecutor$Worker.run(ThreadPoolExecutor.java:635)
	at java.base/java.lang.Thread.run(Thread.java:833)
&amp#27;[0m
  &amp#27;[36mAnd &amp#27;[0m&amp#27;[36mthe Upgrade user goes to the deal page for a new car&amp#27;[0m                                         &amp#27;[90m# stepDef.Upgrade_SavedDeals_steps.theUpgradeUserGoesToTheDealPageForANewCar()&amp#27;[0m
  &amp#27;[36mWhen &amp#27;[0m&amp#27;[36mthe Upgrade user switches to the Finance tab&amp#27;[0m                                                &amp#27;[90m# stepDef.Upgrade_Trades_steps.theUpgradeUserSwitchToFinanceTab()&amp#27;[0m
  &amp#27;[36mThen &amp#27;[0m&amp#27;[36mthe list of deal options is ordered by month descending&amp#27;[0m                                     &amp#27;[90m# stepDef.CSE_Garage_Saved_Deals_steps.theListOfDealOptionsIsOrderedByMonthDescending()&amp#27;[0m
  &amp#27;[36mAnd &amp#27;[0m&amp#27;[36mthe listed deal options do not repeat&amp#27;[0m                                                        &amp#27;[90m# stepDef.CSE_Garage_Saved_Deals_steps.theListOfDealOptionsDoNotRepeat()&amp#27;[0m

    Embedding Ensure check boxes for a logged-in profile financing deal are in order and do not repeat [image/png 156244 bytes]

]]></system-out>
    <system-err><![CDATA[ChromeDriver was started successfully.
Sep 28, 2022 7:44:23 PM org.openqa.selenium.remote.ProtocolHandshake createSession
INFO: Detected upstream dialect: W3C
Sep 28, 2022 7:44:23 PM org.openqa.selenium.devtools.CdpVersionFinder findNearestMatch
WARNING: Unable to find an exact match for CDP version 105, so returning the closest version found: 104
Sep 28, 2022 7:44:23 PM org.openqa.selenium.devtools.CdpVersionFinder findNearestMatch
INFO: Found CDP implementation for version 105 of 104
]]></system-err>
  </testcase>
  <testcase name="runScenario" classname="RunCucumberTest" time="68.774">
    <failure message="Expected condition failed: waiting for visibility of Proxy element for: DefaultElementLocator &apos;By.xpath: //h1[contains(text(),&apos;Choose Trade Option&apos;)]&apos; (tried for 20 second(s) with 500 milliseconds interval)" type="org.openqa.selenium.TimeoutException">org.openqa.selenium.TimeoutException: Expected condition failed: waiting for visibility of Proxy element for: DefaultElementLocator 'By.xpath: //h1[contains(text(),'Choose Trade Option')]' (tried for 20 second(s) with 500 milliseconds interval)
Caused by: org.openqa.selenium.NoSuchElementException: 
no such element: Unable to locate element: {"method":"xpath","selector":"//h1[contains(text(),'Choose Trade Option')]"}
  (Session info: chrome=105.0.5195.125)
For documentation on this error, please visit: https://selenium.dev/exceptions/#no_such_element
Build info: version: '4.4.0', revision: 'e5c75ed026a'
System info: host: 'SF-LAP-412.local', ip: 'fe80:0:0:0:eb:c8fe:5a40:5798%en0', os.name: 'Mac OS X', os.arch: 'aarch64', os.version: '12.6', java.version: '18.0.2.1'
Driver info: org.openqa.selenium.chrome.ChromeDriver
Command: [0a4133f308e0588dc7f2e160bdb29a1c, findElement {using=xpath, value=//h1[contains(text(),'Choose Trade Option')]}]
Capabilities {acceptInsecureCerts: false, browserName: chrome, browserVersion: 105.0.5195.125, chrome: {chromedriverVersion: 105.0.5195.52 (412c95e51883..., userDataDir: /var/folders/th/f4yf398x0lb...}, goog:chromeOptions: {debuggerAddress: localhost:54304}, networkConnectionEnabled: false, pageLoadStrategy: normal, platformName: MAC, proxy: Proxy(), se:cdp: ws://localhost:54304/devtoo..., se:cdpVersion: 105.0.5195.125, setWindowRect: true, strictFileInteractability: false, timeouts: {implicit: 0, pageLoad: 300000, script: 30000}, unhandledPromptBehavior: dismiss and notify, webauthn:extension:credBlob: true, webauthn:extension:largeBlob: true, webauthn:virtualAuthenticators: true}
Session ID: 0a4133f308e0588dc7f2e160bdb29a1c
</failure>
    <system-out><![CDATA[
@UP @UP_garage @UP_checkBox @regression
Scenario: Ensure for a logged-in profile deal the financing tab check box order does not change when changing down payment &amp#27;[90m# src/test/java/features/Upgrade/dealPageCheckBoxSorting.feature:16&amp#27;[0m
  &amp#27;[32mGiven &amp#27;[0m&amp#27;[32mthe Upgrade user navigates to the homepage&amp#27;[0m                                                                         &amp#27;[90m# stepDef.Upgrade_Registration_SignIn_steps.theUserNavigatesToTheUpgradeHomePage()&amp#27;[0m
  &amp#27;[32mAnd &amp#27;[0m&amp#27;[32mthe Upgrade user clicks on the &amp#27;[0m&amp#27;[32m&amp#27;[1m"Sign in here"&amp#27;[0m&amp#27;[32m link from the top nav&amp#27;[0m                                                  &amp#27;[90m# stepDef.Upgrade_Registration_SignIn_steps.theUpgradeUserClicksOnTheLinkFromTheTopNav(java.lang.String)&amp#27;[0m
  &amp#27;[31mAnd &amp#27;[0m&amp#27;[31mthe Upgrade user creates a new profile&amp#27;[0m                                                                               &amp#27;[90m# stepDef.Upgrade_Registration_SignIn_steps.theUserCreatesAnNewProfileInUP()&amp#27;[0m
      &amp#27;[31morg.openqa.selenium.TimeoutException: Expected condition failed: waiting for visibility of Proxy element for: DefaultElementLocator 'By.xpath: //h1[contains(text(),'Choose Trade Option')]' (tried for 20 second(s) with 500 milliseconds interval)
	at org.openqa.selenium.support.ui.WebDriverWait.timeoutException(WebDriverWait.java:87)
	at org.openqa.selenium.support.ui.FluentWait.until(FluentWait.java:231)
	at base.GenericFunctions.waitForElementToBeVisible(GenericFunctions.java:33)
	at pageObject.Upgrade_Registration_SignIn_page.verifyChooseTradeOption(Upgrade_Registration_SignIn_page.java:50)
	at stepDef.Upgrade_Registration_SignIn_steps.theUserCreatesAnNewProfileInUP(Upgrade_Registration_SignIn_steps.java:87)
	at ✽.the Upgrade user creates a new profile(file:///Users/manav/Documents/QATest/qa-automation-tests/src/test/java/features/Upgrade/dealPageCheckBoxSorting.feature:6)
Caused by: org.openqa.selenium.NoSuchElementException: no such element: Unable to locate element: {"method":"xpath","selector":"//h1[contains(text(),'Choose Trade Option')]"}
  (Session info: chrome=105.0.5195.125)
For documentation on this error, please visit: https://selenium.dev/exceptions/#no_such_element
Build info: version: '4.4.0', revision: 'e5c75ed026a'
System info: host: 'SF-LAP-412.local', ip: 'fe80:0:0:0:eb:c8fe:5a40:5798%en0', os.name: 'Mac OS X', os.arch: 'aarch64', os.version: '12.6', java.version: '18.0.2.1'
Driver info: org.openqa.selenium.chrome.ChromeDriver
Command: [0a4133f308e0588dc7f2e160bdb29a1c, findElement {using=xpath, value=//h1[contains(text(),'Choose Trade Option')]}]
Capabilities {acceptInsecureCerts: false, browserName: chrome, browserVersion: 105.0.5195.125, chrome: {chromedriverVersion: 105.0.5195.52 (412c95e51883..., userDataDir: /var/folders/th/f4yf398x0lb...}, goog:chromeOptions: {debuggerAddress: localhost:54304}, networkConnectionEnabled: false, pageLoadStrategy: normal, platformName: MAC, proxy: Proxy(), se:cdp: ws://localhost:54304/devtoo..., se:cdpVersion: 105.0.5195.125, setWindowRect: true, strictFileInteractability: false, timeouts: {implicit: 0, pageLoad: 300000, script: 30000}, unhandledPromptBehavior: dismiss and notify, webauthn:extension:credBlob: true, webauthn:extension:largeBlob: true, webauthn:virtualAuthenticators: true}
Session ID: 0a4133f308e0588dc7f2e160bdb29a1c
	at java.base/jdk.internal.reflect.DirectConstructorHandleAccessor.newInstance(DirectConstructorHandleAccessor.java:67)
	at java.base/java.lang.reflect.Constructor.newInstanceWithCaller(Constructor.java:499)
	at java.base/java.lang.reflect.Constructor.newInstance(Constructor.java:483)
	at org.openqa.selenium.remote.codec.w3c.W3CHttpResponseCodec.createException(W3CHttpResponseCodec.java:200)
	at org.openqa.selenium.remote.codec.w3c.W3CHttpResponseCodec.decode(W3CHttpResponseCodec.java:133)
	at org.openqa.selenium.remote.codec.w3c.W3CHttpResponseCodec.decode(W3CHttpResponseCodec.java:53)
	at org.openqa.selenium.remote.HttpCommandExecutor.execute(HttpCommandExecutor.java:184)
	at org.openqa.selenium.remote.service.DriverCommandExecutor.invokeExecute(DriverCommandExecutor.java:167)
	at org.openqa.selenium.remote.service.DriverCommandExecutor.execute(DriverCommandExecutor.java:142)
	at org.openqa.selenium.remote.RemoteWebDriver.execute(RemoteWebDriver.java:547)
	at org.openqa.selenium.remote.ElementLocation$ElementFinder$2.findElement(ElementLocation.java:162)
	at org.openqa.selenium.remote.ElementLocation.findElement(ElementLocation.java:60)
	at org.openqa.selenium.remote.RemoteWebDriver.findElement(RemoteWebDriver.java:365)
	at org.openqa.selenium.remote.RemoteWebDriver.findElement(RemoteWebDriver.java:357)
	at org.openqa.selenium.support.pagefactory.DefaultElementLocator.findElement(DefaultElementLocator.java:70)
	at org.openqa.selenium.support.pagefactory.internal.LocatingElementHandler.invoke(LocatingElementHandler.java:39)
	at jdk.proxy2/jdk.proxy2.$Proxy33.isDisplayed(Unknown Source)
	at org.openqa.selenium.support.ui.ExpectedConditions.elementIfVisible(ExpectedConditions.java:307)
	at org.openqa.selenium.support.ui.ExpectedConditions.access$000(ExpectedConditions.java:40)
	at org.openqa.selenium.support.ui.ExpectedConditions$10.apply(ExpectedConditions.java:293)
	at org.openqa.selenium.support.ui.ExpectedConditions$10.apply(ExpectedConditions.java:290)
	at org.openqa.selenium.support.ui.FluentWait.until(FluentWait.java:208)
	at base.GenericFunctions.waitForElementToBeVisible(GenericFunctions.java:33)
	at pageObject.Upgrade_Registration_SignIn_page.verifyChooseTradeOption(Upgrade_Registration_SignIn_page.java:50)
	at stepDef.Upgrade_Registration_SignIn_steps.theUserCreatesAnNewProfileInUP(Upgrade_Registration_SignIn_steps.java:87)
	at java.base/jdk.internal.reflect.DirectMethodHandleAccessor.invoke(DirectMethodHandleAccessor.java:104)
	at java.base/java.lang.reflect.Method.invoke(Method.java:577)
	at io.cucumber.java.Invoker.doInvoke(Invoker.java:66)
	at io.cucumber.java.Invoker.invoke(Invoker.java:24)
	at io.cucumber.java.AbstractGlueDefinition.invokeMethod(AbstractGlueDefinition.java:47)
	at io.cucumber.java.JavaStepDefinition.execute(JavaStepDefinition.java:29)
	at io.cucumber.core.runner.CoreStepDefinition.execute(CoreStepDefinition.java:66)
	at io.cucumber.core.runner.PickleStepDefinitionMatch.runStep(PickleStepDefinitionMatch.java:63)
	at io.cucumber.core.runner.ExecutionMode$1.execute(ExecutionMode.java:10)
	at io.cucumber.core.runner.TestStep.executeStep(TestStep.java:85)
	at io.cucumber.core.runner.TestStep.run(TestStep.java:57)
	at io.cucumber.core.runner.PickleStepTestStep.run(PickleStepTestStep.java:51)
	at io.cucumber.core.runner.TestCase.run(TestCase.java:84)
	at io.cucumber.core.runner.Runner.runPickle(Runner.java:75)
	at io.cucumber.testng.TestNGCucumberRunner.lambda$runScenario$1(TestNGCucumberRunner.java:132)
	at io.cucumber.core.runtime.CucumberExecutionContext.lambda$runTestCase$5(CucumberExecutionContext.java:129)
	at io.cucumber.core.runtime.RethrowingThrowableCollector.executeAndThrow(RethrowingThrowableCollector.java:23)
	at io.cucumber.core.runtime.CucumberExecutionContext.runTestCase(CucumberExecutionContext.java:129)
	at io.cucumber.testng.TestNGCucumberRunner.runScenario(TestNGCucumberRunner.java:129)
	at io.cucumber.testng.AbstractTestNGCucumberTests.runScenario(AbstractTestNGCucumberTests.java:35)
	at java.base/jdk.internal.reflect.DirectMethodHandleAccessor.invoke(DirectMethodHandleAccessor.java:104)
	at java.base/java.lang.reflect.Method.invoke(Method.java:577)
	at org.testng.internal.invokers.MethodInvocationHelper.invokeMethod(MethodInvocationHelper.java:139)
	at org.testng.internal.invokers.TestInvoker.invokeMethod(TestInvoker.java:677)
	at org.testng.internal.invokers.TestInvoker.invokeTestMethod(TestInvoker.java:221)
	at org.testng.internal.invokers.TestMethodWithDataProviderMethodWorker.call(TestMethodWithDataProviderMethodWorker.java:80)
	at org.testng.internal.invokers.TestMethodWithDataProviderMethodWorker.call(TestMethodWithDataProviderMethodWorker.java:17)
	at java.base/java.util.concurrent.FutureTask.run(FutureTask.java:264)
	at java.base/java.util.concurrent.Executors$RunnableAdapter.call(Executors.java:539)
	at java.base/java.util.concurrent.FutureTask.run(FutureTask.java:264)
	at java.base/java.util.concurrent.ThreadPoolExecutor.runWorker(ThreadPoolExecutor.java:1136)
	at java.base/java.util.concurrent.ThreadPoolExecutor$Worker.run(ThreadPoolExecutor.java:635)
	at java.base/java.lang.Thread.run(Thread.java:833)
&amp#27;[0m
  &amp#27;[36mAnd &amp#27;[0m&amp#27;[36mthe Upgrade user goes to the deal page for a new car&amp#27;[0m                                                                 &amp#27;[90m# stepDef.Upgrade_SavedDeals_steps.theUpgradeUserGoesToTheDealPageForANewCar()&amp#27;[0m
  &amp#27;[36mWhen &amp#27;[0m&amp#27;[36mthe Upgrade user switches to the Finance tab&amp#27;[0m                                                                        &amp#27;[90m# stepDef.Upgrade_Trades_steps.theUpgradeUserSwitchToFinanceTab()&amp#27;[0m
  &amp#27;[36mThen &amp#27;[0m&amp#27;[36mthe list of deal options is ordered by month descending&amp#27;[0m                                                             &amp#27;[90m# stepDef.CSE_Garage_Saved_Deals_steps.theListOfDealOptionsIsOrderedByMonthDescending()&amp#27;[0m
  &amp#27;[36mAnd &amp#27;[0m&amp#27;[36mthe listed deal options do not repeat&amp#27;[0m                                                                                &amp#27;[90m# stepDef.CSE_Garage_Saved_Deals_steps.theListOfDealOptionsDoNotRepeat()&amp#27;[0m
  &amp#27;[36mWhen &amp#27;[0m&amp#27;[36mthe Upgrade user updates the desired down payment with the same value&amp#27;[0m                                               &amp#27;[90m# stepDef.Upgrade_SavedDeals_steps.theUpgradeUserUpdatesTheDesiredDownPaymentWithTheSameValue()&amp#27;[0m
  &amp#27;[36mThen &amp#27;[0m&amp#27;[36mthe check box order does not change&amp#27;[0m                                                                                 &amp#27;[90m# stepDef.CSE_Garage_Saved_Deals_steps.theCheckBoxOrderDoesNotChange()&amp#27;[0m

    Embedding Ensure for a logged-in profile deal the financing tab check box order does not change when changing down payment [image/png 156244 bytes]

]]></system-out>
    <system-err><![CDATA[ChromeDriver was started successfully.
Sep 28, 2022 7:45:33 PM org.openqa.selenium.remote.ProtocolHandshake createSession
INFO: Detected upstream dialect: W3C
Sep 28, 2022 7:45:33 PM org.openqa.selenium.devtools.CdpVersionFinder findNearestMatch
WARNING: Unable to find an exact match for CDP version 105, so returning the closest version found: 104
Sep 28, 2022 7:45:33 PM org.openqa.selenium.devtools.CdpVersionFinder findNearestMatch
INFO: Found CDP implementation for version 105 of 104
]]></system-err>
  </testcase>
  <testcase name="runScenario" classname="RunCucumberTest" time="68.99">
    <failure message="Expected condition failed: waiting for visibility of Proxy element for: DefaultElementLocator &apos;By.xpath: //h1[contains(text(),&apos;Choose Trade Option&apos;)]&apos; (tried for 20 second(s) with 500 milliseconds interval)" type="org.openqa.selenium.TimeoutException">org.openqa.selenium.TimeoutException: Expected condition failed: waiting for visibility of Proxy element for: DefaultElementLocator 'By.xpath: //h1[contains(text(),'Choose Trade Option')]' (tried for 20 second(s) with 500 milliseconds interval)
Caused by: org.openqa.selenium.NoSuchElementException: 
no such element: Unable to locate element: {"method":"xpath","selector":"//h1[contains(text(),'Choose Trade Option')]"}
  (Session info: chrome=105.0.5195.125)
For documentation on this error, please visit: https://selenium.dev/exceptions/#no_such_element
Build info: version: '4.4.0', revision: 'e5c75ed026a'
System info: host: 'SF-LAP-412.local', ip: 'fe80:0:0:0:eb:c8fe:5a40:5798%en0', os.name: 'Mac OS X', os.arch: 'aarch64', os.version: '12.6', java.version: '18.0.2.1'
Driver info: org.openqa.selenium.chrome.ChromeDriver
Command: [bf9a056894f60a9b7526f5fd0ddc19f6, findElement {using=xpath, value=//h1[contains(text(),'Choose Trade Option')]}]
Capabilities {acceptInsecureCerts: false, browserName: chrome, browserVersion: 105.0.5195.125, chrome: {chromedriverVersion: 105.0.5195.52 (412c95e51883..., userDataDir: /var/folders/th/f4yf398x0lb...}, goog:chromeOptions: {debuggerAddress: localhost:54633}, networkConnectionEnabled: false, pageLoadStrategy: normal, platformName: MAC, proxy: Proxy(), se:cdp: ws://localhost:54633/devtoo..., se:cdpVersion: 105.0.5195.125, setWindowRect: true, strictFileInteractability: false, timeouts: {implicit: 0, pageLoad: 300000, script: 30000}, unhandledPromptBehavior: dismiss and notify, webauthn:extension:credBlob: true, webauthn:extension:largeBlob: true, webauthn:virtualAuthenticators: true}
Session ID: bf9a056894f60a9b7526f5fd0ddc19f6
</failure>
    <system-out><![CDATA[
@UP @UP_garage @UP_checkBox @regression
Scenario: Ensure for a logged-in profile deal the financing tab check box order does not change when switching tabs &amp#27;[90m# src/test/java/features/Upgrade/dealPageCheckBoxSorting.feature:24&amp#27;[0m
  &amp#27;[32mGiven &amp#27;[0m&amp#27;[32mthe Upgrade user navigates to the homepage&amp#27;[0m                                                                  &amp#27;[90m# stepDef.Upgrade_Registration_SignIn_steps.theUserNavigatesToTheUpgradeHomePage()&amp#27;[0m
  &amp#27;[32mAnd &amp#27;[0m&amp#27;[32mthe Upgrade user clicks on the &amp#27;[0m&amp#27;[32m&amp#27;[1m"Sign in here"&amp#27;[0m&amp#27;[32m link from the top nav&amp#27;[0m                                           &amp#27;[90m# stepDef.Upgrade_Registration_SignIn_steps.theUpgradeUserClicksOnTheLinkFromTheTopNav(java.lang.String)&amp#27;[0m
  &amp#27;[31mAnd &amp#27;[0m&amp#27;[31mthe Upgrade user creates a new profile&amp#27;[0m                                                                        &amp#27;[90m# stepDef.Upgrade_Registration_SignIn_steps.theUserCreatesAnNewProfileInUP()&amp#27;[0m
      &amp#27;[31morg.openqa.selenium.TimeoutException: Expected condition failed: waiting for visibility of Proxy element for: DefaultElementLocator 'By.xpath: //h1[contains(text(),'Choose Trade Option')]' (tried for 20 second(s) with 500 milliseconds interval)
	at org.openqa.selenium.support.ui.WebDriverWait.timeoutException(WebDriverWait.java:87)
	at org.openqa.selenium.support.ui.FluentWait.until(FluentWait.java:231)
	at base.GenericFunctions.waitForElementToBeVisible(GenericFunctions.java:33)
	at pageObject.Upgrade_Registration_SignIn_page.verifyChooseTradeOption(Upgrade_Registration_SignIn_page.java:50)
	at stepDef.Upgrade_Registration_SignIn_steps.theUserCreatesAnNewProfileInUP(Upgrade_Registration_SignIn_steps.java:87)
	at ✽.the Upgrade user creates a new profile(file:///Users/manav/Documents/QATest/qa-automation-tests/src/test/java/features/Upgrade/dealPageCheckBoxSorting.feature:6)
Caused by: org.openqa.selenium.NoSuchElementException: no such element: Unable to locate element: {"method":"xpath","selector":"//h1[contains(text(),'Choose Trade Option')]"}
  (Session info: chrome=105.0.5195.125)
For documentation on this error, please visit: https://selenium.dev/exceptions/#no_such_element
Build info: version: '4.4.0', revision: 'e5c75ed026a'
System info: host: 'SF-LAP-412.local', ip: 'fe80:0:0:0:eb:c8fe:5a40:5798%en0', os.name: 'Mac OS X', os.arch: 'aarch64', os.version: '12.6', java.version: '18.0.2.1'
Driver info: org.openqa.selenium.chrome.ChromeDriver
Command: [bf9a056894f60a9b7526f5fd0ddc19f6, findElement {using=xpath, value=//h1[contains(text(),'Choose Trade Option')]}]
Capabilities {acceptInsecureCerts: false, browserName: chrome, browserVersion: 105.0.5195.125, chrome: {chromedriverVersion: 105.0.5195.52 (412c95e51883..., userDataDir: /var/folders/th/f4yf398x0lb...}, goog:chromeOptions: {debuggerAddress: localhost:54633}, networkConnectionEnabled: false, pageLoadStrategy: normal, platformName: MAC, proxy: Proxy(), se:cdp: ws://localhost:54633/devtoo..., se:cdpVersion: 105.0.5195.125, setWindowRect: true, strictFileInteractability: false, timeouts: {implicit: 0, pageLoad: 300000, script: 30000}, unhandledPromptBehavior: dismiss and notify, webauthn:extension:credBlob: true, webauthn:extension:largeBlob: true, webauthn:virtualAuthenticators: true}
Session ID: bf9a056894f60a9b7526f5fd0ddc19f6
	at java.base/jdk.internal.reflect.DirectConstructorHandleAccessor.newInstance(DirectConstructorHandleAccessor.java:67)
	at java.base/java.lang.reflect.Constructor.newInstanceWithCaller(Constructor.java:499)
	at java.base/java.lang.reflect.Constructor.newInstance(Constructor.java:483)
	at org.openqa.selenium.remote.codec.w3c.W3CHttpResponseCodec.createException(W3CHttpResponseCodec.java:200)
	at org.openqa.selenium.remote.codec.w3c.W3CHttpResponseCodec.decode(W3CHttpResponseCodec.java:133)
	at org.openqa.selenium.remote.codec.w3c.W3CHttpResponseCodec.decode(W3CHttpResponseCodec.java:53)
	at org.openqa.selenium.remote.HttpCommandExecutor.execute(HttpCommandExecutor.java:184)
	at org.openqa.selenium.remote.service.DriverCommandExecutor.invokeExecute(DriverCommandExecutor.java:167)
	at org.openqa.selenium.remote.service.DriverCommandExecutor.execute(DriverCommandExecutor.java:142)
	at org.openqa.selenium.remote.RemoteWebDriver.execute(RemoteWebDriver.java:547)
	at org.openqa.selenium.remote.ElementLocation$ElementFinder$2.findElement(ElementLocation.java:162)
	at org.openqa.selenium.remote.ElementLocation.findElement(ElementLocation.java:60)
	at org.openqa.selenium.remote.RemoteWebDriver.findElement(RemoteWebDriver.java:365)
	at org.openqa.selenium.remote.RemoteWebDriver.findElement(RemoteWebDriver.java:357)
	at org.openqa.selenium.support.pagefactory.DefaultElementLocator.findElement(DefaultElementLocator.java:70)
	at org.openqa.selenium.support.pagefactory.internal.LocatingElementHandler.invoke(LocatingElementHandler.java:39)
	at jdk.proxy2/jdk.proxy2.$Proxy33.isDisplayed(Unknown Source)
	at org.openqa.selenium.support.ui.ExpectedConditions.elementIfVisible(ExpectedConditions.java:307)
	at org.openqa.selenium.support.ui.ExpectedConditions.access$000(ExpectedConditions.java:40)
	at org.openqa.selenium.support.ui.ExpectedConditions$10.apply(ExpectedConditions.java:293)
	at org.openqa.selenium.support.ui.ExpectedConditions$10.apply(ExpectedConditions.java:290)
	at org.openqa.selenium.support.ui.FluentWait.until(FluentWait.java:208)
	at base.GenericFunctions.waitForElementToBeVisible(GenericFunctions.java:33)
	at pageObject.Upgrade_Registration_SignIn_page.verifyChooseTradeOption(Upgrade_Registration_SignIn_page.java:50)
	at stepDef.Upgrade_Registration_SignIn_steps.theUserCreatesAnNewProfileInUP(Upgrade_Registration_SignIn_steps.java:87)
	at java.base/jdk.internal.reflect.DirectMethodHandleAccessor.invoke(DirectMethodHandleAccessor.java:104)
	at java.base/java.lang.reflect.Method.invoke(Method.java:577)
	at io.cucumber.java.Invoker.doInvoke(Invoker.java:66)
	at io.cucumber.java.Invoker.invoke(Invoker.java:24)
	at io.cucumber.java.AbstractGlueDefinition.invokeMethod(AbstractGlueDefinition.java:47)
	at io.cucumber.java.JavaStepDefinition.execute(JavaStepDefinition.java:29)
	at io.cucumber.core.runner.CoreStepDefinition.execute(CoreStepDefinition.java:66)
	at io.cucumber.core.runner.PickleStepDefinitionMatch.runStep(PickleStepDefinitionMatch.java:63)
	at io.cucumber.core.runner.ExecutionMode$1.execute(ExecutionMode.java:10)
	at io.cucumber.core.runner.TestStep.executeStep(TestStep.java:85)
	at io.cucumber.core.runner.TestStep.run(TestStep.java:57)
	at io.cucumber.core.runner.PickleStepTestStep.run(PickleStepTestStep.java:51)
	at io.cucumber.core.runner.TestCase.run(TestCase.java:84)
	at io.cucumber.core.runner.Runner.runPickle(Runner.java:75)
	at io.cucumber.testng.TestNGCucumberRunner.lambda$runScenario$1(TestNGCucumberRunner.java:132)
	at io.cucumber.core.runtime.CucumberExecutionContext.lambda$runTestCase$5(CucumberExecutionContext.java:129)
	at io.cucumber.core.runtime.RethrowingThrowableCollector.executeAndThrow(RethrowingThrowableCollector.java:23)
	at io.cucumber.core.runtime.CucumberExecutionContext.runTestCase(CucumberExecutionContext.java:129)
	at io.cucumber.testng.TestNGCucumberRunner.runScenario(TestNGCucumberRunner.java:129)
	at io.cucumber.testng.AbstractTestNGCucumberTests.runScenario(AbstractTestNGCucumberTests.java:35)
	at java.base/jdk.internal.reflect.DirectMethodHandleAccessor.invoke(DirectMethodHandleAccessor.java:104)
	at java.base/java.lang.reflect.Method.invoke(Method.java:577)
	at org.testng.internal.invokers.MethodInvocationHelper.invokeMethod(MethodInvocationHelper.java:139)
	at org.testng.internal.invokers.TestInvoker.invokeMethod(TestInvoker.java:677)
	at org.testng.internal.invokers.TestInvoker.invokeTestMethod(TestInvoker.java:221)
	at org.testng.internal.invokers.TestMethodWithDataProviderMethodWorker.call(TestMethodWithDataProviderMethodWorker.java:80)
	at org.testng.internal.invokers.TestMethodWithDataProviderMethodWorker.call(TestMethodWithDataProviderMethodWorker.java:17)
	at java.base/java.util.concurrent.FutureTask.run(FutureTask.java:264)
	at java.base/java.util.concurrent.Executors$RunnableAdapter.call(Executors.java:539)
	at java.base/java.util.concurrent.FutureTask.run(FutureTask.java:264)
	at java.base/java.util.concurrent.ThreadPoolExecutor.runWorker(ThreadPoolExecutor.java:1136)
	at java.base/java.util.concurrent.ThreadPoolExecutor$Worker.run(ThreadPoolExecutor.java:635)
	at java.base/java.lang.Thread.run(Thread.java:833)
&amp#27;[0m
  &amp#27;[36mAnd &amp#27;[0m&amp#27;[36mthe Upgrade user goes to the deal page for a new car&amp#27;[0m                                                          &amp#27;[90m# stepDef.Upgrade_SavedDeals_steps.theUpgradeUserGoesToTheDealPageForANewCar()&amp#27;[0m
  &amp#27;[36mWhen &amp#27;[0m&amp#27;[36mthe Upgrade user switches to the Finance tab&amp#27;[0m                                                                 &amp#27;[90m# stepDef.Upgrade_Trades_steps.theUpgradeUserSwitchToFinanceTab()&amp#27;[0m
  &amp#27;[36mThen &amp#27;[0m&amp#27;[36mthe list of deal options is ordered by month descending&amp#27;[0m                                                      &amp#27;[90m# stepDef.CSE_Garage_Saved_Deals_steps.theListOfDealOptionsIsOrderedByMonthDescending()&amp#27;[0m
  &amp#27;[36mAnd &amp#27;[0m&amp#27;[36mthe listed deal options do not repeat&amp#27;[0m                                                                         &amp#27;[90m# stepDef.CSE_Garage_Saved_Deals_steps.theListOfDealOptionsDoNotRepeat()&amp#27;[0m
  &amp#27;[36mWhen &amp#27;[0m&amp#27;[36mthe Upgrade user switches to the Lease tab&amp#27;[0m                                                                   &amp#27;[90m# stepDef.Upgrade_SavedDeals_steps.theUpgradeUserSwitchesToTheLeaseTab()&amp#27;[0m
  &amp#27;[36mAnd &amp#27;[0m&amp#27;[36mthe Upgrade user switches to the Finance tab&amp#27;[0m                                                                  &amp#27;[90m# stepDef.Upgrade_Trades_steps.theUpgradeUserSwitchToFinanceTab()&amp#27;[0m
  &amp#27;[36mThen &amp#27;[0m&amp#27;[36mthe check box order does not change&amp#27;[0m                                                                          &amp#27;[90m# stepDef.CSE_Garage_Saved_Deals_steps.theCheckBoxOrderDoesNotChange()&amp#27;[0m

    Embedding Ensure for a logged-in profile deal the financing tab check box order does not change when switching tabs [image/png 156244 bytes]

]]></system-out>
    <system-err><![CDATA[ChromeDriver was started successfully.
Sep 28, 2022 7:46:42 PM org.openqa.selenium.remote.ProtocolHandshake createSession
INFO: Detected upstream dialect: W3C
Sep 28, 2022 7:46:42 PM org.openqa.selenium.devtools.CdpVersionFinder findNearestMatch
WARNING: Unable to find an exact match for CDP version 105, so returning the closest version found: 104
Sep 28, 2022 7:46:42 PM org.openqa.selenium.devtools.CdpVersionFinder findNearestMatch
INFO: Found CDP implementation for version 105 of 104
]]></system-err>
  </testcase>
  <testcase name="runScenario" classname="RunCucumberTest" time="69.057">
    <failure message="Expected condition failed: waiting for visibility of Proxy element for: DefaultElementLocator &apos;By.xpath: //h1[contains(text(),&apos;Choose Trade Option&apos;)]&apos; (tried for 20 second(s) with 500 milliseconds interval)" type="org.openqa.selenium.TimeoutException">org.openqa.selenium.TimeoutException: Expected condition failed: waiting for visibility of Proxy element for: DefaultElementLocator 'By.xpath: //h1[contains(text(),'Choose Trade Option')]' (tried for 20 second(s) with 500 milliseconds interval)
Caused by: org.openqa.selenium.NoSuchElementException: 
no such element: Unable to locate element: {"method":"xpath","selector":"//h1[contains(text(),'Choose Trade Option')]"}
  (Session info: chrome=105.0.5195.125)
For documentation on this error, please visit: https://selenium.dev/exceptions/#no_such_element
Build info: version: '4.4.0', revision: 'e5c75ed026a'
System info: host: 'SF-LAP-412.local', ip: 'fe80:0:0:0:eb:c8fe:5a40:5798%en0', os.name: 'Mac OS X', os.arch: 'aarch64', os.version: '12.6', java.version: '18.0.2.1'
Driver info: org.openqa.selenium.chrome.ChromeDriver
Command: [65039d44a73d6fd16405540c717c1a64, findElement {using=xpath, value=//h1[contains(text(),'Choose Trade Option')]}]
Capabilities {acceptInsecureCerts: false, browserName: chrome, browserVersion: 105.0.5195.125, chrome: {chromedriverVersion: 105.0.5195.52 (412c95e51883..., userDataDir: /var/folders/th/f4yf398x0lb...}, goog:chromeOptions: {debuggerAddress: localhost:54962}, networkConnectionEnabled: false, pageLoadStrategy: normal, platformName: MAC, proxy: Proxy(), se:cdp: ws://localhost:54962/devtoo..., se:cdpVersion: 105.0.5195.125, setWindowRect: true, strictFileInteractability: false, timeouts: {implicit: 0, pageLoad: 300000, script: 30000}, unhandledPromptBehavior: dismiss and notify, webauthn:extension:credBlob: true, webauthn:extension:largeBlob: true, webauthn:virtualAuthenticators: true}
Session ID: 65039d44a73d6fd16405540c717c1a64
</failure>
    <system-out><![CDATA[
@UP @UP_garage @UP_checkBox @regression @smoke @BUG @NE-688
Scenario: Ensure check boxes for a logged-in profile lease deal are in order and do not repeat &amp#27;[90m# src/test/java/features/Upgrade/dealPageCheckBoxSorting.feature:33&amp#27;[0m
  &amp#27;[32mGiven &amp#27;[0m&amp#27;[32mthe Upgrade user navigates to the homepage&amp#27;[0m                                             &amp#27;[90m# stepDef.Upgrade_Registration_SignIn_steps.theUserNavigatesToTheUpgradeHomePage()&amp#27;[0m
  &amp#27;[32mAnd &amp#27;[0m&amp#27;[32mthe Upgrade user clicks on the &amp#27;[0m&amp#27;[32m&amp#27;[1m"Sign in here"&amp#27;[0m&amp#27;[32m link from the top nav&amp#27;[0m                      &amp#27;[90m# stepDef.Upgrade_Registration_SignIn_steps.theUpgradeUserClicksOnTheLinkFromTheTopNav(java.lang.String)&amp#27;[0m
  &amp#27;[31mAnd &amp#27;[0m&amp#27;[31mthe Upgrade user creates a new profile&amp#27;[0m                                                   &amp#27;[90m# stepDef.Upgrade_Registration_SignIn_steps.theUserCreatesAnNewProfileInUP()&amp#27;[0m
      &amp#27;[31morg.openqa.selenium.TimeoutException: Expected condition failed: waiting for visibility of Proxy element for: DefaultElementLocator 'By.xpath: //h1[contains(text(),'Choose Trade Option')]' (tried for 20 second(s) with 500 milliseconds interval)
	at org.openqa.selenium.support.ui.WebDriverWait.timeoutException(WebDriverWait.java:87)
	at org.openqa.selenium.support.ui.FluentWait.until(FluentWait.java:231)
	at base.GenericFunctions.waitForElementToBeVisible(GenericFunctions.java:33)
	at pageObject.Upgrade_Registration_SignIn_page.verifyChooseTradeOption(Upgrade_Registration_SignIn_page.java:50)
	at stepDef.Upgrade_Registration_SignIn_steps.theUserCreatesAnNewProfileInUP(Upgrade_Registration_SignIn_steps.java:87)
	at ✽.the Upgrade user creates a new profile(file:///Users/manav/Documents/QATest/qa-automation-tests/src/test/java/features/Upgrade/dealPageCheckBoxSorting.feature:6)
Caused by: org.openqa.selenium.NoSuchElementException: no such element: Unable to locate element: {"method":"xpath","selector":"//h1[contains(text(),'Choose Trade Option')]"}
  (Session info: chrome=105.0.5195.125)
For documentation on this error, please visit: https://selenium.dev/exceptions/#no_such_element
Build info: version: '4.4.0', revision: 'e5c75ed026a'
System info: host: 'SF-LAP-412.local', ip: 'fe80:0:0:0:eb:c8fe:5a40:5798%en0', os.name: 'Mac OS X', os.arch: 'aarch64', os.version: '12.6', java.version: '18.0.2.1'
Driver info: org.openqa.selenium.chrome.ChromeDriver
Command: [65039d44a73d6fd16405540c717c1a64, findElement {using=xpath, value=//h1[contains(text(),'Choose Trade Option')]}]
Capabilities {acceptInsecureCerts: false, browserName: chrome, browserVersion: 105.0.5195.125, chrome: {chromedriverVersion: 105.0.5195.52 (412c95e51883..., userDataDir: /var/folders/th/f4yf398x0lb...}, goog:chromeOptions: {debuggerAddress: localhost:54962}, networkConnectionEnabled: false, pageLoadStrategy: normal, platformName: MAC, proxy: Proxy(), se:cdp: ws://localhost:54962/devtoo..., se:cdpVersion: 105.0.5195.125, setWindowRect: true, strictFileInteractability: false, timeouts: {implicit: 0, pageLoad: 300000, script: 30000}, unhandledPromptBehavior: dismiss and notify, webauthn:extension:credBlob: true, webauthn:extension:largeBlob: true, webauthn:virtualAuthenticators: true}
Session ID: 65039d44a73d6fd16405540c717c1a64
	at java.base/jdk.internal.reflect.DirectConstructorHandleAccessor.newInstance(DirectConstructorHandleAccessor.java:67)
	at java.base/java.lang.reflect.Constructor.newInstanceWithCaller(Constructor.java:499)
	at java.base/java.lang.reflect.Constructor.newInstance(Constructor.java:483)
	at org.openqa.selenium.remote.codec.w3c.W3CHttpResponseCodec.createException(W3CHttpResponseCodec.java:200)
	at org.openqa.selenium.remote.codec.w3c.W3CHttpResponseCodec.decode(W3CHttpResponseCodec.java:133)
	at org.openqa.selenium.remote.codec.w3c.W3CHttpResponseCodec.decode(W3CHttpResponseCodec.java:53)
	at org.openqa.selenium.remote.HttpCommandExecutor.execute(HttpCommandExecutor.java:184)
	at org.openqa.selenium.remote.service.DriverCommandExecutor.invokeExecute(DriverCommandExecutor.java:167)
	at org.openqa.selenium.remote.service.DriverCommandExecutor.execute(DriverCommandExecutor.java:142)
	at org.openqa.selenium.remote.RemoteWebDriver.execute(RemoteWebDriver.java:547)
	at org.openqa.selenium.remote.ElementLocation$ElementFinder$2.findElement(ElementLocation.java:162)
	at org.openqa.selenium.remote.ElementLocation.findElement(ElementLocation.java:60)
	at org.openqa.selenium.remote.RemoteWebDriver.findElement(RemoteWebDriver.java:365)
	at org.openqa.selenium.remote.RemoteWebDriver.findElement(RemoteWebDriver.java:357)
	at org.openqa.selenium.support.pagefactory.DefaultElementLocator.findElement(DefaultElementLocator.java:70)
	at org.openqa.selenium.support.pagefactory.internal.LocatingElementHandler.invoke(LocatingElementHandler.java:39)
	at jdk.proxy2/jdk.proxy2.$Proxy33.isDisplayed(Unknown Source)
	at org.openqa.selenium.support.ui.ExpectedConditions.elementIfVisible(ExpectedConditions.java:307)
	at org.openqa.selenium.support.ui.ExpectedConditions.access$000(ExpectedConditions.java:40)
	at org.openqa.selenium.support.ui.ExpectedConditions$10.apply(ExpectedConditions.java:293)
	at org.openqa.selenium.support.ui.ExpectedConditions$10.apply(ExpectedConditions.java:290)
	at org.openqa.selenium.support.ui.FluentWait.until(FluentWait.java:208)
	at base.GenericFunctions.waitForElementToBeVisible(GenericFunctions.java:33)
	at pageObject.Upgrade_Registration_SignIn_page.verifyChooseTradeOption(Upgrade_Registration_SignIn_page.java:50)
	at stepDef.Upgrade_Registration_SignIn_steps.theUserCreatesAnNewProfileInUP(Upgrade_Registration_SignIn_steps.java:87)
	at java.base/jdk.internal.reflect.DirectMethodHandleAccessor.invoke(DirectMethodHandleAccessor.java:104)
	at java.base/java.lang.reflect.Method.invoke(Method.java:577)
	at io.cucumber.java.Invoker.doInvoke(Invoker.java:66)
	at io.cucumber.java.Invoker.invoke(Invoker.java:24)
	at io.cucumber.java.AbstractGlueDefinition.invokeMethod(AbstractGlueDefinition.java:47)
	at io.cucumber.java.JavaStepDefinition.execute(JavaStepDefinition.java:29)
	at io.cucumber.core.runner.CoreStepDefinition.execute(CoreStepDefinition.java:66)
	at io.cucumber.core.runner.PickleStepDefinitionMatch.runStep(PickleStepDefinitionMatch.java:63)
	at io.cucumber.core.runner.ExecutionMode$1.execute(ExecutionMode.java:10)
	at io.cucumber.core.runner.TestStep.executeStep(TestStep.java:85)
	at io.cucumber.core.runner.TestStep.run(TestStep.java:57)
	at io.cucumber.core.runner.PickleStepTestStep.run(PickleStepTestStep.java:51)
	at io.cucumber.core.runner.TestCase.run(TestCase.java:84)
	at io.cucumber.core.runner.Runner.runPickle(Runner.java:75)
	at io.cucumber.testng.TestNGCucumberRunner.lambda$runScenario$1(TestNGCucumberRunner.java:132)
	at io.cucumber.core.runtime.CucumberExecutionContext.lambda$runTestCase$5(CucumberExecutionContext.java:129)
	at io.cucumber.core.runtime.RethrowingThrowableCollector.executeAndThrow(RethrowingThrowableCollector.java:23)
	at io.cucumber.core.runtime.CucumberExecutionContext.runTestCase(CucumberExecutionContext.java:129)
	at io.cucumber.testng.TestNGCucumberRunner.runScenario(TestNGCucumberRunner.java:129)
	at io.cucumber.testng.AbstractTestNGCucumberTests.runScenario(AbstractTestNGCucumberTests.java:35)
	at java.base/jdk.internal.reflect.DirectMethodHandleAccessor.invoke(DirectMethodHandleAccessor.java:104)
	at java.base/java.lang.reflect.Method.invoke(Method.java:577)
	at org.testng.internal.invokers.MethodInvocationHelper.invokeMethod(MethodInvocationHelper.java:139)
	at org.testng.internal.invokers.TestInvoker.invokeMethod(TestInvoker.java:677)
	at org.testng.internal.invokers.TestInvoker.invokeTestMethod(TestInvoker.java:221)
	at org.testng.internal.invokers.TestMethodWithDataProviderMethodWorker.call(TestMethodWithDataProviderMethodWorker.java:80)
	at org.testng.internal.invokers.TestMethodWithDataProviderMethodWorker.call(TestMethodWithDataProviderMethodWorker.java:17)
	at java.base/java.util.concurrent.FutureTask.run(FutureTask.java:264)
	at java.base/java.util.concurrent.Executors$RunnableAdapter.call(Executors.java:539)
	at java.base/java.util.concurrent.FutureTask.run(FutureTask.java:264)
	at java.base/java.util.concurrent.ThreadPoolExecutor.runWorker(ThreadPoolExecutor.java:1136)
	at java.base/java.util.concurrent.ThreadPoolExecutor$Worker.run(ThreadPoolExecutor.java:635)
	at java.base/java.lang.Thread.run(Thread.java:833)
&amp#27;[0m
  &amp#27;[36mAnd &amp#27;[0m&amp#27;[36mthe Upgrade user goes to the deal page for a new car&amp#27;[0m                                     &amp#27;[90m# stepDef.Upgrade_SavedDeals_steps.theUpgradeUserGoesToTheDealPageForANewCar()&amp#27;[0m
  &amp#27;[36mWhen &amp#27;[0m&amp#27;[36mthe CSE user switches to the Lease tab&amp#27;[0m                                                  &amp#27;[90m# stepDef.CSE_Garage_Saved_Deals_steps.theCSEUserSwitchesToTheLeaseTab()&amp#27;[0m
  &amp#27;[36mThen &amp#27;[0m&amp#27;[36mthe list of deal options is ordered by month descending&amp#27;[0m                                 &amp#27;[90m# stepDef.CSE_Garage_Saved_Deals_steps.theListOfDealOptionsIsOrderedByMonthDescending()&amp#27;[0m
  &amp#27;[36mAnd &amp#27;[0m&amp#27;[36mthe listed deal options do not repeat&amp#27;[0m                                                    &amp#27;[90m# stepDef.CSE_Garage_Saved_Deals_steps.theListOfDealOptionsDoNotRepeat()&amp#27;[0m

    Embedding Ensure check boxes for a logged-in profile lease deal are in order and do not repeat [image/png 156244 bytes]

]]></system-out>
    <system-err><![CDATA[ChromeDriver was started successfully.
Sep 28, 2022 7:47:51 PM org.openqa.selenium.remote.ProtocolHandshake createSession
INFO: Detected upstream dialect: W3C
Sep 28, 2022 7:47:51 PM org.openqa.selenium.devtools.CdpVersionFinder findNearestMatch
WARNING: Unable to find an exact match for CDP version 105, so returning the closest version found: 104
Sep 28, 2022 7:47:51 PM org.openqa.selenium.devtools.CdpVersionFinder findNearestMatch
INFO: Found CDP implementation for version 105 of 104
]]></system-err>
  </testcase>
  <testcase name="runScenario" classname="RunCucumberTest" time="71.861">
    <failure message="Expected condition failed: waiting for visibility of Proxy element for: DefaultElementLocator &apos;By.xpath: //h1[contains(text(),&apos;Choose Trade Option&apos;)]&apos; (tried for 20 second(s) with 500 milliseconds interval)" type="org.openqa.selenium.TimeoutException">org.openqa.selenium.TimeoutException: Expected condition failed: waiting for visibility of Proxy element for: DefaultElementLocator 'By.xpath: //h1[contains(text(),'Choose Trade Option')]' (tried for 20 second(s) with 500 milliseconds interval)
Caused by: org.openqa.selenium.NoSuchElementException: 
no such element: Unable to locate element: {"method":"xpath","selector":"//h1[contains(text(),'Choose Trade Option')]"}
  (Session info: chrome=105.0.5195.125)
For documentation on this error, please visit: https://selenium.dev/exceptions/#no_such_element
Build info: version: '4.4.0', revision: 'e5c75ed026a'
System info: host: 'SF-LAP-412.local', ip: 'fe80:0:0:0:eb:c8fe:5a40:5798%en0', os.name: 'Mac OS X', os.arch: 'aarch64', os.version: '12.6', java.version: '18.0.2.1'
Driver info: org.openqa.selenium.chrome.ChromeDriver
Command: [1760a0221b078df164a4a27ae40804e0, findElement {using=xpath, value=//h1[contains(text(),'Choose Trade Option')]}]
Capabilities {acceptInsecureCerts: false, browserName: chrome, browserVersion: 105.0.5195.125, chrome: {chromedriverVersion: 105.0.5195.52 (412c95e51883..., userDataDir: /var/folders/th/f4yf398x0lb...}, goog:chromeOptions: {debuggerAddress: localhost:55290}, networkConnectionEnabled: false, pageLoadStrategy: normal, platformName: MAC, proxy: Proxy(), se:cdp: ws://localhost:55290/devtoo..., se:cdpVersion: 105.0.5195.125, setWindowRect: true, strictFileInteractability: false, timeouts: {implicit: 0, pageLoad: 300000, script: 30000}, unhandledPromptBehavior: dismiss and notify, webauthn:extension:credBlob: true, webauthn:extension:largeBlob: true, webauthn:virtualAuthenticators: true}
Session ID: 1760a0221b078df164a4a27ae40804e0
</failure>
    <system-out><![CDATA[
@UP @UP_garage @UP_checkBox @regression @BUG @NE-688
Scenario: Ensure for a logged-in profile deal the lease tab check box order does not change when miles per year changes &amp#27;[90m# src/test/java/features/Upgrade/dealPageCheckBoxSorting.feature:39&amp#27;[0m
  &amp#27;[32mGiven &amp#27;[0m&amp#27;[32mthe Upgrade user navigates to the homepage&amp#27;[0m                                                                      &amp#27;[90m# stepDef.Upgrade_Registration_SignIn_steps.theUserNavigatesToTheUpgradeHomePage()&amp#27;[0m
  &amp#27;[32mAnd &amp#27;[0m&amp#27;[32mthe Upgrade user clicks on the &amp#27;[0m&amp#27;[32m&amp#27;[1m"Sign in here"&amp#27;[0m&amp#27;[32m link from the top nav&amp#27;[0m                                               &amp#27;[90m# stepDef.Upgrade_Registration_SignIn_steps.theUpgradeUserClicksOnTheLinkFromTheTopNav(java.lang.String)&amp#27;[0m
  &amp#27;[31mAnd &amp#27;[0m&amp#27;[31mthe Upgrade user creates a new profile&amp#27;[0m                                                                            &amp#27;[90m# stepDef.Upgrade_Registration_SignIn_steps.theUserCreatesAnNewProfileInUP()&amp#27;[0m
      &amp#27;[31morg.openqa.selenium.TimeoutException: Expected condition failed: waiting for visibility of Proxy element for: DefaultElementLocator 'By.xpath: //h1[contains(text(),'Choose Trade Option')]' (tried for 20 second(s) with 500 milliseconds interval)
	at org.openqa.selenium.support.ui.WebDriverWait.timeoutException(WebDriverWait.java:87)
	at org.openqa.selenium.support.ui.FluentWait.until(FluentWait.java:231)
	at base.GenericFunctions.waitForElementToBeVisible(GenericFunctions.java:33)
	at pageObject.Upgrade_Registration_SignIn_page.verifyChooseTradeOption(Upgrade_Registration_SignIn_page.java:50)
	at stepDef.Upgrade_Registration_SignIn_steps.theUserCreatesAnNewProfileInUP(Upgrade_Registration_SignIn_steps.java:87)
	at ✽.the Upgrade user creates a new profile(file:///Users/manav/Documents/QATest/qa-automation-tests/src/test/java/features/Upgrade/dealPageCheckBoxSorting.feature:6)
Caused by: org.openqa.selenium.NoSuchElementException: no such element: Unable to locate element: {"method":"xpath","selector":"//h1[contains(text(),'Choose Trade Option')]"}
  (Session info: chrome=105.0.5195.125)
For documentation on this error, please visit: https://selenium.dev/exceptions/#no_such_element
Build info: version: '4.4.0', revision: 'e5c75ed026a'
System info: host: 'SF-LAP-412.local', ip: 'fe80:0:0:0:eb:c8fe:5a40:5798%en0', os.name: 'Mac OS X', os.arch: 'aarch64', os.version: '12.6', java.version: '18.0.2.1'
Driver info: org.openqa.selenium.chrome.ChromeDriver
Command: [1760a0221b078df164a4a27ae40804e0, findElement {using=xpath, value=//h1[contains(text(),'Choose Trade Option')]}]
Capabilities {acceptInsecureCerts: false, browserName: chrome, browserVersion: 105.0.5195.125, chrome: {chromedriverVersion: 105.0.5195.52 (412c95e51883..., userDataDir: /var/folders/th/f4yf398x0lb...}, goog:chromeOptions: {debuggerAddress: localhost:55290}, networkConnectionEnabled: false, pageLoadStrategy: normal, platformName: MAC, proxy: Proxy(), se:cdp: ws://localhost:55290/devtoo..., se:cdpVersion: 105.0.5195.125, setWindowRect: true, strictFileInteractability: false, timeouts: {implicit: 0, pageLoad: 300000, script: 30000}, unhandledPromptBehavior: dismiss and notify, webauthn:extension:credBlob: true, webauthn:extension:largeBlob: true, webauthn:virtualAuthenticators: true}
Session ID: 1760a0221b078df164a4a27ae40804e0
	at java.base/jdk.internal.reflect.DirectConstructorHandleAccessor.newInstance(DirectConstructorHandleAccessor.java:67)
	at java.base/java.lang.reflect.Constructor.newInstanceWithCaller(Constructor.java:499)
	at java.base/java.lang.reflect.Constructor.newInstance(Constructor.java:483)
	at org.openqa.selenium.remote.codec.w3c.W3CHttpResponseCodec.createException(W3CHttpResponseCodec.java:200)
	at org.openqa.selenium.remote.codec.w3c.W3CHttpResponseCodec.decode(W3CHttpResponseCodec.java:133)
	at org.openqa.selenium.remote.codec.w3c.W3CHttpResponseCodec.decode(W3CHttpResponseCodec.java:53)
	at org.openqa.selenium.remote.HttpCommandExecutor.execute(HttpCommandExecutor.java:184)
	at org.openqa.selenium.remote.service.DriverCommandExecutor.invokeExecute(DriverCommandExecutor.java:167)
	at org.openqa.selenium.remote.service.DriverCommandExecutor.execute(DriverCommandExecutor.java:142)
	at org.openqa.selenium.remote.RemoteWebDriver.execute(RemoteWebDriver.java:547)
	at org.openqa.selenium.remote.ElementLocation$ElementFinder$2.findElement(ElementLocation.java:162)
	at org.openqa.selenium.remote.ElementLocation.findElement(ElementLocation.java:60)
	at org.openqa.selenium.remote.RemoteWebDriver.findElement(RemoteWebDriver.java:365)
	at org.openqa.selenium.remote.RemoteWebDriver.findElement(RemoteWebDriver.java:357)
	at org.openqa.selenium.support.pagefactory.DefaultElementLocator.findElement(DefaultElementLocator.java:70)
	at org.openqa.selenium.support.pagefactory.internal.LocatingElementHandler.invoke(LocatingElementHandler.java:39)
	at jdk.proxy2/jdk.proxy2.$Proxy33.isDisplayed(Unknown Source)
	at org.openqa.selenium.support.ui.ExpectedConditions.elementIfVisible(ExpectedConditions.java:307)
	at org.openqa.selenium.support.ui.ExpectedConditions.access$000(ExpectedConditions.java:40)
	at org.openqa.selenium.support.ui.ExpectedConditions$10.apply(ExpectedConditions.java:293)
	at org.openqa.selenium.support.ui.ExpectedConditions$10.apply(ExpectedConditions.java:290)
	at org.openqa.selenium.support.ui.FluentWait.until(FluentWait.java:208)
	at base.GenericFunctions.waitForElementToBeVisible(GenericFunctions.java:33)
	at pageObject.Upgrade_Registration_SignIn_page.verifyChooseTradeOption(Upgrade_Registration_SignIn_page.java:50)
	at stepDef.Upgrade_Registration_SignIn_steps.theUserCreatesAnNewProfileInUP(Upgrade_Registration_SignIn_steps.java:87)
	at java.base/jdk.internal.reflect.DirectMethodHandleAccessor.invoke(DirectMethodHandleAccessor.java:104)
	at java.base/java.lang.reflect.Method.invoke(Method.java:577)
	at io.cucumber.java.Invoker.doInvoke(Invoker.java:66)
	at io.cucumber.java.Invoker.invoke(Invoker.java:24)
	at io.cucumber.java.AbstractGlueDefinition.invokeMethod(AbstractGlueDefinition.java:47)
	at io.cucumber.java.JavaStepDefinition.execute(JavaStepDefinition.java:29)
	at io.cucumber.core.runner.CoreStepDefinition.execute(CoreStepDefinition.java:66)
	at io.cucumber.core.runner.PickleStepDefinitionMatch.runStep(PickleStepDefinitionMatch.java:63)
	at io.cucumber.core.runner.ExecutionMode$1.execute(ExecutionMode.java:10)
	at io.cucumber.core.runner.TestStep.executeStep(TestStep.java:85)
	at io.cucumber.core.runner.TestStep.run(TestStep.java:57)
	at io.cucumber.core.runner.PickleStepTestStep.run(PickleStepTestStep.java:51)
	at io.cucumber.core.runner.TestCase.run(TestCase.java:84)
	at io.cucumber.core.runner.Runner.runPickle(Runner.java:75)
	at io.cucumber.testng.TestNGCucumberRunner.lambda$runScenario$1(TestNGCucumberRunner.java:132)
	at io.cucumber.core.runtime.CucumberExecutionContext.lambda$runTestCase$5(CucumberExecutionContext.java:129)
	at io.cucumber.core.runtime.RethrowingThrowableCollector.executeAndThrow(RethrowingThrowableCollector.java:23)
	at io.cucumber.core.runtime.CucumberExecutionContext.runTestCase(CucumberExecutionContext.java:129)
	at io.cucumber.testng.TestNGCucumberRunner.runScenario(TestNGCucumberRunner.java:129)
	at io.cucumber.testng.AbstractTestNGCucumberTests.runScenario(AbstractTestNGCucumberTests.java:35)
	at java.base/jdk.internal.reflect.DirectMethodHandleAccessor.invoke(DirectMethodHandleAccessor.java:104)
	at java.base/java.lang.reflect.Method.invoke(Method.java:577)
	at org.testng.internal.invokers.MethodInvocationHelper.invokeMethod(MethodInvocationHelper.java:139)
	at org.testng.internal.invokers.TestInvoker.invokeMethod(TestInvoker.java:677)
	at org.testng.internal.invokers.TestInvoker.invokeTestMethod(TestInvoker.java:221)
	at org.testng.internal.invokers.TestMethodWithDataProviderMethodWorker.call(TestMethodWithDataProviderMethodWorker.java:80)
	at org.testng.internal.invokers.TestMethodWithDataProviderMethodWorker.call(TestMethodWithDataProviderMethodWorker.java:17)
	at java.base/java.util.concurrent.FutureTask.run(FutureTask.java:264)
	at java.base/java.util.concurrent.Executors$RunnableAdapter.call(Executors.java:539)
	at java.base/java.util.concurrent.FutureTask.run(FutureTask.java:264)
	at java.base/java.util.concurrent.ThreadPoolExecutor.runWorker(ThreadPoolExecutor.java:1136)
	at java.base/java.util.concurrent.ThreadPoolExecutor$Worker.run(ThreadPoolExecutor.java:635)
	at java.base/java.lang.Thread.run(Thread.java:833)
&amp#27;[0m
  &amp#27;[36mAnd &amp#27;[0m&amp#27;[36mthe Upgrade user goes to the deal page for a new car&amp#27;[0m                                                              &amp#27;[90m# stepDef.Upgrade_SavedDeals_steps.theUpgradeUserGoesToTheDealPageForANewCar()&amp#27;[0m
  &amp#27;[36mWhen &amp#27;[0m&amp#27;[36mthe CSE user switches to the Lease tab&amp#27;[0m                                                                           &amp#27;[90m# stepDef.CSE_Garage_Saved_Deals_steps.theCSEUserSwitchesToTheLeaseTab()&amp#27;[0m
  &amp#27;[36mThen &amp#27;[0m&amp#27;[36mthe list of deal options is ordered by month descending&amp#27;[0m                                                          &amp#27;[90m# stepDef.CSE_Garage_Saved_Deals_steps.theListOfDealOptionsIsOrderedByMonthDescending()&amp#27;[0m
  &amp#27;[36mAnd &amp#27;[0m&amp#27;[36mthe listed deal options do not repeat&amp#27;[0m                                                                             &amp#27;[90m# stepDef.CSE_Garage_Saved_Deals_steps.theListOfDealOptionsDoNotRepeat()&amp#27;[0m
  &amp#27;[36mWhen &amp#27;[0m&amp#27;[36mthe CSE user selects &amp#27;[0m&amp#27;[36m&amp#27;[1m"15,000 miles per year"&amp#27;[0m&amp#27;[36m in the Miles Per Year drop down&amp#27;[0m                                     &amp#27;[90m# stepDef.CSE_Garage_Saved_Deals_steps.theCSEUserSelectsInTheMilesPerYearDropDown(java.lang.String)&amp#27;[0m
  &amp#27;[36mAnd &amp#27;[0m&amp#27;[36mthe CSE user selects &amp#27;[0m&amp#27;[36m&amp#27;[1m"12,000 miles per year"&amp#27;[0m&amp#27;[36m in the Miles Per Year drop down&amp#27;[0m                                      &amp#27;[90m# stepDef.CSE_Garage_Saved_Deals_steps.theCSEUserSelectsInTheMilesPerYearDropDown(java.lang.String)&amp#27;[0m
  &amp#27;[36mThen &amp#27;[0m&amp#27;[36mthe check box order does not change&amp#27;[0m                                                                              &amp#27;[90m# stepDef.CSE_Garage_Saved_Deals_steps.theCheckBoxOrderDoesNotChange()&amp#27;[0m

    Embedding Ensure for a logged-in profile deal the lease tab check box order does not change when miles per year changes [image/png 156244 bytes]

]]></system-out>
    <system-err><![CDATA[ChromeDriver was started successfully.
Sep 28, 2022 7:49:00 PM org.openqa.selenium.remote.ProtocolHandshake createSession
INFO: Detected upstream dialect: W3C
Sep 28, 2022 7:49:00 PM org.openqa.selenium.devtools.CdpVersionFinder findNearestMatch
WARNING: Unable to find an exact match for CDP version 105, so returning the closest version found: 104
Sep 28, 2022 7:49:00 PM org.openqa.selenium.devtools.CdpVersionFinder findNearestMatch
INFO: Found CDP implementation for version 105 of 104
]]></system-err>
  </testcase>
  <testcase name="runScenario" classname="RunCucumberTest" time="67.903">
    <failure message="Expected condition failed: waiting for visibility of Proxy element for: DefaultElementLocator &apos;By.xpath: //h1[contains(text(),&apos;Choose Trade Option&apos;)]&apos; (tried for 20 second(s) with 500 milliseconds interval)" type="org.openqa.selenium.TimeoutException">org.openqa.selenium.TimeoutException: Expected condition failed: waiting for visibility of Proxy element for: DefaultElementLocator 'By.xpath: //h1[contains(text(),'Choose Trade Option')]' (tried for 20 second(s) with 500 milliseconds interval)
Caused by: org.openqa.selenium.NoSuchElementException: 
no such element: Unable to locate element: {"method":"xpath","selector":"//h1[contains(text(),'Choose Trade Option')]"}
  (Session info: chrome=105.0.5195.125)
For documentation on this error, please visit: https://selenium.dev/exceptions/#no_such_element
Build info: version: '4.4.0', revision: 'e5c75ed026a'
System info: host: 'SF-LAP-412.local', ip: 'fe80:0:0:0:eb:c8fe:5a40:5798%en0', os.name: 'Mac OS X', os.arch: 'aarch64', os.version: '12.6', java.version: '18.0.2.1'
Driver info: org.openqa.selenium.chrome.ChromeDriver
Command: [9fe9c0247c0feb440736b9df75ed2556, findElement {using=xpath, value=//h1[contains(text(),'Choose Trade Option')]}]
Capabilities {acceptInsecureCerts: false, browserName: chrome, browserVersion: 105.0.5195.125, chrome: {chromedriverVersion: 105.0.5195.52 (412c95e51883..., userDataDir: /var/folders/th/f4yf398x0lb...}, goog:chromeOptions: {debuggerAddress: localhost:55635}, networkConnectionEnabled: false, pageLoadStrategy: normal, platformName: MAC, proxy: Proxy(), se:cdp: ws://localhost:55635/devtoo..., se:cdpVersion: 105.0.5195.125, setWindowRect: true, strictFileInteractability: false, timeouts: {implicit: 0, pageLoad: 300000, script: 30000}, unhandledPromptBehavior: dismiss and notify, webauthn:extension:credBlob: true, webauthn:extension:largeBlob: true, webauthn:virtualAuthenticators: true}
Session ID: 9fe9c0247c0feb440736b9df75ed2556
</failure>
    <system-out><![CDATA[
@UP @UP_garage @UP_checkBox @regression @BUG @NE-688
Scenario: Ensure for a logged-in profile deal the lease tab check box order does not change when changing down payment &amp#27;[90m# src/test/java/features/Upgrade/dealPageCheckBoxSorting.feature:48&amp#27;[0m
  &amp#27;[32mGiven &amp#27;[0m&amp#27;[32mthe Upgrade user navigates to the homepage&amp#27;[0m                                                                     &amp#27;[90m# stepDef.Upgrade_Registration_SignIn_steps.theUserNavigatesToTheUpgradeHomePage()&amp#27;[0m
  &amp#27;[32mAnd &amp#27;[0m&amp#27;[32mthe Upgrade user clicks on the &amp#27;[0m&amp#27;[32m&amp#27;[1m"Sign in here"&amp#27;[0m&amp#27;[32m link from the top nav&amp#27;[0m                                              &amp#27;[90m# stepDef.Upgrade_Registration_SignIn_steps.theUpgradeUserClicksOnTheLinkFromTheTopNav(java.lang.String)&amp#27;[0m
  &amp#27;[31mAnd &amp#27;[0m&amp#27;[31mthe Upgrade user creates a new profile&amp#27;[0m                                                                           &amp#27;[90m# stepDef.Upgrade_Registration_SignIn_steps.theUserCreatesAnNewProfileInUP()&amp#27;[0m
      &amp#27;[31morg.openqa.selenium.TimeoutException: Expected condition failed: waiting for visibility of Proxy element for: DefaultElementLocator 'By.xpath: //h1[contains(text(),'Choose Trade Option')]' (tried for 20 second(s) with 500 milliseconds interval)
	at org.openqa.selenium.support.ui.WebDriverWait.timeoutException(WebDriverWait.java:87)
	at org.openqa.selenium.support.ui.FluentWait.until(FluentWait.java:231)
	at base.GenericFunctions.waitForElementToBeVisible(GenericFunctions.java:33)
	at pageObject.Upgrade_Registration_SignIn_page.verifyChooseTradeOption(Upgrade_Registration_SignIn_page.java:50)
	at stepDef.Upgrade_Registration_SignIn_steps.theUserCreatesAnNewProfileInUP(Upgrade_Registration_SignIn_steps.java:87)
	at ✽.the Upgrade user creates a new profile(file:///Users/manav/Documents/QATest/qa-automation-tests/src/test/java/features/Upgrade/dealPageCheckBoxSorting.feature:6)
Caused by: org.openqa.selenium.NoSuchElementException: no such element: Unable to locate element: {"method":"xpath","selector":"//h1[contains(text(),'Choose Trade Option')]"}
  (Session info: chrome=105.0.5195.125)
For documentation on this error, please visit: https://selenium.dev/exceptions/#no_such_element
Build info: version: '4.4.0', revision: 'e5c75ed026a'
System info: host: 'SF-LAP-412.local', ip: 'fe80:0:0:0:eb:c8fe:5a40:5798%en0', os.name: 'Mac OS X', os.arch: 'aarch64', os.version: '12.6', java.version: '18.0.2.1'
Driver info: org.openqa.selenium.chrome.ChromeDriver
Command: [9fe9c0247c0feb440736b9df75ed2556, findElement {using=xpath, value=//h1[contains(text(),'Choose Trade Option')]}]
Capabilities {acceptInsecureCerts: false, browserName: chrome, browserVersion: 105.0.5195.125, chrome: {chromedriverVersion: 105.0.5195.52 (412c95e51883..., userDataDir: /var/folders/th/f4yf398x0lb...}, goog:chromeOptions: {debuggerAddress: localhost:55635}, networkConnectionEnabled: false, pageLoadStrategy: normal, platformName: MAC, proxy: Proxy(), se:cdp: ws://localhost:55635/devtoo..., se:cdpVersion: 105.0.5195.125, setWindowRect: true, strictFileInteractability: false, timeouts: {implicit: 0, pageLoad: 300000, script: 30000}, unhandledPromptBehavior: dismiss and notify, webauthn:extension:credBlob: true, webauthn:extension:largeBlob: true, webauthn:virtualAuthenticators: true}
Session ID: 9fe9c0247c0feb440736b9df75ed2556
	at java.base/jdk.internal.reflect.DirectConstructorHandleAccessor.newInstance(DirectConstructorHandleAccessor.java:67)
	at java.base/java.lang.reflect.Constructor.newInstanceWithCaller(Constructor.java:499)
	at java.base/java.lang.reflect.Constructor.newInstance(Constructor.java:483)
	at org.openqa.selenium.remote.codec.w3c.W3CHttpResponseCodec.createException(W3CHttpResponseCodec.java:200)
	at org.openqa.selenium.remote.codec.w3c.W3CHttpResponseCodec.decode(W3CHttpResponseCodec.java:133)
	at org.openqa.selenium.remote.codec.w3c.W3CHttpResponseCodec.decode(W3CHttpResponseCodec.java:53)
	at org.openqa.selenium.remote.HttpCommandExecutor.execute(HttpCommandExecutor.java:184)
	at org.openqa.selenium.remote.service.DriverCommandExecutor.invokeExecute(DriverCommandExecutor.java:167)
	at org.openqa.selenium.remote.service.DriverCommandExecutor.execute(DriverCommandExecutor.java:142)
	at org.openqa.selenium.remote.RemoteWebDriver.execute(RemoteWebDriver.java:547)
	at org.openqa.selenium.remote.ElementLocation$ElementFinder$2.findElement(ElementLocation.java:162)
	at org.openqa.selenium.remote.ElementLocation.findElement(ElementLocation.java:60)
	at org.openqa.selenium.remote.RemoteWebDriver.findElement(RemoteWebDriver.java:365)
	at org.openqa.selenium.remote.RemoteWebDriver.findElement(RemoteWebDriver.java:357)
	at org.openqa.selenium.support.pagefactory.DefaultElementLocator.findElement(DefaultElementLocator.java:70)
	at org.openqa.selenium.support.pagefactory.internal.LocatingElementHandler.invoke(LocatingElementHandler.java:39)
	at jdk.proxy2/jdk.proxy2.$Proxy33.isDisplayed(Unknown Source)
	at org.openqa.selenium.support.ui.ExpectedConditions.elementIfVisible(ExpectedConditions.java:307)
	at org.openqa.selenium.support.ui.ExpectedConditions.access$000(ExpectedConditions.java:40)
	at org.openqa.selenium.support.ui.ExpectedConditions$10.apply(ExpectedConditions.java:293)
	at org.openqa.selenium.support.ui.ExpectedConditions$10.apply(ExpectedConditions.java:290)
	at org.openqa.selenium.support.ui.FluentWait.until(FluentWait.java:208)
	at base.GenericFunctions.waitForElementToBeVisible(GenericFunctions.java:33)
	at pageObject.Upgrade_Registration_SignIn_page.verifyChooseTradeOption(Upgrade_Registration_SignIn_page.java:50)
	at stepDef.Upgrade_Registration_SignIn_steps.theUserCreatesAnNewProfileInUP(Upgrade_Registration_SignIn_steps.java:87)
	at java.base/jdk.internal.reflect.DirectMethodHandleAccessor.invoke(DirectMethodHandleAccessor.java:104)
	at java.base/java.lang.reflect.Method.invoke(Method.java:577)
	at io.cucumber.java.Invoker.doInvoke(Invoker.java:66)
	at io.cucumber.java.Invoker.invoke(Invoker.java:24)
	at io.cucumber.java.AbstractGlueDefinition.invokeMethod(AbstractGlueDefinition.java:47)
	at io.cucumber.java.JavaStepDefinition.execute(JavaStepDefinition.java:29)
	at io.cucumber.core.runner.CoreStepDefinition.execute(CoreStepDefinition.java:66)
	at io.cucumber.core.runner.PickleStepDefinitionMatch.runStep(PickleStepDefinitionMatch.java:63)
	at io.cucumber.core.runner.ExecutionMode$1.execute(ExecutionMode.java:10)
	at io.cucumber.core.runner.TestStep.executeStep(TestStep.java:85)
	at io.cucumber.core.runner.TestStep.run(TestStep.java:57)
	at io.cucumber.core.runner.PickleStepTestStep.run(PickleStepTestStep.java:51)
	at io.cucumber.core.runner.TestCase.run(TestCase.java:84)
	at io.cucumber.core.runner.Runner.runPickle(Runner.java:75)
	at io.cucumber.testng.TestNGCucumberRunner.lambda$runScenario$1(TestNGCucumberRunner.java:132)
	at io.cucumber.core.runtime.CucumberExecutionContext.lambda$runTestCase$5(CucumberExecutionContext.java:129)
	at io.cucumber.core.runtime.RethrowingThrowableCollector.executeAndThrow(RethrowingThrowableCollector.java:23)
	at io.cucumber.core.runtime.CucumberExecutionContext.runTestCase(CucumberExecutionContext.java:129)
	at io.cucumber.testng.TestNGCucumberRunner.runScenario(TestNGCucumberRunner.java:129)
	at io.cucumber.testng.AbstractTestNGCucumberTests.runScenario(AbstractTestNGCucumberTests.java:35)
	at java.base/jdk.internal.reflect.DirectMethodHandleAccessor.invoke(DirectMethodHandleAccessor.java:104)
	at java.base/java.lang.reflect.Method.invoke(Method.java:577)
	at org.testng.internal.invokers.MethodInvocationHelper.invokeMethod(MethodInvocationHelper.java:139)
	at org.testng.internal.invokers.TestInvoker.invokeMethod(TestInvoker.java:677)
	at org.testng.internal.invokers.TestInvoker.invokeTestMethod(TestInvoker.java:221)
	at org.testng.internal.invokers.TestMethodWithDataProviderMethodWorker.call(TestMethodWithDataProviderMethodWorker.java:80)
	at org.testng.internal.invokers.TestMethodWithDataProviderMethodWorker.call(TestMethodWithDataProviderMethodWorker.java:17)
	at java.base/java.util.concurrent.FutureTask.run(FutureTask.java:264)
	at java.base/java.util.concurrent.Executors$RunnableAdapter.call(Executors.java:539)
	at java.base/java.util.concurrent.FutureTask.run(FutureTask.java:264)
	at java.base/java.util.concurrent.ThreadPoolExecutor.runWorker(ThreadPoolExecutor.java:1136)
	at java.base/java.util.concurrent.ThreadPoolExecutor$Worker.run(ThreadPoolExecutor.java:635)
	at java.base/java.lang.Thread.run(Thread.java:833)
&amp#27;[0m
  &amp#27;[36mAnd &amp#27;[0m&amp#27;[36mthe Upgrade user goes to the deal page for a new car&amp#27;[0m                                                             &amp#27;[90m# stepDef.Upgrade_SavedDeals_steps.theUpgradeUserGoesToTheDealPageForANewCar()&amp#27;[0m
  &amp#27;[36mWhen &amp#27;[0m&amp#27;[36mthe CSE user switches to the Lease tab&amp#27;[0m                                                                          &amp#27;[90m# stepDef.CSE_Garage_Saved_Deals_steps.theCSEUserSwitchesToTheLeaseTab()&amp#27;[0m
  &amp#27;[36mThen &amp#27;[0m&amp#27;[36mthe list of deal options is ordered by month descending&amp#27;[0m                                                         &amp#27;[90m# stepDef.CSE_Garage_Saved_Deals_steps.theListOfDealOptionsIsOrderedByMonthDescending()&amp#27;[0m
  &amp#27;[36mAnd &amp#27;[0m&amp#27;[36mthe listed deal options do not repeat&amp#27;[0m                                                                            &amp#27;[90m# stepDef.CSE_Garage_Saved_Deals_steps.theListOfDealOptionsDoNotRepeat()&amp#27;[0m
  &amp#27;[36mWhen &amp#27;[0m&amp#27;[36mthe CSE user updates the desired down payment with the same value&amp#27;[0m                                               &amp#27;[90m# stepDef.CSE_Garage_Saved_Deals_steps.theCSEUserUpdatesTheDesiredDownPaymentWithTheSameValue()&amp#27;[0m
  &amp#27;[36mThen &amp#27;[0m&amp#27;[36mthe check box order does not change&amp#27;[0m                                                                             &amp#27;[90m# stepDef.CSE_Garage_Saved_Deals_steps.theCheckBoxOrderDoesNotChange()&amp#27;[0m

    Embedding Ensure for a logged-in profile deal the lease tab check box order does not change when changing down payment [image/png 156244 bytes]

]]></system-out>
    <system-err><![CDATA[ChromeDriver was started successfully.
Sep 28, 2022 7:50:12 PM org.openqa.selenium.remote.ProtocolHandshake createSession
INFO: Detected upstream dialect: W3C
Sep 28, 2022 7:50:12 PM org.openqa.selenium.devtools.CdpVersionFinder findNearestMatch
WARNING: Unable to find an exact match for CDP version 105, so returning the closest version found: 104
Sep 28, 2022 7:50:12 PM org.openqa.selenium.devtools.CdpVersionFinder findNearestMatch
INFO: Found CDP implementation for version 105 of 104
]]></system-err>
  </testcase>
  <testcase name="runScenario" classname="RunCucumberTest" time="68.76">
    <failure message="Expected condition failed: waiting for visibility of Proxy element for: DefaultElementLocator &apos;By.xpath: //h1[contains(text(),&apos;Choose Trade Option&apos;)]&apos; (tried for 20 second(s) with 500 milliseconds interval)" type="org.openqa.selenium.TimeoutException">org.openqa.selenium.TimeoutException: Expected condition failed: waiting for visibility of Proxy element for: DefaultElementLocator 'By.xpath: //h1[contains(text(),'Choose Trade Option')]' (tried for 20 second(s) with 500 milliseconds interval)
Caused by: org.openqa.selenium.NoSuchElementException: 
no such element: Unable to locate element: {"method":"xpath","selector":"//h1[contains(text(),'Choose Trade Option')]"}
  (Session info: chrome=105.0.5195.125)
For documentation on this error, please visit: https://selenium.dev/exceptions/#no_such_element
Build info: version: '4.4.0', revision: 'e5c75ed026a'
System info: host: 'SF-LAP-412.local', ip: 'fe80:0:0:0:eb:c8fe:5a40:5798%en0', os.name: 'Mac OS X', os.arch: 'aarch64', os.version: '12.6', java.version: '18.0.2.1'
Driver info: org.openqa.selenium.chrome.ChromeDriver
Command: [622757e8262999772bd22a44b5b72e7f, findElement {using=xpath, value=//h1[contains(text(),'Choose Trade Option')]}]
Capabilities {acceptInsecureCerts: false, browserName: chrome, browserVersion: 105.0.5195.125, chrome: {chromedriverVersion: 105.0.5195.52 (412c95e51883..., userDataDir: /var/folders/th/f4yf398x0lb...}, goog:chromeOptions: {debuggerAddress: localhost:55969}, networkConnectionEnabled: false, pageLoadStrategy: normal, platformName: MAC, proxy: Proxy(), se:cdp: ws://localhost:55969/devtoo..., se:cdpVersion: 105.0.5195.125, setWindowRect: true, strictFileInteractability: false, timeouts: {implicit: 0, pageLoad: 300000, script: 30000}, unhandledPromptBehavior: dismiss and notify, webauthn:extension:credBlob: true, webauthn:extension:largeBlob: true, webauthn:virtualAuthenticators: true}
Session ID: 622757e8262999772bd22a44b5b72e7f
</failure>
    <system-out><![CDATA[
@UP @UP_garage @UP_checkBox @regression @BUG @NE-688
Scenario: Ensure for a logged-in profile deal the lease tab check box order does not change when switching tabs &amp#27;[90m# src/test/java/features/Upgrade/dealPageCheckBoxSorting.feature:56&amp#27;[0m
  &amp#27;[32mGiven &amp#27;[0m&amp#27;[32mthe Upgrade user navigates to the homepage&amp#27;[0m                                                              &amp#27;[90m# stepDef.Upgrade_Registration_SignIn_steps.theUserNavigatesToTheUpgradeHomePage()&amp#27;[0m
  &amp#27;[32mAnd &amp#27;[0m&amp#27;[32mthe Upgrade user clicks on the &amp#27;[0m&amp#27;[32m&amp#27;[1m"Sign in here"&amp#27;[0m&amp#27;[32m link from the top nav&amp#27;[0m                                       &amp#27;[90m# stepDef.Upgrade_Registration_SignIn_steps.theUpgradeUserClicksOnTheLinkFromTheTopNav(java.lang.String)&amp#27;[0m
  &amp#27;[31mAnd &amp#27;[0m&amp#27;[31mthe Upgrade user creates a new profile&amp#27;[0m                                                                    &amp#27;[90m# stepDef.Upgrade_Registration_SignIn_steps.theUserCreatesAnNewProfileInUP()&amp#27;[0m
      &amp#27;[31morg.openqa.selenium.TimeoutException: Expected condition failed: waiting for visibility of Proxy element for: DefaultElementLocator 'By.xpath: //h1[contains(text(),'Choose Trade Option')]' (tried for 20 second(s) with 500 milliseconds interval)
	at org.openqa.selenium.support.ui.WebDriverWait.timeoutException(WebDriverWait.java:87)
	at org.openqa.selenium.support.ui.FluentWait.until(FluentWait.java:231)
	at base.GenericFunctions.waitForElementToBeVisible(GenericFunctions.java:33)
	at pageObject.Upgrade_Registration_SignIn_page.verifyChooseTradeOption(Upgrade_Registration_SignIn_page.java:50)
	at stepDef.Upgrade_Registration_SignIn_steps.theUserCreatesAnNewProfileInUP(Upgrade_Registration_SignIn_steps.java:87)
	at ✽.the Upgrade user creates a new profile(file:///Users/manav/Documents/QATest/qa-automation-tests/src/test/java/features/Upgrade/dealPageCheckBoxSorting.feature:6)
Caused by: org.openqa.selenium.NoSuchElementException: no such element: Unable to locate element: {"method":"xpath","selector":"//h1[contains(text(),'Choose Trade Option')]"}
  (Session info: chrome=105.0.5195.125)
For documentation on this error, please visit: https://selenium.dev/exceptions/#no_such_element
Build info: version: '4.4.0', revision: 'e5c75ed026a'
System info: host: 'SF-LAP-412.local', ip: 'fe80:0:0:0:eb:c8fe:5a40:5798%en0', os.name: 'Mac OS X', os.arch: 'aarch64', os.version: '12.6', java.version: '18.0.2.1'
Driver info: org.openqa.selenium.chrome.ChromeDriver
Command: [622757e8262999772bd22a44b5b72e7f, findElement {using=xpath, value=//h1[contains(text(),'Choose Trade Option')]}]
Capabilities {acceptInsecureCerts: false, browserName: chrome, browserVersion: 105.0.5195.125, chrome: {chromedriverVersion: 105.0.5195.52 (412c95e51883..., userDataDir: /var/folders/th/f4yf398x0lb...}, goog:chromeOptions: {debuggerAddress: localhost:55969}, networkConnectionEnabled: false, pageLoadStrategy: normal, platformName: MAC, proxy: Proxy(), se:cdp: ws://localhost:55969/devtoo..., se:cdpVersion: 105.0.5195.125, setWindowRect: true, strictFileInteractability: false, timeouts: {implicit: 0, pageLoad: 300000, script: 30000}, unhandledPromptBehavior: dismiss and notify, webauthn:extension:credBlob: true, webauthn:extension:largeBlob: true, webauthn:virtualAuthenticators: true}
Session ID: 622757e8262999772bd22a44b5b72e7f
	at java.base/jdk.internal.reflect.DirectConstructorHandleAccessor.newInstance(DirectConstructorHandleAccessor.java:67)
	at java.base/java.lang.reflect.Constructor.newInstanceWithCaller(Constructor.java:499)
	at java.base/java.lang.reflect.Constructor.newInstance(Constructor.java:483)
	at org.openqa.selenium.remote.codec.w3c.W3CHttpResponseCodec.createException(W3CHttpResponseCodec.java:200)
	at org.openqa.selenium.remote.codec.w3c.W3CHttpResponseCodec.decode(W3CHttpResponseCodec.java:133)
	at org.openqa.selenium.remote.codec.w3c.W3CHttpResponseCodec.decode(W3CHttpResponseCodec.java:53)
	at org.openqa.selenium.remote.HttpCommandExecutor.execute(HttpCommandExecutor.java:184)
	at org.openqa.selenium.remote.service.DriverCommandExecutor.invokeExecute(DriverCommandExecutor.java:167)
	at org.openqa.selenium.remote.service.DriverCommandExecutor.execute(DriverCommandExecutor.java:142)
	at org.openqa.selenium.remote.RemoteWebDriver.execute(RemoteWebDriver.java:547)
	at org.openqa.selenium.remote.ElementLocation$ElementFinder$2.findElement(ElementLocation.java:162)
	at org.openqa.selenium.remote.ElementLocation.findElement(ElementLocation.java:60)
	at org.openqa.selenium.remote.RemoteWebDriver.findElement(RemoteWebDriver.java:365)
	at org.openqa.selenium.remote.RemoteWebDriver.findElement(RemoteWebDriver.java:357)
	at org.openqa.selenium.support.pagefactory.DefaultElementLocator.findElement(DefaultElementLocator.java:70)
	at org.openqa.selenium.support.pagefactory.internal.LocatingElementHandler.invoke(LocatingElementHandler.java:39)
	at jdk.proxy2/jdk.proxy2.$Proxy33.isDisplayed(Unknown Source)
	at org.openqa.selenium.support.ui.ExpectedConditions.elementIfVisible(ExpectedConditions.java:307)
	at org.openqa.selenium.support.ui.ExpectedConditions.access$000(ExpectedConditions.java:40)
	at org.openqa.selenium.support.ui.ExpectedConditions$10.apply(ExpectedConditions.java:293)
	at org.openqa.selenium.support.ui.ExpectedConditions$10.apply(ExpectedConditions.java:290)
	at org.openqa.selenium.support.ui.FluentWait.until(FluentWait.java:208)
	at base.GenericFunctions.waitForElementToBeVisible(GenericFunctions.java:33)
	at pageObject.Upgrade_Registration_SignIn_page.verifyChooseTradeOption(Upgrade_Registration_SignIn_page.java:50)
	at stepDef.Upgrade_Registration_SignIn_steps.theUserCreatesAnNewProfileInUP(Upgrade_Registration_SignIn_steps.java:87)
	at java.base/jdk.internal.reflect.DirectMethodHandleAccessor.invoke(DirectMethodHandleAccessor.java:104)
	at java.base/java.lang.reflect.Method.invoke(Method.java:577)
	at io.cucumber.java.Invoker.doInvoke(Invoker.java:66)
	at io.cucumber.java.Invoker.invoke(Invoker.java:24)
	at io.cucumber.java.AbstractGlueDefinition.invokeMethod(AbstractGlueDefinition.java:47)
	at io.cucumber.java.JavaStepDefinition.execute(JavaStepDefinition.java:29)
	at io.cucumber.core.runner.CoreStepDefinition.execute(CoreStepDefinition.java:66)
	at io.cucumber.core.runner.PickleStepDefinitionMatch.runStep(PickleStepDefinitionMatch.java:63)
	at io.cucumber.core.runner.ExecutionMode$1.execute(ExecutionMode.java:10)
	at io.cucumber.core.runner.TestStep.executeStep(TestStep.java:85)
	at io.cucumber.core.runner.TestStep.run(TestStep.java:57)
	at io.cucumber.core.runner.PickleStepTestStep.run(PickleStepTestStep.java:51)
	at io.cucumber.core.runner.TestCase.run(TestCase.java:84)
	at io.cucumber.core.runner.Runner.runPickle(Runner.java:75)
	at io.cucumber.testng.TestNGCucumberRunner.lambda$runScenario$1(TestNGCucumberRunner.java:132)
	at io.cucumber.core.runtime.CucumberExecutionContext.lambda$runTestCase$5(CucumberExecutionContext.java:129)
	at io.cucumber.core.runtime.RethrowingThrowableCollector.executeAndThrow(RethrowingThrowableCollector.java:23)
	at io.cucumber.core.runtime.CucumberExecutionContext.runTestCase(CucumberExecutionContext.java:129)
	at io.cucumber.testng.TestNGCucumberRunner.runScenario(TestNGCucumberRunner.java:129)
	at io.cucumber.testng.AbstractTestNGCucumberTests.runScenario(AbstractTestNGCucumberTests.java:35)
	at java.base/jdk.internal.reflect.DirectMethodHandleAccessor.invoke(DirectMethodHandleAccessor.java:104)
	at java.base/java.lang.reflect.Method.invoke(Method.java:577)
	at org.testng.internal.invokers.MethodInvocationHelper.invokeMethod(MethodInvocationHelper.java:139)
	at org.testng.internal.invokers.TestInvoker.invokeMethod(TestInvoker.java:677)
	at org.testng.internal.invokers.TestInvoker.invokeTestMethod(TestInvoker.java:221)
	at org.testng.internal.invokers.TestMethodWithDataProviderMethodWorker.call(TestMethodWithDataProviderMethodWorker.java:80)
	at org.testng.internal.invokers.TestMethodWithDataProviderMethodWorker.call(TestMethodWithDataProviderMethodWorker.java:17)
	at java.base/java.util.concurrent.FutureTask.run(FutureTask.java:264)
	at java.base/java.util.concurrent.Executors$RunnableAdapter.call(Executors.java:539)
	at java.base/java.util.concurrent.FutureTask.run(FutureTask.java:264)
	at java.base/java.util.concurrent.ThreadPoolExecutor.runWorker(ThreadPoolExecutor.java:1136)
	at java.base/java.util.concurrent.ThreadPoolExecutor$Worker.run(ThreadPoolExecutor.java:635)
	at java.base/java.lang.Thread.run(Thread.java:833)
&amp#27;[0m
  &amp#27;[36mAnd &amp#27;[0m&amp#27;[36mthe Upgrade user goes to the deal page for a new car&amp#27;[0m                                                      &amp#27;[90m# stepDef.Upgrade_SavedDeals_steps.theUpgradeUserGoesToTheDealPageForANewCar()&amp#27;[0m
  &amp#27;[36mWhen &amp#27;[0m&amp#27;[36mthe CSE user switches to the Lease tab&amp#27;[0m                                                                   &amp#27;[90m# stepDef.CSE_Garage_Saved_Deals_steps.theCSEUserSwitchesToTheLeaseTab()&amp#27;[0m
  &amp#27;[36mThen &amp#27;[0m&amp#27;[36mthe list of deal options is ordered by month descending&amp#27;[0m                                                  &amp#27;[90m# stepDef.CSE_Garage_Saved_Deals_steps.theListOfDealOptionsIsOrderedByMonthDescending()&amp#27;[0m
  &amp#27;[36mAnd &amp#27;[0m&amp#27;[36mthe listed deal options do not repeat&amp#27;[0m                                                                     &amp#27;[90m# stepDef.CSE_Garage_Saved_Deals_steps.theListOfDealOptionsDoNotRepeat()&amp#27;[0m
  &amp#27;[36mWhen &amp#27;[0m&amp#27;[36mthe CSE user switches to the Finance tab&amp#27;[0m                                                                 &amp#27;[90m# stepDef.CSE_Garage_Saved_Deals_steps.theCSEUserSwitchesToTheFinanceTab()&amp#27;[0m
  &amp#27;[36mAnd &amp#27;[0m&amp#27;[36mthe CSE user switches to the Lease tab&amp#27;[0m                                                                    &amp#27;[90m# stepDef.CSE_Garage_Saved_Deals_steps.theCSEUserSwitchesToTheLeaseTab()&amp#27;[0m
  &amp#27;[36mThen &amp#27;[0m&amp#27;[36mthe check box order does not change&amp#27;[0m                                                                      &amp#27;[90m# stepDef.CSE_Garage_Saved_Deals_steps.theCheckBoxOrderDoesNotChange()&amp#27;[0m

    Embedding Ensure for a logged-in profile deal the lease tab check box order does not change when switching tabs [image/png 159019 bytes]

]]></system-out>
    <system-err><![CDATA[ChromeDriver was started successfully.
Sep 28, 2022 7:51:20 PM org.openqa.selenium.remote.ProtocolHandshake createSession
INFO: Detected upstream dialect: W3C
Sep 28, 2022 7:51:20 PM org.openqa.selenium.devtools.CdpVersionFinder findNearestMatch
WARNING: Unable to find an exact match for CDP version 105, so returning the closest version found: 104
Sep 28, 2022 7:51:20 PM org.openqa.selenium.devtools.CdpVersionFinder findNearestMatch
INFO: Found CDP implementation for version 105 of 104
]]></system-err>
  </testcase>
  <testcase name="runScenario" classname="RunCucumberTest" time="68.601">
    <failure message="Expected condition failed: waiting for visibility of Proxy element for: DefaultElementLocator &apos;By.xpath: //h1[contains(text(),&apos;Choose Trade Option&apos;)]&apos; (tried for 20 second(s) with 500 milliseconds interval)" type="org.openqa.selenium.TimeoutException">org.openqa.selenium.TimeoutException: Expected condition failed: waiting for visibility of Proxy element for: DefaultElementLocator 'By.xpath: //h1[contains(text(),'Choose Trade Option')]' (tried for 20 second(s) with 500 milliseconds interval)
Caused by: org.openqa.selenium.NoSuchElementException: 
no such element: Unable to locate element: {"method":"xpath","selector":"//h1[contains(text(),'Choose Trade Option')]"}
  (Session info: chrome=105.0.5195.125)
For documentation on this error, please visit: https://selenium.dev/exceptions/#no_such_element
Build info: version: '4.4.0', revision: 'e5c75ed026a'
System info: host: 'SF-LAP-412.local', ip: 'fe80:0:0:0:eb:c8fe:5a40:5798%en0', os.name: 'Mac OS X', os.arch: 'aarch64', os.version: '12.6', java.version: '18.0.2.1'
Driver info: org.openqa.selenium.chrome.ChromeDriver
Command: [7065740bf7b8c4e5aa7097a1e0d91d40, findElement {using=xpath, value=//h1[contains(text(),'Choose Trade Option')]}]
Capabilities {acceptInsecureCerts: false, browserName: chrome, browserVersion: 105.0.5195.125, chrome: {chromedriverVersion: 105.0.5195.52 (412c95e51883..., userDataDir: /var/folders/th/f4yf398x0lb...}, goog:chromeOptions: {debuggerAddress: localhost:56307}, networkConnectionEnabled: false, pageLoadStrategy: normal, platformName: MAC, proxy: Proxy(), se:cdp: ws://localhost:56307/devtoo..., se:cdpVersion: 105.0.5195.125, setWindowRect: true, strictFileInteractability: false, timeouts: {implicit: 0, pageLoad: 300000, script: 30000}, unhandledPromptBehavior: dismiss and notify, webauthn:extension:credBlob: true, webauthn:extension:largeBlob: true, webauthn:virtualAuthenticators: true}
Session ID: 7065740bf7b8c4e5aa7097a1e0d91d40
</failure>
    <system-out><![CDATA[
@UP @UP_garage @down_Payment @regression @smoke
Scenario: Ensure the Upgrade user can save and change finance down payment on Financial Tab &amp#27;[90m# src/test/java/features/Upgrade/desiredDownPayment.feature:10&amp#27;[0m
  &amp#27;[32mGiven &amp#27;[0m&amp#27;[32mthe Upgrade user navigates to the homepage&amp#27;[0m                                          &amp#27;[90m# stepDef.Upgrade_Registration_SignIn_steps.theUserNavigatesToTheUpgradeHomePage()&amp#27;[0m
  &amp#27;[32mAnd &amp#27;[0m&amp#27;[32mthe Upgrade user clicks on the &amp#27;[0m&amp#27;[32m&amp#27;[1m"Sign in here"&amp#27;[0m&amp#27;[32m link from the top nav&amp#27;[0m                   &amp#27;[90m# stepDef.Upgrade_Registration_SignIn_steps.theUpgradeUserClicksOnTheLinkFromTheTopNav(java.lang.String)&amp#27;[0m
  &amp#27;[31mAnd &amp#27;[0m&amp#27;[31mthe Upgrade user creates a new profile&amp#27;[0m                                                &amp#27;[90m# stepDef.Upgrade_Registration_SignIn_steps.theUserCreatesAnNewProfileInUP()&amp#27;[0m
      &amp#27;[31morg.openqa.selenium.TimeoutException: Expected condition failed: waiting for visibility of Proxy element for: DefaultElementLocator 'By.xpath: //h1[contains(text(),'Choose Trade Option')]' (tried for 20 second(s) with 500 milliseconds interval)
	at org.openqa.selenium.support.ui.WebDriverWait.timeoutException(WebDriverWait.java:87)
	at org.openqa.selenium.support.ui.FluentWait.until(FluentWait.java:231)
	at base.GenericFunctions.waitForElementToBeVisible(GenericFunctions.java:33)
	at pageObject.Upgrade_Registration_SignIn_page.verifyChooseTradeOption(Upgrade_Registration_SignIn_page.java:50)
	at stepDef.Upgrade_Registration_SignIn_steps.theUserCreatesAnNewProfileInUP(Upgrade_Registration_SignIn_steps.java:87)
	at ✽.the Upgrade user creates a new profile(file:///Users/manav/Documents/QATest/qa-automation-tests/src/test/java/features/Upgrade/desiredDownPayment.feature:6)
Caused by: org.openqa.selenium.NoSuchElementException: no such element: Unable to locate element: {"method":"xpath","selector":"//h1[contains(text(),'Choose Trade Option')]"}
  (Session info: chrome=105.0.5195.125)
For documentation on this error, please visit: https://selenium.dev/exceptions/#no_such_element
Build info: version: '4.4.0', revision: 'e5c75ed026a'
System info: host: 'SF-LAP-412.local', ip: 'fe80:0:0:0:eb:c8fe:5a40:5798%en0', os.name: 'Mac OS X', os.arch: 'aarch64', os.version: '12.6', java.version: '18.0.2.1'
Driver info: org.openqa.selenium.chrome.ChromeDriver
Command: [7065740bf7b8c4e5aa7097a1e0d91d40, findElement {using=xpath, value=//h1[contains(text(),'Choose Trade Option')]}]
Capabilities {acceptInsecureCerts: false, browserName: chrome, browserVersion: 105.0.5195.125, chrome: {chromedriverVersion: 105.0.5195.52 (412c95e51883..., userDataDir: /var/folders/th/f4yf398x0lb...}, goog:chromeOptions: {debuggerAddress: localhost:56307}, networkConnectionEnabled: false, pageLoadStrategy: normal, platformName: MAC, proxy: Proxy(), se:cdp: ws://localhost:56307/devtoo..., se:cdpVersion: 105.0.5195.125, setWindowRect: true, strictFileInteractability: false, timeouts: {implicit: 0, pageLoad: 300000, script: 30000}, unhandledPromptBehavior: dismiss and notify, webauthn:extension:credBlob: true, webauthn:extension:largeBlob: true, webauthn:virtualAuthenticators: true}
Session ID: 7065740bf7b8c4e5aa7097a1e0d91d40
	at java.base/jdk.internal.reflect.DirectConstructorHandleAccessor.newInstance(DirectConstructorHandleAccessor.java:67)
	at java.base/java.lang.reflect.Constructor.newInstanceWithCaller(Constructor.java:499)
	at java.base/java.lang.reflect.Constructor.newInstance(Constructor.java:483)
	at org.openqa.selenium.remote.codec.w3c.W3CHttpResponseCodec.createException(W3CHttpResponseCodec.java:200)
	at org.openqa.selenium.remote.codec.w3c.W3CHttpResponseCodec.decode(W3CHttpResponseCodec.java:133)
	at org.openqa.selenium.remote.codec.w3c.W3CHttpResponseCodec.decode(W3CHttpResponseCodec.java:53)
	at org.openqa.selenium.remote.HttpCommandExecutor.execute(HttpCommandExecutor.java:184)
	at org.openqa.selenium.remote.service.DriverCommandExecutor.invokeExecute(DriverCommandExecutor.java:167)
	at org.openqa.selenium.remote.service.DriverCommandExecutor.execute(DriverCommandExecutor.java:142)
	at org.openqa.selenium.remote.RemoteWebDriver.execute(RemoteWebDriver.java:547)
	at org.openqa.selenium.remote.ElementLocation$ElementFinder$2.findElement(ElementLocation.java:162)
	at org.openqa.selenium.remote.ElementLocation.findElement(ElementLocation.java:60)
	at org.openqa.selenium.remote.RemoteWebDriver.findElement(RemoteWebDriver.java:365)
	at org.openqa.selenium.remote.RemoteWebDriver.findElement(RemoteWebDriver.java:357)
	at org.openqa.selenium.support.pagefactory.DefaultElementLocator.findElement(DefaultElementLocator.java:70)
	at org.openqa.selenium.support.pagefactory.internal.LocatingElementHandler.invoke(LocatingElementHandler.java:39)
	at jdk.proxy2/jdk.proxy2.$Proxy33.isDisplayed(Unknown Source)
	at org.openqa.selenium.support.ui.ExpectedConditions.elementIfVisible(ExpectedConditions.java:307)
	at org.openqa.selenium.support.ui.ExpectedConditions.access$000(ExpectedConditions.java:40)
	at org.openqa.selenium.support.ui.ExpectedConditions$10.apply(ExpectedConditions.java:293)
	at org.openqa.selenium.support.ui.ExpectedConditions$10.apply(ExpectedConditions.java:290)
	at org.openqa.selenium.support.ui.FluentWait.until(FluentWait.java:208)
	at base.GenericFunctions.waitForElementToBeVisible(GenericFunctions.java:33)
	at pageObject.Upgrade_Registration_SignIn_page.verifyChooseTradeOption(Upgrade_Registration_SignIn_page.java:50)
	at stepDef.Upgrade_Registration_SignIn_steps.theUserCreatesAnNewProfileInUP(Upgrade_Registration_SignIn_steps.java:87)
	at java.base/jdk.internal.reflect.DirectMethodHandleAccessor.invoke(DirectMethodHandleAccessor.java:104)
	at java.base/java.lang.reflect.Method.invoke(Method.java:577)
	at io.cucumber.java.Invoker.doInvoke(Invoker.java:66)
	at io.cucumber.java.Invoker.invoke(Invoker.java:24)
	at io.cucumber.java.AbstractGlueDefinition.invokeMethod(AbstractGlueDefinition.java:47)
	at io.cucumber.java.JavaStepDefinition.execute(JavaStepDefinition.java:29)
	at io.cucumber.core.runner.CoreStepDefinition.execute(CoreStepDefinition.java:66)
	at io.cucumber.core.runner.PickleStepDefinitionMatch.runStep(PickleStepDefinitionMatch.java:63)
	at io.cucumber.core.runner.ExecutionMode$1.execute(ExecutionMode.java:10)
	at io.cucumber.core.runner.TestStep.executeStep(TestStep.java:85)
	at io.cucumber.core.runner.TestStep.run(TestStep.java:57)
	at io.cucumber.core.runner.PickleStepTestStep.run(PickleStepTestStep.java:51)
	at io.cucumber.core.runner.TestCase.run(TestCase.java:84)
	at io.cucumber.core.runner.Runner.runPickle(Runner.java:75)
	at io.cucumber.testng.TestNGCucumberRunner.lambda$runScenario$1(TestNGCucumberRunner.java:132)
	at io.cucumber.core.runtime.CucumberExecutionContext.lambda$runTestCase$5(CucumberExecutionContext.java:129)
	at io.cucumber.core.runtime.RethrowingThrowableCollector.executeAndThrow(RethrowingThrowableCollector.java:23)
	at io.cucumber.core.runtime.CucumberExecutionContext.runTestCase(CucumberExecutionContext.java:129)
	at io.cucumber.testng.TestNGCucumberRunner.runScenario(TestNGCucumberRunner.java:129)
	at io.cucumber.testng.AbstractTestNGCucumberTests.runScenario(AbstractTestNGCucumberTests.java:35)
	at java.base/jdk.internal.reflect.DirectMethodHandleAccessor.invoke(DirectMethodHandleAccessor.java:104)
	at java.base/java.lang.reflect.Method.invoke(Method.java:577)
	at org.testng.internal.invokers.MethodInvocationHelper.invokeMethod(MethodInvocationHelper.java:139)
	at org.testng.internal.invokers.TestInvoker.invokeMethod(TestInvoker.java:677)
	at org.testng.internal.invokers.TestInvoker.invokeTestMethod(TestInvoker.java:221)
	at org.testng.internal.invokers.TestMethodWithDataProviderMethodWorker.call(TestMethodWithDataProviderMethodWorker.java:80)
	at org.testng.internal.invokers.TestMethodWithDataProviderMethodWorker.call(TestMethodWithDataProviderMethodWorker.java:17)
	at java.base/java.util.concurrent.FutureTask.run(FutureTask.java:264)
	at java.base/java.util.concurrent.Executors$RunnableAdapter.call(Executors.java:539)
	at java.base/java.util.concurrent.FutureTask.run(FutureTask.java:264)
	at java.base/java.util.concurrent.ThreadPoolExecutor.runWorker(ThreadPoolExecutor.java:1136)
	at java.base/java.util.concurrent.ThreadPoolExecutor$Worker.run(ThreadPoolExecutor.java:635)
	at java.base/java.lang.Thread.run(Thread.java:833)
&amp#27;[0m
  &amp#27;[36mAnd &amp#27;[0m&amp#27;[36mthe Upgrade user clicks on shop new cars to navigate to the offer details page&amp#27;[0m        &amp#27;[90m# stepDef.Upgrade_Contact_Dealer_steps.theUpgradeUserClicksOnShopNewCarsToNavigateToOfferDetailsPage()&amp#27;[0m
  &amp#27;[36mAnd &amp#27;[0m&amp#27;[36mthe Upgrade user switches to the Finance tab&amp#27;[0m                                          &amp#27;[90m# stepDef.Upgrade_Trades_steps.theUpgradeUserSwitchToFinanceTab()&amp#27;[0m
  &amp#27;[36mAnd &amp#27;[0m&amp#27;[36mthe Upgrade user notes the current finance information&amp#27;[0m                                &amp#27;[90m# stepDef.Upgrade_Down_Payment_steps.theUpgradeUserNotesTheCurrentFinanceInformation()&amp#27;[0m
  &amp#27;[36mAnd &amp#27;[0m&amp#27;[36mthe Upgrade user changes the down payment for finance to &amp#27;[0m&amp#27;[36m&amp#27;[1m"1000"&amp#27;[0m                       &amp#27;[90m# stepDef.Upgrade_Down_Payment_steps.theUpgradeUserChangesTheDownPaymentForFinanceTo(java.lang.String)&amp#27;[0m
  &amp#27;[36mThen &amp#27;[0m&amp#27;[36mthe Upgrade user verifies the finance information has updated&amp#27;[0m                        &amp#27;[90m# stepDef.Upgrade_Down_Payment_steps.theUpgradeUserVerifiesTheFinanceInformationHasUpdated()&amp#27;[0m
  &amp#27;[36mWhen &amp#27;[0m&amp#27;[36mthe Upgrade user clicks save and confirms the save&amp#27;[0m                                   &amp#27;[90m# stepDef.Upgrade_Down_Payment_steps.theUpgradeUserClicksSaveAndConfirmsTheSave()&amp#27;[0m
  &amp#27;[36mAnd &amp#27;[0m&amp#27;[36mthe Upgrade user goes to My Garage&amp#27;[0m                                                    &amp#27;[90m# stepDef.Upgrade_Down_Payment_steps.theUpgradeUserGoesToMyGarage()&amp#27;[0m
  &amp#27;[36mAnd &amp#27;[0m&amp#27;[36mthe Upgrade user clicks the View Deal button&amp#27;[0m                                          &amp#27;[90m# stepDef.Upgrade_Down_Payment_steps.theUpgradeUserClicksTheViewDealButton()&amp#27;[0m
  &amp#27;[36mThen &amp#27;[0m&amp#27;[36mthe deal page still has the updated information&amp#27;[0m                                      &amp#27;[90m# stepDef.CSE_Garage_Saved_Deals_steps.theDealPageStillHasTheUpdatedInformation()&amp#27;[0m

    Embedding Ensure the Upgrade user can save and change finance down payment on Financial Tab [image/png 159019 bytes]

]]></system-out>
    <system-err><![CDATA[ChromeDriver was started successfully.
Sep 28, 2022 7:52:29 PM org.openqa.selenium.remote.ProtocolHandshake createSession
INFO: Detected upstream dialect: W3C
Sep 28, 2022 7:52:29 PM org.openqa.selenium.devtools.CdpVersionFinder findNearestMatch
WARNING: Unable to find an exact match for CDP version 105, so returning the closest version found: 104
Sep 28, 2022 7:52:29 PM org.openqa.selenium.devtools.CdpVersionFinder findNearestMatch
INFO: Found CDP implementation for version 105 of 104
]]></system-err>
  </testcase>
  <testcase name="runScenario" classname="RunCucumberTest" time="69.626">
    <failure message="Expected condition failed: waiting for visibility of Proxy element for: DefaultElementLocator &apos;By.xpath: //h1[contains(text(),&apos;Choose Trade Option&apos;)]&apos; (tried for 20 second(s) with 500 milliseconds interval)" type="org.openqa.selenium.TimeoutException">org.openqa.selenium.TimeoutException: Expected condition failed: waiting for visibility of Proxy element for: DefaultElementLocator 'By.xpath: //h1[contains(text(),'Choose Trade Option')]' (tried for 20 second(s) with 500 milliseconds interval)
Caused by: org.openqa.selenium.NoSuchElementException: 
no such element: Unable to locate element: {"method":"xpath","selector":"//h1[contains(text(),'Choose Trade Option')]"}
  (Session info: chrome=105.0.5195.125)
For documentation on this error, please visit: https://selenium.dev/exceptions/#no_such_element
Build info: version: '4.4.0', revision: 'e5c75ed026a'
System info: host: 'SF-LAP-412.local', ip: 'fe80:0:0:0:eb:c8fe:5a40:5798%en0', os.name: 'Mac OS X', os.arch: 'aarch64', os.version: '12.6', java.version: '18.0.2.1'
Driver info: org.openqa.selenium.chrome.ChromeDriver
Command: [b1bab74d16e135567c5a5171a9803980, findElement {using=xpath, value=//h1[contains(text(),'Choose Trade Option')]}]
Capabilities {acceptInsecureCerts: false, browserName: chrome, browserVersion: 105.0.5195.125, chrome: {chromedriverVersion: 105.0.5195.52 (412c95e51883..., userDataDir: /var/folders/th/f4yf398x0lb...}, goog:chromeOptions: {debuggerAddress: localhost:56632}, networkConnectionEnabled: false, pageLoadStrategy: normal, platformName: MAC, proxy: Proxy(), se:cdp: ws://localhost:56632/devtoo..., se:cdpVersion: 105.0.5195.125, setWindowRect: true, strictFileInteractability: false, timeouts: {implicit: 0, pageLoad: 300000, script: 30000}, unhandledPromptBehavior: dismiss and notify, webauthn:extension:credBlob: true, webauthn:extension:largeBlob: true, webauthn:virtualAuthenticators: true}
Session ID: b1bab74d16e135567c5a5171a9803980
</failure>
    <system-out><![CDATA[
@UP @UP_garage @down_Payment @regression
Scenario: Ensure the Upgrade user can set finance down payment to $0 on Financial Tab &amp#27;[90m# src/test/java/features/Upgrade/desiredDownPayment.feature:21&amp#27;[0m
  &amp#27;[32mGiven &amp#27;[0m&amp#27;[32mthe Upgrade user navigates to the homepage&amp#27;[0m                                    &amp#27;[90m# stepDef.Upgrade_Registration_SignIn_steps.theUserNavigatesToTheUpgradeHomePage()&amp#27;[0m
  &amp#27;[32mAnd &amp#27;[0m&amp#27;[32mthe Upgrade user clicks on the &amp#27;[0m&amp#27;[32m&amp#27;[1m"Sign in here"&amp#27;[0m&amp#27;[32m link from the top nav&amp#27;[0m             &amp#27;[90m# stepDef.Upgrade_Registration_SignIn_steps.theUpgradeUserClicksOnTheLinkFromTheTopNav(java.lang.String)&amp#27;[0m
  &amp#27;[31mAnd &amp#27;[0m&amp#27;[31mthe Upgrade user creates a new profile&amp#27;[0m                                          &amp#27;[90m# stepDef.Upgrade_Registration_SignIn_steps.theUserCreatesAnNewProfileInUP()&amp#27;[0m
      &amp#27;[31morg.openqa.selenium.TimeoutException: Expected condition failed: waiting for visibility of Proxy element for: DefaultElementLocator 'By.xpath: //h1[contains(text(),'Choose Trade Option')]' (tried for 20 second(s) with 500 milliseconds interval)
	at org.openqa.selenium.support.ui.WebDriverWait.timeoutException(WebDriverWait.java:87)
	at org.openqa.selenium.support.ui.FluentWait.until(FluentWait.java:231)
	at base.GenericFunctions.waitForElementToBeVisible(GenericFunctions.java:33)
	at pageObject.Upgrade_Registration_SignIn_page.verifyChooseTradeOption(Upgrade_Registration_SignIn_page.java:50)
	at stepDef.Upgrade_Registration_SignIn_steps.theUserCreatesAnNewProfileInUP(Upgrade_Registration_SignIn_steps.java:87)
	at ✽.the Upgrade user creates a new profile(file:///Users/manav/Documents/QATest/qa-automation-tests/src/test/java/features/Upgrade/desiredDownPayment.feature:6)
Caused by: org.openqa.selenium.NoSuchElementException: no such element: Unable to locate element: {"method":"xpath","selector":"//h1[contains(text(),'Choose Trade Option')]"}
  (Session info: chrome=105.0.5195.125)
For documentation on this error, please visit: https://selenium.dev/exceptions/#no_such_element
Build info: version: '4.4.0', revision: 'e5c75ed026a'
System info: host: 'SF-LAP-412.local', ip: 'fe80:0:0:0:eb:c8fe:5a40:5798%en0', os.name: 'Mac OS X', os.arch: 'aarch64', os.version: '12.6', java.version: '18.0.2.1'
Driver info: org.openqa.selenium.chrome.ChromeDriver
Command: [b1bab74d16e135567c5a5171a9803980, findElement {using=xpath, value=//h1[contains(text(),'Choose Trade Option')]}]
Capabilities {acceptInsecureCerts: false, browserName: chrome, browserVersion: 105.0.5195.125, chrome: {chromedriverVersion: 105.0.5195.52 (412c95e51883..., userDataDir: /var/folders/th/f4yf398x0lb...}, goog:chromeOptions: {debuggerAddress: localhost:56632}, networkConnectionEnabled: false, pageLoadStrategy: normal, platformName: MAC, proxy: Proxy(), se:cdp: ws://localhost:56632/devtoo..., se:cdpVersion: 105.0.5195.125, setWindowRect: true, strictFileInteractability: false, timeouts: {implicit: 0, pageLoad: 300000, script: 30000}, unhandledPromptBehavior: dismiss and notify, webauthn:extension:credBlob: true, webauthn:extension:largeBlob: true, webauthn:virtualAuthenticators: true}
Session ID: b1bab74d16e135567c5a5171a9803980
	at java.base/jdk.internal.reflect.DirectConstructorHandleAccessor.newInstance(DirectConstructorHandleAccessor.java:67)
	at java.base/java.lang.reflect.Constructor.newInstanceWithCaller(Constructor.java:499)
	at java.base/java.lang.reflect.Constructor.newInstance(Constructor.java:483)
	at org.openqa.selenium.remote.codec.w3c.W3CHttpResponseCodec.createException(W3CHttpResponseCodec.java:200)
	at org.openqa.selenium.remote.codec.w3c.W3CHttpResponseCodec.decode(W3CHttpResponseCodec.java:133)
	at org.openqa.selenium.remote.codec.w3c.W3CHttpResponseCodec.decode(W3CHttpResponseCodec.java:53)
	at org.openqa.selenium.remote.HttpCommandExecutor.execute(HttpCommandExecutor.java:184)
	at org.openqa.selenium.remote.service.DriverCommandExecutor.invokeExecute(DriverCommandExecutor.java:167)
	at org.openqa.selenium.remote.service.DriverCommandExecutor.execute(DriverCommandExecutor.java:142)
	at org.openqa.selenium.remote.RemoteWebDriver.execute(RemoteWebDriver.java:547)
	at org.openqa.selenium.remote.ElementLocation$ElementFinder$2.findElement(ElementLocation.java:162)
	at org.openqa.selenium.remote.ElementLocation.findElement(ElementLocation.java:60)
	at org.openqa.selenium.remote.RemoteWebDriver.findElement(RemoteWebDriver.java:365)
	at org.openqa.selenium.remote.RemoteWebDriver.findElement(RemoteWebDriver.java:357)
	at org.openqa.selenium.support.pagefactory.DefaultElementLocator.findElement(DefaultElementLocator.java:70)
	at org.openqa.selenium.support.pagefactory.internal.LocatingElementHandler.invoke(LocatingElementHandler.java:39)
	at jdk.proxy2/jdk.proxy2.$Proxy33.isDisplayed(Unknown Source)
	at org.openqa.selenium.support.ui.ExpectedConditions.elementIfVisible(ExpectedConditions.java:307)
	at org.openqa.selenium.support.ui.ExpectedConditions.access$000(ExpectedConditions.java:40)
	at org.openqa.selenium.support.ui.ExpectedConditions$10.apply(ExpectedConditions.java:293)
	at org.openqa.selenium.support.ui.ExpectedConditions$10.apply(ExpectedConditions.java:290)
	at org.openqa.selenium.support.ui.FluentWait.until(FluentWait.java:208)
	at base.GenericFunctions.waitForElementToBeVisible(GenericFunctions.java:33)
	at pageObject.Upgrade_Registration_SignIn_page.verifyChooseTradeOption(Upgrade_Registration_SignIn_page.java:50)
	at stepDef.Upgrade_Registration_SignIn_steps.theUserCreatesAnNewProfileInUP(Upgrade_Registration_SignIn_steps.java:87)
	at java.base/jdk.internal.reflect.DirectMethodHandleAccessor.invoke(DirectMethodHandleAccessor.java:104)
	at java.base/java.lang.reflect.Method.invoke(Method.java:577)
	at io.cucumber.java.Invoker.doInvoke(Invoker.java:66)
	at io.cucumber.java.Invoker.invoke(Invoker.java:24)
	at io.cucumber.java.AbstractGlueDefinition.invokeMethod(AbstractGlueDefinition.java:47)
	at io.cucumber.java.JavaStepDefinition.execute(JavaStepDefinition.java:29)
	at io.cucumber.core.runner.CoreStepDefinition.execute(CoreStepDefinition.java:66)
	at io.cucumber.core.runner.PickleStepDefinitionMatch.runStep(PickleStepDefinitionMatch.java:63)
	at io.cucumber.core.runner.ExecutionMode$1.execute(ExecutionMode.java:10)
	at io.cucumber.core.runner.TestStep.executeStep(TestStep.java:85)
	at io.cucumber.core.runner.TestStep.run(TestStep.java:57)
	at io.cucumber.core.runner.PickleStepTestStep.run(PickleStepTestStep.java:51)
	at io.cucumber.core.runner.TestCase.run(TestCase.java:84)
	at io.cucumber.core.runner.Runner.runPickle(Runner.java:75)
	at io.cucumber.testng.TestNGCucumberRunner.lambda$runScenario$1(TestNGCucumberRunner.java:132)
	at io.cucumber.core.runtime.CucumberExecutionContext.lambda$runTestCase$5(CucumberExecutionContext.java:129)
	at io.cucumber.core.runtime.RethrowingThrowableCollector.executeAndThrow(RethrowingThrowableCollector.java:23)
	at io.cucumber.core.runtime.CucumberExecutionContext.runTestCase(CucumberExecutionContext.java:129)
	at io.cucumber.testng.TestNGCucumberRunner.runScenario(TestNGCucumberRunner.java:129)
	at io.cucumber.testng.AbstractTestNGCucumberTests.runScenario(AbstractTestNGCucumberTests.java:35)
	at java.base/jdk.internal.reflect.DirectMethodHandleAccessor.invoke(DirectMethodHandleAccessor.java:104)
	at java.base/java.lang.reflect.Method.invoke(Method.java:577)
	at org.testng.internal.invokers.MethodInvocationHelper.invokeMethod(MethodInvocationHelper.java:139)
	at org.testng.internal.invokers.TestInvoker.invokeMethod(TestInvoker.java:677)
	at org.testng.internal.invokers.TestInvoker.invokeTestMethod(TestInvoker.java:221)
	at org.testng.internal.invokers.TestMethodWithDataProviderMethodWorker.call(TestMethodWithDataProviderMethodWorker.java:80)
	at org.testng.internal.invokers.TestMethodWithDataProviderMethodWorker.call(TestMethodWithDataProviderMethodWorker.java:17)
	at java.base/java.util.concurrent.FutureTask.run(FutureTask.java:264)
	at java.base/java.util.concurrent.Executors$RunnableAdapter.call(Executors.java:539)
	at java.base/java.util.concurrent.FutureTask.run(FutureTask.java:264)
	at java.base/java.util.concurrent.ThreadPoolExecutor.runWorker(ThreadPoolExecutor.java:1136)
	at java.base/java.util.concurrent.ThreadPoolExecutor$Worker.run(ThreadPoolExecutor.java:635)
	at java.base/java.lang.Thread.run(Thread.java:833)
&amp#27;[0m
  &amp#27;[36mAnd &amp#27;[0m&amp#27;[36mthe Upgrade user clicks on shop new cars to navigate to the offer details page&amp#27;[0m  &amp#27;[90m# stepDef.Upgrade_Contact_Dealer_steps.theUpgradeUserClicksOnShopNewCarsToNavigateToOfferDetailsPage()&amp#27;[0m
  &amp#27;[36mAnd &amp#27;[0m&amp#27;[36mthe Upgrade user switches to the Finance tab&amp#27;[0m                                    &amp#27;[90m# stepDef.Upgrade_Trades_steps.theUpgradeUserSwitchToFinanceTab()&amp#27;[0m
  &amp#27;[36mAnd &amp#27;[0m&amp#27;[36mthe Upgrade user notes the current finance information&amp#27;[0m                          &amp#27;[90m# stepDef.Upgrade_Down_Payment_steps.theUpgradeUserNotesTheCurrentFinanceInformation()&amp#27;[0m
  &amp#27;[36mAnd &amp#27;[0m&amp#27;[36mthe Upgrade user changes the down payment for finance to &amp#27;[0m&amp#27;[36m&amp#27;[1m"0"&amp#27;[0m                    &amp#27;[90m# stepDef.Upgrade_Down_Payment_steps.theUpgradeUserChangesTheDownPaymentForFinanceTo(java.lang.String)&amp#27;[0m
  &amp#27;[36mThen &amp#27;[0m&amp#27;[36mthe Upgrade user verifies the finance information has updated&amp#27;[0m                  &amp#27;[90m# stepDef.Upgrade_Down_Payment_steps.theUpgradeUserVerifiesTheFinanceInformationHasUpdated()&amp#27;[0m
  &amp#27;[36mWhen &amp#27;[0m&amp#27;[36mthe Upgrade user clicks save and confirms the save&amp#27;[0m                             &amp#27;[90m# stepDef.Upgrade_Down_Payment_steps.theUpgradeUserClicksSaveAndConfirmsTheSave()&amp#27;[0m
  &amp#27;[36mAnd &amp#27;[0m&amp#27;[36mthe Upgrade user clicks on my garage from the hamburger menu&amp#27;[0m                    &amp#27;[90m# stepDef.Upgrade_Appointment_steps.theUserClicksOnMyGarageFromHamburgerMenu()&amp#27;[0m
  &amp#27;[36mAnd &amp#27;[0m&amp#27;[36mthe Upgrade user clicks the View Deal button&amp#27;[0m                                    &amp#27;[90m# stepDef.Upgrade_Down_Payment_steps.theUpgradeUserClicksTheViewDealButton()&amp#27;[0m
  &amp#27;[36mThen &amp#27;[0m&amp#27;[36mthe deal page still has the updated information&amp#27;[0m                                &amp#27;[90m# stepDef.CSE_Garage_Saved_Deals_steps.theDealPageStillHasTheUpdatedInformation()&amp#27;[0m

    Embedding Ensure the Upgrade user can set finance down payment to $0 on Financial Tab [image/png 156244 bytes]

]]></system-out>
    <system-err><![CDATA[ChromeDriver was started successfully.
Sep 28, 2022 7:53:37 PM org.openqa.selenium.remote.ProtocolHandshake createSession
INFO: Detected upstream dialect: W3C
Sep 28, 2022 7:53:37 PM org.openqa.selenium.devtools.CdpVersionFinder findNearestMatch
WARNING: Unable to find an exact match for CDP version 105, so returning the closest version found: 104
Sep 28, 2022 7:53:37 PM org.openqa.selenium.devtools.CdpVersionFinder findNearestMatch
INFO: Found CDP implementation for version 105 of 104
]]></system-err>
  </testcase>
  <testcase name="runScenario" classname="RunCucumberTest" time="70.073">
    <failure message="Expected condition failed: waiting for visibility of Proxy element for: DefaultElementLocator &apos;By.xpath: //h1[contains(text(),&apos;Choose Trade Option&apos;)]&apos; (tried for 20 second(s) with 500 milliseconds interval)" type="org.openqa.selenium.TimeoutException">org.openqa.selenium.TimeoutException: Expected condition failed: waiting for visibility of Proxy element for: DefaultElementLocator 'By.xpath: //h1[contains(text(),'Choose Trade Option')]' (tried for 20 second(s) with 500 milliseconds interval)
Caused by: org.openqa.selenium.NoSuchElementException: 
no such element: Unable to locate element: {"method":"xpath","selector":"//h1[contains(text(),'Choose Trade Option')]"}
  (Session info: chrome=105.0.5195.125)
For documentation on this error, please visit: https://selenium.dev/exceptions/#no_such_element
Build info: version: '4.4.0', revision: 'e5c75ed026a'
System info: host: 'SF-LAP-412.local', ip: 'fe80:0:0:0:eb:c8fe:5a40:5798%en0', os.name: 'Mac OS X', os.arch: 'aarch64', os.version: '12.6', java.version: '18.0.2.1'
Driver info: org.openqa.selenium.chrome.ChromeDriver
Command: [415adbb265759a1e1b99ab2191274298, findElement {using=xpath, value=//h1[contains(text(),'Choose Trade Option')]}]
Capabilities {acceptInsecureCerts: false, browserName: chrome, browserVersion: 105.0.5195.125, chrome: {chromedriverVersion: 105.0.5195.52 (412c95e51883..., userDataDir: /var/folders/th/f4yf398x0lb...}, goog:chromeOptions: {debuggerAddress: localhost:56977}, networkConnectionEnabled: false, pageLoadStrategy: normal, platformName: MAC, proxy: Proxy(), se:cdp: ws://localhost:56977/devtoo..., se:cdpVersion: 105.0.5195.125, setWindowRect: true, strictFileInteractability: false, timeouts: {implicit: 0, pageLoad: 300000, script: 30000}, unhandledPromptBehavior: dismiss and notify, webauthn:extension:credBlob: true, webauthn:extension:largeBlob: true, webauthn:virtualAuthenticators: true}
Session ID: 415adbb265759a1e1b99ab2191274298
</failure>
    <system-out><![CDATA[
@UP @UP_garage @down_Payment @regression @smoke
Scenario: Ensure the Upgrade user can see adjusted financing down payment after refreshing the page &amp#27;[90m# src/test/java/features/Upgrade/desiredDownPayment.feature:32&amp#27;[0m
  &amp#27;[32mGiven &amp#27;[0m&amp#27;[32mthe Upgrade user navigates to the homepage&amp#27;[0m                                                  &amp#27;[90m# stepDef.Upgrade_Registration_SignIn_steps.theUserNavigatesToTheUpgradeHomePage()&amp#27;[0m
  &amp#27;[32mAnd &amp#27;[0m&amp#27;[32mthe Upgrade user clicks on the &amp#27;[0m&amp#27;[32m&amp#27;[1m"Sign in here"&amp#27;[0m&amp#27;[32m link from the top nav&amp#27;[0m                           &amp#27;[90m# stepDef.Upgrade_Registration_SignIn_steps.theUpgradeUserClicksOnTheLinkFromTheTopNav(java.lang.String)&amp#27;[0m
  &amp#27;[31mAnd &amp#27;[0m&amp#27;[31mthe Upgrade user creates a new profile&amp#27;[0m                                                        &amp#27;[90m# stepDef.Upgrade_Registration_SignIn_steps.theUserCreatesAnNewProfileInUP()&amp#27;[0m
      &amp#27;[31morg.openqa.selenium.TimeoutException: Expected condition failed: waiting for visibility of Proxy element for: DefaultElementLocator 'By.xpath: //h1[contains(text(),'Choose Trade Option')]' (tried for 20 second(s) with 500 milliseconds interval)
	at org.openqa.selenium.support.ui.WebDriverWait.timeoutException(WebDriverWait.java:87)
	at org.openqa.selenium.support.ui.FluentWait.until(FluentWait.java:231)
	at base.GenericFunctions.waitForElementToBeVisible(GenericFunctions.java:33)
	at pageObject.Upgrade_Registration_SignIn_page.verifyChooseTradeOption(Upgrade_Registration_SignIn_page.java:50)
	at stepDef.Upgrade_Registration_SignIn_steps.theUserCreatesAnNewProfileInUP(Upgrade_Registration_SignIn_steps.java:87)
	at ✽.the Upgrade user creates a new profile(file:///Users/manav/Documents/QATest/qa-automation-tests/src/test/java/features/Upgrade/desiredDownPayment.feature:6)
Caused by: org.openqa.selenium.NoSuchElementException: no such element: Unable to locate element: {"method":"xpath","selector":"//h1[contains(text(),'Choose Trade Option')]"}
  (Session info: chrome=105.0.5195.125)
For documentation on this error, please visit: https://selenium.dev/exceptions/#no_such_element
Build info: version: '4.4.0', revision: 'e5c75ed026a'
System info: host: 'SF-LAP-412.local', ip: 'fe80:0:0:0:eb:c8fe:5a40:5798%en0', os.name: 'Mac OS X', os.arch: 'aarch64', os.version: '12.6', java.version: '18.0.2.1'
Driver info: org.openqa.selenium.chrome.ChromeDriver
Command: [415adbb265759a1e1b99ab2191274298, findElement {using=xpath, value=//h1[contains(text(),'Choose Trade Option')]}]
Capabilities {acceptInsecureCerts: false, browserName: chrome, browserVersion: 105.0.5195.125, chrome: {chromedriverVersion: 105.0.5195.52 (412c95e51883..., userDataDir: /var/folders/th/f4yf398x0lb...}, goog:chromeOptions: {debuggerAddress: localhost:56977}, networkConnectionEnabled: false, pageLoadStrategy: normal, platformName: MAC, proxy: Proxy(), se:cdp: ws://localhost:56977/devtoo..., se:cdpVersion: 105.0.5195.125, setWindowRect: true, strictFileInteractability: false, timeouts: {implicit: 0, pageLoad: 300000, script: 30000}, unhandledPromptBehavior: dismiss and notify, webauthn:extension:credBlob: true, webauthn:extension:largeBlob: true, webauthn:virtualAuthenticators: true}
Session ID: 415adbb265759a1e1b99ab2191274298
	at java.base/jdk.internal.reflect.DirectConstructorHandleAccessor.newInstance(DirectConstructorHandleAccessor.java:67)
	at java.base/java.lang.reflect.Constructor.newInstanceWithCaller(Constructor.java:499)
	at java.base/java.lang.reflect.Constructor.newInstance(Constructor.java:483)
	at org.openqa.selenium.remote.codec.w3c.W3CHttpResponseCodec.createException(W3CHttpResponseCodec.java:200)
	at org.openqa.selenium.remote.codec.w3c.W3CHttpResponseCodec.decode(W3CHttpResponseCodec.java:133)
	at org.openqa.selenium.remote.codec.w3c.W3CHttpResponseCodec.decode(W3CHttpResponseCodec.java:53)
	at org.openqa.selenium.remote.HttpCommandExecutor.execute(HttpCommandExecutor.java:184)
	at org.openqa.selenium.remote.service.DriverCommandExecutor.invokeExecute(DriverCommandExecutor.java:167)
	at org.openqa.selenium.remote.service.DriverCommandExecutor.execute(DriverCommandExecutor.java:142)
	at org.openqa.selenium.remote.RemoteWebDriver.execute(RemoteWebDriver.java:547)
	at org.openqa.selenium.remote.ElementLocation$ElementFinder$2.findElement(ElementLocation.java:162)
	at org.openqa.selenium.remote.ElementLocation.findElement(ElementLocation.java:60)
	at org.openqa.selenium.remote.RemoteWebDriver.findElement(RemoteWebDriver.java:365)
	at org.openqa.selenium.remote.RemoteWebDriver.findElement(RemoteWebDriver.java:357)
	at org.openqa.selenium.support.pagefactory.DefaultElementLocator.findElement(DefaultElementLocator.java:70)
	at org.openqa.selenium.support.pagefactory.internal.LocatingElementHandler.invoke(LocatingElementHandler.java:39)
	at jdk.proxy2/jdk.proxy2.$Proxy33.isDisplayed(Unknown Source)
	at org.openqa.selenium.support.ui.ExpectedConditions.elementIfVisible(ExpectedConditions.java:307)
	at org.openqa.selenium.support.ui.ExpectedConditions.access$000(ExpectedConditions.java:40)
	at org.openqa.selenium.support.ui.ExpectedConditions$10.apply(ExpectedConditions.java:293)
	at org.openqa.selenium.support.ui.ExpectedConditions$10.apply(ExpectedConditions.java:290)
	at org.openqa.selenium.support.ui.FluentWait.until(FluentWait.java:208)
	at base.GenericFunctions.waitForElementToBeVisible(GenericFunctions.java:33)
	at pageObject.Upgrade_Registration_SignIn_page.verifyChooseTradeOption(Upgrade_Registration_SignIn_page.java:50)
	at stepDef.Upgrade_Registration_SignIn_steps.theUserCreatesAnNewProfileInUP(Upgrade_Registration_SignIn_steps.java:87)
	at java.base/jdk.internal.reflect.DirectMethodHandleAccessor.invoke(DirectMethodHandleAccessor.java:104)
	at java.base/java.lang.reflect.Method.invoke(Method.java:577)
	at io.cucumber.java.Invoker.doInvoke(Invoker.java:66)
	at io.cucumber.java.Invoker.invoke(Invoker.java:24)
	at io.cucumber.java.AbstractGlueDefinition.invokeMethod(AbstractGlueDefinition.java:47)
	at io.cucumber.java.JavaStepDefinition.execute(JavaStepDefinition.java:29)
	at io.cucumber.core.runner.CoreStepDefinition.execute(CoreStepDefinition.java:66)
	at io.cucumber.core.runner.PickleStepDefinitionMatch.runStep(PickleStepDefinitionMatch.java:63)
	at io.cucumber.core.runner.ExecutionMode$1.execute(ExecutionMode.java:10)
	at io.cucumber.core.runner.TestStep.executeStep(TestStep.java:85)
	at io.cucumber.core.runner.TestStep.run(TestStep.java:57)
	at io.cucumber.core.runner.PickleStepTestStep.run(PickleStepTestStep.java:51)
	at io.cucumber.core.runner.TestCase.run(TestCase.java:84)
	at io.cucumber.core.runner.Runner.runPickle(Runner.java:75)
	at io.cucumber.testng.TestNGCucumberRunner.lambda$runScenario$1(TestNGCucumberRunner.java:132)
	at io.cucumber.core.runtime.CucumberExecutionContext.lambda$runTestCase$5(CucumberExecutionContext.java:129)
	at io.cucumber.core.runtime.RethrowingThrowableCollector.executeAndThrow(RethrowingThrowableCollector.java:23)
	at io.cucumber.core.runtime.CucumberExecutionContext.runTestCase(CucumberExecutionContext.java:129)
	at io.cucumber.testng.TestNGCucumberRunner.runScenario(TestNGCucumberRunner.java:129)
	at io.cucumber.testng.AbstractTestNGCucumberTests.runScenario(AbstractTestNGCucumberTests.java:35)
	at java.base/jdk.internal.reflect.DirectMethodHandleAccessor.invoke(DirectMethodHandleAccessor.java:104)
	at java.base/java.lang.reflect.Method.invoke(Method.java:577)
	at org.testng.internal.invokers.MethodInvocationHelper.invokeMethod(MethodInvocationHelper.java:139)
	at org.testng.internal.invokers.TestInvoker.invokeMethod(TestInvoker.java:677)
	at org.testng.internal.invokers.TestInvoker.invokeTestMethod(TestInvoker.java:221)
	at org.testng.internal.invokers.TestMethodWithDataProviderMethodWorker.call(TestMethodWithDataProviderMethodWorker.java:80)
	at org.testng.internal.invokers.TestMethodWithDataProviderMethodWorker.call(TestMethodWithDataProviderMethodWorker.java:17)
	at java.base/java.util.concurrent.FutureTask.run(FutureTask.java:264)
	at java.base/java.util.concurrent.Executors$RunnableAdapter.call(Executors.java:539)
	at java.base/java.util.concurrent.FutureTask.run(FutureTask.java:264)
	at java.base/java.util.concurrent.ThreadPoolExecutor.runWorker(ThreadPoolExecutor.java:1136)
	at java.base/java.util.concurrent.ThreadPoolExecutor$Worker.run(ThreadPoolExecutor.java:635)
	at java.base/java.lang.Thread.run(Thread.java:833)
&amp#27;[0m
  &amp#27;[36mAnd &amp#27;[0m&amp#27;[36mthe Upgrade user clicks on shop new cars to navigate to the offer details page&amp#27;[0m                &amp#27;[90m# stepDef.Upgrade_Contact_Dealer_steps.theUpgradeUserClicksOnShopNewCarsToNavigateToOfferDetailsPage()&amp#27;[0m
  &amp#27;[36mAnd &amp#27;[0m&amp#27;[36mthe Upgrade user switches to the Finance tab&amp#27;[0m                                                  &amp#27;[90m# stepDef.Upgrade_Trades_steps.theUpgradeUserSwitchToFinanceTab()&amp#27;[0m
  &amp#27;[36mAnd &amp#27;[0m&amp#27;[36mthe Upgrade user notes the current finance information&amp#27;[0m                                        &amp#27;[90m# stepDef.Upgrade_Down_Payment_steps.theUpgradeUserNotesTheCurrentFinanceInformation()&amp#27;[0m
  &amp#27;[36mAnd &amp#27;[0m&amp#27;[36mthe Upgrade user changes the down payment for finance to &amp#27;[0m&amp#27;[36m&amp#27;[1m"1500"&amp#27;[0m                               &amp#27;[90m# stepDef.Upgrade_Down_Payment_steps.theUpgradeUserChangesTheDownPaymentForFinanceTo(java.lang.String)&amp#27;[0m
  &amp#27;[36mThen &amp#27;[0m&amp#27;[36mthe Upgrade user verifies the finance information has updated&amp#27;[0m                                &amp#27;[90m# stepDef.Upgrade_Down_Payment_steps.theUpgradeUserVerifiesTheFinanceInformationHasUpdated()&amp#27;[0m
  &amp#27;[36mWhen &amp#27;[0m&amp#27;[36mthe Upgrade user clicks save and confirms the save&amp#27;[0m                                           &amp#27;[90m# stepDef.Upgrade_Down_Payment_steps.theUpgradeUserClicksSaveAndConfirmsTheSave()&amp#27;[0m
  &amp#27;[36mAnd &amp#27;[0m&amp#27;[36mthe Upgrade user refreshes the page&amp#27;[0m                                                           &amp#27;[90m# stepDef.Upgrade_Down_Payment_steps.theUpgradeUserRefreshesThePage()&amp#27;[0m
  &amp#27;[36mThen &amp#27;[0m&amp#27;[36mthe deal page still has the updated information&amp#27;[0m                                              &amp#27;[90m# stepDef.CSE_Garage_Saved_Deals_steps.theDealPageStillHasTheUpdatedInformation()&amp#27;[0m

    Embedding Ensure the Upgrade user can see adjusted financing down payment after refreshing the page [image/png 156244 bytes]

]]></system-out>
    <system-err><![CDATA[ChromeDriver was started successfully.
Sep 28, 2022 7:54:47 PM org.openqa.selenium.remote.ProtocolHandshake createSession
INFO: Detected upstream dialect: W3C
Sep 28, 2022 7:54:47 PM org.openqa.selenium.devtools.CdpVersionFinder findNearestMatch
WARNING: Unable to find an exact match for CDP version 105, so returning the closest version found: 104
Sep 28, 2022 7:54:47 PM org.openqa.selenium.devtools.CdpVersionFinder findNearestMatch
INFO: Found CDP implementation for version 105 of 104
]]></system-err>
  </testcase>
  <testcase name="runScenario" classname="RunCucumberTest" time="68.897">
    <failure message="Expected condition failed: waiting for visibility of Proxy element for: DefaultElementLocator &apos;By.xpath: //h1[contains(text(),&apos;Choose Trade Option&apos;)]&apos; (tried for 20 second(s) with 500 milliseconds interval)" type="org.openqa.selenium.TimeoutException">org.openqa.selenium.TimeoutException: Expected condition failed: waiting for visibility of Proxy element for: DefaultElementLocator 'By.xpath: //h1[contains(text(),'Choose Trade Option')]' (tried for 20 second(s) with 500 milliseconds interval)
Caused by: org.openqa.selenium.NoSuchElementException: 
no such element: Unable to locate element: {"method":"xpath","selector":"//h1[contains(text(),'Choose Trade Option')]"}
  (Session info: chrome=105.0.5195.125)
For documentation on this error, please visit: https://selenium.dev/exceptions/#no_such_element
Build info: version: '4.4.0', revision: 'e5c75ed026a'
System info: host: 'SF-LAP-412.local', ip: 'fe80:0:0:0:eb:c8fe:5a40:5798%en0', os.name: 'Mac OS X', os.arch: 'aarch64', os.version: '12.6', java.version: '18.0.2.1'
Driver info: org.openqa.selenium.chrome.ChromeDriver
Command: [49cdfca405e7685f6666a86b24b1b08d, findElement {using=xpath, value=//h1[contains(text(),'Choose Trade Option')]}]
Capabilities {acceptInsecureCerts: false, browserName: chrome, browserVersion: 105.0.5195.125, chrome: {chromedriverVersion: 105.0.5195.52 (412c95e51883..., userDataDir: /var/folders/th/f4yf398x0lb...}, goog:chromeOptions: {debuggerAddress: localhost:57313}, networkConnectionEnabled: false, pageLoadStrategy: normal, platformName: MAC, proxy: Proxy(), se:cdp: ws://localhost:57313/devtoo..., se:cdpVersion: 105.0.5195.125, setWindowRect: true, strictFileInteractability: false, timeouts: {implicit: 0, pageLoad: 300000, script: 30000}, unhandledPromptBehavior: dismiss and notify, webauthn:extension:credBlob: true, webauthn:extension:largeBlob: true, webauthn:virtualAuthenticators: true}
Session ID: 49cdfca405e7685f6666a86b24b1b08d
</failure>
    <system-out><![CDATA[
@UP @UP_garage @down_Payment @regression @smoke
Scenario: Ensure the Upgrade user can see adjusted financing down payment after switching tabs &amp#27;[90m# src/test/java/features/Upgrade/desiredDownPayment.feature:42&amp#27;[0m
  &amp#27;[32mGiven &amp#27;[0m&amp#27;[32mthe Upgrade user navigates to the homepage&amp#27;[0m                                             &amp#27;[90m# stepDef.Upgrade_Registration_SignIn_steps.theUserNavigatesToTheUpgradeHomePage()&amp#27;[0m
  &amp#27;[32mAnd &amp#27;[0m&amp#27;[32mthe Upgrade user clicks on the &amp#27;[0m&amp#27;[32m&amp#27;[1m"Sign in here"&amp#27;[0m&amp#27;[32m link from the top nav&amp#27;[0m                      &amp#27;[90m# stepDef.Upgrade_Registration_SignIn_steps.theUpgradeUserClicksOnTheLinkFromTheTopNav(java.lang.String)&amp#27;[0m
  &amp#27;[31mAnd &amp#27;[0m&amp#27;[31mthe Upgrade user creates a new profile&amp#27;[0m                                                   &amp#27;[90m# stepDef.Upgrade_Registration_SignIn_steps.theUserCreatesAnNewProfileInUP()&amp#27;[0m
      &amp#27;[31morg.openqa.selenium.TimeoutException: Expected condition failed: waiting for visibility of Proxy element for: DefaultElementLocator 'By.xpath: //h1[contains(text(),'Choose Trade Option')]' (tried for 20 second(s) with 500 milliseconds interval)
	at org.openqa.selenium.support.ui.WebDriverWait.timeoutException(WebDriverWait.java:87)
	at org.openqa.selenium.support.ui.FluentWait.until(FluentWait.java:231)
	at base.GenericFunctions.waitForElementToBeVisible(GenericFunctions.java:33)
	at pageObject.Upgrade_Registration_SignIn_page.verifyChooseTradeOption(Upgrade_Registration_SignIn_page.java:50)
	at stepDef.Upgrade_Registration_SignIn_steps.theUserCreatesAnNewProfileInUP(Upgrade_Registration_SignIn_steps.java:87)
	at ✽.the Upgrade user creates a new profile(file:///Users/manav/Documents/QATest/qa-automation-tests/src/test/java/features/Upgrade/desiredDownPayment.feature:6)
Caused by: org.openqa.selenium.NoSuchElementException: no such element: Unable to locate element: {"method":"xpath","selector":"//h1[contains(text(),'Choose Trade Option')]"}
  (Session info: chrome=105.0.5195.125)
For documentation on this error, please visit: https://selenium.dev/exceptions/#no_such_element
Build info: version: '4.4.0', revision: 'e5c75ed026a'
System info: host: 'SF-LAP-412.local', ip: 'fe80:0:0:0:eb:c8fe:5a40:5798%en0', os.name: 'Mac OS X', os.arch: 'aarch64', os.version: '12.6', java.version: '18.0.2.1'
Driver info: org.openqa.selenium.chrome.ChromeDriver
Command: [49cdfca405e7685f6666a86b24b1b08d, findElement {using=xpath, value=//h1[contains(text(),'Choose Trade Option')]}]
Capabilities {acceptInsecureCerts: false, browserName: chrome, browserVersion: 105.0.5195.125, chrome: {chromedriverVersion: 105.0.5195.52 (412c95e51883..., userDataDir: /var/folders/th/f4yf398x0lb...}, goog:chromeOptions: {debuggerAddress: localhost:57313}, networkConnectionEnabled: false, pageLoadStrategy: normal, platformName: MAC, proxy: Proxy(), se:cdp: ws://localhost:57313/devtoo..., se:cdpVersion: 105.0.5195.125, setWindowRect: true, strictFileInteractability: false, timeouts: {implicit: 0, pageLoad: 300000, script: 30000}, unhandledPromptBehavior: dismiss and notify, webauthn:extension:credBlob: true, webauthn:extension:largeBlob: true, webauthn:virtualAuthenticators: true}
Session ID: 49cdfca405e7685f6666a86b24b1b08d
	at java.base/jdk.internal.reflect.DirectConstructorHandleAccessor.newInstance(DirectConstructorHandleAccessor.java:67)
	at java.base/java.lang.reflect.Constructor.newInstanceWithCaller(Constructor.java:499)
	at java.base/java.lang.reflect.Constructor.newInstance(Constructor.java:483)
	at org.openqa.selenium.remote.codec.w3c.W3CHttpResponseCodec.createException(W3CHttpResponseCodec.java:200)
	at org.openqa.selenium.remote.codec.w3c.W3CHttpResponseCodec.decode(W3CHttpResponseCodec.java:133)
	at org.openqa.selenium.remote.codec.w3c.W3CHttpResponseCodec.decode(W3CHttpResponseCodec.java:53)
	at org.openqa.selenium.remote.HttpCommandExecutor.execute(HttpCommandExecutor.java:184)
	at org.openqa.selenium.remote.service.DriverCommandExecutor.invokeExecute(DriverCommandExecutor.java:167)
	at org.openqa.selenium.remote.service.DriverCommandExecutor.execute(DriverCommandExecutor.java:142)
	at org.openqa.selenium.remote.RemoteWebDriver.execute(RemoteWebDriver.java:547)
	at org.openqa.selenium.remote.ElementLocation$ElementFinder$2.findElement(ElementLocation.java:162)
	at org.openqa.selenium.remote.ElementLocation.findElement(ElementLocation.java:60)
	at org.openqa.selenium.remote.RemoteWebDriver.findElement(RemoteWebDriver.java:365)
	at org.openqa.selenium.remote.RemoteWebDriver.findElement(RemoteWebDriver.java:357)
	at org.openqa.selenium.support.pagefactory.DefaultElementLocator.findElement(DefaultElementLocator.java:70)
	at org.openqa.selenium.support.pagefactory.internal.LocatingElementHandler.invoke(LocatingElementHandler.java:39)
	at jdk.proxy2/jdk.proxy2.$Proxy33.isDisplayed(Unknown Source)
	at org.openqa.selenium.support.ui.ExpectedConditions.elementIfVisible(ExpectedConditions.java:307)
	at org.openqa.selenium.support.ui.ExpectedConditions.access$000(ExpectedConditions.java:40)
	at org.openqa.selenium.support.ui.ExpectedConditions$10.apply(ExpectedConditions.java:293)
	at org.openqa.selenium.support.ui.ExpectedConditions$10.apply(ExpectedConditions.java:290)
	at org.openqa.selenium.support.ui.FluentWait.until(FluentWait.java:208)
	at base.GenericFunctions.waitForElementToBeVisible(GenericFunctions.java:33)
	at pageObject.Upgrade_Registration_SignIn_page.verifyChooseTradeOption(Upgrade_Registration_SignIn_page.java:50)
	at stepDef.Upgrade_Registration_SignIn_steps.theUserCreatesAnNewProfileInUP(Upgrade_Registration_SignIn_steps.java:87)
	at java.base/jdk.internal.reflect.DirectMethodHandleAccessor.invoke(DirectMethodHandleAccessor.java:104)
	at java.base/java.lang.reflect.Method.invoke(Method.java:577)
	at io.cucumber.java.Invoker.doInvoke(Invoker.java:66)
	at io.cucumber.java.Invoker.invoke(Invoker.java:24)
	at io.cucumber.java.AbstractGlueDefinition.invokeMethod(AbstractGlueDefinition.java:47)
	at io.cucumber.java.JavaStepDefinition.execute(JavaStepDefinition.java:29)
	at io.cucumber.core.runner.CoreStepDefinition.execute(CoreStepDefinition.java:66)
	at io.cucumber.core.runner.PickleStepDefinitionMatch.runStep(PickleStepDefinitionMatch.java:63)
	at io.cucumber.core.runner.ExecutionMode$1.execute(ExecutionMode.java:10)
	at io.cucumber.core.runner.TestStep.executeStep(TestStep.java:85)
	at io.cucumber.core.runner.TestStep.run(TestStep.java:57)
	at io.cucumber.core.runner.PickleStepTestStep.run(PickleStepTestStep.java:51)
	at io.cucumber.core.runner.TestCase.run(TestCase.java:84)
	at io.cucumber.core.runner.Runner.runPickle(Runner.java:75)
	at io.cucumber.testng.TestNGCucumberRunner.lambda$runScenario$1(TestNGCucumberRunner.java:132)
	at io.cucumber.core.runtime.CucumberExecutionContext.lambda$runTestCase$5(CucumberExecutionContext.java:129)
	at io.cucumber.core.runtime.RethrowingThrowableCollector.executeAndThrow(RethrowingThrowableCollector.java:23)
	at io.cucumber.core.runtime.CucumberExecutionContext.runTestCase(CucumberExecutionContext.java:129)
	at io.cucumber.testng.TestNGCucumberRunner.runScenario(TestNGCucumberRunner.java:129)
	at io.cucumber.testng.AbstractTestNGCucumberTests.runScenario(AbstractTestNGCucumberTests.java:35)
	at java.base/jdk.internal.reflect.DirectMethodHandleAccessor.invoke(DirectMethodHandleAccessor.java:104)
	at java.base/java.lang.reflect.Method.invoke(Method.java:577)
	at org.testng.internal.invokers.MethodInvocationHelper.invokeMethod(MethodInvocationHelper.java:139)
	at org.testng.internal.invokers.TestInvoker.invokeMethod(TestInvoker.java:677)
	at org.testng.internal.invokers.TestInvoker.invokeTestMethod(TestInvoker.java:221)
	at org.testng.internal.invokers.TestMethodWithDataProviderMethodWorker.call(TestMethodWithDataProviderMethodWorker.java:80)
	at org.testng.internal.invokers.TestMethodWithDataProviderMethodWorker.call(TestMethodWithDataProviderMethodWorker.java:17)
	at java.base/java.util.concurrent.FutureTask.run(FutureTask.java:264)
	at java.base/java.util.concurrent.Executors$RunnableAdapter.call(Executors.java:539)
	at java.base/java.util.concurrent.FutureTask.run(FutureTask.java:264)
	at java.base/java.util.concurrent.ThreadPoolExecutor.runWorker(ThreadPoolExecutor.java:1136)
	at java.base/java.util.concurrent.ThreadPoolExecutor$Worker.run(ThreadPoolExecutor.java:635)
	at java.base/java.lang.Thread.run(Thread.java:833)
&amp#27;[0m
  &amp#27;[36mAnd &amp#27;[0m&amp#27;[36mthe Upgrade user clicks on shop new cars to navigate to the offer details page&amp#27;[0m           &amp#27;[90m# stepDef.Upgrade_Contact_Dealer_steps.theUpgradeUserClicksOnShopNewCarsToNavigateToOfferDetailsPage()&amp#27;[0m
  &amp#27;[36mAnd &amp#27;[0m&amp#27;[36mthe Upgrade user switches to the Finance tab&amp#27;[0m                                             &amp#27;[90m# stepDef.Upgrade_Trades_steps.theUpgradeUserSwitchToFinanceTab()&amp#27;[0m
  &amp#27;[36mAnd &amp#27;[0m&amp#27;[36mthe Upgrade user notes the current finance information&amp#27;[0m                                   &amp#27;[90m# stepDef.Upgrade_Down_Payment_steps.theUpgradeUserNotesTheCurrentFinanceInformation()&amp#27;[0m
  &amp#27;[36mAnd &amp#27;[0m&amp#27;[36mthe Upgrade user changes the down payment for finance to &amp#27;[0m&amp#27;[36m&amp#27;[1m"1200"&amp#27;[0m                          &amp#27;[90m# stepDef.Upgrade_Down_Payment_steps.theUpgradeUserChangesTheDownPaymentForFinanceTo(java.lang.String)&amp#27;[0m
  &amp#27;[36mThen &amp#27;[0m&amp#27;[36mthe Upgrade user verifies the finance information has updated&amp#27;[0m                           &amp#27;[90m# stepDef.Upgrade_Down_Payment_steps.theUpgradeUserVerifiesTheFinanceInformationHasUpdated()&amp#27;[0m
  &amp#27;[36mWhen &amp#27;[0m&amp#27;[36mthe Upgrade user clicks save and confirms the save&amp#27;[0m                                      &amp#27;[90m# stepDef.Upgrade_Down_Payment_steps.theUpgradeUserClicksSaveAndConfirmsTheSave()&amp#27;[0m
  &amp#27;[36mAnd &amp#27;[0m&amp#27;[36mthe Upgrade user switches to the Lease tab&amp#27;[0m                                               &amp#27;[90m# stepDef.Upgrade_SavedDeals_steps.theUpgradeUserSwitchesToTheLeaseTab()&amp#27;[0m
  &amp#27;[36mAnd &amp#27;[0m&amp#27;[36mthe Upgrade user switches to the Finance tab&amp#27;[0m                                             &amp#27;[90m# stepDef.Upgrade_Trades_steps.theUpgradeUserSwitchToFinanceTab()&amp#27;[0m
  &amp#27;[36mThen &amp#27;[0m&amp#27;[36mthe deal page still has the updated information&amp#27;[0m                                         &amp#27;[90m# stepDef.CSE_Garage_Saved_Deals_steps.theDealPageStillHasTheUpdatedInformation()&amp#27;[0m
  &amp#27;[36mWhen &amp#27;[0m&amp#27;[36mthe Upgrade user switches to the Cash tab&amp#27;[0m                                               &amp#27;[90m# stepDef.Upgrade_SavedDeals_steps.theUpgradeUserSwitchesToTheCashTab()&amp#27;[0m
  &amp#27;[36mAnd &amp#27;[0m&amp#27;[36mthe Upgrade user switches to the Finance tab&amp#27;[0m                                             &amp#27;[90m# stepDef.Upgrade_Trades_steps.theUpgradeUserSwitchToFinanceTab()&amp#27;[0m
  &amp#27;[36mThen &amp#27;[0m&amp#27;[36mthe deal page still has the updated information&amp#27;[0m                                         &amp#27;[90m# stepDef.CSE_Garage_Saved_Deals_steps.theDealPageStillHasTheUpdatedInformation()&amp#27;[0m

    Embedding Ensure the Upgrade user can see adjusted financing down payment after switching tabs [image/png 156244 bytes]

]]></system-out>
    <system-err><![CDATA[ChromeDriver was started successfully.
Sep 28, 2022 7:55:57 PM org.openqa.selenium.remote.ProtocolHandshake createSession
INFO: Detected upstream dialect: W3C
Sep 28, 2022 7:55:57 PM org.openqa.selenium.devtools.CdpVersionFinder findNearestMatch
WARNING: Unable to find an exact match for CDP version 105, so returning the closest version found: 104
Sep 28, 2022 7:55:57 PM org.openqa.selenium.devtools.CdpVersionFinder findNearestMatch
INFO: Found CDP implementation for version 105 of 104
]]></system-err>
  </testcase>
  <testcase name="runScenario" classname="RunCucumberTest" time="69.317">
    <failure message="Expected condition failed: waiting for visibility of Proxy element for: DefaultElementLocator &apos;By.xpath: //h1[contains(text(),&apos;Choose Trade Option&apos;)]&apos; (tried for 20 second(s) with 500 milliseconds interval)" type="org.openqa.selenium.TimeoutException">org.openqa.selenium.TimeoutException: Expected condition failed: waiting for visibility of Proxy element for: DefaultElementLocator 'By.xpath: //h1[contains(text(),'Choose Trade Option')]' (tried for 20 second(s) with 500 milliseconds interval)
Caused by: org.openqa.selenium.NoSuchElementException: 
no such element: Unable to locate element: {"method":"xpath","selector":"//h1[contains(text(),'Choose Trade Option')]"}
  (Session info: chrome=105.0.5195.125)
For documentation on this error, please visit: https://selenium.dev/exceptions/#no_such_element
Build info: version: '4.4.0', revision: 'e5c75ed026a'
System info: host: 'SF-LAP-412.local', ip: 'fe80:0:0:0:eb:c8fe:5a40:5798%en0', os.name: 'Mac OS X', os.arch: 'aarch64', os.version: '12.6', java.version: '18.0.2.1'
Driver info: org.openqa.selenium.chrome.ChromeDriver
Command: [ee9c2b377807fd8e3933f1bf5fda4baa, findElement {using=xpath, value=//h1[contains(text(),'Choose Trade Option')]}]
Capabilities {acceptInsecureCerts: false, browserName: chrome, browserVersion: 105.0.5195.125, chrome: {chromedriverVersion: 105.0.5195.52 (412c95e51883..., userDataDir: /var/folders/th/f4yf398x0lb...}, goog:chromeOptions: {debuggerAddress: localhost:57644}, networkConnectionEnabled: false, pageLoadStrategy: normal, platformName: MAC, proxy: Proxy(), se:cdp: ws://localhost:57644/devtoo..., se:cdpVersion: 105.0.5195.125, setWindowRect: true, strictFileInteractability: false, timeouts: {implicit: 0, pageLoad: 300000, script: 30000}, unhandledPromptBehavior: dismiss and notify, webauthn:extension:credBlob: true, webauthn:extension:largeBlob: true, webauthn:virtualAuthenticators: true}
Session ID: ee9c2b377807fd8e3933f1bf5fda4baa
</failure>
    <system-out><![CDATA[
@UP @UP_garage @down_Payment @regression @smoke
Scenario: Ensure the Upgrade user can save altered down payment on Lease Tab         &amp#27;[90m# src/test/java/features/Upgrade/desiredDownPayment.feature:56&amp#27;[0m
  &amp#27;[32mGiven &amp#27;[0m&amp#27;[32mthe Upgrade user navigates to the homepage&amp#27;[0m                                   &amp#27;[90m# stepDef.Upgrade_Registration_SignIn_steps.theUserNavigatesToTheUpgradeHomePage()&amp#27;[0m
  &amp#27;[32mAnd &amp#27;[0m&amp#27;[32mthe Upgrade user clicks on the &amp#27;[0m&amp#27;[32m&amp#27;[1m"Sign in here"&amp#27;[0m&amp#27;[32m link from the top nav&amp#27;[0m            &amp#27;[90m# stepDef.Upgrade_Registration_SignIn_steps.theUpgradeUserClicksOnTheLinkFromTheTopNav(java.lang.String)&amp#27;[0m
  &amp#27;[31mAnd &amp#27;[0m&amp#27;[31mthe Upgrade user creates a new profile&amp#27;[0m                                         &amp#27;[90m# stepDef.Upgrade_Registration_SignIn_steps.theUserCreatesAnNewProfileInUP()&amp#27;[0m
      &amp#27;[31morg.openqa.selenium.TimeoutException: Expected condition failed: waiting for visibility of Proxy element for: DefaultElementLocator 'By.xpath: //h1[contains(text(),'Choose Trade Option')]' (tried for 20 second(s) with 500 milliseconds interval)
	at org.openqa.selenium.support.ui.WebDriverWait.timeoutException(WebDriverWait.java:87)
	at org.openqa.selenium.support.ui.FluentWait.until(FluentWait.java:231)
	at base.GenericFunctions.waitForElementToBeVisible(GenericFunctions.java:33)
	at pageObject.Upgrade_Registration_SignIn_page.verifyChooseTradeOption(Upgrade_Registration_SignIn_page.java:50)
	at stepDef.Upgrade_Registration_SignIn_steps.theUserCreatesAnNewProfileInUP(Upgrade_Registration_SignIn_steps.java:87)
	at ✽.the Upgrade user creates a new profile(file:///Users/manav/Documents/QATest/qa-automation-tests/src/test/java/features/Upgrade/desiredDownPayment.feature:6)
Caused by: org.openqa.selenium.NoSuchElementException: no such element: Unable to locate element: {"method":"xpath","selector":"//h1[contains(text(),'Choose Trade Option')]"}
  (Session info: chrome=105.0.5195.125)
For documentation on this error, please visit: https://selenium.dev/exceptions/#no_such_element
Build info: version: '4.4.0', revision: 'e5c75ed026a'
System info: host: 'SF-LAP-412.local', ip: 'fe80:0:0:0:eb:c8fe:5a40:5798%en0', os.name: 'Mac OS X', os.arch: 'aarch64', os.version: '12.6', java.version: '18.0.2.1'
Driver info: org.openqa.selenium.chrome.ChromeDriver
Command: [ee9c2b377807fd8e3933f1bf5fda4baa, findElement {using=xpath, value=//h1[contains(text(),'Choose Trade Option')]}]
Capabilities {acceptInsecureCerts: false, browserName: chrome, browserVersion: 105.0.5195.125, chrome: {chromedriverVersion: 105.0.5195.52 (412c95e51883..., userDataDir: /var/folders/th/f4yf398x0lb...}, goog:chromeOptions: {debuggerAddress: localhost:57644}, networkConnectionEnabled: false, pageLoadStrategy: normal, platformName: MAC, proxy: Proxy(), se:cdp: ws://localhost:57644/devtoo..., se:cdpVersion: 105.0.5195.125, setWindowRect: true, strictFileInteractability: false, timeouts: {implicit: 0, pageLoad: 300000, script: 30000}, unhandledPromptBehavior: dismiss and notify, webauthn:extension:credBlob: true, webauthn:extension:largeBlob: true, webauthn:virtualAuthenticators: true}
Session ID: ee9c2b377807fd8e3933f1bf5fda4baa
	at java.base/jdk.internal.reflect.DirectConstructorHandleAccessor.newInstance(DirectConstructorHandleAccessor.java:67)
	at java.base/java.lang.reflect.Constructor.newInstanceWithCaller(Constructor.java:499)
	at java.base/java.lang.reflect.Constructor.newInstance(Constructor.java:483)
	at org.openqa.selenium.remote.codec.w3c.W3CHttpResponseCodec.createException(W3CHttpResponseCodec.java:200)
	at org.openqa.selenium.remote.codec.w3c.W3CHttpResponseCodec.decode(W3CHttpResponseCodec.java:133)
	at org.openqa.selenium.remote.codec.w3c.W3CHttpResponseCodec.decode(W3CHttpResponseCodec.java:53)
	at org.openqa.selenium.remote.HttpCommandExecutor.execute(HttpCommandExecutor.java:184)
	at org.openqa.selenium.remote.service.DriverCommandExecutor.invokeExecute(DriverCommandExecutor.java:167)
	at org.openqa.selenium.remote.service.DriverCommandExecutor.execute(DriverCommandExecutor.java:142)
	at org.openqa.selenium.remote.RemoteWebDriver.execute(RemoteWebDriver.java:547)
	at org.openqa.selenium.remote.ElementLocation$ElementFinder$2.findElement(ElementLocation.java:162)
	at org.openqa.selenium.remote.ElementLocation.findElement(ElementLocation.java:60)
	at org.openqa.selenium.remote.RemoteWebDriver.findElement(RemoteWebDriver.java:365)
	at org.openqa.selenium.remote.RemoteWebDriver.findElement(RemoteWebDriver.java:357)
	at org.openqa.selenium.support.pagefactory.DefaultElementLocator.findElement(DefaultElementLocator.java:70)
	at org.openqa.selenium.support.pagefactory.internal.LocatingElementHandler.invoke(LocatingElementHandler.java:39)
	at jdk.proxy2/jdk.proxy2.$Proxy33.isDisplayed(Unknown Source)
	at org.openqa.selenium.support.ui.ExpectedConditions.elementIfVisible(ExpectedConditions.java:307)
	at org.openqa.selenium.support.ui.ExpectedConditions.access$000(ExpectedConditions.java:40)
	at org.openqa.selenium.support.ui.ExpectedConditions$10.apply(ExpectedConditions.java:293)
	at org.openqa.selenium.support.ui.ExpectedConditions$10.apply(ExpectedConditions.java:290)
	at org.openqa.selenium.support.ui.FluentWait.until(FluentWait.java:208)
	at base.GenericFunctions.waitForElementToBeVisible(GenericFunctions.java:33)
	at pageObject.Upgrade_Registration_SignIn_page.verifyChooseTradeOption(Upgrade_Registration_SignIn_page.java:50)
	at stepDef.Upgrade_Registration_SignIn_steps.theUserCreatesAnNewProfileInUP(Upgrade_Registration_SignIn_steps.java:87)
	at java.base/jdk.internal.reflect.DirectMethodHandleAccessor.invoke(DirectMethodHandleAccessor.java:104)
	at java.base/java.lang.reflect.Method.invoke(Method.java:577)
	at io.cucumber.java.Invoker.doInvoke(Invoker.java:66)
	at io.cucumber.java.Invoker.invoke(Invoker.java:24)
	at io.cucumber.java.AbstractGlueDefinition.invokeMethod(AbstractGlueDefinition.java:47)
	at io.cucumber.java.JavaStepDefinition.execute(JavaStepDefinition.java:29)
	at io.cucumber.core.runner.CoreStepDefinition.execute(CoreStepDefinition.java:66)
	at io.cucumber.core.runner.PickleStepDefinitionMatch.runStep(PickleStepDefinitionMatch.java:63)
	at io.cucumber.core.runner.ExecutionMode$1.execute(ExecutionMode.java:10)
	at io.cucumber.core.runner.TestStep.executeStep(TestStep.java:85)
	at io.cucumber.core.runner.TestStep.run(TestStep.java:57)
	at io.cucumber.core.runner.PickleStepTestStep.run(PickleStepTestStep.java:51)
	at io.cucumber.core.runner.TestCase.run(TestCase.java:84)
	at io.cucumber.core.runner.Runner.runPickle(Runner.java:75)
	at io.cucumber.testng.TestNGCucumberRunner.lambda$runScenario$1(TestNGCucumberRunner.java:132)
	at io.cucumber.core.runtime.CucumberExecutionContext.lambda$runTestCase$5(CucumberExecutionContext.java:129)
	at io.cucumber.core.runtime.RethrowingThrowableCollector.executeAndThrow(RethrowingThrowableCollector.java:23)
	at io.cucumber.core.runtime.CucumberExecutionContext.runTestCase(CucumberExecutionContext.java:129)
	at io.cucumber.testng.TestNGCucumberRunner.runScenario(TestNGCucumberRunner.java:129)
	at io.cucumber.testng.AbstractTestNGCucumberTests.runScenario(AbstractTestNGCucumberTests.java:35)
	at java.base/jdk.internal.reflect.DirectMethodHandleAccessor.invoke(DirectMethodHandleAccessor.java:104)
	at java.base/java.lang.reflect.Method.invoke(Method.java:577)
	at org.testng.internal.invokers.MethodInvocationHelper.invokeMethod(MethodInvocationHelper.java:139)
	at org.testng.internal.invokers.TestInvoker.invokeMethod(TestInvoker.java:677)
	at org.testng.internal.invokers.TestInvoker.invokeTestMethod(TestInvoker.java:221)
	at org.testng.internal.invokers.TestMethodWithDataProviderMethodWorker.call(TestMethodWithDataProviderMethodWorker.java:80)
	at org.testng.internal.invokers.TestMethodWithDataProviderMethodWorker.call(TestMethodWithDataProviderMethodWorker.java:17)
	at java.base/java.util.concurrent.FutureTask.run(FutureTask.java:264)
	at java.base/java.util.concurrent.Executors$RunnableAdapter.call(Executors.java:539)
	at java.base/java.util.concurrent.FutureTask.run(FutureTask.java:264)
	at java.base/java.util.concurrent.ThreadPoolExecutor.runWorker(ThreadPoolExecutor.java:1136)
	at java.base/java.util.concurrent.ThreadPoolExecutor$Worker.run(ThreadPoolExecutor.java:635)
	at java.base/java.lang.Thread.run(Thread.java:833)
&amp#27;[0m
  &amp#27;[36mAnd &amp#27;[0m&amp#27;[36mthe Upgrade user clicks on shop new cars to navigate to the offer details page&amp#27;[0m &amp#27;[90m# stepDef.Upgrade_Contact_Dealer_steps.theUpgradeUserClicksOnShopNewCarsToNavigateToOfferDetailsPage()&amp#27;[0m
  &amp#27;[36mAnd &amp#27;[0m&amp#27;[36mthe Upgrade user switches to the Lease tab&amp#27;[0m                                     &amp#27;[90m# stepDef.Upgrade_SavedDeals_steps.theUpgradeUserSwitchesToTheLeaseTab()&amp#27;[0m
  &amp#27;[36mAnd &amp#27;[0m&amp#27;[36mthe Upgrade user notes the current lease information&amp#27;[0m                           &amp#27;[90m# stepDef.Upgrade_Down_Payment_steps.theUpgradeUserNotesTheCurrentLeaseInformation()&amp#27;[0m
  &amp#27;[36mAnd &amp#27;[0m&amp#27;[36mthe Upgrade user changes the down payment for lease to &amp#27;[0m&amp#27;[36m&amp#27;[1m"1200"&amp#27;[0m                  &amp#27;[90m# stepDef.Upgrade_Down_Payment_steps.theUpgradeUserChangesTheDownPaymentForLeaseTo(java.lang.String)&amp#27;[0m
  &amp#27;[36mThen &amp#27;[0m&amp#27;[36mthe Upgrade user verifies the lease information has updated&amp#27;[0m                   &amp#27;[90m# stepDef.Upgrade_Down_Payment_steps.theUpgradeUserVerifiesTheLeaseInformationHasUpdated()&amp#27;[0m
  &amp#27;[36mWhen &amp#27;[0m&amp#27;[36mthe Upgrade user clicks save and confirms the save&amp#27;[0m                            &amp#27;[90m# stepDef.Upgrade_Down_Payment_steps.theUpgradeUserClicksSaveAndConfirmsTheSave()&amp#27;[0m
  &amp#27;[36mAnd &amp#27;[0m&amp#27;[36mthe Upgrade user goes to My Garage&amp#27;[0m                                             &amp#27;[90m# stepDef.Upgrade_Down_Payment_steps.theUpgradeUserGoesToMyGarage()&amp#27;[0m
  &amp#27;[36mAnd &amp#27;[0m&amp#27;[36mthe Upgrade user clicks the View Deal button&amp#27;[0m                                   &amp#27;[90m# stepDef.Upgrade_Down_Payment_steps.theUpgradeUserClicksTheViewDealButton()&amp#27;[0m
  &amp#27;[36mThen &amp#27;[0m&amp#27;[36mthe deal page still has the updated information&amp#27;[0m                               &amp#27;[90m# stepDef.CSE_Garage_Saved_Deals_steps.theDealPageStillHasTheUpdatedInformation()&amp#27;[0m

    Embedding Ensure the Upgrade user can save altered down payment on Lease Tab [image/png 156244 bytes]

]]></system-out>
    <system-err><![CDATA[ChromeDriver was started successfully.
Sep 28, 2022 7:57:06 PM org.openqa.selenium.remote.ProtocolHandshake createSession
INFO: Detected upstream dialect: W3C
Sep 28, 2022 7:57:06 PM org.openqa.selenium.devtools.CdpVersionFinder findNearestMatch
WARNING: Unable to find an exact match for CDP version 105, so returning the closest version found: 104
Sep 28, 2022 7:57:06 PM org.openqa.selenium.devtools.CdpVersionFinder findNearestMatch
INFO: Found CDP implementation for version 105 of 104
]]></system-err>
  </testcase>
  <testcase name="runScenario" classname="RunCucumberTest" time="68.962">
    <failure message="Expected condition failed: waiting for visibility of Proxy element for: DefaultElementLocator &apos;By.xpath: //h1[contains(text(),&apos;Choose Trade Option&apos;)]&apos; (tried for 20 second(s) with 500 milliseconds interval)" type="org.openqa.selenium.TimeoutException">org.openqa.selenium.TimeoutException: Expected condition failed: waiting for visibility of Proxy element for: DefaultElementLocator 'By.xpath: //h1[contains(text(),'Choose Trade Option')]' (tried for 20 second(s) with 500 milliseconds interval)
Caused by: org.openqa.selenium.NoSuchElementException: 
no such element: Unable to locate element: {"method":"xpath","selector":"//h1[contains(text(),'Choose Trade Option')]"}
  (Session info: chrome=105.0.5195.125)
For documentation on this error, please visit: https://selenium.dev/exceptions/#no_such_element
Build info: version: '4.4.0', revision: 'e5c75ed026a'
System info: host: 'SF-LAP-412.local', ip: 'fe80:0:0:0:eb:c8fe:5a40:5798%en0', os.name: 'Mac OS X', os.arch: 'aarch64', os.version: '12.6', java.version: '18.0.2.1'
Driver info: org.openqa.selenium.chrome.ChromeDriver
Command: [be97898831641d8e5733046a713ffffb, findElement {using=xpath, value=//h1[contains(text(),'Choose Trade Option')]}]
Capabilities {acceptInsecureCerts: false, browserName: chrome, browserVersion: 105.0.5195.125, chrome: {chromedriverVersion: 105.0.5195.52 (412c95e51883..., userDataDir: /var/folders/th/f4yf398x0lb...}, goog:chromeOptions: {debuggerAddress: localhost:57983}, networkConnectionEnabled: false, pageLoadStrategy: normal, platformName: MAC, proxy: Proxy(), se:cdp: ws://localhost:57983/devtoo..., se:cdpVersion: 105.0.5195.125, setWindowRect: true, strictFileInteractability: false, timeouts: {implicit: 0, pageLoad: 300000, script: 30000}, unhandledPromptBehavior: dismiss and notify, webauthn:extension:credBlob: true, webauthn:extension:largeBlob: true, webauthn:virtualAuthenticators: true}
Session ID: be97898831641d8e5733046a713ffffb
</failure>
    <system-out><![CDATA[
@UP @UP_garage @down_Payment @regression
Scenario: Ensure the Upgrade user can set down payment to $0 on Lease Tab            &amp#27;[90m# src/test/java/features/Upgrade/desiredDownPayment.feature:67&amp#27;[0m
  &amp#27;[32mGiven &amp#27;[0m&amp#27;[32mthe Upgrade user navigates to the homepage&amp#27;[0m                                   &amp#27;[90m# stepDef.Upgrade_Registration_SignIn_steps.theUserNavigatesToTheUpgradeHomePage()&amp#27;[0m
  &amp#27;[32mAnd &amp#27;[0m&amp#27;[32mthe Upgrade user clicks on the &amp#27;[0m&amp#27;[32m&amp#27;[1m"Sign in here"&amp#27;[0m&amp#27;[32m link from the top nav&amp#27;[0m            &amp#27;[90m# stepDef.Upgrade_Registration_SignIn_steps.theUpgradeUserClicksOnTheLinkFromTheTopNav(java.lang.String)&amp#27;[0m
  &amp#27;[31mAnd &amp#27;[0m&amp#27;[31mthe Upgrade user creates a new profile&amp#27;[0m                                         &amp#27;[90m# stepDef.Upgrade_Registration_SignIn_steps.theUserCreatesAnNewProfileInUP()&amp#27;[0m
      &amp#27;[31morg.openqa.selenium.TimeoutException: Expected condition failed: waiting for visibility of Proxy element for: DefaultElementLocator 'By.xpath: //h1[contains(text(),'Choose Trade Option')]' (tried for 20 second(s) with 500 milliseconds interval)
	at org.openqa.selenium.support.ui.WebDriverWait.timeoutException(WebDriverWait.java:87)
	at org.openqa.selenium.support.ui.FluentWait.until(FluentWait.java:231)
	at base.GenericFunctions.waitForElementToBeVisible(GenericFunctions.java:33)
	at pageObject.Upgrade_Registration_SignIn_page.verifyChooseTradeOption(Upgrade_Registration_SignIn_page.java:50)
	at stepDef.Upgrade_Registration_SignIn_steps.theUserCreatesAnNewProfileInUP(Upgrade_Registration_SignIn_steps.java:87)
	at ✽.the Upgrade user creates a new profile(file:///Users/manav/Documents/QATest/qa-automation-tests/src/test/java/features/Upgrade/desiredDownPayment.feature:6)
Caused by: org.openqa.selenium.NoSuchElementException: no such element: Unable to locate element: {"method":"xpath","selector":"//h1[contains(text(),'Choose Trade Option')]"}
  (Session info: chrome=105.0.5195.125)
For documentation on this error, please visit: https://selenium.dev/exceptions/#no_such_element
Build info: version: '4.4.0', revision: 'e5c75ed026a'
System info: host: 'SF-LAP-412.local', ip: 'fe80:0:0:0:eb:c8fe:5a40:5798%en0', os.name: 'Mac OS X', os.arch: 'aarch64', os.version: '12.6', java.version: '18.0.2.1'
Driver info: org.openqa.selenium.chrome.ChromeDriver
Command: [be97898831641d8e5733046a713ffffb, findElement {using=xpath, value=//h1[contains(text(),'Choose Trade Option')]}]
Capabilities {acceptInsecureCerts: false, browserName: chrome, browserVersion: 105.0.5195.125, chrome: {chromedriverVersion: 105.0.5195.52 (412c95e51883..., userDataDir: /var/folders/th/f4yf398x0lb...}, goog:chromeOptions: {debuggerAddress: localhost:57983}, networkConnectionEnabled: false, pageLoadStrategy: normal, platformName: MAC, proxy: Proxy(), se:cdp: ws://localhost:57983/devtoo..., se:cdpVersion: 105.0.5195.125, setWindowRect: true, strictFileInteractability: false, timeouts: {implicit: 0, pageLoad: 300000, script: 30000}, unhandledPromptBehavior: dismiss and notify, webauthn:extension:credBlob: true, webauthn:extension:largeBlob: true, webauthn:virtualAuthenticators: true}
Session ID: be97898831641d8e5733046a713ffffb
	at java.base/jdk.internal.reflect.DirectConstructorHandleAccessor.newInstance(DirectConstructorHandleAccessor.java:67)
	at java.base/java.lang.reflect.Constructor.newInstanceWithCaller(Constructor.java:499)
	at java.base/java.lang.reflect.Constructor.newInstance(Constructor.java:483)
	at org.openqa.selenium.remote.codec.w3c.W3CHttpResponseCodec.createException(W3CHttpResponseCodec.java:200)
	at org.openqa.selenium.remote.codec.w3c.W3CHttpResponseCodec.decode(W3CHttpResponseCodec.java:133)
	at org.openqa.selenium.remote.codec.w3c.W3CHttpResponseCodec.decode(W3CHttpResponseCodec.java:53)
	at org.openqa.selenium.remote.HttpCommandExecutor.execute(HttpCommandExecutor.java:184)
	at org.openqa.selenium.remote.service.DriverCommandExecutor.invokeExecute(DriverCommandExecutor.java:167)
	at org.openqa.selenium.remote.service.DriverCommandExecutor.execute(DriverCommandExecutor.java:142)
	at org.openqa.selenium.remote.RemoteWebDriver.execute(RemoteWebDriver.java:547)
	at org.openqa.selenium.remote.ElementLocation$ElementFinder$2.findElement(ElementLocation.java:162)
	at org.openqa.selenium.remote.ElementLocation.findElement(ElementLocation.java:60)
	at org.openqa.selenium.remote.RemoteWebDriver.findElement(RemoteWebDriver.java:365)
	at org.openqa.selenium.remote.RemoteWebDriver.findElement(RemoteWebDriver.java:357)
	at org.openqa.selenium.support.pagefactory.DefaultElementLocator.findElement(DefaultElementLocator.java:70)
	at org.openqa.selenium.support.pagefactory.internal.LocatingElementHandler.invoke(LocatingElementHandler.java:39)
	at jdk.proxy2/jdk.proxy2.$Proxy33.isDisplayed(Unknown Source)
	at org.openqa.selenium.support.ui.ExpectedConditions.elementIfVisible(ExpectedConditions.java:307)
	at org.openqa.selenium.support.ui.ExpectedConditions.access$000(ExpectedConditions.java:40)
	at org.openqa.selenium.support.ui.ExpectedConditions$10.apply(ExpectedConditions.java:293)
	at org.openqa.selenium.support.ui.ExpectedConditions$10.apply(ExpectedConditions.java:290)
	at org.openqa.selenium.support.ui.FluentWait.until(FluentWait.java:208)
	at base.GenericFunctions.waitForElementToBeVisible(GenericFunctions.java:33)
	at pageObject.Upgrade_Registration_SignIn_page.verifyChooseTradeOption(Upgrade_Registration_SignIn_page.java:50)
	at stepDef.Upgrade_Registration_SignIn_steps.theUserCreatesAnNewProfileInUP(Upgrade_Registration_SignIn_steps.java:87)
	at java.base/jdk.internal.reflect.DirectMethodHandleAccessor.invoke(DirectMethodHandleAccessor.java:104)
	at java.base/java.lang.reflect.Method.invoke(Method.java:577)
	at io.cucumber.java.Invoker.doInvoke(Invoker.java:66)
	at io.cucumber.java.Invoker.invoke(Invoker.java:24)
	at io.cucumber.java.AbstractGlueDefinition.invokeMethod(AbstractGlueDefinition.java:47)
	at io.cucumber.java.JavaStepDefinition.execute(JavaStepDefinition.java:29)
	at io.cucumber.core.runner.CoreStepDefinition.execute(CoreStepDefinition.java:66)
	at io.cucumber.core.runner.PickleStepDefinitionMatch.runStep(PickleStepDefinitionMatch.java:63)
	at io.cucumber.core.runner.ExecutionMode$1.execute(ExecutionMode.java:10)
	at io.cucumber.core.runner.TestStep.executeStep(TestStep.java:85)
	at io.cucumber.core.runner.TestStep.run(TestStep.java:57)
	at io.cucumber.core.runner.PickleStepTestStep.run(PickleStepTestStep.java:51)
	at io.cucumber.core.runner.TestCase.run(TestCase.java:84)
	at io.cucumber.core.runner.Runner.runPickle(Runner.java:75)
	at io.cucumber.testng.TestNGCucumberRunner.lambda$runScenario$1(TestNGCucumberRunner.java:132)
	at io.cucumber.core.runtime.CucumberExecutionContext.lambda$runTestCase$5(CucumberExecutionContext.java:129)
	at io.cucumber.core.runtime.RethrowingThrowableCollector.executeAndThrow(RethrowingThrowableCollector.java:23)
	at io.cucumber.core.runtime.CucumberExecutionContext.runTestCase(CucumberExecutionContext.java:129)
	at io.cucumber.testng.TestNGCucumberRunner.runScenario(TestNGCucumberRunner.java:129)
	at io.cucumber.testng.AbstractTestNGCucumberTests.runScenario(AbstractTestNGCucumberTests.java:35)
	at java.base/jdk.internal.reflect.DirectMethodHandleAccessor.invoke(DirectMethodHandleAccessor.java:104)
	at java.base/java.lang.reflect.Method.invoke(Method.java:577)
	at org.testng.internal.invokers.MethodInvocationHelper.invokeMethod(MethodInvocationHelper.java:139)
	at org.testng.internal.invokers.TestInvoker.invokeMethod(TestInvoker.java:677)
	at org.testng.internal.invokers.TestInvoker.invokeTestMethod(TestInvoker.java:221)
	at org.testng.internal.invokers.TestMethodWithDataProviderMethodWorker.call(TestMethodWithDataProviderMethodWorker.java:80)
	at org.testng.internal.invokers.TestMethodWithDataProviderMethodWorker.call(TestMethodWithDataProviderMethodWorker.java:17)
	at java.base/java.util.concurrent.FutureTask.run(FutureTask.java:264)
	at java.base/java.util.concurrent.Executors$RunnableAdapter.call(Executors.java:539)
	at java.base/java.util.concurrent.FutureTask.run(FutureTask.java:264)
	at java.base/java.util.concurrent.ThreadPoolExecutor.runWorker(ThreadPoolExecutor.java:1136)
	at java.base/java.util.concurrent.ThreadPoolExecutor$Worker.run(ThreadPoolExecutor.java:635)
	at java.base/java.lang.Thread.run(Thread.java:833)
&amp#27;[0m
  &amp#27;[36mAnd &amp#27;[0m&amp#27;[36mthe Upgrade user clicks on shop new cars to navigate to the offer details page&amp#27;[0m &amp#27;[90m# stepDef.Upgrade_Contact_Dealer_steps.theUpgradeUserClicksOnShopNewCarsToNavigateToOfferDetailsPage()&amp#27;[0m
  &amp#27;[36mAnd &amp#27;[0m&amp#27;[36mthe Upgrade user switches to the Lease tab&amp#27;[0m                                     &amp#27;[90m# stepDef.Upgrade_SavedDeals_steps.theUpgradeUserSwitchesToTheLeaseTab()&amp#27;[0m
  &amp#27;[36mAnd &amp#27;[0m&amp#27;[36mthe Upgrade user notes the current lease information&amp#27;[0m                           &amp#27;[90m# stepDef.Upgrade_Down_Payment_steps.theUpgradeUserNotesTheCurrentLeaseInformation()&amp#27;[0m
  &amp#27;[36mAnd &amp#27;[0m&amp#27;[36mthe Upgrade user changes the down payment for lease to &amp#27;[0m&amp#27;[36m&amp#27;[1m"1200"&amp#27;[0m                  &amp#27;[90m# stepDef.Upgrade_Down_Payment_steps.theUpgradeUserChangesTheDownPaymentForLeaseTo(java.lang.String)&amp#27;[0m
  &amp#27;[36mThen &amp#27;[0m&amp#27;[36mthe Upgrade user verifies the lease information has updated&amp#27;[0m                   &amp#27;[90m# stepDef.Upgrade_Down_Payment_steps.theUpgradeUserVerifiesTheLeaseInformationHasUpdated()&amp#27;[0m
  &amp#27;[36mWhen &amp#27;[0m&amp#27;[36mthe Upgrade user clicks save and confirms the save&amp#27;[0m                            &amp#27;[90m# stepDef.Upgrade_Down_Payment_steps.theUpgradeUserClicksSaveAndConfirmsTheSave()&amp#27;[0m
  &amp#27;[36mAnd &amp#27;[0m&amp#27;[36mthe Upgrade user goes to My Garage&amp#27;[0m                                             &amp#27;[90m# stepDef.Upgrade_Down_Payment_steps.theUpgradeUserGoesToMyGarage()&amp#27;[0m
  &amp#27;[36mAnd &amp#27;[0m&amp#27;[36mthe Upgrade user clicks the View Deal button&amp#27;[0m                                   &amp#27;[90m# stepDef.Upgrade_Down_Payment_steps.theUpgradeUserClicksTheViewDealButton()&amp#27;[0m
  &amp#27;[36mThen &amp#27;[0m&amp#27;[36mthe deal page still has the updated information&amp#27;[0m                               &amp#27;[90m# stepDef.CSE_Garage_Saved_Deals_steps.theDealPageStillHasTheUpdatedInformation()&amp#27;[0m

    Embedding Ensure the Upgrade user can set down payment to $0 on Lease Tab [image/png 156244 bytes]

]]></system-out>
    <system-err><![CDATA[ChromeDriver was started successfully.
Sep 28, 2022 7:58:15 PM org.openqa.selenium.remote.ProtocolHandshake createSession
INFO: Detected upstream dialect: W3C
Sep 28, 2022 7:58:15 PM org.openqa.selenium.devtools.CdpVersionFinder findNearestMatch
WARNING: Unable to find an exact match for CDP version 105, so returning the closest version found: 104
Sep 28, 2022 7:58:15 PM org.openqa.selenium.devtools.CdpVersionFinder findNearestMatch
INFO: Found CDP implementation for version 105 of 104
]]></system-err>
  </testcase>
  <testcase name="runScenario" classname="RunCucumberTest" time="68.602">
    <failure message="Expected condition failed: waiting for visibility of Proxy element for: DefaultElementLocator &apos;By.xpath: //h1[contains(text(),&apos;Choose Trade Option&apos;)]&apos; (tried for 20 second(s) with 500 milliseconds interval)" type="org.openqa.selenium.TimeoutException">org.openqa.selenium.TimeoutException: Expected condition failed: waiting for visibility of Proxy element for: DefaultElementLocator 'By.xpath: //h1[contains(text(),'Choose Trade Option')]' (tried for 20 second(s) with 500 milliseconds interval)
Caused by: org.openqa.selenium.NoSuchElementException: 
no such element: Unable to locate element: {"method":"xpath","selector":"//h1[contains(text(),'Choose Trade Option')]"}
  (Session info: chrome=105.0.5195.125)
For documentation on this error, please visit: https://selenium.dev/exceptions/#no_such_element
Build info: version: '4.4.0', revision: 'e5c75ed026a'
System info: host: 'SF-LAP-412.local', ip: 'fe80:0:0:0:eb:c8fe:5a40:5798%en0', os.name: 'Mac OS X', os.arch: 'aarch64', os.version: '12.6', java.version: '18.0.2.1'
Driver info: org.openqa.selenium.chrome.ChromeDriver
Command: [1c6e08b5950cdec4b55061b9d7fee6ea, findElement {using=xpath, value=//h1[contains(text(),'Choose Trade Option')]}]
Capabilities {acceptInsecureCerts: false, browserName: chrome, browserVersion: 105.0.5195.125, chrome: {chromedriverVersion: 105.0.5195.52 (412c95e51883..., userDataDir: /var/folders/th/f4yf398x0lb...}, goog:chromeOptions: {debuggerAddress: localhost:58316}, networkConnectionEnabled: false, pageLoadStrategy: normal, platformName: MAC, proxy: Proxy(), se:cdp: ws://localhost:58316/devtoo..., se:cdpVersion: 105.0.5195.125, setWindowRect: true, strictFileInteractability: false, timeouts: {implicit: 0, pageLoad: 300000, script: 30000}, unhandledPromptBehavior: dismiss and notify, webauthn:extension:credBlob: true, webauthn:extension:largeBlob: true, webauthn:virtualAuthenticators: true}
Session ID: 1c6e08b5950cdec4b55061b9d7fee6ea
</failure>
    <system-out><![CDATA[
@UP @UP_garage @down_Payment @regression
Scenario: Ensure the Upgrade user can see adjusted lease down payment after refreshing the page &amp#27;[90m# src/test/java/features/Upgrade/desiredDownPayment.feature:78&amp#27;[0m
  &amp#27;[32mGiven &amp#27;[0m&amp#27;[32mthe Upgrade user navigates to the homepage&amp#27;[0m                                              &amp#27;[90m# stepDef.Upgrade_Registration_SignIn_steps.theUserNavigatesToTheUpgradeHomePage()&amp#27;[0m
  &amp#27;[32mAnd &amp#27;[0m&amp#27;[32mthe Upgrade user clicks on the &amp#27;[0m&amp#27;[32m&amp#27;[1m"Sign in here"&amp#27;[0m&amp#27;[32m link from the top nav&amp#27;[0m                       &amp#27;[90m# stepDef.Upgrade_Registration_SignIn_steps.theUpgradeUserClicksOnTheLinkFromTheTopNav(java.lang.String)&amp#27;[0m
  &amp#27;[31mAnd &amp#27;[0m&amp#27;[31mthe Upgrade user creates a new profile&amp#27;[0m                                                    &amp#27;[90m# stepDef.Upgrade_Registration_SignIn_steps.theUserCreatesAnNewProfileInUP()&amp#27;[0m
      &amp#27;[31morg.openqa.selenium.TimeoutException: Expected condition failed: waiting for visibility of Proxy element for: DefaultElementLocator 'By.xpath: //h1[contains(text(),'Choose Trade Option')]' (tried for 20 second(s) with 500 milliseconds interval)
	at org.openqa.selenium.support.ui.WebDriverWait.timeoutException(WebDriverWait.java:87)
	at org.openqa.selenium.support.ui.FluentWait.until(FluentWait.java:231)
	at base.GenericFunctions.waitForElementToBeVisible(GenericFunctions.java:33)
	at pageObject.Upgrade_Registration_SignIn_page.verifyChooseTradeOption(Upgrade_Registration_SignIn_page.java:50)
	at stepDef.Upgrade_Registration_SignIn_steps.theUserCreatesAnNewProfileInUP(Upgrade_Registration_SignIn_steps.java:87)
	at ✽.the Upgrade user creates a new profile(file:///Users/manav/Documents/QATest/qa-automation-tests/src/test/java/features/Upgrade/desiredDownPayment.feature:6)
Caused by: org.openqa.selenium.NoSuchElementException: no such element: Unable to locate element: {"method":"xpath","selector":"//h1[contains(text(),'Choose Trade Option')]"}
  (Session info: chrome=105.0.5195.125)
For documentation on this error, please visit: https://selenium.dev/exceptions/#no_such_element
Build info: version: '4.4.0', revision: 'e5c75ed026a'
System info: host: 'SF-LAP-412.local', ip: 'fe80:0:0:0:eb:c8fe:5a40:5798%en0', os.name: 'Mac OS X', os.arch: 'aarch64', os.version: '12.6', java.version: '18.0.2.1'
Driver info: org.openqa.selenium.chrome.ChromeDriver
Command: [1c6e08b5950cdec4b55061b9d7fee6ea, findElement {using=xpath, value=//h1[contains(text(),'Choose Trade Option')]}]
Capabilities {acceptInsecureCerts: false, browserName: chrome, browserVersion: 105.0.5195.125, chrome: {chromedriverVersion: 105.0.5195.52 (412c95e51883..., userDataDir: /var/folders/th/f4yf398x0lb...}, goog:chromeOptions: {debuggerAddress: localhost:58316}, networkConnectionEnabled: false, pageLoadStrategy: normal, platformName: MAC, proxy: Proxy(), se:cdp: ws://localhost:58316/devtoo..., se:cdpVersion: 105.0.5195.125, setWindowRect: true, strictFileInteractability: false, timeouts: {implicit: 0, pageLoad: 300000, script: 30000}, unhandledPromptBehavior: dismiss and notify, webauthn:extension:credBlob: true, webauthn:extension:largeBlob: true, webauthn:virtualAuthenticators: true}
Session ID: 1c6e08b5950cdec4b55061b9d7fee6ea
	at java.base/jdk.internal.reflect.DirectConstructorHandleAccessor.newInstance(DirectConstructorHandleAccessor.java:67)
	at java.base/java.lang.reflect.Constructor.newInstanceWithCaller(Constructor.java:499)
	at java.base/java.lang.reflect.Constructor.newInstance(Constructor.java:483)
	at org.openqa.selenium.remote.codec.w3c.W3CHttpResponseCodec.createException(W3CHttpResponseCodec.java:200)
	at org.openqa.selenium.remote.codec.w3c.W3CHttpResponseCodec.decode(W3CHttpResponseCodec.java:133)
	at org.openqa.selenium.remote.codec.w3c.W3CHttpResponseCodec.decode(W3CHttpResponseCodec.java:53)
	at org.openqa.selenium.remote.HttpCommandExecutor.execute(HttpCommandExecutor.java:184)
	at org.openqa.selenium.remote.service.DriverCommandExecutor.invokeExecute(DriverCommandExecutor.java:167)
	at org.openqa.selenium.remote.service.DriverCommandExecutor.execute(DriverCommandExecutor.java:142)
	at org.openqa.selenium.remote.RemoteWebDriver.execute(RemoteWebDriver.java:547)
	at org.openqa.selenium.remote.ElementLocation$ElementFinder$2.findElement(ElementLocation.java:162)
	at org.openqa.selenium.remote.ElementLocation.findElement(ElementLocation.java:60)
	at org.openqa.selenium.remote.RemoteWebDriver.findElement(RemoteWebDriver.java:365)
	at org.openqa.selenium.remote.RemoteWebDriver.findElement(RemoteWebDriver.java:357)
	at org.openqa.selenium.support.pagefactory.DefaultElementLocator.findElement(DefaultElementLocator.java:70)
	at org.openqa.selenium.support.pagefactory.internal.LocatingElementHandler.invoke(LocatingElementHandler.java:39)
	at jdk.proxy2/jdk.proxy2.$Proxy33.isDisplayed(Unknown Source)
	at org.openqa.selenium.support.ui.ExpectedConditions.elementIfVisible(ExpectedConditions.java:307)
	at org.openqa.selenium.support.ui.ExpectedConditions.access$000(ExpectedConditions.java:40)
	at org.openqa.selenium.support.ui.ExpectedConditions$10.apply(ExpectedConditions.java:293)
	at org.openqa.selenium.support.ui.ExpectedConditions$10.apply(ExpectedConditions.java:290)
	at org.openqa.selenium.support.ui.FluentWait.until(FluentWait.java:208)
	at base.GenericFunctions.waitForElementToBeVisible(GenericFunctions.java:33)
	at pageObject.Upgrade_Registration_SignIn_page.verifyChooseTradeOption(Upgrade_Registration_SignIn_page.java:50)
	at stepDef.Upgrade_Registration_SignIn_steps.theUserCreatesAnNewProfileInUP(Upgrade_Registration_SignIn_steps.java:87)
	at java.base/jdk.internal.reflect.DirectMethodHandleAccessor.invoke(DirectMethodHandleAccessor.java:104)
	at java.base/java.lang.reflect.Method.invoke(Method.java:577)
	at io.cucumber.java.Invoker.doInvoke(Invoker.java:66)
	at io.cucumber.java.Invoker.invoke(Invoker.java:24)
	at io.cucumber.java.AbstractGlueDefinition.invokeMethod(AbstractGlueDefinition.java:47)
	at io.cucumber.java.JavaStepDefinition.execute(JavaStepDefinition.java:29)
	at io.cucumber.core.runner.CoreStepDefinition.execute(CoreStepDefinition.java:66)
	at io.cucumber.core.runner.PickleStepDefinitionMatch.runStep(PickleStepDefinitionMatch.java:63)
	at io.cucumber.core.runner.ExecutionMode$1.execute(ExecutionMode.java:10)
	at io.cucumber.core.runner.TestStep.executeStep(TestStep.java:85)
	at io.cucumber.core.runner.TestStep.run(TestStep.java:57)
	at io.cucumber.core.runner.PickleStepTestStep.run(PickleStepTestStep.java:51)
	at io.cucumber.core.runner.TestCase.run(TestCase.java:84)
	at io.cucumber.core.runner.Runner.runPickle(Runner.java:75)
	at io.cucumber.testng.TestNGCucumberRunner.lambda$runScenario$1(TestNGCucumberRunner.java:132)
	at io.cucumber.core.runtime.CucumberExecutionContext.lambda$runTestCase$5(CucumberExecutionContext.java:129)
	at io.cucumber.core.runtime.RethrowingThrowableCollector.executeAndThrow(RethrowingThrowableCollector.java:23)
	at io.cucumber.core.runtime.CucumberExecutionContext.runTestCase(CucumberExecutionContext.java:129)
	at io.cucumber.testng.TestNGCucumberRunner.runScenario(TestNGCucumberRunner.java:129)
	at io.cucumber.testng.AbstractTestNGCucumberTests.runScenario(AbstractTestNGCucumberTests.java:35)
	at java.base/jdk.internal.reflect.DirectMethodHandleAccessor.invoke(DirectMethodHandleAccessor.java:104)
	at java.base/java.lang.reflect.Method.invoke(Method.java:577)
	at org.testng.internal.invokers.MethodInvocationHelper.invokeMethod(MethodInvocationHelper.java:139)
	at org.testng.internal.invokers.TestInvoker.invokeMethod(TestInvoker.java:677)
	at org.testng.internal.invokers.TestInvoker.invokeTestMethod(TestInvoker.java:221)
	at org.testng.internal.invokers.TestMethodWithDataProviderMethodWorker.call(TestMethodWithDataProviderMethodWorker.java:80)
	at org.testng.internal.invokers.TestMethodWithDataProviderMethodWorker.call(TestMethodWithDataProviderMethodWorker.java:17)
	at java.base/java.util.concurrent.FutureTask.run(FutureTask.java:264)
	at java.base/java.util.concurrent.Executors$RunnableAdapter.call(Executors.java:539)
	at java.base/java.util.concurrent.FutureTask.run(FutureTask.java:264)
	at java.base/java.util.concurrent.ThreadPoolExecutor.runWorker(ThreadPoolExecutor.java:1136)
	at java.base/java.util.concurrent.ThreadPoolExecutor$Worker.run(ThreadPoolExecutor.java:635)
	at java.base/java.lang.Thread.run(Thread.java:833)
&amp#27;[0m
  &amp#27;[36mAnd &amp#27;[0m&amp#27;[36mthe Upgrade user clicks on shop new cars to navigate to the offer details page&amp#27;[0m            &amp#27;[90m# stepDef.Upgrade_Contact_Dealer_steps.theUpgradeUserClicksOnShopNewCarsToNavigateToOfferDetailsPage()&amp#27;[0m
  &amp#27;[36mAnd &amp#27;[0m&amp#27;[36mthe Upgrade user switches to the Lease tab&amp#27;[0m                                                &amp#27;[90m# stepDef.Upgrade_SavedDeals_steps.theUpgradeUserSwitchesToTheLeaseTab()&amp#27;[0m
  &amp#27;[36mAnd &amp#27;[0m&amp#27;[36mthe Upgrade user notes the current lease information&amp#27;[0m                                      &amp#27;[90m# stepDef.Upgrade_Down_Payment_steps.theUpgradeUserNotesTheCurrentLeaseInformation()&amp#27;[0m
  &amp#27;[36mAnd &amp#27;[0m&amp#27;[36mthe Upgrade user changes the down payment for lease to &amp#27;[0m&amp#27;[36m&amp#27;[1m"1300"&amp#27;[0m                             &amp#27;[90m# stepDef.Upgrade_Down_Payment_steps.theUpgradeUserChangesTheDownPaymentForLeaseTo(java.lang.String)&amp#27;[0m
  &amp#27;[36mThen &amp#27;[0m&amp#27;[36mthe Upgrade user verifies the lease information has updated&amp#27;[0m                              &amp#27;[90m# stepDef.Upgrade_Down_Payment_steps.theUpgradeUserVerifiesTheLeaseInformationHasUpdated()&amp#27;[0m
  &amp#27;[36mWhen &amp#27;[0m&amp#27;[36mthe Upgrade user clicks save and confirms the save&amp#27;[0m                                       &amp#27;[90m# stepDef.Upgrade_Down_Payment_steps.theUpgradeUserClicksSaveAndConfirmsTheSave()&amp#27;[0m
  &amp#27;[36mAnd &amp#27;[0m&amp#27;[36mthe Upgrade user refreshes the page&amp#27;[0m                                                       &amp#27;[90m# stepDef.Upgrade_Down_Payment_steps.theUpgradeUserRefreshesThePage()&amp#27;[0m
  &amp#27;[36mThen &amp#27;[0m&amp#27;[36mthe deal page still has the updated information&amp#27;[0m                                          &amp#27;[90m# stepDef.CSE_Garage_Saved_Deals_steps.theDealPageStillHasTheUpdatedInformation()&amp#27;[0m

    Embedding Ensure the Upgrade user can see adjusted lease down payment after refreshing the page [image/png 156244 bytes]

]]></system-out>
    <system-err><![CDATA[ChromeDriver was started successfully.
Sep 28, 2022 7:59:24 PM org.openqa.selenium.remote.ProtocolHandshake createSession
INFO: Detected upstream dialect: W3C
Sep 28, 2022 7:59:24 PM org.openqa.selenium.devtools.CdpVersionFinder findNearestMatch
WARNING: Unable to find an exact match for CDP version 105, so returning the closest version found: 104
Sep 28, 2022 7:59:24 PM org.openqa.selenium.devtools.CdpVersionFinder findNearestMatch
INFO: Found CDP implementation for version 105 of 104
]]></system-err>
  </testcase>
  <testcase name="runScenario" classname="RunCucumberTest" time="72.959">
    <failure message="Expected condition failed: waiting for visibility of Proxy element for: DefaultElementLocator &apos;By.xpath: //h1[contains(text(),&apos;Choose Trade Option&apos;)]&apos; (tried for 20 second(s) with 500 milliseconds interval)" type="org.openqa.selenium.TimeoutException">org.openqa.selenium.TimeoutException: Expected condition failed: waiting for visibility of Proxy element for: DefaultElementLocator 'By.xpath: //h1[contains(text(),'Choose Trade Option')]' (tried for 20 second(s) with 500 milliseconds interval)
Caused by: org.openqa.selenium.NoSuchElementException: 
no such element: Unable to locate element: {"method":"xpath","selector":"//h1[contains(text(),'Choose Trade Option')]"}
  (Session info: chrome=105.0.5195.125)
For documentation on this error, please visit: https://selenium.dev/exceptions/#no_such_element
Build info: version: '4.4.0', revision: 'e5c75ed026a'
System info: host: 'SF-LAP-412.local', ip: 'fe80:0:0:0:eb:c8fe:5a40:5798%en0', os.name: 'Mac OS X', os.arch: 'aarch64', os.version: '12.6', java.version: '18.0.2.1'
Driver info: org.openqa.selenium.chrome.ChromeDriver
Command: [880cec60260ec2dfd30ff62946babe60, findElement {using=xpath, value=//h1[contains(text(),'Choose Trade Option')]}]
Capabilities {acceptInsecureCerts: false, browserName: chrome, browserVersion: 105.0.5195.125, chrome: {chromedriverVersion: 105.0.5195.52 (412c95e51883..., userDataDir: /var/folders/th/f4yf398x0lb...}, goog:chromeOptions: {debuggerAddress: localhost:58658}, networkConnectionEnabled: false, pageLoadStrategy: normal, platformName: MAC, proxy: Proxy(), se:cdp: ws://localhost:58658/devtoo..., se:cdpVersion: 105.0.5195.125, setWindowRect: true, strictFileInteractability: false, timeouts: {implicit: 0, pageLoad: 300000, script: 30000}, unhandledPromptBehavior: dismiss and notify, webauthn:extension:credBlob: true, webauthn:extension:largeBlob: true, webauthn:virtualAuthenticators: true}
Session ID: 880cec60260ec2dfd30ff62946babe60
</failure>
    <system-out><![CDATA[
@UP @UP_garage @finalize_Purchase @regression @smoke
Scenario: Ensure the Upgrade user can finalize a lease purchase                      &amp#27;[90m# src/test/java/features/Upgrade/finalizePurchase.feature:10&amp#27;[0m
  &amp#27;[32mGiven &amp#27;[0m&amp#27;[32mthe Upgrade user navigates to the homepage&amp#27;[0m                                   &amp#27;[90m# stepDef.Upgrade_Registration_SignIn_steps.theUserNavigatesToTheUpgradeHomePage()&amp#27;[0m
  &amp#27;[32mAnd &amp#27;[0m&amp#27;[32mthe Upgrade user clicks on the &amp#27;[0m&amp#27;[32m&amp#27;[1m"Sign in here"&amp#27;[0m&amp#27;[32m link from the top nav&amp#27;[0m            &amp#27;[90m# stepDef.Upgrade_Registration_SignIn_steps.theUpgradeUserClicksOnTheLinkFromTheTopNav(java.lang.String)&amp#27;[0m
  &amp#27;[31mAnd &amp#27;[0m&amp#27;[31mthe Upgrade user creates a new profile&amp#27;[0m                                         &amp#27;[90m# stepDef.Upgrade_Registration_SignIn_steps.theUserCreatesAnNewProfileInUP()&amp#27;[0m
      &amp#27;[31morg.openqa.selenium.TimeoutException: Expected condition failed: waiting for visibility of Proxy element for: DefaultElementLocator 'By.xpath: //h1[contains(text(),'Choose Trade Option')]' (tried for 20 second(s) with 500 milliseconds interval)
	at org.openqa.selenium.support.ui.WebDriverWait.timeoutException(WebDriverWait.java:87)
	at org.openqa.selenium.support.ui.FluentWait.until(FluentWait.java:231)
	at base.GenericFunctions.waitForElementToBeVisible(GenericFunctions.java:33)
	at pageObject.Upgrade_Registration_SignIn_page.verifyChooseTradeOption(Upgrade_Registration_SignIn_page.java:50)
	at stepDef.Upgrade_Registration_SignIn_steps.theUserCreatesAnNewProfileInUP(Upgrade_Registration_SignIn_steps.java:87)
	at ✽.the Upgrade user creates a new profile(file:///Users/manav/Documents/QATest/qa-automation-tests/src/test/java/features/Upgrade/finalizePurchase.feature:6)
Caused by: org.openqa.selenium.NoSuchElementException: no such element: Unable to locate element: {"method":"xpath","selector":"//h1[contains(text(),'Choose Trade Option')]"}
  (Session info: chrome=105.0.5195.125)
For documentation on this error, please visit: https://selenium.dev/exceptions/#no_such_element
Build info: version: '4.4.0', revision: 'e5c75ed026a'
System info: host: 'SF-LAP-412.local', ip: 'fe80:0:0:0:eb:c8fe:5a40:5798%en0', os.name: 'Mac OS X', os.arch: 'aarch64', os.version: '12.6', java.version: '18.0.2.1'
Driver info: org.openqa.selenium.chrome.ChromeDriver
Command: [880cec60260ec2dfd30ff62946babe60, findElement {using=xpath, value=//h1[contains(text(),'Choose Trade Option')]}]
Capabilities {acceptInsecureCerts: false, browserName: chrome, browserVersion: 105.0.5195.125, chrome: {chromedriverVersion: 105.0.5195.52 (412c95e51883..., userDataDir: /var/folders/th/f4yf398x0lb...}, goog:chromeOptions: {debuggerAddress: localhost:58658}, networkConnectionEnabled: false, pageLoadStrategy: normal, platformName: MAC, proxy: Proxy(), se:cdp: ws://localhost:58658/devtoo..., se:cdpVersion: 105.0.5195.125, setWindowRect: true, strictFileInteractability: false, timeouts: {implicit: 0, pageLoad: 300000, script: 30000}, unhandledPromptBehavior: dismiss and notify, webauthn:extension:credBlob: true, webauthn:extension:largeBlob: true, webauthn:virtualAuthenticators: true}
Session ID: 880cec60260ec2dfd30ff62946babe60
	at java.base/jdk.internal.reflect.DirectConstructorHandleAccessor.newInstance(DirectConstructorHandleAccessor.java:67)
	at java.base/java.lang.reflect.Constructor.newInstanceWithCaller(Constructor.java:499)
	at java.base/java.lang.reflect.Constructor.newInstance(Constructor.java:483)
	at org.openqa.selenium.remote.codec.w3c.W3CHttpResponseCodec.createException(W3CHttpResponseCodec.java:200)
	at org.openqa.selenium.remote.codec.w3c.W3CHttpResponseCodec.decode(W3CHttpResponseCodec.java:133)
	at org.openqa.selenium.remote.codec.w3c.W3CHttpResponseCodec.decode(W3CHttpResponseCodec.java:53)
	at org.openqa.selenium.remote.HttpCommandExecutor.execute(HttpCommandExecutor.java:184)
	at org.openqa.selenium.remote.service.DriverCommandExecutor.invokeExecute(DriverCommandExecutor.java:167)
	at org.openqa.selenium.remote.service.DriverCommandExecutor.execute(DriverCommandExecutor.java:142)
	at org.openqa.selenium.remote.RemoteWebDriver.execute(RemoteWebDriver.java:547)
	at org.openqa.selenium.remote.ElementLocation$ElementFinder$2.findElement(ElementLocation.java:162)
	at org.openqa.selenium.remote.ElementLocation.findElement(ElementLocation.java:60)
	at org.openqa.selenium.remote.RemoteWebDriver.findElement(RemoteWebDriver.java:365)
	at org.openqa.selenium.remote.RemoteWebDriver.findElement(RemoteWebDriver.java:357)
	at org.openqa.selenium.support.pagefactory.DefaultElementLocator.findElement(DefaultElementLocator.java:70)
	at org.openqa.selenium.support.pagefactory.internal.LocatingElementHandler.invoke(LocatingElementHandler.java:39)
	at jdk.proxy2/jdk.proxy2.$Proxy33.isDisplayed(Unknown Source)
	at org.openqa.selenium.support.ui.ExpectedConditions.elementIfVisible(ExpectedConditions.java:307)
	at org.openqa.selenium.support.ui.ExpectedConditions.access$000(ExpectedConditions.java:40)
	at org.openqa.selenium.support.ui.ExpectedConditions$10.apply(ExpectedConditions.java:293)
	at org.openqa.selenium.support.ui.ExpectedConditions$10.apply(ExpectedConditions.java:290)
	at org.openqa.selenium.support.ui.FluentWait.until(FluentWait.java:208)
	at base.GenericFunctions.waitForElementToBeVisible(GenericFunctions.java:33)
	at pageObject.Upgrade_Registration_SignIn_page.verifyChooseTradeOption(Upgrade_Registration_SignIn_page.java:50)
	at stepDef.Upgrade_Registration_SignIn_steps.theUserCreatesAnNewProfileInUP(Upgrade_Registration_SignIn_steps.java:87)
	at java.base/jdk.internal.reflect.DirectMethodHandleAccessor.invoke(DirectMethodHandleAccessor.java:104)
	at java.base/java.lang.reflect.Method.invoke(Method.java:577)
	at io.cucumber.java.Invoker.doInvoke(Invoker.java:66)
	at io.cucumber.java.Invoker.invoke(Invoker.java:24)
	at io.cucumber.java.AbstractGlueDefinition.invokeMethod(AbstractGlueDefinition.java:47)
	at io.cucumber.java.JavaStepDefinition.execute(JavaStepDefinition.java:29)
	at io.cucumber.core.runner.CoreStepDefinition.execute(CoreStepDefinition.java:66)
	at io.cucumber.core.runner.PickleStepDefinitionMatch.runStep(PickleStepDefinitionMatch.java:63)
	at io.cucumber.core.runner.ExecutionMode$1.execute(ExecutionMode.java:10)
	at io.cucumber.core.runner.TestStep.executeStep(TestStep.java:85)
	at io.cucumber.core.runner.TestStep.run(TestStep.java:57)
	at io.cucumber.core.runner.PickleStepTestStep.run(PickleStepTestStep.java:51)
	at io.cucumber.core.runner.TestCase.run(TestCase.java:84)
	at io.cucumber.core.runner.Runner.runPickle(Runner.java:75)
	at io.cucumber.testng.TestNGCucumberRunner.lambda$runScenario$1(TestNGCucumberRunner.java:132)
	at io.cucumber.core.runtime.CucumberExecutionContext.lambda$runTestCase$5(CucumberExecutionContext.java:129)
	at io.cucumber.core.runtime.RethrowingThrowableCollector.executeAndThrow(RethrowingThrowableCollector.java:23)
	at io.cucumber.core.runtime.CucumberExecutionContext.runTestCase(CucumberExecutionContext.java:129)
	at io.cucumber.testng.TestNGCucumberRunner.runScenario(TestNGCucumberRunner.java:129)
	at io.cucumber.testng.AbstractTestNGCucumberTests.runScenario(AbstractTestNGCucumberTests.java:35)
	at java.base/jdk.internal.reflect.DirectMethodHandleAccessor.invoke(DirectMethodHandleAccessor.java:104)
	at java.base/java.lang.reflect.Method.invoke(Method.java:577)
	at org.testng.internal.invokers.MethodInvocationHelper.invokeMethod(MethodInvocationHelper.java:139)
	at org.testng.internal.invokers.TestInvoker.invokeMethod(TestInvoker.java:677)
	at org.testng.internal.invokers.TestInvoker.invokeTestMethod(TestInvoker.java:221)
	at org.testng.internal.invokers.TestMethodWithDataProviderMethodWorker.call(TestMethodWithDataProviderMethodWorker.java:80)
	at org.testng.internal.invokers.TestMethodWithDataProviderMethodWorker.call(TestMethodWithDataProviderMethodWorker.java:17)
	at java.base/java.util.concurrent.FutureTask.run(FutureTask.java:264)
	at java.base/java.util.concurrent.Executors$RunnableAdapter.call(Executors.java:539)
	at java.base/java.util.concurrent.FutureTask.run(FutureTask.java:264)
	at java.base/java.util.concurrent.ThreadPoolExecutor.runWorker(ThreadPoolExecutor.java:1136)
	at java.base/java.util.concurrent.ThreadPoolExecutor$Worker.run(ThreadPoolExecutor.java:635)
	at java.base/java.lang.Thread.run(Thread.java:833)
&amp#27;[0m
  &amp#27;[36mAnd &amp#27;[0m&amp#27;[36mthe Upgrade user clicks on shop new cars to navigate to the offer details page&amp#27;[0m &amp#27;[90m# stepDef.Upgrade_Contact_Dealer_steps.theUpgradeUserClicksOnShopNewCarsToNavigateToOfferDetailsPage()&amp#27;[0m
  &amp#27;[36mAnd &amp#27;[0m&amp#27;[36mthe Upgrade user switches to the Lease tab&amp#27;[0m                                     &amp#27;[90m# stepDef.Upgrade_SavedDeals_steps.theUpgradeUserSwitchesToTheLeaseTab()&amp#27;[0m
  &amp#27;[36mAnd &amp#27;[0m&amp#27;[36mthe Upgrade user clicks on the Apply For Credit button&amp#27;[0m                         &amp#27;[90m# stepDef.Upgrade_Finalize_Purchase_steps.theUpgradeUserClicksOnTheApplyForCreditButton()&amp#27;[0m
  &amp#27;[36mAnd &amp#27;[0m&amp#27;[36mthe Get Approved page is present&amp#27;[0m                                               &amp#27;[90m# stepDef.CSE_Get_Approved_steps.theGetApprovedPageIsPresent()&amp#27;[0m
  &amp#27;[36mWhen &amp#27;[0m&amp#27;[36mthe Get Approved page is populated correctly&amp#27;[0m                                  &amp#27;[90m# stepDef.CSE_Get_Approved_steps.theGetApprovedPageIsPopulatedCorrectly()&amp#27;[0m
  &amp#27;[36mThen &amp#27;[0m&amp#27;[36mthe Upgrade user fills out and submits the Get Started Page&amp#27;[0m                   &amp#27;[90m# stepDef.Upgrade_Finalize_Purchase_steps.theUpgradeUserFillsOutAndSubmitsTheGetStartedPage()&amp#27;[0m
  &amp#27;[36mAnd &amp#27;[0m&amp#27;[36mthe Employment Information is submitted&amp#27;[0m                                        &amp#27;[90m# stepDef.CSE_Get_Approved_steps.theEmploymentInformationIsSubmitted()&amp#27;[0m
  &amp#27;[36mWhen &amp#27;[0m&amp#27;[36mthe Upgrade user Vehicle Information is submitted&amp#27;[0m                             &amp#27;[90m# stepDef.Upgrade_Finalize_Purchase_steps.theUpgradeUserVehicleInformationIsSubmitted()&amp#27;[0m
  &amp#27;[36mThen &amp#27;[0m&amp#27;[36mthe Account Setup page appears&amp#27;[0m                                                &amp#27;[90m# stepDef.CSE_Get_Approved_steps.theAccountSetupPageAppears()&amp#27;[0m
  &amp#27;[36mAnd &amp#27;[0m&amp#27;[36ma positive loan decision is made&amp#27;[0m                                               &amp#27;[90m# stepDef.CSE_Get_Approved_steps.aPositiveLoanDecisionIsMade()&amp#27;[0m
  &amp#27;[36mWhen &amp#27;[0m&amp#27;[36mthe Upgrade user submits the Lease Options&amp#27;[0m                                    &amp#27;[90m# stepDef.Upgrade_Finalize_Purchase_steps.theUpgradeUserSubmitsTheLeaseOptions()&amp#27;[0m
  &amp#27;[36mAnd &amp#27;[0m&amp#27;[36mthe Upgrade user submits the Sign & Drive page&amp#27;[0m                                 &amp#27;[90m# stepDef.Upgrade_Finalize_Purchase_steps.theUpgradeUserSubmitsTheSignDrivePage()&amp#27;[0m
  &amp#27;[36mThen &amp#27;[0m&amp#27;[36mthe Upgrade user receives the certificate and verifies the certificate&amp#27;[0m        &amp#27;[90m# stepDef.Upgrade_Contact_Dealer_steps.theUpgradeUserReceivesTheCertificateAndVerifiesTheCertificate()&amp#27;[0m
  &amp#27;[36mWhen &amp#27;[0m&amp#27;[36mthe Upgrade user clicks on my garage from the hamburger menu&amp#27;[0m                  &amp#27;[90m# stepDef.Upgrade_Appointment_steps.theUserClicksOnMyGarageFromHamburgerMenu()&amp#27;[0m
  &amp#27;[36mThen &amp#27;[0m&amp#27;[36mthe leased vehicle is present under Saved Deals&amp#27;[0m                               &amp#27;[90m# stepDef.CSE_Get_Approved_steps.theLeasedVehicleIsPresentUnderSavedDeals()&amp#27;[0m

    Embedding Ensure the Upgrade user can finalize a lease purchase [image/png 159256 bytes]

]]></system-out>
    <system-err><![CDATA[ChromeDriver was started successfully.
Sep 28, 2022 8:00:33 PM org.openqa.selenium.remote.ProtocolHandshake createSession
INFO: Detected upstream dialect: W3C
Sep 28, 2022 8:00:33 PM org.openqa.selenium.devtools.CdpVersionFinder findNearestMatch
WARNING: Unable to find an exact match for CDP version 105, so returning the closest version found: 104
Sep 28, 2022 8:00:33 PM org.openqa.selenium.devtools.CdpVersionFinder findNearestMatch
INFO: Found CDP implementation for version 105 of 104
]]></system-err>
  </testcase>
  <testcase name="runScenario" classname="RunCucumberTest" time="69.63">
    <failure message="Expected condition failed: waiting for visibility of Proxy element for: DefaultElementLocator &apos;By.xpath: //h1[contains(text(),&apos;Choose Trade Option&apos;)]&apos; (tried for 20 second(s) with 500 milliseconds interval)" type="org.openqa.selenium.TimeoutException">org.openqa.selenium.TimeoutException: Expected condition failed: waiting for visibility of Proxy element for: DefaultElementLocator 'By.xpath: //h1[contains(text(),'Choose Trade Option')]' (tried for 20 second(s) with 500 milliseconds interval)
Caused by: org.openqa.selenium.NoSuchElementException: 
no such element: Unable to locate element: {"method":"xpath","selector":"//h1[contains(text(),'Choose Trade Option')]"}
  (Session info: chrome=105.0.5195.125)
For documentation on this error, please visit: https://selenium.dev/exceptions/#no_such_element
Build info: version: '4.4.0', revision: 'e5c75ed026a'
System info: host: 'SF-LAP-412.local', ip: 'fe80:0:0:0:eb:c8fe:5a40:5798%en0', os.name: 'Mac OS X', os.arch: 'aarch64', os.version: '12.6', java.version: '18.0.2.1'
Driver info: org.openqa.selenium.chrome.ChromeDriver
Command: [294805cc1f65f774272a5f32358f2c05, findElement {using=xpath, value=//h1[contains(text(),'Choose Trade Option')]}]
Capabilities {acceptInsecureCerts: false, browserName: chrome, browserVersion: 105.0.5195.125, chrome: {chromedriverVersion: 105.0.5195.52 (412c95e51883..., userDataDir: /var/folders/th/f4yf398x0lb...}, goog:chromeOptions: {debuggerAddress: localhost:59023}, networkConnectionEnabled: false, pageLoadStrategy: normal, platformName: MAC, proxy: Proxy(), se:cdp: ws://localhost:59023/devtoo..., se:cdpVersion: 105.0.5195.125, setWindowRect: true, strictFileInteractability: false, timeouts: {implicit: 0, pageLoad: 300000, script: 30000}, unhandledPromptBehavior: dismiss and notify, webauthn:extension:credBlob: true, webauthn:extension:largeBlob: true, webauthn:virtualAuthenticators: true}
Session ID: 294805cc1f65f774272a5f32358f2c05
</failure>
    <system-out><![CDATA[
@UP @UP_garage @finalize_Purchase @regression @smoke
Scenario: Ensure the Upgrade user can finalize a finance purchase                    &amp#27;[90m# src/test/java/features/Upgrade/finalizePurchase.feature:27&amp#27;[0m
  &amp#27;[32mGiven &amp#27;[0m&amp#27;[32mthe Upgrade user navigates to the homepage&amp#27;[0m                                   &amp#27;[90m# stepDef.Upgrade_Registration_SignIn_steps.theUserNavigatesToTheUpgradeHomePage()&amp#27;[0m
  &amp#27;[32mAnd &amp#27;[0m&amp#27;[32mthe Upgrade user clicks on the &amp#27;[0m&amp#27;[32m&amp#27;[1m"Sign in here"&amp#27;[0m&amp#27;[32m link from the top nav&amp#27;[0m            &amp#27;[90m# stepDef.Upgrade_Registration_SignIn_steps.theUpgradeUserClicksOnTheLinkFromTheTopNav(java.lang.String)&amp#27;[0m
  &amp#27;[31mAnd &amp#27;[0m&amp#27;[31mthe Upgrade user creates a new profile&amp#27;[0m                                         &amp#27;[90m# stepDef.Upgrade_Registration_SignIn_steps.theUserCreatesAnNewProfileInUP()&amp#27;[0m
      &amp#27;[31morg.openqa.selenium.TimeoutException: Expected condition failed: waiting for visibility of Proxy element for: DefaultElementLocator 'By.xpath: //h1[contains(text(),'Choose Trade Option')]' (tried for 20 second(s) with 500 milliseconds interval)
	at org.openqa.selenium.support.ui.WebDriverWait.timeoutException(WebDriverWait.java:87)
	at org.openqa.selenium.support.ui.FluentWait.until(FluentWait.java:231)
	at base.GenericFunctions.waitForElementToBeVisible(GenericFunctions.java:33)
	at pageObject.Upgrade_Registration_SignIn_page.verifyChooseTradeOption(Upgrade_Registration_SignIn_page.java:50)
	at stepDef.Upgrade_Registration_SignIn_steps.theUserCreatesAnNewProfileInUP(Upgrade_Registration_SignIn_steps.java:87)
	at ✽.the Upgrade user creates a new profile(file:///Users/manav/Documents/QATest/qa-automation-tests/src/test/java/features/Upgrade/finalizePurchase.feature:6)
Caused by: org.openqa.selenium.NoSuchElementException: no such element: Unable to locate element: {"method":"xpath","selector":"//h1[contains(text(),'Choose Trade Option')]"}
  (Session info: chrome=105.0.5195.125)
For documentation on this error, please visit: https://selenium.dev/exceptions/#no_such_element
Build info: version: '4.4.0', revision: 'e5c75ed026a'
System info: host: 'SF-LAP-412.local', ip: 'fe80:0:0:0:eb:c8fe:5a40:5798%en0', os.name: 'Mac OS X', os.arch: 'aarch64', os.version: '12.6', java.version: '18.0.2.1'
Driver info: org.openqa.selenium.chrome.ChromeDriver
Command: [294805cc1f65f774272a5f32358f2c05, findElement {using=xpath, value=//h1[contains(text(),'Choose Trade Option')]}]
Capabilities {acceptInsecureCerts: false, browserName: chrome, browserVersion: 105.0.5195.125, chrome: {chromedriverVersion: 105.0.5195.52 (412c95e51883..., userDataDir: /var/folders/th/f4yf398x0lb...}, goog:chromeOptions: {debuggerAddress: localhost:59023}, networkConnectionEnabled: false, pageLoadStrategy: normal, platformName: MAC, proxy: Proxy(), se:cdp: ws://localhost:59023/devtoo..., se:cdpVersion: 105.0.5195.125, setWindowRect: true, strictFileInteractability: false, timeouts: {implicit: 0, pageLoad: 300000, script: 30000}, unhandledPromptBehavior: dismiss and notify, webauthn:extension:credBlob: true, webauthn:extension:largeBlob: true, webauthn:virtualAuthenticators: true}
Session ID: 294805cc1f65f774272a5f32358f2c05
	at java.base/jdk.internal.reflect.DirectConstructorHandleAccessor.newInstance(DirectConstructorHandleAccessor.java:67)
	at java.base/java.lang.reflect.Constructor.newInstanceWithCaller(Constructor.java:499)
	at java.base/java.lang.reflect.Constructor.newInstance(Constructor.java:483)
	at org.openqa.selenium.remote.codec.w3c.W3CHttpResponseCodec.createException(W3CHttpResponseCodec.java:200)
	at org.openqa.selenium.remote.codec.w3c.W3CHttpResponseCodec.decode(W3CHttpResponseCodec.java:133)
	at org.openqa.selenium.remote.codec.w3c.W3CHttpResponseCodec.decode(W3CHttpResponseCodec.java:53)
	at org.openqa.selenium.remote.HttpCommandExecutor.execute(HttpCommandExecutor.java:184)
	at org.openqa.selenium.remote.service.DriverCommandExecutor.invokeExecute(DriverCommandExecutor.java:167)
	at org.openqa.selenium.remote.service.DriverCommandExecutor.execute(DriverCommandExecutor.java:142)
	at org.openqa.selenium.remote.RemoteWebDriver.execute(RemoteWebDriver.java:547)
	at org.openqa.selenium.remote.ElementLocation$ElementFinder$2.findElement(ElementLocation.java:162)
	at org.openqa.selenium.remote.ElementLocation.findElement(ElementLocation.java:60)
	at org.openqa.selenium.remote.RemoteWebDriver.findElement(RemoteWebDriver.java:365)
	at org.openqa.selenium.remote.RemoteWebDriver.findElement(RemoteWebDriver.java:357)
	at org.openqa.selenium.support.pagefactory.DefaultElementLocator.findElement(DefaultElementLocator.java:70)
	at org.openqa.selenium.support.pagefactory.internal.LocatingElementHandler.invoke(LocatingElementHandler.java:39)
	at jdk.proxy2/jdk.proxy2.$Proxy33.isDisplayed(Unknown Source)
	at org.openqa.selenium.support.ui.ExpectedConditions.elementIfVisible(ExpectedConditions.java:307)
	at org.openqa.selenium.support.ui.ExpectedConditions.access$000(ExpectedConditions.java:40)
	at org.openqa.selenium.support.ui.ExpectedConditions$10.apply(ExpectedConditions.java:293)
	at org.openqa.selenium.support.ui.ExpectedConditions$10.apply(ExpectedConditions.java:290)
	at org.openqa.selenium.support.ui.FluentWait.until(FluentWait.java:208)
	at base.GenericFunctions.waitForElementToBeVisible(GenericFunctions.java:33)
	at pageObject.Upgrade_Registration_SignIn_page.verifyChooseTradeOption(Upgrade_Registration_SignIn_page.java:50)
	at stepDef.Upgrade_Registration_SignIn_steps.theUserCreatesAnNewProfileInUP(Upgrade_Registration_SignIn_steps.java:87)
	at java.base/jdk.internal.reflect.DirectMethodHandleAccessor.invoke(DirectMethodHandleAccessor.java:104)
	at java.base/java.lang.reflect.Method.invoke(Method.java:577)
	at io.cucumber.java.Invoker.doInvoke(Invoker.java:66)
	at io.cucumber.java.Invoker.invoke(Invoker.java:24)
	at io.cucumber.java.AbstractGlueDefinition.invokeMethod(AbstractGlueDefinition.java:47)
	at io.cucumber.java.JavaStepDefinition.execute(JavaStepDefinition.java:29)
	at io.cucumber.core.runner.CoreStepDefinition.execute(CoreStepDefinition.java:66)
	at io.cucumber.core.runner.PickleStepDefinitionMatch.runStep(PickleStepDefinitionMatch.java:63)
	at io.cucumber.core.runner.ExecutionMode$1.execute(ExecutionMode.java:10)
	at io.cucumber.core.runner.TestStep.executeStep(TestStep.java:85)
	at io.cucumber.core.runner.TestStep.run(TestStep.java:57)
	at io.cucumber.core.runner.PickleStepTestStep.run(PickleStepTestStep.java:51)
	at io.cucumber.core.runner.TestCase.run(TestCase.java:84)
	at io.cucumber.core.runner.Runner.runPickle(Runner.java:75)
	at io.cucumber.testng.TestNGCucumberRunner.lambda$runScenario$1(TestNGCucumberRunner.java:132)
	at io.cucumber.core.runtime.CucumberExecutionContext.lambda$runTestCase$5(CucumberExecutionContext.java:129)
	at io.cucumber.core.runtime.RethrowingThrowableCollector.executeAndThrow(RethrowingThrowableCollector.java:23)
	at io.cucumber.core.runtime.CucumberExecutionContext.runTestCase(CucumberExecutionContext.java:129)
	at io.cucumber.testng.TestNGCucumberRunner.runScenario(TestNGCucumberRunner.java:129)
	at io.cucumber.testng.AbstractTestNGCucumberTests.runScenario(AbstractTestNGCucumberTests.java:35)
	at java.base/jdk.internal.reflect.DirectMethodHandleAccessor.invoke(DirectMethodHandleAccessor.java:104)
	at java.base/java.lang.reflect.Method.invoke(Method.java:577)
	at org.testng.internal.invokers.MethodInvocationHelper.invokeMethod(MethodInvocationHelper.java:139)
	at org.testng.internal.invokers.TestInvoker.invokeMethod(TestInvoker.java:677)
	at org.testng.internal.invokers.TestInvoker.invokeTestMethod(TestInvoker.java:221)
	at org.testng.internal.invokers.TestMethodWithDataProviderMethodWorker.call(TestMethodWithDataProviderMethodWorker.java:80)
	at org.testng.internal.invokers.TestMethodWithDataProviderMethodWorker.call(TestMethodWithDataProviderMethodWorker.java:17)
	at java.base/java.util.concurrent.FutureTask.run(FutureTask.java:264)
	at java.base/java.util.concurrent.Executors$RunnableAdapter.call(Executors.java:539)
	at java.base/java.util.concurrent.FutureTask.run(FutureTask.java:264)
	at java.base/java.util.concurrent.ThreadPoolExecutor.runWorker(ThreadPoolExecutor.java:1136)
	at java.base/java.util.concurrent.ThreadPoolExecutor$Worker.run(ThreadPoolExecutor.java:635)
	at java.base/java.lang.Thread.run(Thread.java:833)
&amp#27;[0m
  &amp#27;[36mAnd &amp#27;[0m&amp#27;[36mthe Upgrade user clicks on shop new cars to navigate to the offer details page&amp#27;[0m &amp#27;[90m# stepDef.Upgrade_Contact_Dealer_steps.theUpgradeUserClicksOnShopNewCarsToNavigateToOfferDetailsPage()&amp#27;[0m
  &amp#27;[36mAnd &amp#27;[0m&amp#27;[36mthe Upgrade user switches to the Finance tab&amp#27;[0m                                   &amp#27;[90m# stepDef.Upgrade_Trades_steps.theUpgradeUserSwitchToFinanceTab()&amp#27;[0m
  &amp#27;[36mAnd &amp#27;[0m&amp#27;[36mthe Upgrade user clicks on the Apply For Credit button&amp#27;[0m                         &amp#27;[90m# stepDef.Upgrade_Finalize_Purchase_steps.theUpgradeUserClicksOnTheApplyForCreditButton()&amp#27;[0m
  &amp#27;[36mAnd &amp#27;[0m&amp#27;[36mthe Get Approved page is present&amp#27;[0m                                               &amp#27;[90m# stepDef.CSE_Get_Approved_steps.theGetApprovedPageIsPresent()&amp#27;[0m
  &amp#27;[36mWhen &amp#27;[0m&amp#27;[36mthe Get Approved finance page is populated correctly&amp#27;[0m                          &amp#27;[90m# stepDef.CSE_Get_Approved_steps.theGetApprovedFinancePageIsPopulatedCorrectly()&amp#27;[0m
  &amp#27;[36mThen &amp#27;[0m&amp#27;[36mthe Upgrade user fills out and submits the Get Started Page&amp#27;[0m                   &amp#27;[90m# stepDef.Upgrade_Finalize_Purchase_steps.theUpgradeUserFillsOutAndSubmitsTheGetStartedPage()&amp#27;[0m
  &amp#27;[36mAnd &amp#27;[0m&amp#27;[36mthe Employment Information is submitted&amp#27;[0m                                        &amp#27;[90m# stepDef.CSE_Get_Approved_steps.theEmploymentInformationIsSubmitted()&amp#27;[0m
  &amp#27;[36mWhen &amp#27;[0m&amp#27;[36mthe Upgrade user Vehicle Information is submitted&amp#27;[0m                             &amp#27;[90m# stepDef.Upgrade_Finalize_Purchase_steps.theUpgradeUserVehicleInformationIsSubmitted()&amp#27;[0m
  &amp#27;[36mThen &amp#27;[0m&amp#27;[36mthe Account Setup page appears&amp#27;[0m                                                &amp#27;[90m# stepDef.CSE_Get_Approved_steps.theAccountSetupPageAppears()&amp#27;[0m
  &amp#27;[36mAnd &amp#27;[0m&amp#27;[36ma positive loan decision is made&amp#27;[0m                                               &amp#27;[90m# stepDef.CSE_Get_Approved_steps.aPositiveLoanDecisionIsMade()&amp#27;[0m
  &amp#27;[36mWhen &amp#27;[0m&amp#27;[36mthe Upgrade user submits the Lease Options&amp#27;[0m                                    &amp#27;[90m# stepDef.Upgrade_Finalize_Purchase_steps.theUpgradeUserSubmitsTheLeaseOptions()&amp#27;[0m
  &amp#27;[36mAnd &amp#27;[0m&amp#27;[36mthe Upgrade user submits the Sign & Drive page&amp#27;[0m                                 &amp#27;[90m# stepDef.Upgrade_Finalize_Purchase_steps.theUpgradeUserSubmitsTheSignDrivePage()&amp#27;[0m
  &amp#27;[36mThen &amp#27;[0m&amp#27;[36mthe Upgrade user receives the certificate and verifies the certificate&amp#27;[0m        &amp#27;[90m# stepDef.Upgrade_Contact_Dealer_steps.theUpgradeUserReceivesTheCertificateAndVerifiesTheCertificate()&amp#27;[0m
  &amp#27;[36mWhen &amp#27;[0m&amp#27;[36mthe Upgrade user clicks on my garage from the hamburger menu&amp#27;[0m                  &amp#27;[90m# stepDef.Upgrade_Appointment_steps.theUserClicksOnMyGarageFromHamburgerMenu()&amp#27;[0m
  &amp#27;[36mThen &amp#27;[0m&amp#27;[36mthe leased vehicle is present under Saved Deals&amp#27;[0m                               &amp#27;[90m# stepDef.CSE_Get_Approved_steps.theLeasedVehicleIsPresentUnderSavedDeals()&amp#27;[0m

    Embedding Ensure the Upgrade user can finalize a finance purchase [image/png 153495 bytes]

]]></system-out>
    <system-err><![CDATA[ChromeDriver was started successfully.
Sep 28, 2022 8:01:46 PM org.openqa.selenium.remote.ProtocolHandshake createSession
INFO: Detected upstream dialect: W3C
Sep 28, 2022 8:01:46 PM org.openqa.selenium.devtools.CdpVersionFinder findNearestMatch
WARNING: Unable to find an exact match for CDP version 105, so returning the closest version found: 104
Sep 28, 2022 8:01:46 PM org.openqa.selenium.devtools.CdpVersionFinder findNearestMatch
INFO: Found CDP implementation for version 105 of 104
]]></system-err>
  </testcase>
  <testcase name="runScenario" classname="RunCucumberTest" time="38.698">
    <failure message="timeout: Timed out receiving message from renderer: 15.409&#10;  (Session info: chrome=105.0.5195.125)&#10;Build info: version: &apos;4.4.0&apos;, revision: &apos;e5c75ed026a&apos;&#10;System info: host: &apos;SF-LAP-412.local&apos;, ip: &apos;fe80:0:0:0:eb:c8fe:5a40:5798%en0&apos;, os.name: &apos;Mac OS X&apos;, os.arch: &apos;aarch64&apos;, os.version: &apos;12.6&apos;, java.version: &apos;18.0.2.1&apos;&#10;Driver info: org.openqa.selenium.chrome.ChromeDriver&#10;Command: [4ca66997b782c3ebd6c434d7104ca88a, get {url=https://bank-upgrade.beta.carsaver.com}]&#10;Capabilities {acceptInsecureCerts: false, browserName: chrome, browserVersion: 105.0.5195.125, chrome: {chromedriverVersion: 105.0.5195.52 (412c95e51883..., userDataDir: /var/folders/th/f4yf398x0lb...}, goog:chromeOptions: {debuggerAddress: localhost:59364}, networkConnectionEnabled: false, pageLoadStrategy: normal, platformName: MAC, proxy: Proxy(), se:cdp: ws://localhost:59364/devtoo..., se:cdpVersion: 105.0.5195.125, setWindowRect: true, strictFileInteractability: false, timeouts: {implicit: 0, pageLoad: 300000, script: 30000}, unhandledPromptBehavior: dismiss and notify, webauthn:extension:credBlob: true, webauthn:extension:largeBlob: true, webauthn:virtualAuthenticators: true}&#10;Session ID: 4ca66997b782c3ebd6c434d7104ca88a" type="org.openqa.selenium.TimeoutException">org.openqa.selenium.TimeoutException: 
timeout: Timed out receiving message from renderer: 15.409
  (Session info: chrome=105.0.5195.125)
Build info: version: '4.4.0', revision: 'e5c75ed026a'
System info: host: 'SF-LAP-412.local', ip: 'fe80:0:0:0:eb:c8fe:5a40:5798%en0', os.name: 'Mac OS X', os.arch: 'aarch64', os.version: '12.6', java.version: '18.0.2.1'
Driver info: org.openqa.selenium.chrome.ChromeDriver
Command: [4ca66997b782c3ebd6c434d7104ca88a, get {url=https://bank-upgrade.beta.carsaver.com}]
Capabilities {acceptInsecureCerts: false, browserName: chrome, browserVersion: 105.0.5195.125, chrome: {chromedriverVersion: 105.0.5195.52 (412c95e51883..., userDataDir: /var/folders/th/f4yf398x0lb...}, goog:chromeOptions: {debuggerAddress: localhost:59364}, networkConnectionEnabled: false, pageLoadStrategy: normal, platformName: MAC, proxy: Proxy(), se:cdp: ws://localhost:59364/devtoo..., se:cdpVersion: 105.0.5195.125, setWindowRect: true, strictFileInteractability: false, timeouts: {implicit: 0, pageLoad: 300000, script: 30000}, unhandledPromptBehavior: dismiss and notify, webauthn:extension:credBlob: true, webauthn:extension:largeBlob: true, webauthn:virtualAuthenticators: true}
Session ID: 4ca66997b782c3ebd6c434d7104ca88a
</failure>
    <system-out><![CDATA[
@UP @UP_garage @finalize_Purchase @regression
Scenario: Ensure the Upgrade user can go back to the deal page and return to the approval page &amp#27;[90m# src/test/java/features/Upgrade/finalizePurchase.feature:44&amp#27;[0m
      &amp#27;[31morg.openqa.selenium.TimeoutException: timeout: Timed out receiving message from renderer: 15.409
  (Session info: chrome=105.0.5195.125)
Build info: version: '4.4.0', revision: 'e5c75ed026a'
System info: host: 'SF-LAP-412.local', ip: 'fe80:0:0:0:eb:c8fe:5a40:5798%en0', os.name: 'Mac OS X', os.arch: 'aarch64', os.version: '12.6', java.version: '18.0.2.1'
Driver info: org.openqa.selenium.chrome.ChromeDriver
Command: [4ca66997b782c3ebd6c434d7104ca88a, get {url=https://bank-upgrade.beta.carsaver.com}]
Capabilities {acceptInsecureCerts: false, browserName: chrome, browserVersion: 105.0.5195.125, chrome: {chromedriverVersion: 105.0.5195.52 (412c95e51883..., userDataDir: /var/folders/th/f4yf398x0lb...}, goog:chromeOptions: {debuggerAddress: localhost:59364}, networkConnectionEnabled: false, pageLoadStrategy: normal, platformName: MAC, proxy: Proxy(), se:cdp: ws://localhost:59364/devtoo..., se:cdpVersion: 105.0.5195.125, setWindowRect: true, strictFileInteractability: false, timeouts: {implicit: 0, pageLoad: 300000, script: 30000}, unhandledPromptBehavior: dismiss and notify, webauthn:extension:credBlob: true, webauthn:extension:largeBlob: true, webauthn:virtualAuthenticators: true}
Session ID: 4ca66997b782c3ebd6c434d7104ca88a
	at java.base/jdk.internal.reflect.DirectConstructorHandleAccessor.newInstance(DirectConstructorHandleAccessor.java:67)
	at java.base/java.lang.reflect.Constructor.newInstanceWithCaller(Constructor.java:499)
	at java.base/java.lang.reflect.Constructor.newInstance(Constructor.java:483)
	at org.openqa.selenium.remote.codec.w3c.W3CHttpResponseCodec.createException(W3CHttpResponseCodec.java:200)
	at org.openqa.selenium.remote.codec.w3c.W3CHttpResponseCodec.decode(W3CHttpResponseCodec.java:133)
	at org.openqa.selenium.remote.codec.w3c.W3CHttpResponseCodec.decode(W3CHttpResponseCodec.java:53)
	at org.openqa.selenium.remote.HttpCommandExecutor.execute(HttpCommandExecutor.java:184)
	at org.openqa.selenium.remote.service.DriverCommandExecutor.invokeExecute(DriverCommandExecutor.java:167)
	at org.openqa.selenium.remote.service.DriverCommandExecutor.execute(DriverCommandExecutor.java:142)
	at org.openqa.selenium.remote.RemoteWebDriver.execute(RemoteWebDriver.java:547)
	at org.openqa.selenium.remote.RemoteWebDriver.get(RemoteWebDriver.java:310)
	at stepDef.Hook.initialize(Hook.java:97)
	at stepDef.Hook.getDriver(Hook.java:48)
	at managers.DriverManager.getDriver(DriverManager.java:13)
	at cucumber.TestContext.<init>(TestContext.java:12)
	at java.base/jdk.internal.reflect.DirectConstructorHandleAccessor.newInstance(DirectConstructorHandleAccessor.java:67)
	at java.base/java.lang.reflect.Constructor.newInstanceWithCaller(Constructor.java:499)
	at java.base/java.lang.reflect.Constructor.newInstance(Constructor.java:483)
	at org.picocontainer.injectors.AbstractInjector.newInstance(AbstractInjector.java:145)
	at org.picocontainer.injectors.ConstructorInjector$1.run(ConstructorInjector.java:342)
	at org.picocontainer.injectors.AbstractInjector$ThreadLocalCyclicDependencyGuard.observe(AbstractInjector.java:270)
	at org.picocontainer.injectors.ConstructorInjector.getComponentInstance(ConstructorInjector.java:364)
	at org.picocontainer.injectors.AbstractInjectionFactory$LifecycleAdapter.getComponentInstance(AbstractInjectionFactory.java:56)
	at org.picocontainer.behaviors.AbstractBehavior.getComponentInstance(AbstractBehavior.java:64)
	at org.picocontainer.behaviors.Stored.getComponentInstance(Stored.java:91)
	at org.picocontainer.DefaultPicoContainer.getInstance(DefaultPicoContainer.java:699)
	at org.picocontainer.DefaultPicoContainer.getComponent(DefaultPicoContainer.java:647)
	at org.picocontainer.DefaultPicoContainer.getComponent(DefaultPicoContainer.java:632)
	at org.picocontainer.parameters.BasicComponentParameter$1.resolveInstance(BasicComponentParameter.java:118)
	at org.picocontainer.parameters.ComponentParameter$1.resolveInstance(ComponentParameter.java:136)
	at org.picocontainer.injectors.SingleMemberInjector.getParameter(SingleMemberInjector.java:78)
	at org.picocontainer.injectors.ConstructorInjector$CtorAndAdapters.getParameterArguments(ConstructorInjector.java:309)
	at org.picocontainer.injectors.ConstructorInjector$1.run(ConstructorInjector.java:335)
	at org.picocontainer.injectors.AbstractInjector$ThreadLocalCyclicDependencyGuard.observe(AbstractInjector.java:270)
	at org.picocontainer.injectors.ConstructorInjector.getComponentInstance(ConstructorInjector.java:364)
	at org.picocontainer.injectors.AbstractInjectionFactory$LifecycleAdapter.getComponentInstance(AbstractInjectionFactory.java:56)
	at org.picocontainer.behaviors.AbstractBehavior.getComponentInstance(AbstractBehavior.java:64)
	at org.picocontainer.behaviors.Stored.getComponentInstance(Stored.java:91)
	at org.picocontainer.DefaultPicoContainer.getInstance(DefaultPicoContainer.java:699)
	at org.picocontainer.DefaultPicoContainer.getComponent(DefaultPicoContainer.java:647)
	at org.picocontainer.DefaultPicoContainer.getComponent(DefaultPicoContainer.java:678)
	at io.cucumber.picocontainer.PicoFactory.getInstance(PicoFactory.java:49)
	at io.cucumber.java.AbstractGlueDefinition.invokeMethod(AbstractGlueDefinition.java:47)
	at io.cucumber.java.JavaHookDefinition.execute(JavaHookDefinition.java:64)
	at io.cucumber.core.runner.CoreHookDefinition.execute(CoreHookDefinition.java:46)
	at io.cucumber.core.runner.HookDefinitionMatch.runStep(HookDefinitionMatch.java:21)
	at io.cucumber.core.runner.ExecutionMode$1.execute(ExecutionMode.java:10)
	at io.cucumber.core.runner.TestStep.executeStep(TestStep.java:85)
	at io.cucumber.core.runner.TestStep.run(TestStep.java:57)
	at io.cucumber.core.runner.TestCase.run(TestCase.java:78)
	at io.cucumber.core.runner.Runner.runPickle(Runner.java:75)
	at io.cucumber.testng.TestNGCucumberRunner.lambda$runScenario$1(TestNGCucumberRunner.java:132)
	at io.cucumber.core.runtime.CucumberExecutionContext.lambda$runTestCase$5(CucumberExecutionContext.java:129)
	at io.cucumber.core.runtime.RethrowingThrowableCollector.executeAndThrow(RethrowingThrowableCollector.java:23)
	at io.cucumber.core.runtime.CucumberExecutionContext.runTestCase(CucumberExecutionContext.java:129)
	at io.cucumber.testng.TestNGCucumberRunner.runScenario(TestNGCucumberRunner.java:129)
	at io.cucumber.testng.AbstractTestNGCucumberTests.runScenario(AbstractTestNGCucumberTests.java:35)
	at java.base/jdk.internal.reflect.DirectMethodHandleAccessor.invoke(DirectMethodHandleAccessor.java:104)
	at java.base/java.lang.reflect.Method.invoke(Method.java:577)
	at org.testng.internal.invokers.MethodInvocationHelper.invokeMethod(MethodInvocationHelper.java:139)
	at org.testng.internal.invokers.TestInvoker.invokeMethod(TestInvoker.java:677)
	at org.testng.internal.invokers.TestInvoker.invokeTestMethod(TestInvoker.java:221)
	at org.testng.internal.invokers.TestMethodWithDataProviderMethodWorker.call(TestMethodWithDataProviderMethodWorker.java:80)
	at org.testng.internal.invokers.TestMethodWithDataProviderMethodWorker.call(TestMethodWithDataProviderMethodWorker.java:17)
	at java.base/java.util.concurrent.FutureTask.run(FutureTask.java:264)
	at java.base/java.util.concurrent.Executors$RunnableAdapter.call(Executors.java:539)
	at java.base/java.util.concurrent.FutureTask.run(FutureTask.java:264)
	at java.base/java.util.concurrent.ThreadPoolExecutor.runWorker(ThreadPoolExecutor.java:1136)
	at java.base/java.util.concurrent.ThreadPoolExecutor$Worker.run(ThreadPoolExecutor.java:635)
	at java.base/java.lang.Thread.run(Thread.java:833)
&amp#27;[0m
  &amp#27;[36mGiven &amp#27;[0m&amp#27;[36mthe Upgrade user navigates to the homepage&amp#27;[0m                                             &amp#27;[90m# stepDef.Upgrade_Registration_SignIn_steps.theUserNavigatesToTheUpgradeHomePage()&amp#27;[0m
  &amp#27;[36mAnd &amp#27;[0m&amp#27;[36mthe Upgrade user clicks on the &amp#27;[0m&amp#27;[36m&amp#27;[1m"Sign in here"&amp#27;[0m&amp#27;[36m link from the top nav&amp#27;[0m                      &amp#27;[90m# stepDef.Upgrade_Registration_SignIn_steps.theUpgradeUserClicksOnTheLinkFromTheTopNav(java.lang.String)&amp#27;[0m
  &amp#27;[36mAnd &amp#27;[0m&amp#27;[36mthe Upgrade user creates a new profile&amp#27;[0m                                                   &amp#27;[90m# stepDef.Upgrade_Registration_SignIn_steps.theUserCreatesAnNewProfileInUP()&amp#27;[0m
  &amp#27;[36mAnd &amp#27;[0m&amp#27;[36mthe Upgrade user clicks on shop new cars to navigate to the offer details page&amp#27;[0m           &amp#27;[90m# stepDef.Upgrade_Contact_Dealer_steps.theUpgradeUserClicksOnShopNewCarsToNavigateToOfferDetailsPage()&amp#27;[0m
  &amp#27;[36mAnd &amp#27;[0m&amp#27;[36mthe Upgrade user switches to the Lease tab&amp#27;[0m                                               &amp#27;[90m# stepDef.Upgrade_SavedDeals_steps.theUpgradeUserSwitchesToTheLeaseTab()&amp#27;[0m
  &amp#27;[36mWhen &amp#27;[0m&amp#27;[36mthe Upgrade user clicks on the Apply For Credit button&amp#27;[0m                                  &amp#27;[90m# stepDef.Upgrade_Finalize_Purchase_steps.theUpgradeUserClicksOnTheApplyForCreditButton()&amp#27;[0m
  &amp#27;[36mThen &amp#27;[0m&amp#27;[36mthe Get Approved page is present&amp#27;[0m                                                        &amp#27;[90m# stepDef.CSE_Get_Approved_steps.theGetApprovedPageIsPresent()&amp#27;[0m
  &amp#27;[36mAnd &amp#27;[0m&amp#27;[36mthe Upgrade user clicks the Back to Deal button&amp#27;[0m                                          &amp#27;[90m# stepDef.Upgrade_Finalize_Purchase_steps.theUpgradeUserClicksTheBackToDealButton()&amp#27;[0m
  &amp#27;[36mWhen &amp#27;[0m&amp#27;[36mthe Upgrade user clicks on the Apply For Credit button&amp#27;[0m                                  &amp#27;[90m# stepDef.Upgrade_Finalize_Purchase_steps.theUpgradeUserClicksOnTheApplyForCreditButton()&amp#27;[0m
  &amp#27;[36mThen &amp#27;[0m&amp#27;[36mthe Get Approved page is present&amp#27;[0m                                                        &amp#27;[90m# stepDef.CSE_Get_Approved_steps.theGetApprovedPageIsPresent()&amp#27;[0m

    Embedding Ensure the Upgrade user can go back to the deal page and return to the approval page [image/png 1518926 bytes]

]]></system-out>
    <system-err><![CDATA[ChromeDriver was started successfully.
Sep 28, 2022 8:02:55 PM org.openqa.selenium.remote.ProtocolHandshake createSession
INFO: Detected upstream dialect: W3C
Sep 28, 2022 8:02:55 PM org.openqa.selenium.devtools.CdpVersionFinder findNearestMatch
WARNING: Unable to find an exact match for CDP version 105, so returning the closest version found: 104
Sep 28, 2022 8:02:55 PM org.openqa.selenium.devtools.CdpVersionFinder findNearestMatch
INFO: Found CDP implementation for version 105 of 104
ChromeDriver was started successfully.
Sep 28, 2022 8:03:17 PM org.openqa.selenium.remote.ProtocolHandshake createSession
INFO: Detected upstream dialect: W3C
Sep 28, 2022 8:03:17 PM org.openqa.selenium.devtools.CdpVersionFinder findNearestMatch
WARNING: Unable to find an exact match for CDP version 105, so returning the closest version found: 104
Sep 28, 2022 8:03:17 PM org.openqa.selenium.devtools.CdpVersionFinder findNearestMatch
INFO: Found CDP implementation for version 105 of 104
]]></system-err>
  </testcase>
  <testcase name="runScenario" classname="RunCucumberTest" time="69.312">
    <failure message="Expected condition failed: waiting for visibility of Proxy element for: DefaultElementLocator &apos;By.xpath: //h1[contains(text(),&apos;Choose Trade Option&apos;)]&apos; (tried for 20 second(s) with 500 milliseconds interval)" type="org.openqa.selenium.TimeoutException">org.openqa.selenium.TimeoutException: Expected condition failed: waiting for visibility of Proxy element for: DefaultElementLocator 'By.xpath: //h1[contains(text(),'Choose Trade Option')]' (tried for 20 second(s) with 500 milliseconds interval)
Caused by: org.openqa.selenium.NoSuchElementException: 
no such element: Unable to locate element: {"method":"xpath","selector":"//h1[contains(text(),'Choose Trade Option')]"}
  (Session info: chrome=105.0.5195.125)
For documentation on this error, please visit: https://selenium.dev/exceptions/#no_such_element
Build info: version: '4.4.0', revision: 'e5c75ed026a'
System info: host: 'SF-LAP-412.local', ip: 'fe80:0:0:0:eb:c8fe:5a40:5798%en0', os.name: 'Mac OS X', os.arch: 'aarch64', os.version: '12.6', java.version: '18.0.2.1'
Driver info: org.openqa.selenium.chrome.ChromeDriver
Command: [f28d284fea451a4ac230d6682878fae8, findElement {using=xpath, value=//h1[contains(text(),'Choose Trade Option')]}]
Capabilities {acceptInsecureCerts: false, browserName: chrome, browserVersion: 105.0.5195.125, chrome: {chromedriverVersion: 105.0.5195.52 (412c95e51883..., userDataDir: /var/folders/th/f4yf398x0lb...}, goog:chromeOptions: {debuggerAddress: localhost:59631}, networkConnectionEnabled: false, pageLoadStrategy: normal, platformName: MAC, proxy: Proxy(), se:cdp: ws://localhost:59631/devtoo..., se:cdpVersion: 105.0.5195.125, setWindowRect: true, strictFileInteractability: false, timeouts: {implicit: 0, pageLoad: 300000, script: 30000}, unhandledPromptBehavior: dismiss and notify, webauthn:extension:credBlob: true, webauthn:extension:largeBlob: true, webauthn:virtualAuthenticators: true}
Session ID: f28d284fea451a4ac230d6682878fae8
</failure>
    <system-out><![CDATA[
@UP @UP_garage @finance_Lease_Cash @regression
Scenario: Ensure the Upgrade user can switch to finance lease and cash tabs          &amp#27;[90m# src/test/java/features/Upgrade/financeLeaseCash.feature:10&amp#27;[0m
  &amp#27;[32mGiven &amp#27;[0m&amp#27;[32mthe Upgrade user navigates to the homepage&amp#27;[0m                                   &amp#27;[90m# stepDef.Upgrade_Registration_SignIn_steps.theUserNavigatesToTheUpgradeHomePage()&amp#27;[0m
  &amp#27;[32mAnd &amp#27;[0m&amp#27;[32mthe Upgrade user clicks on the &amp#27;[0m&amp#27;[32m&amp#27;[1m"Sign in here"&amp#27;[0m&amp#27;[32m link from the top nav&amp#27;[0m            &amp#27;[90m# stepDef.Upgrade_Registration_SignIn_steps.theUpgradeUserClicksOnTheLinkFromTheTopNav(java.lang.String)&amp#27;[0m
  &amp#27;[31mAnd &amp#27;[0m&amp#27;[31mthe Upgrade user creates a new profile&amp#27;[0m                                         &amp#27;[90m# stepDef.Upgrade_Registration_SignIn_steps.theUserCreatesAnNewProfileInUP()&amp#27;[0m
      &amp#27;[31morg.openqa.selenium.TimeoutException: Expected condition failed: waiting for visibility of Proxy element for: DefaultElementLocator 'By.xpath: //h1[contains(text(),'Choose Trade Option')]' (tried for 20 second(s) with 500 milliseconds interval)
	at org.openqa.selenium.support.ui.WebDriverWait.timeoutException(WebDriverWait.java:87)
	at org.openqa.selenium.support.ui.FluentWait.until(FluentWait.java:231)
	at base.GenericFunctions.waitForElementToBeVisible(GenericFunctions.java:33)
	at pageObject.Upgrade_Registration_SignIn_page.verifyChooseTradeOption(Upgrade_Registration_SignIn_page.java:50)
	at stepDef.Upgrade_Registration_SignIn_steps.theUserCreatesAnNewProfileInUP(Upgrade_Registration_SignIn_steps.java:87)
	at ✽.the Upgrade user creates a new profile(file:///Users/manav/Documents/QATest/qa-automation-tests/src/test/java/features/Upgrade/financeLeaseCash.feature:6)
Caused by: org.openqa.selenium.NoSuchElementException: no such element: Unable to locate element: {"method":"xpath","selector":"//h1[contains(text(),'Choose Trade Option')]"}
  (Session info: chrome=105.0.5195.125)
For documentation on this error, please visit: https://selenium.dev/exceptions/#no_such_element
Build info: version: '4.4.0', revision: 'e5c75ed026a'
System info: host: 'SF-LAP-412.local', ip: 'fe80:0:0:0:eb:c8fe:5a40:5798%en0', os.name: 'Mac OS X', os.arch: 'aarch64', os.version: '12.6', java.version: '18.0.2.1'
Driver info: org.openqa.selenium.chrome.ChromeDriver
Command: [f28d284fea451a4ac230d6682878fae8, findElement {using=xpath, value=//h1[contains(text(),'Choose Trade Option')]}]
Capabilities {acceptInsecureCerts: false, browserName: chrome, browserVersion: 105.0.5195.125, chrome: {chromedriverVersion: 105.0.5195.52 (412c95e51883..., userDataDir: /var/folders/th/f4yf398x0lb...}, goog:chromeOptions: {debuggerAddress: localhost:59631}, networkConnectionEnabled: false, pageLoadStrategy: normal, platformName: MAC, proxy: Proxy(), se:cdp: ws://localhost:59631/devtoo..., se:cdpVersion: 105.0.5195.125, setWindowRect: true, strictFileInteractability: false, timeouts: {implicit: 0, pageLoad: 300000, script: 30000}, unhandledPromptBehavior: dismiss and notify, webauthn:extension:credBlob: true, webauthn:extension:largeBlob: true, webauthn:virtualAuthenticators: true}
Session ID: f28d284fea451a4ac230d6682878fae8
	at java.base/jdk.internal.reflect.DirectConstructorHandleAccessor.newInstance(DirectConstructorHandleAccessor.java:67)
	at java.base/java.lang.reflect.Constructor.newInstanceWithCaller(Constructor.java:499)
	at java.base/java.lang.reflect.Constructor.newInstance(Constructor.java:483)
	at org.openqa.selenium.remote.codec.w3c.W3CHttpResponseCodec.createException(W3CHttpResponseCodec.java:200)
	at org.openqa.selenium.remote.codec.w3c.W3CHttpResponseCodec.decode(W3CHttpResponseCodec.java:133)
	at org.openqa.selenium.remote.codec.w3c.W3CHttpResponseCodec.decode(W3CHttpResponseCodec.java:53)
	at org.openqa.selenium.remote.HttpCommandExecutor.execute(HttpCommandExecutor.java:184)
	at org.openqa.selenium.remote.service.DriverCommandExecutor.invokeExecute(DriverCommandExecutor.java:167)
	at org.openqa.selenium.remote.service.DriverCommandExecutor.execute(DriverCommandExecutor.java:142)
	at org.openqa.selenium.remote.RemoteWebDriver.execute(RemoteWebDriver.java:547)
	at org.openqa.selenium.remote.ElementLocation$ElementFinder$2.findElement(ElementLocation.java:162)
	at org.openqa.selenium.remote.ElementLocation.findElement(ElementLocation.java:60)
	at org.openqa.selenium.remote.RemoteWebDriver.findElement(RemoteWebDriver.java:365)
	at org.openqa.selenium.remote.RemoteWebDriver.findElement(RemoteWebDriver.java:357)
	at org.openqa.selenium.support.pagefactory.DefaultElementLocator.findElement(DefaultElementLocator.java:70)
	at org.openqa.selenium.support.pagefactory.internal.LocatingElementHandler.invoke(LocatingElementHandler.java:39)
	at jdk.proxy2/jdk.proxy2.$Proxy33.isDisplayed(Unknown Source)
	at org.openqa.selenium.support.ui.ExpectedConditions.elementIfVisible(ExpectedConditions.java:307)
	at org.openqa.selenium.support.ui.ExpectedConditions.access$000(ExpectedConditions.java:40)
	at org.openqa.selenium.support.ui.ExpectedConditions$10.apply(ExpectedConditions.java:293)
	at org.openqa.selenium.support.ui.ExpectedConditions$10.apply(ExpectedConditions.java:290)
	at org.openqa.selenium.support.ui.FluentWait.until(FluentWait.java:208)
	at base.GenericFunctions.waitForElementToBeVisible(GenericFunctions.java:33)
	at pageObject.Upgrade_Registration_SignIn_page.verifyChooseTradeOption(Upgrade_Registration_SignIn_page.java:50)
	at stepDef.Upgrade_Registration_SignIn_steps.theUserCreatesAnNewProfileInUP(Upgrade_Registration_SignIn_steps.java:87)
	at java.base/jdk.internal.reflect.DirectMethodHandleAccessor.invoke(DirectMethodHandleAccessor.java:104)
	at java.base/java.lang.reflect.Method.invoke(Method.java:577)
	at io.cucumber.java.Invoker.doInvoke(Invoker.java:66)
	at io.cucumber.java.Invoker.invoke(Invoker.java:24)
	at io.cucumber.java.AbstractGlueDefinition.invokeMethod(AbstractGlueDefinition.java:47)
	at io.cucumber.java.JavaStepDefinition.execute(JavaStepDefinition.java:29)
	at io.cucumber.core.runner.CoreStepDefinition.execute(CoreStepDefinition.java:66)
	at io.cucumber.core.runner.PickleStepDefinitionMatch.runStep(PickleStepDefinitionMatch.java:63)
	at io.cucumber.core.runner.ExecutionMode$1.execute(ExecutionMode.java:10)
	at io.cucumber.core.runner.TestStep.executeStep(TestStep.java:85)
	at io.cucumber.core.runner.TestStep.run(TestStep.java:57)
	at io.cucumber.core.runner.PickleStepTestStep.run(PickleStepTestStep.java:51)
	at io.cucumber.core.runner.TestCase.run(TestCase.java:84)
	at io.cucumber.core.runner.Runner.runPickle(Runner.java:75)
	at io.cucumber.testng.TestNGCucumberRunner.lambda$runScenario$1(TestNGCucumberRunner.java:132)
	at io.cucumber.core.runtime.CucumberExecutionContext.lambda$runTestCase$5(CucumberExecutionContext.java:129)
	at io.cucumber.core.runtime.RethrowingThrowableCollector.executeAndThrow(RethrowingThrowableCollector.java:23)
	at io.cucumber.core.runtime.CucumberExecutionContext.runTestCase(CucumberExecutionContext.java:129)
	at io.cucumber.testng.TestNGCucumberRunner.runScenario(TestNGCucumberRunner.java:129)
	at io.cucumber.testng.AbstractTestNGCucumberTests.runScenario(AbstractTestNGCucumberTests.java:35)
	at java.base/jdk.internal.reflect.DirectMethodHandleAccessor.invoke(DirectMethodHandleAccessor.java:104)
	at java.base/java.lang.reflect.Method.invoke(Method.java:577)
	at org.testng.internal.invokers.MethodInvocationHelper.invokeMethod(MethodInvocationHelper.java:139)
	at org.testng.internal.invokers.TestInvoker.invokeMethod(TestInvoker.java:677)
	at org.testng.internal.invokers.TestInvoker.invokeTestMethod(TestInvoker.java:221)
	at org.testng.internal.invokers.TestMethodWithDataProviderMethodWorker.call(TestMethodWithDataProviderMethodWorker.java:80)
	at org.testng.internal.invokers.TestMethodWithDataProviderMethodWorker.call(TestMethodWithDataProviderMethodWorker.java:17)
	at java.base/java.util.concurrent.FutureTask.run(FutureTask.java:264)
	at java.base/java.util.concurrent.Executors$RunnableAdapter.call(Executors.java:539)
	at java.base/java.util.concurrent.FutureTask.run(FutureTask.java:264)
	at java.base/java.util.concurrent.ThreadPoolExecutor.runWorker(ThreadPoolExecutor.java:1136)
	at java.base/java.util.concurrent.ThreadPoolExecutor$Worker.run(ThreadPoolExecutor.java:635)
	at java.base/java.lang.Thread.run(Thread.java:833)
&amp#27;[0m
  &amp#27;[36mAnd &amp#27;[0m&amp#27;[36mthe Upgrade user clicks on shop new cars to navigate to the offer details page&amp#27;[0m &amp#27;[90m# stepDef.Upgrade_Contact_Dealer_steps.theUpgradeUserClicksOnShopNewCarsToNavigateToOfferDetailsPage()&amp#27;[0m
  &amp#27;[36mAnd &amp#27;[0m&amp#27;[36mthe Upgrade user switches to the Cash tab&amp#27;[0m                                      &amp#27;[90m# stepDef.Upgrade_SavedDeals_steps.theUpgradeUserSwitchesToTheCashTab()&amp#27;[0m
  &amp#27;[36mAnd &amp#27;[0m&amp#27;[36mthe Upgrade user switches to the Lease tab&amp#27;[0m                                     &amp#27;[90m# stepDef.Upgrade_SavedDeals_steps.theUpgradeUserSwitchesToTheLeaseTab()&amp#27;[0m
  &amp#27;[36mAnd &amp#27;[0m&amp#27;[36mthe Upgrade user switches to the Finance tab&amp#27;[0m                                   &amp#27;[90m# stepDef.Upgrade_Trades_steps.theUpgradeUserSwitchToFinanceTab()&amp#27;[0m
  &amp#27;[36mAnd &amp#27;[0m&amp#27;[36mthe Upgrade user notes the current finance information&amp#27;[0m                         &amp#27;[90m# stepDef.Upgrade_Down_Payment_steps.theUpgradeUserNotesTheCurrentFinanceInformation()&amp#27;[0m
  &amp#27;[36mWhen &amp#27;[0m&amp#27;[36mthe Upgrade user changes the down payment for finance to &amp#27;[0m&amp#27;[36m&amp#27;[1m"5000"&amp#27;[0m               &amp#27;[90m# stepDef.Upgrade_Down_Payment_steps.theUpgradeUserChangesTheDownPaymentForFinanceTo(java.lang.String)&amp#27;[0m
  &amp#27;[36mThen &amp#27;[0m&amp#27;[36mthe Upgrade user verifies the finance information has updated&amp#27;[0m                 &amp#27;[90m# stepDef.Upgrade_Down_Payment_steps.theUpgradeUserVerifiesTheFinanceInformationHasUpdated()&amp#27;[0m

    Embedding Ensure the Upgrade user can switch to finance lease and cash tabs [image/png 156244 bytes]

]]></system-out>
    <system-err><![CDATA[ChromeDriver was started successfully.
Sep 28, 2022 8:03:34 PM org.openqa.selenium.remote.ProtocolHandshake createSession
INFO: Detected upstream dialect: W3C
Sep 28, 2022 8:03:34 PM org.openqa.selenium.devtools.CdpVersionFinder findNearestMatch
WARNING: Unable to find an exact match for CDP version 105, so returning the closest version found: 104
Sep 28, 2022 8:03:34 PM org.openqa.selenium.devtools.CdpVersionFinder findNearestMatch
INFO: Found CDP implementation for version 105 of 104
]]></system-err>
  </testcase>
  <testcase name="runScenario" classname="RunCucumberTest" time="69.418">
    <failure message="Expected condition failed: waiting for visibility of Proxy element for: DefaultElementLocator &apos;By.xpath: //h1[contains(text(),&apos;Choose Trade Option&apos;)]&apos; (tried for 20 second(s) with 500 milliseconds interval)" type="org.openqa.selenium.TimeoutException">org.openqa.selenium.TimeoutException: Expected condition failed: waiting for visibility of Proxy element for: DefaultElementLocator 'By.xpath: //h1[contains(text(),'Choose Trade Option')]' (tried for 20 second(s) with 500 milliseconds interval)
Caused by: org.openqa.selenium.NoSuchElementException: 
no such element: Unable to locate element: {"method":"xpath","selector":"//h1[contains(text(),'Choose Trade Option')]"}
  (Session info: chrome=105.0.5195.125)
For documentation on this error, please visit: https://selenium.dev/exceptions/#no_such_element
Build info: version: '4.4.0', revision: 'e5c75ed026a'
System info: host: 'SF-LAP-412.local', ip: 'fe80:0:0:0:eb:c8fe:5a40:5798%en0', os.name: 'Mac OS X', os.arch: 'aarch64', os.version: '12.6', java.version: '18.0.2.1'
Driver info: org.openqa.selenium.chrome.ChromeDriver
Command: [c052337da4ac3a887645d3e4c47714f3, findElement {using=xpath, value=//h1[contains(text(),'Choose Trade Option')]}]
Capabilities {acceptInsecureCerts: false, browserName: chrome, browserVersion: 105.0.5195.125, chrome: {chromedriverVersion: 105.0.5195.52 (412c95e51883..., userDataDir: /var/folders/th/f4yf398x0lb...}, goog:chromeOptions: {debuggerAddress: localhost:59976}, networkConnectionEnabled: false, pageLoadStrategy: normal, platformName: MAC, proxy: Proxy(), se:cdp: ws://localhost:59976/devtoo..., se:cdpVersion: 105.0.5195.125, setWindowRect: true, strictFileInteractability: false, timeouts: {implicit: 0, pageLoad: 300000, script: 30000}, unhandledPromptBehavior: dismiss and notify, webauthn:extension:credBlob: true, webauthn:extension:largeBlob: true, webauthn:virtualAuthenticators: true}
Session ID: c052337da4ac3a887645d3e4c47714f3
</failure>
    <system-out><![CDATA[
@UP @UP_garage @finance_Lease_Cash @regression @smoke
Scenario: Ensure the Upgrade user can see adjusted down payment after switching  between tabs &amp#27;[90m# src/test/java/features/Upgrade/financeLeaseCash.feature:19&amp#27;[0m
  &amp#27;[32mGiven &amp#27;[0m&amp#27;[32mthe Upgrade user navigates to the homepage&amp#27;[0m                                            &amp#27;[90m# stepDef.Upgrade_Registration_SignIn_steps.theUserNavigatesToTheUpgradeHomePage()&amp#27;[0m
  &amp#27;[32mAnd &amp#27;[0m&amp#27;[32mthe Upgrade user clicks on the &amp#27;[0m&amp#27;[32m&amp#27;[1m"Sign in here"&amp#27;[0m&amp#27;[32m link from the top nav&amp#27;[0m                     &amp#27;[90m# stepDef.Upgrade_Registration_SignIn_steps.theUpgradeUserClicksOnTheLinkFromTheTopNav(java.lang.String)&amp#27;[0m
  &amp#27;[31mAnd &amp#27;[0m&amp#27;[31mthe Upgrade user creates a new profile&amp#27;[0m                                                  &amp#27;[90m# stepDef.Upgrade_Registration_SignIn_steps.theUserCreatesAnNewProfileInUP()&amp#27;[0m
      &amp#27;[31morg.openqa.selenium.TimeoutException: Expected condition failed: waiting for visibility of Proxy element for: DefaultElementLocator 'By.xpath: //h1[contains(text(),'Choose Trade Option')]' (tried for 20 second(s) with 500 milliseconds interval)
	at org.openqa.selenium.support.ui.WebDriverWait.timeoutException(WebDriverWait.java:87)
	at org.openqa.selenium.support.ui.FluentWait.until(FluentWait.java:231)
	at base.GenericFunctions.waitForElementToBeVisible(GenericFunctions.java:33)
	at pageObject.Upgrade_Registration_SignIn_page.verifyChooseTradeOption(Upgrade_Registration_SignIn_page.java:50)
	at stepDef.Upgrade_Registration_SignIn_steps.theUserCreatesAnNewProfileInUP(Upgrade_Registration_SignIn_steps.java:87)
	at ✽.the Upgrade user creates a new profile(file:///Users/manav/Documents/QATest/qa-automation-tests/src/test/java/features/Upgrade/financeLeaseCash.feature:6)
Caused by: org.openqa.selenium.NoSuchElementException: no such element: Unable to locate element: {"method":"xpath","selector":"//h1[contains(text(),'Choose Trade Option')]"}
  (Session info: chrome=105.0.5195.125)
For documentation on this error, please visit: https://selenium.dev/exceptions/#no_such_element
Build info: version: '4.4.0', revision: 'e5c75ed026a'
System info: host: 'SF-LAP-412.local', ip: 'fe80:0:0:0:eb:c8fe:5a40:5798%en0', os.name: 'Mac OS X', os.arch: 'aarch64', os.version: '12.6', java.version: '18.0.2.1'
Driver info: org.openqa.selenium.chrome.ChromeDriver
Command: [c052337da4ac3a887645d3e4c47714f3, findElement {using=xpath, value=//h1[contains(text(),'Choose Trade Option')]}]
Capabilities {acceptInsecureCerts: false, browserName: chrome, browserVersion: 105.0.5195.125, chrome: {chromedriverVersion: 105.0.5195.52 (412c95e51883..., userDataDir: /var/folders/th/f4yf398x0lb...}, goog:chromeOptions: {debuggerAddress: localhost:59976}, networkConnectionEnabled: false, pageLoadStrategy: normal, platformName: MAC, proxy: Proxy(), se:cdp: ws://localhost:59976/devtoo..., se:cdpVersion: 105.0.5195.125, setWindowRect: true, strictFileInteractability: false, timeouts: {implicit: 0, pageLoad: 300000, script: 30000}, unhandledPromptBehavior: dismiss and notify, webauthn:extension:credBlob: true, webauthn:extension:largeBlob: true, webauthn:virtualAuthenticators: true}
Session ID: c052337da4ac3a887645d3e4c47714f3
	at java.base/jdk.internal.reflect.DirectConstructorHandleAccessor.newInstance(DirectConstructorHandleAccessor.java:67)
	at java.base/java.lang.reflect.Constructor.newInstanceWithCaller(Constructor.java:499)
	at java.base/java.lang.reflect.Constructor.newInstance(Constructor.java:483)
	at org.openqa.selenium.remote.codec.w3c.W3CHttpResponseCodec.createException(W3CHttpResponseCodec.java:200)
	at org.openqa.selenium.remote.codec.w3c.W3CHttpResponseCodec.decode(W3CHttpResponseCodec.java:133)
	at org.openqa.selenium.remote.codec.w3c.W3CHttpResponseCodec.decode(W3CHttpResponseCodec.java:53)
	at org.openqa.selenium.remote.HttpCommandExecutor.execute(HttpCommandExecutor.java:184)
	at org.openqa.selenium.remote.service.DriverCommandExecutor.invokeExecute(DriverCommandExecutor.java:167)
	at org.openqa.selenium.remote.service.DriverCommandExecutor.execute(DriverCommandExecutor.java:142)
	at org.openqa.selenium.remote.RemoteWebDriver.execute(RemoteWebDriver.java:547)
	at org.openqa.selenium.remote.ElementLocation$ElementFinder$2.findElement(ElementLocation.java:162)
	at org.openqa.selenium.remote.ElementLocation.findElement(ElementLocation.java:60)
	at org.openqa.selenium.remote.RemoteWebDriver.findElement(RemoteWebDriver.java:365)
	at org.openqa.selenium.remote.RemoteWebDriver.findElement(RemoteWebDriver.java:357)
	at org.openqa.selenium.support.pagefactory.DefaultElementLocator.findElement(DefaultElementLocator.java:70)
	at org.openqa.selenium.support.pagefactory.internal.LocatingElementHandler.invoke(LocatingElementHandler.java:39)
	at jdk.proxy2/jdk.proxy2.$Proxy33.isDisplayed(Unknown Source)
	at org.openqa.selenium.support.ui.ExpectedConditions.elementIfVisible(ExpectedConditions.java:307)
	at org.openqa.selenium.support.ui.ExpectedConditions.access$000(ExpectedConditions.java:40)
	at org.openqa.selenium.support.ui.ExpectedConditions$10.apply(ExpectedConditions.java:293)
	at org.openqa.selenium.support.ui.ExpectedConditions$10.apply(ExpectedConditions.java:290)
	at org.openqa.selenium.support.ui.FluentWait.until(FluentWait.java:208)
	at base.GenericFunctions.waitForElementToBeVisible(GenericFunctions.java:33)
	at pageObject.Upgrade_Registration_SignIn_page.verifyChooseTradeOption(Upgrade_Registration_SignIn_page.java:50)
	at stepDef.Upgrade_Registration_SignIn_steps.theUserCreatesAnNewProfileInUP(Upgrade_Registration_SignIn_steps.java:87)
	at java.base/jdk.internal.reflect.DirectMethodHandleAccessor.invoke(DirectMethodHandleAccessor.java:104)
	at java.base/java.lang.reflect.Method.invoke(Method.java:577)
	at io.cucumber.java.Invoker.doInvoke(Invoker.java:66)
	at io.cucumber.java.Invoker.invoke(Invoker.java:24)
	at io.cucumber.java.AbstractGlueDefinition.invokeMethod(AbstractGlueDefinition.java:47)
	at io.cucumber.java.JavaStepDefinition.execute(JavaStepDefinition.java:29)
	at io.cucumber.core.runner.CoreStepDefinition.execute(CoreStepDefinition.java:66)
	at io.cucumber.core.runner.PickleStepDefinitionMatch.runStep(PickleStepDefinitionMatch.java:63)
	at io.cucumber.core.runner.ExecutionMode$1.execute(ExecutionMode.java:10)
	at io.cucumber.core.runner.TestStep.executeStep(TestStep.java:85)
	at io.cucumber.core.runner.TestStep.run(TestStep.java:57)
	at io.cucumber.core.runner.PickleStepTestStep.run(PickleStepTestStep.java:51)
	at io.cucumber.core.runner.TestCase.run(TestCase.java:84)
	at io.cucumber.core.runner.Runner.runPickle(Runner.java:75)
	at io.cucumber.testng.TestNGCucumberRunner.lambda$runScenario$1(TestNGCucumberRunner.java:132)
	at io.cucumber.core.runtime.CucumberExecutionContext.lambda$runTestCase$5(CucumberExecutionContext.java:129)
	at io.cucumber.core.runtime.RethrowingThrowableCollector.executeAndThrow(RethrowingThrowableCollector.java:23)
	at io.cucumber.core.runtime.CucumberExecutionContext.runTestCase(CucumberExecutionContext.java:129)
	at io.cucumber.testng.TestNGCucumberRunner.runScenario(TestNGCucumberRunner.java:129)
	at io.cucumber.testng.AbstractTestNGCucumberTests.runScenario(AbstractTestNGCucumberTests.java:35)
	at java.base/jdk.internal.reflect.DirectMethodHandleAccessor.invoke(DirectMethodHandleAccessor.java:104)
	at java.base/java.lang.reflect.Method.invoke(Method.java:577)
	at org.testng.internal.invokers.MethodInvocationHelper.invokeMethod(MethodInvocationHelper.java:139)
	at org.testng.internal.invokers.TestInvoker.invokeMethod(TestInvoker.java:677)
	at org.testng.internal.invokers.TestInvoker.invokeTestMethod(TestInvoker.java:221)
	at org.testng.internal.invokers.TestMethodWithDataProviderMethodWorker.call(TestMethodWithDataProviderMethodWorker.java:80)
	at org.testng.internal.invokers.TestMethodWithDataProviderMethodWorker.call(TestMethodWithDataProviderMethodWorker.java:17)
	at java.base/java.util.concurrent.FutureTask.run(FutureTask.java:264)
	at java.base/java.util.concurrent.Executors$RunnableAdapter.call(Executors.java:539)
	at java.base/java.util.concurrent.FutureTask.run(FutureTask.java:264)
	at java.base/java.util.concurrent.ThreadPoolExecutor.runWorker(ThreadPoolExecutor.java:1136)
	at java.base/java.util.concurrent.ThreadPoolExecutor$Worker.run(ThreadPoolExecutor.java:635)
	at java.base/java.lang.Thread.run(Thread.java:833)
&amp#27;[0m
  &amp#27;[36mAnd &amp#27;[0m&amp#27;[36mthe Upgrade user clicks on shop new cars to navigate to the offer details page&amp#27;[0m          &amp#27;[90m# stepDef.Upgrade_Contact_Dealer_steps.theUpgradeUserClicksOnShopNewCarsToNavigateToOfferDetailsPage()&amp#27;[0m
  &amp#27;[36mAnd &amp#27;[0m&amp#27;[36mthe Upgrade user switches to the Lease tab&amp#27;[0m                                              &amp#27;[90m# stepDef.Upgrade_SavedDeals_steps.theUpgradeUserSwitchesToTheLeaseTab()&amp#27;[0m
  &amp#27;[36mAnd &amp#27;[0m&amp#27;[36mthe Upgrade user notes the current lease information&amp#27;[0m                                    &amp#27;[90m# stepDef.Upgrade_Down_Payment_steps.theUpgradeUserNotesTheCurrentLeaseInformation()&amp#27;[0m
  &amp#27;[36mAnd &amp#27;[0m&amp#27;[36mthe Upgrade user changes the down payment for lease to &amp#27;[0m&amp#27;[36m&amp#27;[1m"1100"&amp#27;[0m                           &amp#27;[90m# stepDef.Upgrade_Down_Payment_steps.theUpgradeUserChangesTheDownPaymentForLeaseTo(java.lang.String)&amp#27;[0m
  &amp#27;[36mThen &amp#27;[0m&amp#27;[36mthe Upgrade user verifies the lease information has updated&amp#27;[0m                            &amp#27;[90m# stepDef.Upgrade_Down_Payment_steps.theUpgradeUserVerifiesTheLeaseInformationHasUpdated()&amp#27;[0m
  &amp#27;[36mWhen &amp#27;[0m&amp#27;[36mthe Upgrade user clicks save and confirms the save&amp#27;[0m                                     &amp#27;[90m# stepDef.Upgrade_Down_Payment_steps.theUpgradeUserClicksSaveAndConfirmsTheSave()&amp#27;[0m
  &amp#27;[36mAnd &amp#27;[0m&amp#27;[36mthe Upgrade user switches to the Finance tab&amp#27;[0m                                            &amp#27;[90m# stepDef.Upgrade_Trades_steps.theUpgradeUserSwitchToFinanceTab()&amp#27;[0m
  &amp#27;[36mAnd &amp#27;[0m&amp#27;[36mthe Upgrade user switches to the Lease tab&amp#27;[0m                                              &amp#27;[90m# stepDef.Upgrade_SavedDeals_steps.theUpgradeUserSwitchesToTheLeaseTab()&amp#27;[0m
  &amp#27;[36mThen &amp#27;[0m&amp#27;[36mthe deal page still has the updated information&amp#27;[0m                                        &amp#27;[90m# stepDef.CSE_Garage_Saved_Deals_steps.theDealPageStillHasTheUpdatedInformation()&amp#27;[0m
  &amp#27;[36mAnd &amp#27;[0m&amp#27;[36mthe Upgrade user switches to the Cash tab&amp#27;[0m                                               &amp#27;[90m# stepDef.Upgrade_SavedDeals_steps.theUpgradeUserSwitchesToTheCashTab()&amp#27;[0m
  &amp#27;[36mWhen &amp#27;[0m&amp#27;[36mthe Upgrade user switches to the Lease tab&amp#27;[0m                                             &amp#27;[90m# stepDef.Upgrade_SavedDeals_steps.theUpgradeUserSwitchesToTheLeaseTab()&amp#27;[0m
  &amp#27;[36mThen &amp#27;[0m&amp#27;[36mthe deal page still has the updated information&amp#27;[0m                                        &amp#27;[90m# stepDef.CSE_Garage_Saved_Deals_steps.theDealPageStillHasTheUpdatedInformation()&amp#27;[0m

    Embedding Ensure the Upgrade user can see adjusted down payment after switching  between tabs [image/png 159256 bytes]

]]></system-out>
    <system-err><![CDATA[ChromeDriver was started successfully.
Sep 28, 2022 8:04:43 PM org.openqa.selenium.remote.ProtocolHandshake createSession
INFO: Detected upstream dialect: W3C
Sep 28, 2022 8:04:43 PM org.openqa.selenium.devtools.CdpVersionFinder findNearestMatch
WARNING: Unable to find an exact match for CDP version 105, so returning the closest version found: 104
Sep 28, 2022 8:04:43 PM org.openqa.selenium.devtools.CdpVersionFinder findNearestMatch
INFO: Found CDP implementation for version 105 of 104
]]></system-err>
  </testcase>
  <testcase name="runScenario" classname="RunCucumberTest" time="41.241">
    <failure message="no such element: Unable to locate element: {&quot;method&quot;:&quot;xpath&quot;,&quot;selector&quot;:&quot;//div[@class=&apos;menu-popover&apos;]//span[text()=&apos;My Garage&apos;]&quot;}&#10;  (Session info: chrome=105.0.5195.125)&#10;For documentation on this error, please visit: https://selenium.dev/exceptions/#no_such_element&#10;Build info: version: &apos;4.4.0&apos;, revision: &apos;e5c75ed026a&apos;&#10;System info: host: &apos;SF-LAP-412.local&apos;, ip: &apos;fe80:0:0:0:eb:c8fe:5a40:5798%en0&apos;, os.name: &apos;Mac OS X&apos;, os.arch: &apos;aarch64&apos;, os.version: &apos;12.6&apos;, java.version: &apos;18.0.2.1&apos;&#10;Driver info: org.openqa.selenium.chrome.ChromeDriver&#10;Command: [4ca4bf8670bc929f5fa00453b00c9641, findElement {using=xpath, value=//div[@class=&apos;menu-popover&apos;]//span[text()=&apos;My Garage&apos;]}]&#10;Capabilities {acceptInsecureCerts: false, browserName: chrome, browserVersion: 105.0.5195.125, chrome: {chromedriverVersion: 105.0.5195.52 (412c95e51883..., userDataDir: /var/folders/th/f4yf398x0lb...}, goog:chromeOptions: {debuggerAddress: localhost:60357}, networkConnectionEnabled: false, pageLoadStrategy: normal, platformName: MAC, proxy: Proxy(), se:cdp: ws://localhost:60357/devtoo..., se:cdpVersion: 105.0.5195.125, setWindowRect: true, strictFileInteractability: false, timeouts: {implicit: 0, pageLoad: 300000, script: 30000}, unhandledPromptBehavior: dismiss and notify, webauthn:extension:credBlob: true, webauthn:extension:largeBlob: true, webauthn:virtualAuthenticators: true}&#10;Session ID: 4ca4bf8670bc929f5fa00453b00c9641" type="org.openqa.selenium.NoSuchElementException">org.openqa.selenium.NoSuchElementException: 
no such element: Unable to locate element: {"method":"xpath","selector":"//div[@class='menu-popover']//span[text()='My Garage']"}
  (Session info: chrome=105.0.5195.125)
For documentation on this error, please visit: https://selenium.dev/exceptions/#no_such_element
Build info: version: '4.4.0', revision: 'e5c75ed026a'
System info: host: 'SF-LAP-412.local', ip: 'fe80:0:0:0:eb:c8fe:5a40:5798%en0', os.name: 'Mac OS X', os.arch: 'aarch64', os.version: '12.6', java.version: '18.0.2.1'
Driver info: org.openqa.selenium.chrome.ChromeDriver
Command: [4ca4bf8670bc929f5fa00453b00c9641, findElement {using=xpath, value=//div[@class='menu-popover']//span[text()='My Garage']}]
Capabilities {acceptInsecureCerts: false, browserName: chrome, browserVersion: 105.0.5195.125, chrome: {chromedriverVersion: 105.0.5195.52 (412c95e51883..., userDataDir: /var/folders/th/f4yf398x0lb...}, goog:chromeOptions: {debuggerAddress: localhost:60357}, networkConnectionEnabled: false, pageLoadStrategy: normal, platformName: MAC, proxy: Proxy(), se:cdp: ws://localhost:60357/devtoo..., se:cdpVersion: 105.0.5195.125, setWindowRect: true, strictFileInteractability: false, timeouts: {implicit: 0, pageLoad: 300000, script: 30000}, unhandledPromptBehavior: dismiss and notify, webauthn:extension:credBlob: true, webauthn:extension:largeBlob: true, webauthn:virtualAuthenticators: true}
Session ID: 4ca4bf8670bc929f5fa00453b00c9641
</failure>
    <system-out><![CDATA[
@UP @UP_hamburger @regression @smoke
Scenario: Ensure the hamburger icon displays appropriate links when clicked &amp#27;[90m# src/test/java/features/Upgrade/hamburgerMenu.feature:10&amp#27;[0m
  &amp#27;[32mGiven &amp#27;[0m&amp#27;[32mthe Upgrade user navigates to the homepage&amp#27;[0m                          &amp#27;[90m# stepDef.Upgrade_Registration_SignIn_steps.theUserNavigatesToTheUpgradeHomePage()&amp#27;[0m
  &amp#27;[32mAnd &amp#27;[0m&amp#27;[32mthe Upgrade user clicks on the &amp#27;[0m&amp#27;[32m&amp#27;[1m"Sign in here"&amp#27;[0m&amp#27;[32m link from the top nav&amp#27;[0m   &amp#27;[90m# stepDef.Upgrade_Registration_SignIn_steps.theUpgradeUserClicksOnTheLinkFromTheTopNav(java.lang.String)&amp#27;[0m
Page has loaded
  &amp#27;[32mAnd &amp#27;[0m&amp#27;[32mthe Upgrade user login to the account&amp#27;[0m                                 &amp#27;[90m# stepDef.Upgrade_Appointment_steps.theUserSignIntoUP()&amp#27;[0m
  &amp#27;[32mAnd &amp#27;[0m&amp#27;[32mthe Upgrade user clicks the Hamburger icon&amp#27;[0m                            &amp#27;[90m# stepDef.Upgrade_Hamburger_steps.theUpgradeUserClicksTheHamburgerIcon()&amp#27;[0m
  &amp#27;[32mAnd &amp#27;[0m&amp#27;[32mthe &amp#27;[0m&amp#27;[32m&amp#27;[1m"Home"&amp#27;[0m&amp#27;[32m link is present in the hamburger menu&amp#27;[0m                      &amp#27;[90m# stepDef.CSE_Garage_Hamburger_steps.theLinkIsPresentInHamburgerMenu(java.lang.String)&amp#27;[0m
  &amp#27;[31mAnd &amp#27;[0m&amp#27;[31mthe &amp#27;[0m&amp#27;[31m&amp#27;[1m"My Garage"&amp#27;[0m&amp#27;[31m link is present in the hamburger menu&amp#27;[0m                 &amp#27;[90m# stepDef.CSE_Garage_Hamburger_steps.theLinkIsPresentInHamburgerMenu(java.lang.String)&amp#27;[0m
      &amp#27;[31morg.openqa.selenium.NoSuchElementException: no such element: Unable to locate element: {"method":"xpath","selector":"//div[@class='menu-popover']//span[text()='My Garage']"}
  (Session info: chrome=105.0.5195.125)
For documentation on this error, please visit: https://selenium.dev/exceptions/#no_such_element
Build info: version: '4.4.0', revision: 'e5c75ed026a'
System info: host: 'SF-LAP-412.local', ip: 'fe80:0:0:0:eb:c8fe:5a40:5798%en0', os.name: 'Mac OS X', os.arch: 'aarch64', os.version: '12.6', java.version: '18.0.2.1'
Driver info: org.openqa.selenium.chrome.ChromeDriver
Command: [4ca4bf8670bc929f5fa00453b00c9641, findElement {using=xpath, value=//div[@class='menu-popover']//span[text()='My Garage']}]
Capabilities {acceptInsecureCerts: false, browserName: chrome, browserVersion: 105.0.5195.125, chrome: {chromedriverVersion: 105.0.5195.52 (412c95e51883..., userDataDir: /var/folders/th/f4yf398x0lb...}, goog:chromeOptions: {debuggerAddress: localhost:60357}, networkConnectionEnabled: false, pageLoadStrategy: normal, platformName: MAC, proxy: Proxy(), se:cdp: ws://localhost:60357/devtoo..., se:cdpVersion: 105.0.5195.125, setWindowRect: true, strictFileInteractability: false, timeouts: {implicit: 0, pageLoad: 300000, script: 30000}, unhandledPromptBehavior: dismiss and notify, webauthn:extension:credBlob: true, webauthn:extension:largeBlob: true, webauthn:virtualAuthenticators: true}
Session ID: 4ca4bf8670bc929f5fa00453b00c9641
	at java.base/jdk.internal.reflect.DirectConstructorHandleAccessor.newInstance(DirectConstructorHandleAccessor.java:67)
	at java.base/java.lang.reflect.Constructor.newInstanceWithCaller(Constructor.java:499)
	at java.base/java.lang.reflect.Constructor.newInstance(Constructor.java:483)
	at org.openqa.selenium.remote.codec.w3c.W3CHttpResponseCodec.createException(W3CHttpResponseCodec.java:200)
	at org.openqa.selenium.remote.codec.w3c.W3CHttpResponseCodec.decode(W3CHttpResponseCodec.java:133)
	at org.openqa.selenium.remote.codec.w3c.W3CHttpResponseCodec.decode(W3CHttpResponseCodec.java:53)
	at org.openqa.selenium.remote.HttpCommandExecutor.execute(HttpCommandExecutor.java:184)
	at org.openqa.selenium.remote.service.DriverCommandExecutor.invokeExecute(DriverCommandExecutor.java:167)
	at org.openqa.selenium.remote.service.DriverCommandExecutor.execute(DriverCommandExecutor.java:142)
	at org.openqa.selenium.remote.RemoteWebDriver.execute(RemoteWebDriver.java:547)
	at org.openqa.selenium.remote.ElementLocation$ElementFinder$2.findElement(ElementLocation.java:162)
	at org.openqa.selenium.remote.ElementLocation.findElement(ElementLocation.java:60)
	at org.openqa.selenium.remote.RemoteWebDriver.findElement(RemoteWebDriver.java:365)
	at org.openqa.selenium.remote.RemoteWebDriver.findElement(RemoteWebDriver.java:357)
	at pageObject.CSE_Garage_Hamburger_page.cseGarageHamburgerLinkText(CSE_Garage_Hamburger_page.java:40)
	at stepDef.CSE_Garage_Hamburger_steps.theLinkIsPresentInHamburgerMenu(CSE_Garage_Hamburger_steps.java:29)
	at ✽.the "My Garage" link is present in the hamburger menu(file:///Users/manav/Documents/QATest/qa-automation-tests/src/test/java/features/Upgrade/hamburgerMenu.feature:12)
&amp#27;[0m
  &amp#27;[36mAnd &amp#27;[0m&amp#27;[36mthe &amp#27;[0m&amp#27;[36m&amp#27;[1m"Shop New"&amp#27;[0m&amp#27;[36m link is present in the hamburger menu&amp#27;[0m                  &amp#27;[90m# stepDef.CSE_Garage_Hamburger_steps.theLinkIsPresentInHamburgerMenu(java.lang.String)&amp#27;[0m
  &amp#27;[36mAnd &amp#27;[0m&amp#27;[36mthe &amp#27;[0m&amp#27;[36m&amp#27;[1m"Value Trade"&amp#27;[0m&amp#27;[36m link is present in the hamburger menu&amp#27;[0m               &amp#27;[90m# stepDef.CSE_Garage_Hamburger_steps.theLinkIsPresentInHamburgerMenu(java.lang.String)&amp#27;[0m
  &amp#27;[36mAnd &amp#27;[0m&amp#27;[36mthe &amp#27;[0m&amp#27;[36m&amp#27;[1m"Insure"&amp#27;[0m&amp#27;[36m link is present in the hamburger menu&amp#27;[0m                    &amp#27;[90m# stepDef.CSE_Garage_Hamburger_steps.theLinkIsPresentInHamburgerMenu(java.lang.String)&amp#27;[0m
  &amp#27;[36mAnd &amp#27;[0m&amp#27;[36mthe &amp#27;[0m&amp#27;[36m&amp#27;[1m"Sign Out"&amp#27;[0m&amp#27;[36m link is present in the hamburger menu&amp#27;[0m                  &amp#27;[90m# stepDef.CSE_Garage_Hamburger_steps.theLinkIsPresentInHamburgerMenu(java.lang.String)&amp#27;[0m
  &amp#27;[36mWhen &amp#27;[0m&amp#27;[36mthe Upgrade user clicks the close button in the Hamburger menu&amp#27;[0m       &amp#27;[90m# stepDef.Upgrade_Hamburger_steps.theUpgradeUserClicksTheCloseButtonInTheHamburgerMenu()&amp#27;[0m
  &amp#27;[36mThen &amp#27;[0m&amp#27;[36mthe hamburger menu closes&amp#27;[0m                                            &amp#27;[90m# stepDef.CSE_Garage_Hamburger_steps.theHamburgerMenuCloses()&amp#27;[0m

    Embedding Ensure the hamburger icon displays appropriate links when clicked [image/png 1681330 bytes]

]]></system-out>
    <system-err><![CDATA[ChromeDriver was started successfully.
Sep 28, 2022 8:05:53 PM org.openqa.selenium.remote.ProtocolHandshake createSession
INFO: Detected upstream dialect: W3C
Sep 28, 2022 8:05:53 PM org.openqa.selenium.devtools.CdpVersionFinder findNearestMatch
WARNING: Unable to find an exact match for CDP version 105, so returning the closest version found: 104
Sep 28, 2022 8:05:53 PM org.openqa.selenium.devtools.CdpVersionFinder findNearestMatch
INFO: Found CDP implementation for version 105 of 104
]]></system-err>
  </testcase>
  <testcase name="runScenario" classname="RunCucumberTest" time="40.853"/>
  <testcase name="runScenario" classname="RunCucumberTest" time="26.613">
    <failure message="expected [Welcome Back!] but found [Enter your PIN to get started.]" type="java.lang.AssertionError">java.lang.AssertionError: expected [Welcome Back!] but found [Enter your PIN to get started.]
</failure>
    <system-out><![CDATA[
@UP @UP_hamburger @regression @smoke
Scenario: Ensure the Home link takes the Upgrade user to the Home page    &amp#27;[90m# src/test/java/features/Upgrade/hamburgerMenu.feature:26&amp#27;[0m
  &amp#27;[32mGiven &amp#27;[0m&amp#27;[32mthe Upgrade user navigates to the homepage&amp#27;[0m                        &amp#27;[90m# stepDef.Upgrade_Registration_SignIn_steps.theUserNavigatesToTheUpgradeHomePage()&amp#27;[0m
  &amp#27;[32mAnd &amp#27;[0m&amp#27;[32mthe Upgrade user clicks on the &amp#27;[0m&amp#27;[32m&amp#27;[1m"Sign in here"&amp#27;[0m&amp#27;[32m link from the top nav&amp#27;[0m &amp#27;[90m# stepDef.Upgrade_Registration_SignIn_steps.theUpgradeUserClicksOnTheLinkFromTheTopNav(java.lang.String)&amp#27;[0m
Page has loaded
  &amp#27;[32mAnd &amp#27;[0m&amp#27;[32mthe Upgrade user login to the account&amp#27;[0m                               &amp#27;[90m# stepDef.Upgrade_Appointment_steps.theUserSignIntoUP()&amp#27;[0m
  &amp#27;[32mAnd &amp#27;[0m&amp#27;[32mthe Upgrade user clicks the Hamburger icon&amp#27;[0m                          &amp#27;[90m# stepDef.Upgrade_Hamburger_steps.theUpgradeUserClicksTheHamburgerIcon()&amp#27;[0m
  &amp#27;[32mWhen &amp#27;[0m&amp#27;[32mthe Upgrade user clicks the &amp#27;[0m&amp#27;[32m&amp#27;[1m"Home"&amp#27;[0m&amp#27;[32m link&amp#27;[0m                            &amp#27;[90m# stepDef.Upgrade_Hamburger_steps.theUpgradeUserClicksTheLinkInTheMyGarageMenu(java.lang.String)&amp#27;[0m
  &amp#27;[31mThen &amp#27;[0m&amp#27;[31mthe Upgrade user should see the home page&amp#27;[0m                          &amp#27;[90m# stepDef.Upgrade_Hamburger_steps.theUpgradeUserShouldSeeTheHomePage()&amp#27;[0m
      &amp#27;[31mjava.lang.AssertionError: expected [Welcome Back!] but found [Enter your PIN to get started.]
	at org.testng.Assert.fail(Assert.java:110)
	at org.testng.Assert.failNotEquals(Assert.java:1413)
	at org.testng.Assert.assertEqualsImpl(Assert.java:149)
	at org.testng.Assert.assertEquals(Assert.java:131)
	at org.testng.Assert.assertEquals(Assert.java:655)
	at org.testng.Assert.assertEquals(Assert.java:665)
	at pageObject.Upgrade_Registration_SignIn_page.upWelcomeBackHomePageVerify(Upgrade_Registration_SignIn_page.java:102)
	at stepDef.Upgrade_Hamburger_steps.theUpgradeUserShouldSeeTheHomePage(Upgrade_Hamburger_steps.java:36)
	at ✽.the Upgrade user should see the home page(file:///Users/manav/Documents/QATest/qa-automation-tests/src/test/java/features/Upgrade/hamburgerMenu.feature:28)
&amp#27;[0m
  &amp#27;[36mWhen &amp#27;[0m&amp#27;[36mthe Upgrade user clicks the Hamburger icon&amp#27;[0m                         &amp#27;[90m# stepDef.Upgrade_Hamburger_steps.theUpgradeUserClicksTheHamburgerIcon()&amp#27;[0m
  &amp#27;[36mThen &amp#27;[0m&amp#27;[36mthe Upgrade user sees all the hamburger links&amp#27;[0m                      &amp#27;[90m# stepDef.Upgrade_Hamburger_steps.theUpgradeUserSeesAllTheHamburgerLinks()&amp#27;[0m

    Embedding Ensure the Home link takes the Upgrade user to the Home page [image/png 1533894 bytes]

]]></system-out>
    <system-err><![CDATA[ChromeDriver was started successfully.
Sep 28, 2022 8:07:15 PM org.openqa.selenium.remote.ProtocolHandshake createSession
INFO: Detected upstream dialect: W3C
Sep 28, 2022 8:07:15 PM org.openqa.selenium.devtools.CdpVersionFinder findNearestMatch
WARNING: Unable to find an exact match for CDP version 105, so returning the closest version found: 104
Sep 28, 2022 8:07:15 PM org.openqa.selenium.devtools.CdpVersionFinder findNearestMatch
INFO: Found CDP implementation for version 105 of 104
]]></system-err>
  </testcase>
  <testcase name="runScenario" classname="RunCucumberTest" time="42.064">
    <failure message="no such element: Unable to locate element: {&quot;method&quot;:&quot;xpath&quot;,&quot;selector&quot;:&quot;//a[@class=&apos;menu-link&apos;]//span[text()=&apos;Insure&apos;]&quot;}&#10;  (Session info: chrome=105.0.5195.125)&#10;For documentation on this error, please visit: https://selenium.dev/exceptions/#no_such_element&#10;Build info: version: &apos;4.4.0&apos;, revision: &apos;e5c75ed026a&apos;&#10;System info: host: &apos;SF-LAP-412.local&apos;, ip: &apos;fe80:0:0:0:eb:c8fe:5a40:5798%en0&apos;, os.name: &apos;Mac OS X&apos;, os.arch: &apos;aarch64&apos;, os.version: &apos;12.6&apos;, java.version: &apos;18.0.2.1&apos;&#10;Driver info: org.openqa.selenium.chrome.ChromeDriver&#10;Command: [05099ca508d5c0c05331548ff7b9b430, findElement {using=xpath, value=//a[@class=&apos;menu-link&apos;]//span[text()=&apos;Insure&apos;]}]&#10;Capabilities {acceptInsecureCerts: false, browserName: chrome, browserVersion: 105.0.5195.125, chrome: {chromedriverVersion: 105.0.5195.52 (412c95e51883..., userDataDir: /var/folders/th/f4yf398x0lb...}, goog:chromeOptions: {debuggerAddress: localhost:60974}, networkConnectionEnabled: false, pageLoadStrategy: normal, platformName: MAC, proxy: Proxy(), se:cdp: ws://localhost:60974/devtoo..., se:cdpVersion: 105.0.5195.125, setWindowRect: true, strictFileInteractability: false, timeouts: {implicit: 0, pageLoad: 300000, script: 30000}, unhandledPromptBehavior: dismiss and notify, webauthn:extension:credBlob: true, webauthn:extension:largeBlob: true, webauthn:virtualAuthenticators: true}&#10;Session ID: 05099ca508d5c0c05331548ff7b9b430" type="org.openqa.selenium.NoSuchElementException">org.openqa.selenium.NoSuchElementException: 
no such element: Unable to locate element: {"method":"xpath","selector":"//a[@class='menu-link']//span[text()='Insure']"}
  (Session info: chrome=105.0.5195.125)
For documentation on this error, please visit: https://selenium.dev/exceptions/#no_such_element
Build info: version: '4.4.0', revision: 'e5c75ed026a'
System info: host: 'SF-LAP-412.local', ip: 'fe80:0:0:0:eb:c8fe:5a40:5798%en0', os.name: 'Mac OS X', os.arch: 'aarch64', os.version: '12.6', java.version: '18.0.2.1'
Driver info: org.openqa.selenium.chrome.ChromeDriver
Command: [05099ca508d5c0c05331548ff7b9b430, findElement {using=xpath, value=//a[@class='menu-link']//span[text()='Insure']}]
Capabilities {acceptInsecureCerts: false, browserName: chrome, browserVersion: 105.0.5195.125, chrome: {chromedriverVersion: 105.0.5195.52 (412c95e51883..., userDataDir: /var/folders/th/f4yf398x0lb...}, goog:chromeOptions: {debuggerAddress: localhost:60974}, networkConnectionEnabled: false, pageLoadStrategy: normal, platformName: MAC, proxy: Proxy(), se:cdp: ws://localhost:60974/devtoo..., se:cdpVersion: 105.0.5195.125, setWindowRect: true, strictFileInteractability: false, timeouts: {implicit: 0, pageLoad: 300000, script: 30000}, unhandledPromptBehavior: dismiss and notify, webauthn:extension:credBlob: true, webauthn:extension:largeBlob: true, webauthn:virtualAuthenticators: true}
Session ID: 05099ca508d5c0c05331548ff7b9b430
</failure>
    <system-out><![CDATA[
@UP @UP_hamburger @regression @smoke
Scenario: Ensure the Insure link takes the user to the Insure page        &amp#27;[90m# src/test/java/features/Upgrade/hamburgerMenu.feature:33&amp#27;[0m
  &amp#27;[32mGiven &amp#27;[0m&amp#27;[32mthe Upgrade user navigates to the homepage&amp#27;[0m                        &amp#27;[90m# stepDef.Upgrade_Registration_SignIn_steps.theUserNavigatesToTheUpgradeHomePage()&amp#27;[0m
  &amp#27;[32mAnd &amp#27;[0m&amp#27;[32mthe Upgrade user clicks on the &amp#27;[0m&amp#27;[32m&amp#27;[1m"Sign in here"&amp#27;[0m&amp#27;[32m link from the top nav&amp#27;[0m &amp#27;[90m# stepDef.Upgrade_Registration_SignIn_steps.theUpgradeUserClicksOnTheLinkFromTheTopNav(java.lang.String)&amp#27;[0m
Page has loaded
  &amp#27;[32mAnd &amp#27;[0m&amp#27;[32mthe Upgrade user login to the account&amp#27;[0m                               &amp#27;[90m# stepDef.Upgrade_Appointment_steps.theUserSignIntoUP()&amp#27;[0m
  &amp#27;[32mAnd &amp#27;[0m&amp#27;[32mthe Upgrade user clicks the Hamburger icon&amp#27;[0m                          &amp#27;[90m# stepDef.Upgrade_Hamburger_steps.theUpgradeUserClicksTheHamburgerIcon()&amp#27;[0m
  &amp#27;[31mWhen &amp#27;[0m&amp#27;[31mthe Upgrade user clicks the &amp#27;[0m&amp#27;[31m&amp#27;[1m"Insure"&amp#27;[0m&amp#27;[31m link&amp#27;[0m                          &amp#27;[90m# stepDef.Upgrade_Hamburger_steps.theUpgradeUserClicksTheLinkInTheMyGarageMenu(java.lang.String)&amp#27;[0m
      &amp#27;[31morg.openqa.selenium.NoSuchElementException: no such element: Unable to locate element: {"method":"xpath","selector":"//a[@class='menu-link']//span[text()='Insure']"}
  (Session info: chrome=105.0.5195.125)
For documentation on this error, please visit: https://selenium.dev/exceptions/#no_such_element
Build info: version: '4.4.0', revision: 'e5c75ed026a'
System info: host: 'SF-LAP-412.local', ip: 'fe80:0:0:0:eb:c8fe:5a40:5798%en0', os.name: 'Mac OS X', os.arch: 'aarch64', os.version: '12.6', java.version: '18.0.2.1'
Driver info: org.openqa.selenium.chrome.ChromeDriver
Command: [05099ca508d5c0c05331548ff7b9b430, findElement {using=xpath, value=//a[@class='menu-link']//span[text()='Insure']}]
Capabilities {acceptInsecureCerts: false, browserName: chrome, browserVersion: 105.0.5195.125, chrome: {chromedriverVersion: 105.0.5195.52 (412c95e51883..., userDataDir: /var/folders/th/f4yf398x0lb...}, goog:chromeOptions: {debuggerAddress: localhost:60974}, networkConnectionEnabled: false, pageLoadStrategy: normal, platformName: MAC, proxy: Proxy(), se:cdp: ws://localhost:60974/devtoo..., se:cdpVersion: 105.0.5195.125, setWindowRect: true, strictFileInteractability: false, timeouts: {implicit: 0, pageLoad: 300000, script: 30000}, unhandledPromptBehavior: dismiss and notify, webauthn:extension:credBlob: true, webauthn:extension:largeBlob: true, webauthn:virtualAuthenticators: true}
Session ID: 05099ca508d5c0c05331548ff7b9b430
	at java.base/jdk.internal.reflect.DirectConstructorHandleAccessor.newInstance(DirectConstructorHandleAccessor.java:67)
	at java.base/java.lang.reflect.Constructor.newInstanceWithCaller(Constructor.java:499)
	at java.base/java.lang.reflect.Constructor.newInstance(Constructor.java:483)
	at org.openqa.selenium.remote.codec.w3c.W3CHttpResponseCodec.createException(W3CHttpResponseCodec.java:200)
	at org.openqa.selenium.remote.codec.w3c.W3CHttpResponseCodec.decode(W3CHttpResponseCodec.java:133)
	at org.openqa.selenium.remote.codec.w3c.W3CHttpResponseCodec.decode(W3CHttpResponseCodec.java:53)
	at org.openqa.selenium.remote.HttpCommandExecutor.execute(HttpCommandExecutor.java:184)
	at org.openqa.selenium.remote.service.DriverCommandExecutor.invokeExecute(DriverCommandExecutor.java:167)
	at org.openqa.selenium.remote.service.DriverCommandExecutor.execute(DriverCommandExecutor.java:142)
	at org.openqa.selenium.remote.RemoteWebDriver.execute(RemoteWebDriver.java:547)
	at org.openqa.selenium.remote.ElementLocation$ElementFinder$2.findElement(ElementLocation.java:162)
	at org.openqa.selenium.remote.ElementLocation.findElement(ElementLocation.java:60)
	at org.openqa.selenium.remote.RemoteWebDriver.findElement(RemoteWebDriver.java:365)
	at org.openqa.selenium.remote.RemoteWebDriver.findElement(RemoteWebDriver.java:357)
	at pageObject.CSE_Garage_Hamburger_page.cseMyGarageClickHamburgerLinks(CSE_Garage_Hamburger_page.java:43)
	at stepDef.Upgrade_Hamburger_steps.theUpgradeUserClicksTheLinkInTheMyGarageMenu(Upgrade_Hamburger_steps.java:32)
	at ✽.the Upgrade user clicks the "Insure" link(file:///Users/manav/Documents/QATest/qa-automation-tests/src/test/java/features/Upgrade/hamburgerMenu.feature:34)
&amp#27;[0m
  &amp#27;[36mThen &amp#27;[0m&amp#27;[36mthe Upgrade user should see the Insure page&amp#27;[0m                        &amp#27;[90m# stepDef.Upgrade_Hamburger_steps.theUpgradeUserShouldSeeTheInsurePage()&amp#27;[0m
  &amp#27;[36mWhen &amp#27;[0m&amp#27;[36mthe Upgrade user clicks the Hamburger icon&amp#27;[0m                         &amp#27;[90m# stepDef.Upgrade_Hamburger_steps.theUpgradeUserClicksTheHamburgerIcon()&amp#27;[0m
  &amp#27;[36mThen &amp#27;[0m&amp#27;[36mthe Upgrade user sees all the hamburger links&amp#27;[0m                      &amp#27;[90m# stepDef.Upgrade_Hamburger_steps.theUpgradeUserSeesAllTheHamburgerLinks()&amp#27;[0m

    Embedding Ensure the Insure link takes the user to the Insure page [image/png 1681330 bytes]

]]></system-out>
    <system-err><![CDATA[ChromeDriver was started successfully.
Sep 28, 2022 8:07:41 PM org.openqa.selenium.remote.ProtocolHandshake createSession
INFO: Detected upstream dialect: W3C
Sep 28, 2022 8:07:41 PM org.openqa.selenium.devtools.CdpVersionFinder findNearestMatch
WARNING: Unable to find an exact match for CDP version 105, so returning the closest version found: 104
Sep 28, 2022 8:07:41 PM org.openqa.selenium.devtools.CdpVersionFinder findNearestMatch
INFO: Found CDP implementation for version 105 of 104
]]></system-err>
  </testcase>
  <testcase name="runScenario" classname="RunCucumberTest" time="69.456">
    <failure message="Expected condition failed: waiting for visibility of Proxy element for: DefaultElementLocator &apos;By.xpath: //h1[contains(text(),&apos;Choose Trade Option&apos;)]&apos; (tried for 20 second(s) with 500 milliseconds interval)" type="org.openqa.selenium.TimeoutException">org.openqa.selenium.TimeoutException: Expected condition failed: waiting for visibility of Proxy element for: DefaultElementLocator 'By.xpath: //h1[contains(text(),'Choose Trade Option')]' (tried for 20 second(s) with 500 milliseconds interval)
Caused by: org.openqa.selenium.NoSuchElementException: 
no such element: Unable to locate element: {"method":"xpath","selector":"//h1[contains(text(),'Choose Trade Option')]"}
  (Session info: chrome=105.0.5195.125)
For documentation on this error, please visit: https://selenium.dev/exceptions/#no_such_element
Build info: version: '4.4.0', revision: 'e5c75ed026a'
System info: host: 'SF-LAP-412.local', ip: 'fe80:0:0:0:eb:c8fe:5a40:5798%en0', os.name: 'Mac OS X', os.arch: 'aarch64', os.version: '12.6', java.version: '18.0.2.1'
Driver info: org.openqa.selenium.chrome.ChromeDriver
Command: [5ff30cd561149e186eaade12e1a576ce, findElement {using=xpath, value=//h1[contains(text(),'Choose Trade Option')]}]
Capabilities {acceptInsecureCerts: false, browserName: chrome, browserVersion: 105.0.5195.125, chrome: {chromedriverVersion: 105.0.5195.52 (412c95e51883..., userDataDir: /var/folders/th/f4yf398x0lb...}, goog:chromeOptions: {debuggerAddress: localhost:61194}, networkConnectionEnabled: false, pageLoadStrategy: normal, platformName: MAC, proxy: Proxy(), se:cdp: ws://localhost:61194/devtoo..., se:cdpVersion: 105.0.5195.125, setWindowRect: true, strictFileInteractability: false, timeouts: {implicit: 0, pageLoad: 300000, script: 30000}, unhandledPromptBehavior: dismiss and notify, webauthn:extension:credBlob: true, webauthn:extension:largeBlob: true, webauthn:virtualAuthenticators: true}
Session ID: 5ff30cd561149e186eaade12e1a576ce
</failure>
    <system-out><![CDATA[
@UP @UP_garage @myAccount @regression @smoke
Scenario: Ensure Upgrade account info entered during registration shows up in My Garage Update Account &amp#27;[90m# src/test/java/features/Upgrade/myAccount.feature:10&amp#27;[0m
  &amp#27;[32mGiven &amp#27;[0m&amp#27;[32mthe Upgrade user navigates to the homepage&amp#27;[0m                                                     &amp#27;[90m# stepDef.Upgrade_Registration_SignIn_steps.theUserNavigatesToTheUpgradeHomePage()&amp#27;[0m
  &amp#27;[32mAnd &amp#27;[0m&amp#27;[32mthe Upgrade user clicks on the &amp#27;[0m&amp#27;[32m&amp#27;[1m"Sign in here"&amp#27;[0m&amp#27;[32m link from the top nav&amp#27;[0m                              &amp#27;[90m# stepDef.Upgrade_Registration_SignIn_steps.theUpgradeUserClicksOnTheLinkFromTheTopNav(java.lang.String)&amp#27;[0m
  &amp#27;[31mAnd &amp#27;[0m&amp#27;[31mthe Upgrade user creates a new profile&amp#27;[0m                                                           &amp#27;[90m# stepDef.Upgrade_Registration_SignIn_steps.theUserCreatesAnNewProfileInUP()&amp#27;[0m
      &amp#27;[31morg.openqa.selenium.TimeoutException: Expected condition failed: waiting for visibility of Proxy element for: DefaultElementLocator 'By.xpath: //h1[contains(text(),'Choose Trade Option')]' (tried for 20 second(s) with 500 milliseconds interval)
	at org.openqa.selenium.support.ui.WebDriverWait.timeoutException(WebDriverWait.java:87)
	at org.openqa.selenium.support.ui.FluentWait.until(FluentWait.java:231)
	at base.GenericFunctions.waitForElementToBeVisible(GenericFunctions.java:33)
	at pageObject.Upgrade_Registration_SignIn_page.verifyChooseTradeOption(Upgrade_Registration_SignIn_page.java:50)
	at stepDef.Upgrade_Registration_SignIn_steps.theUserCreatesAnNewProfileInUP(Upgrade_Registration_SignIn_steps.java:87)
	at ✽.the Upgrade user creates a new profile(file:///Users/manav/Documents/QATest/qa-automation-tests/src/test/java/features/Upgrade/myAccount.feature:6)
Caused by: org.openqa.selenium.NoSuchElementException: no such element: Unable to locate element: {"method":"xpath","selector":"//h1[contains(text(),'Choose Trade Option')]"}
  (Session info: chrome=105.0.5195.125)
For documentation on this error, please visit: https://selenium.dev/exceptions/#no_such_element
Build info: version: '4.4.0', revision: 'e5c75ed026a'
System info: host: 'SF-LAP-412.local', ip: 'fe80:0:0:0:eb:c8fe:5a40:5798%en0', os.name: 'Mac OS X', os.arch: 'aarch64', os.version: '12.6', java.version: '18.0.2.1'
Driver info: org.openqa.selenium.chrome.ChromeDriver
Command: [5ff30cd561149e186eaade12e1a576ce, findElement {using=xpath, value=//h1[contains(text(),'Choose Trade Option')]}]
Capabilities {acceptInsecureCerts: false, browserName: chrome, browserVersion: 105.0.5195.125, chrome: {chromedriverVersion: 105.0.5195.52 (412c95e51883..., userDataDir: /var/folders/th/f4yf398x0lb...}, goog:chromeOptions: {debuggerAddress: localhost:61194}, networkConnectionEnabled: false, pageLoadStrategy: normal, platformName: MAC, proxy: Proxy(), se:cdp: ws://localhost:61194/devtoo..., se:cdpVersion: 105.0.5195.125, setWindowRect: true, strictFileInteractability: false, timeouts: {implicit: 0, pageLoad: 300000, script: 30000}, unhandledPromptBehavior: dismiss and notify, webauthn:extension:credBlob: true, webauthn:extension:largeBlob: true, webauthn:virtualAuthenticators: true}
Session ID: 5ff30cd561149e186eaade12e1a576ce
	at java.base/jdk.internal.reflect.DirectConstructorHandleAccessor.newInstance(DirectConstructorHandleAccessor.java:67)
	at java.base/java.lang.reflect.Constructor.newInstanceWithCaller(Constructor.java:499)
	at java.base/java.lang.reflect.Constructor.newInstance(Constructor.java:483)
	at org.openqa.selenium.remote.codec.w3c.W3CHttpResponseCodec.createException(W3CHttpResponseCodec.java:200)
	at org.openqa.selenium.remote.codec.w3c.W3CHttpResponseCodec.decode(W3CHttpResponseCodec.java:133)
	at org.openqa.selenium.remote.codec.w3c.W3CHttpResponseCodec.decode(W3CHttpResponseCodec.java:53)
	at org.openqa.selenium.remote.HttpCommandExecutor.execute(HttpCommandExecutor.java:184)
	at org.openqa.selenium.remote.service.DriverCommandExecutor.invokeExecute(DriverCommandExecutor.java:167)
	at org.openqa.selenium.remote.service.DriverCommandExecutor.execute(DriverCommandExecutor.java:142)
	at org.openqa.selenium.remote.RemoteWebDriver.execute(RemoteWebDriver.java:547)
	at org.openqa.selenium.remote.ElementLocation$ElementFinder$2.findElement(ElementLocation.java:162)
	at org.openqa.selenium.remote.ElementLocation.findElement(ElementLocation.java:60)
	at org.openqa.selenium.remote.RemoteWebDriver.findElement(RemoteWebDriver.java:365)
	at org.openqa.selenium.remote.RemoteWebDriver.findElement(RemoteWebDriver.java:357)
	at org.openqa.selenium.support.pagefactory.DefaultElementLocator.findElement(DefaultElementLocator.java:70)
	at org.openqa.selenium.support.pagefactory.internal.LocatingElementHandler.invoke(LocatingElementHandler.java:39)
	at jdk.proxy2/jdk.proxy2.$Proxy33.isDisplayed(Unknown Source)
	at org.openqa.selenium.support.ui.ExpectedConditions.elementIfVisible(ExpectedConditions.java:307)
	at org.openqa.selenium.support.ui.ExpectedConditions.access$000(ExpectedConditions.java:40)
	at org.openqa.selenium.support.ui.ExpectedConditions$10.apply(ExpectedConditions.java:293)
	at org.openqa.selenium.support.ui.ExpectedConditions$10.apply(ExpectedConditions.java:290)
	at org.openqa.selenium.support.ui.FluentWait.until(FluentWait.java:208)
	at base.GenericFunctions.waitForElementToBeVisible(GenericFunctions.java:33)
	at pageObject.Upgrade_Registration_SignIn_page.verifyChooseTradeOption(Upgrade_Registration_SignIn_page.java:50)
	at stepDef.Upgrade_Registration_SignIn_steps.theUserCreatesAnNewProfileInUP(Upgrade_Registration_SignIn_steps.java:87)
	at java.base/jdk.internal.reflect.DirectMethodHandleAccessor.invoke(DirectMethodHandleAccessor.java:104)
	at java.base/java.lang.reflect.Method.invoke(Method.java:577)
	at io.cucumber.java.Invoker.doInvoke(Invoker.java:66)
	at io.cucumber.java.Invoker.invoke(Invoker.java:24)
	at io.cucumber.java.AbstractGlueDefinition.invokeMethod(AbstractGlueDefinition.java:47)
	at io.cucumber.java.JavaStepDefinition.execute(JavaStepDefinition.java:29)
	at io.cucumber.core.runner.CoreStepDefinition.execute(CoreStepDefinition.java:66)
	at io.cucumber.core.runner.PickleStepDefinitionMatch.runStep(PickleStepDefinitionMatch.java:63)
	at io.cucumber.core.runner.ExecutionMode$1.execute(ExecutionMode.java:10)
	at io.cucumber.core.runner.TestStep.executeStep(TestStep.java:85)
	at io.cucumber.core.runner.TestStep.run(TestStep.java:57)
	at io.cucumber.core.runner.PickleStepTestStep.run(PickleStepTestStep.java:51)
	at io.cucumber.core.runner.TestCase.run(TestCase.java:84)
	at io.cucumber.core.runner.Runner.runPickle(Runner.java:75)
	at io.cucumber.testng.TestNGCucumberRunner.lambda$runScenario$1(TestNGCucumberRunner.java:132)
	at io.cucumber.core.runtime.CucumberExecutionContext.lambda$runTestCase$5(CucumberExecutionContext.java:129)
	at io.cucumber.core.runtime.RethrowingThrowableCollector.executeAndThrow(RethrowingThrowableCollector.java:23)
	at io.cucumber.core.runtime.CucumberExecutionContext.runTestCase(CucumberExecutionContext.java:129)
	at io.cucumber.testng.TestNGCucumberRunner.runScenario(TestNGCucumberRunner.java:129)
	at io.cucumber.testng.AbstractTestNGCucumberTests.runScenario(AbstractTestNGCucumberTests.java:35)
	at java.base/jdk.internal.reflect.DirectMethodHandleAccessor.invoke(DirectMethodHandleAccessor.java:104)
	at java.base/java.lang.reflect.Method.invoke(Method.java:577)
	at org.testng.internal.invokers.MethodInvocationHelper.invokeMethod(MethodInvocationHelper.java:139)
	at org.testng.internal.invokers.TestInvoker.invokeMethod(TestInvoker.java:677)
	at org.testng.internal.invokers.TestInvoker.invokeTestMethod(TestInvoker.java:221)
	at org.testng.internal.invokers.TestMethodWithDataProviderMethodWorker.call(TestMethodWithDataProviderMethodWorker.java:80)
	at org.testng.internal.invokers.TestMethodWithDataProviderMethodWorker.call(TestMethodWithDataProviderMethodWorker.java:17)
	at java.base/java.util.concurrent.FutureTask.run(FutureTask.java:264)
	at java.base/java.util.concurrent.Executors$RunnableAdapter.call(Executors.java:539)
	at java.base/java.util.concurrent.FutureTask.run(FutureTask.java:264)
	at java.base/java.util.concurrent.ThreadPoolExecutor.runWorker(ThreadPoolExecutor.java:1136)
	at java.base/java.util.concurrent.ThreadPoolExecutor$Worker.run(ThreadPoolExecutor.java:635)
	at java.base/java.lang.Thread.run(Thread.java:833)
&amp#27;[0m
  &amp#27;[36mAnd &amp#27;[0m&amp#27;[36mthe Upgrade user clicks on my garage from the hamburger menu&amp#27;[0m                                     &amp#27;[90m# stepDef.Upgrade_Appointment_steps.theUserClicksOnMyGarageFromHamburgerMenu()&amp#27;[0m
  &amp#27;[36mWhen &amp#27;[0m&amp#27;[36mthe Upgrade user land Update Account page&amp#27;[0m                                                       &amp#27;[90m# stepDef.Upgrade_Account_steps.theUpgradeUserShouldBeOnTheUpdateAccountPage()&amp#27;[0m
  &amp#27;[36mThen &amp#27;[0m&amp#27;[36mthe Upgrade user should see the account info they entered during registration&amp#27;[0m                   &amp#27;[90m# stepDef.Upgrade_Account_steps.theUpgradeUserShouldSeeTheAccountInfoTheyEnteredDuringRegistration()&amp#27;[0m

    Embedding Ensure Upgrade account info entered during registration shows up in My Garage Update Account [image/png 156244 bytes]

]]></system-out>
    <system-err><![CDATA[ChromeDriver was started successfully.
Sep 28, 2022 8:08:23 PM org.openqa.selenium.remote.ProtocolHandshake createSession
INFO: Detected upstream dialect: W3C
Sep 28, 2022 8:08:24 PM org.openqa.selenium.devtools.CdpVersionFinder findNearestMatch
WARNING: Unable to find an exact match for CDP version 105, so returning the closest version found: 104
Sep 28, 2022 8:08:24 PM org.openqa.selenium.devtools.CdpVersionFinder findNearestMatch
INFO: Found CDP implementation for version 105 of 104
]]></system-err>
  </testcase>
  <testcase name="runScenario" classname="RunCucumberTest" time="68.396">
    <failure message="Expected condition failed: waiting for visibility of Proxy element for: DefaultElementLocator &apos;By.xpath: //h1[contains(text(),&apos;Choose Trade Option&apos;)]&apos; (tried for 20 second(s) with 500 milliseconds interval)" type="org.openqa.selenium.TimeoutException">org.openqa.selenium.TimeoutException: Expected condition failed: waiting for visibility of Proxy element for: DefaultElementLocator 'By.xpath: //h1[contains(text(),'Choose Trade Option')]' (tried for 20 second(s) with 500 milliseconds interval)
Caused by: org.openqa.selenium.NoSuchElementException: 
no such element: Unable to locate element: {"method":"xpath","selector":"//h1[contains(text(),'Choose Trade Option')]"}
  (Session info: chrome=105.0.5195.125)
For documentation on this error, please visit: https://selenium.dev/exceptions/#no_such_element
Build info: version: '4.4.0', revision: 'e5c75ed026a'
System info: host: 'SF-LAP-412.local', ip: 'fe80:0:0:0:eb:c8fe:5a40:5798%en0', os.name: 'Mac OS X', os.arch: 'aarch64', os.version: '12.6', java.version: '18.0.2.1'
Driver info: org.openqa.selenium.chrome.ChromeDriver
Command: [d47012ae84fabe51b52293901de549a4, findElement {using=xpath, value=//h1[contains(text(),'Choose Trade Option')]}]
Capabilities {acceptInsecureCerts: false, browserName: chrome, browserVersion: 105.0.5195.125, chrome: {chromedriverVersion: 105.0.5195.52 (412c95e51883..., userDataDir: /var/folders/th/f4yf398x0lb...}, goog:chromeOptions: {debuggerAddress: localhost:61530}, networkConnectionEnabled: false, pageLoadStrategy: normal, platformName: MAC, proxy: Proxy(), se:cdp: ws://localhost:61530/devtoo..., se:cdpVersion: 105.0.5195.125, setWindowRect: true, strictFileInteractability: false, timeouts: {implicit: 0, pageLoad: 300000, script: 30000}, unhandledPromptBehavior: dismiss and notify, webauthn:extension:credBlob: true, webauthn:extension:largeBlob: true, webauthn:virtualAuthenticators: true}
Session ID: d47012ae84fabe51b52293901de549a4
</failure>
    <system-out><![CDATA[
@UP @UP_garage @myAccount @regression @smoke
Scenario: Ensure the Upgrade user can update existing account info from the My Garage Update Account &amp#27;[90m# src/test/java/features/Upgrade/myAccount.feature:15&amp#27;[0m
  &amp#27;[32mGiven &amp#27;[0m&amp#27;[32mthe Upgrade user navigates to the homepage&amp#27;[0m                                                   &amp#27;[90m# stepDef.Upgrade_Registration_SignIn_steps.theUserNavigatesToTheUpgradeHomePage()&amp#27;[0m
  &amp#27;[32mAnd &amp#27;[0m&amp#27;[32mthe Upgrade user clicks on the &amp#27;[0m&amp#27;[32m&amp#27;[1m"Sign in here"&amp#27;[0m&amp#27;[32m link from the top nav&amp#27;[0m                            &amp#27;[90m# stepDef.Upgrade_Registration_SignIn_steps.theUpgradeUserClicksOnTheLinkFromTheTopNav(java.lang.String)&amp#27;[0m
  &amp#27;[31mAnd &amp#27;[0m&amp#27;[31mthe Upgrade user creates a new profile&amp#27;[0m                                                         &amp#27;[90m# stepDef.Upgrade_Registration_SignIn_steps.theUserCreatesAnNewProfileInUP()&amp#27;[0m
      &amp#27;[31morg.openqa.selenium.TimeoutException: Expected condition failed: waiting for visibility of Proxy element for: DefaultElementLocator 'By.xpath: //h1[contains(text(),'Choose Trade Option')]' (tried for 20 second(s) with 500 milliseconds interval)
	at org.openqa.selenium.support.ui.WebDriverWait.timeoutException(WebDriverWait.java:87)
	at org.openqa.selenium.support.ui.FluentWait.until(FluentWait.java:231)
	at base.GenericFunctions.waitForElementToBeVisible(GenericFunctions.java:33)
	at pageObject.Upgrade_Registration_SignIn_page.verifyChooseTradeOption(Upgrade_Registration_SignIn_page.java:50)
	at stepDef.Upgrade_Registration_SignIn_steps.theUserCreatesAnNewProfileInUP(Upgrade_Registration_SignIn_steps.java:87)
	at ✽.the Upgrade user creates a new profile(file:///Users/manav/Documents/QATest/qa-automation-tests/src/test/java/features/Upgrade/myAccount.feature:6)
Caused by: org.openqa.selenium.NoSuchElementException: no such element: Unable to locate element: {"method":"xpath","selector":"//h1[contains(text(),'Choose Trade Option')]"}
  (Session info: chrome=105.0.5195.125)
For documentation on this error, please visit: https://selenium.dev/exceptions/#no_such_element
Build info: version: '4.4.0', revision: 'e5c75ed026a'
System info: host: 'SF-LAP-412.local', ip: 'fe80:0:0:0:eb:c8fe:5a40:5798%en0', os.name: 'Mac OS X', os.arch: 'aarch64', os.version: '12.6', java.version: '18.0.2.1'
Driver info: org.openqa.selenium.chrome.ChromeDriver
Command: [d47012ae84fabe51b52293901de549a4, findElement {using=xpath, value=//h1[contains(text(),'Choose Trade Option')]}]
Capabilities {acceptInsecureCerts: false, browserName: chrome, browserVersion: 105.0.5195.125, chrome: {chromedriverVersion: 105.0.5195.52 (412c95e51883..., userDataDir: /var/folders/th/f4yf398x0lb...}, goog:chromeOptions: {debuggerAddress: localhost:61530}, networkConnectionEnabled: false, pageLoadStrategy: normal, platformName: MAC, proxy: Proxy(), se:cdp: ws://localhost:61530/devtoo..., se:cdpVersion: 105.0.5195.125, setWindowRect: true, strictFileInteractability: false, timeouts: {implicit: 0, pageLoad: 300000, script: 30000}, unhandledPromptBehavior: dismiss and notify, webauthn:extension:credBlob: true, webauthn:extension:largeBlob: true, webauthn:virtualAuthenticators: true}
Session ID: d47012ae84fabe51b52293901de549a4
	at java.base/jdk.internal.reflect.DirectConstructorHandleAccessor.newInstance(DirectConstructorHandleAccessor.java:67)
	at java.base/java.lang.reflect.Constructor.newInstanceWithCaller(Constructor.java:499)
	at java.base/java.lang.reflect.Constructor.newInstance(Constructor.java:483)
	at org.openqa.selenium.remote.codec.w3c.W3CHttpResponseCodec.createException(W3CHttpResponseCodec.java:200)
	at org.openqa.selenium.remote.codec.w3c.W3CHttpResponseCodec.decode(W3CHttpResponseCodec.java:133)
	at org.openqa.selenium.remote.codec.w3c.W3CHttpResponseCodec.decode(W3CHttpResponseCodec.java:53)
	at org.openqa.selenium.remote.HttpCommandExecutor.execute(HttpCommandExecutor.java:184)
	at org.openqa.selenium.remote.service.DriverCommandExecutor.invokeExecute(DriverCommandExecutor.java:167)
	at org.openqa.selenium.remote.service.DriverCommandExecutor.execute(DriverCommandExecutor.java:142)
	at org.openqa.selenium.remote.RemoteWebDriver.execute(RemoteWebDriver.java:547)
	at org.openqa.selenium.remote.ElementLocation$ElementFinder$2.findElement(ElementLocation.java:162)
	at org.openqa.selenium.remote.ElementLocation.findElement(ElementLocation.java:60)
	at org.openqa.selenium.remote.RemoteWebDriver.findElement(RemoteWebDriver.java:365)
	at org.openqa.selenium.remote.RemoteWebDriver.findElement(RemoteWebDriver.java:357)
	at org.openqa.selenium.support.pagefactory.DefaultElementLocator.findElement(DefaultElementLocator.java:70)
	at org.openqa.selenium.support.pagefactory.internal.LocatingElementHandler.invoke(LocatingElementHandler.java:39)
	at jdk.proxy2/jdk.proxy2.$Proxy33.isDisplayed(Unknown Source)
	at org.openqa.selenium.support.ui.ExpectedConditions.elementIfVisible(ExpectedConditions.java:307)
	at org.openqa.selenium.support.ui.ExpectedConditions.access$000(ExpectedConditions.java:40)
	at org.openqa.selenium.support.ui.ExpectedConditions$10.apply(ExpectedConditions.java:293)
	at org.openqa.selenium.support.ui.ExpectedConditions$10.apply(ExpectedConditions.java:290)
	at org.openqa.selenium.support.ui.FluentWait.until(FluentWait.java:208)
	at base.GenericFunctions.waitForElementToBeVisible(GenericFunctions.java:33)
	at pageObject.Upgrade_Registration_SignIn_page.verifyChooseTradeOption(Upgrade_Registration_SignIn_page.java:50)
	at stepDef.Upgrade_Registration_SignIn_steps.theUserCreatesAnNewProfileInUP(Upgrade_Registration_SignIn_steps.java:87)
	at java.base/jdk.internal.reflect.DirectMethodHandleAccessor.invoke(DirectMethodHandleAccessor.java:104)
	at java.base/java.lang.reflect.Method.invoke(Method.java:577)
	at io.cucumber.java.Invoker.doInvoke(Invoker.java:66)
	at io.cucumber.java.Invoker.invoke(Invoker.java:24)
	at io.cucumber.java.AbstractGlueDefinition.invokeMethod(AbstractGlueDefinition.java:47)
	at io.cucumber.java.JavaStepDefinition.execute(JavaStepDefinition.java:29)
	at io.cucumber.core.runner.CoreStepDefinition.execute(CoreStepDefinition.java:66)
	at io.cucumber.core.runner.PickleStepDefinitionMatch.runStep(PickleStepDefinitionMatch.java:63)
	at io.cucumber.core.runner.ExecutionMode$1.execute(ExecutionMode.java:10)
	at io.cucumber.core.runner.TestStep.executeStep(TestStep.java:85)
	at io.cucumber.core.runner.TestStep.run(TestStep.java:57)
	at io.cucumber.core.runner.PickleStepTestStep.run(PickleStepTestStep.java:51)
	at io.cucumber.core.runner.TestCase.run(TestCase.java:84)
	at io.cucumber.core.runner.Runner.runPickle(Runner.java:75)
	at io.cucumber.testng.TestNGCucumberRunner.lambda$runScenario$1(TestNGCucumberRunner.java:132)
	at io.cucumber.core.runtime.CucumberExecutionContext.lambda$runTestCase$5(CucumberExecutionContext.java:129)
	at io.cucumber.core.runtime.RethrowingThrowableCollector.executeAndThrow(RethrowingThrowableCollector.java:23)
	at io.cucumber.core.runtime.CucumberExecutionContext.runTestCase(CucumberExecutionContext.java:129)
	at io.cucumber.testng.TestNGCucumberRunner.runScenario(TestNGCucumberRunner.java:129)
	at io.cucumber.testng.AbstractTestNGCucumberTests.runScenario(AbstractTestNGCucumberTests.java:35)
	at java.base/jdk.internal.reflect.DirectMethodHandleAccessor.invoke(DirectMethodHandleAccessor.java:104)
	at java.base/java.lang.reflect.Method.invoke(Method.java:577)
	at org.testng.internal.invokers.MethodInvocationHelper.invokeMethod(MethodInvocationHelper.java:139)
	at org.testng.internal.invokers.TestInvoker.invokeMethod(TestInvoker.java:677)
	at org.testng.internal.invokers.TestInvoker.invokeTestMethod(TestInvoker.java:221)
	at org.testng.internal.invokers.TestMethodWithDataProviderMethodWorker.call(TestMethodWithDataProviderMethodWorker.java:80)
	at org.testng.internal.invokers.TestMethodWithDataProviderMethodWorker.call(TestMethodWithDataProviderMethodWorker.java:17)
	at java.base/java.util.concurrent.FutureTask.run(FutureTask.java:264)
	at java.base/java.util.concurrent.Executors$RunnableAdapter.call(Executors.java:539)
	at java.base/java.util.concurrent.FutureTask.run(FutureTask.java:264)
	at java.base/java.util.concurrent.ThreadPoolExecutor.runWorker(ThreadPoolExecutor.java:1136)
	at java.base/java.util.concurrent.ThreadPoolExecutor$Worker.run(ThreadPoolExecutor.java:635)
	at java.base/java.lang.Thread.run(Thread.java:833)
&amp#27;[0m
  &amp#27;[36mAnd &amp#27;[0m&amp#27;[36mthe Upgrade user clicks on my garage from the hamburger menu&amp#27;[0m                                   &amp#27;[90m# stepDef.Upgrade_Appointment_steps.theUserClicksOnMyGarageFromHamburgerMenu()&amp#27;[0m
  &amp#27;[36mAnd &amp#27;[0m&amp#27;[36mthe Upgrade user enters valid account information to update&amp#27;[0m                                    &amp#27;[90m# stepDef.Upgrade_Account_steps.theUpgradeUserEntersValidAccountInformationToUpdate()&amp#27;[0m
  &amp#27;[36mWhen &amp#27;[0m&amp#27;[36mthe Upgrade user clicks on the Update button under My Account&amp#27;[0m                                 &amp#27;[90m# stepDef.Upgrade_Account_steps.theUpgradeUserClicksOnTheUpdateButtonUnderMyAccount()&amp#27;[0m
  &amp#27;[36mThen &amp#27;[0m&amp#27;[36mthe Upgrade user should see the newly updated account info&amp#27;[0m                                    &amp#27;[90m# stepDef.Upgrade_Account_steps.theUpgradeUserShouldSeeTheNewlyUpdatedAccountInfo()&amp#27;[0m

    Embedding Ensure the Upgrade user can update existing account info from the My Garage Update Account [image/png 156244 bytes]

]]></system-out>
    <system-err><![CDATA[ChromeDriver was started successfully.
Sep 28, 2022 8:09:33 PM org.openqa.selenium.remote.ProtocolHandshake createSession
INFO: Detected upstream dialect: W3C
Sep 28, 2022 8:09:33 PM org.openqa.selenium.devtools.CdpVersionFinder findNearestMatch
WARNING: Unable to find an exact match for CDP version 105, so returning the closest version found: 104
Sep 28, 2022 8:09:33 PM org.openqa.selenium.devtools.CdpVersionFinder findNearestMatch
INFO: Found CDP implementation for version 105 of 104
]]></system-err>
  </testcase>
  <testcase name="runScenario" classname="RunCucumberTest" time="68.484">
    <failure message="Expected condition failed: waiting for visibility of Proxy element for: DefaultElementLocator &apos;By.xpath: //h1[contains(text(),&apos;Choose Trade Option&apos;)]&apos; (tried for 20 second(s) with 500 milliseconds interval)" type="org.openqa.selenium.TimeoutException">org.openqa.selenium.TimeoutException: Expected condition failed: waiting for visibility of Proxy element for: DefaultElementLocator 'By.xpath: //h1[contains(text(),'Choose Trade Option')]' (tried for 20 second(s) with 500 milliseconds interval)
Caused by: org.openqa.selenium.NoSuchElementException: 
no such element: Unable to locate element: {"method":"xpath","selector":"//h1[contains(text(),'Choose Trade Option')]"}
  (Session info: chrome=105.0.5195.125)
For documentation on this error, please visit: https://selenium.dev/exceptions/#no_such_element
Build info: version: '4.4.0', revision: 'e5c75ed026a'
System info: host: 'SF-LAP-412.local', ip: 'fe80:0:0:0:eb:c8fe:5a40:5798%en0', os.name: 'Mac OS X', os.arch: 'aarch64', os.version: '12.6', java.version: '18.0.2.1'
Driver info: org.openqa.selenium.chrome.ChromeDriver
Command: [ed55aa488eb390fa8619493d71f1ecca, findElement {using=xpath, value=//h1[contains(text(),'Choose Trade Option')]}]
Capabilities {acceptInsecureCerts: false, browserName: chrome, browserVersion: 105.0.5195.125, chrome: {chromedriverVersion: 105.0.5195.52 (412c95e51883..., userDataDir: /var/folders/th/f4yf398x0lb...}, goog:chromeOptions: {debuggerAddress: localhost:61863}, networkConnectionEnabled: false, pageLoadStrategy: normal, platformName: MAC, proxy: Proxy(), se:cdp: ws://localhost:61863/devtoo..., se:cdpVersion: 105.0.5195.125, setWindowRect: true, strictFileInteractability: false, timeouts: {implicit: 0, pageLoad: 300000, script: 30000}, unhandledPromptBehavior: dismiss and notify, webauthn:extension:credBlob: true, webauthn:extension:largeBlob: true, webauthn:virtualAuthenticators: true}
Session ID: ed55aa488eb390fa8619493d71f1ecca
</failure>
    <system-out><![CDATA[
@UP @UP_garage @myAccount @regression
Scenario: Ensure the Upgrade user can update account info with Send me Text messages checkbox enable &amp#27;[90m# src/test/java/features/Upgrade/myAccount.feature:21&amp#27;[0m
  &amp#27;[32mGiven &amp#27;[0m&amp#27;[32mthe Upgrade user navigates to the homepage&amp#27;[0m                                                   &amp#27;[90m# stepDef.Upgrade_Registration_SignIn_steps.theUserNavigatesToTheUpgradeHomePage()&amp#27;[0m
  &amp#27;[32mAnd &amp#27;[0m&amp#27;[32mthe Upgrade user clicks on the &amp#27;[0m&amp#27;[32m&amp#27;[1m"Sign in here"&amp#27;[0m&amp#27;[32m link from the top nav&amp#27;[0m                            &amp#27;[90m# stepDef.Upgrade_Registration_SignIn_steps.theUpgradeUserClicksOnTheLinkFromTheTopNav(java.lang.String)&amp#27;[0m
  &amp#27;[31mAnd &amp#27;[0m&amp#27;[31mthe Upgrade user creates a new profile&amp#27;[0m                                                         &amp#27;[90m# stepDef.Upgrade_Registration_SignIn_steps.theUserCreatesAnNewProfileInUP()&amp#27;[0m
      &amp#27;[31morg.openqa.selenium.TimeoutException: Expected condition failed: waiting for visibility of Proxy element for: DefaultElementLocator 'By.xpath: //h1[contains(text(),'Choose Trade Option')]' (tried for 20 second(s) with 500 milliseconds interval)
	at org.openqa.selenium.support.ui.WebDriverWait.timeoutException(WebDriverWait.java:87)
	at org.openqa.selenium.support.ui.FluentWait.until(FluentWait.java:231)
	at base.GenericFunctions.waitForElementToBeVisible(GenericFunctions.java:33)
	at pageObject.Upgrade_Registration_SignIn_page.verifyChooseTradeOption(Upgrade_Registration_SignIn_page.java:50)
	at stepDef.Upgrade_Registration_SignIn_steps.theUserCreatesAnNewProfileInUP(Upgrade_Registration_SignIn_steps.java:87)
	at ✽.the Upgrade user creates a new profile(file:///Users/manav/Documents/QATest/qa-automation-tests/src/test/java/features/Upgrade/myAccount.feature:6)
Caused by: org.openqa.selenium.NoSuchElementException: no such element: Unable to locate element: {"method":"xpath","selector":"//h1[contains(text(),'Choose Trade Option')]"}
  (Session info: chrome=105.0.5195.125)
For documentation on this error, please visit: https://selenium.dev/exceptions/#no_such_element
Build info: version: '4.4.0', revision: 'e5c75ed026a'
System info: host: 'SF-LAP-412.local', ip: 'fe80:0:0:0:eb:c8fe:5a40:5798%en0', os.name: 'Mac OS X', os.arch: 'aarch64', os.version: '12.6', java.version: '18.0.2.1'
Driver info: org.openqa.selenium.chrome.ChromeDriver
Command: [ed55aa488eb390fa8619493d71f1ecca, findElement {using=xpath, value=//h1[contains(text(),'Choose Trade Option')]}]
Capabilities {acceptInsecureCerts: false, browserName: chrome, browserVersion: 105.0.5195.125, chrome: {chromedriverVersion: 105.0.5195.52 (412c95e51883..., userDataDir: /var/folders/th/f4yf398x0lb...}, goog:chromeOptions: {debuggerAddress: localhost:61863}, networkConnectionEnabled: false, pageLoadStrategy: normal, platformName: MAC, proxy: Proxy(), se:cdp: ws://localhost:61863/devtoo..., se:cdpVersion: 105.0.5195.125, setWindowRect: true, strictFileInteractability: false, timeouts: {implicit: 0, pageLoad: 300000, script: 30000}, unhandledPromptBehavior: dismiss and notify, webauthn:extension:credBlob: true, webauthn:extension:largeBlob: true, webauthn:virtualAuthenticators: true}
Session ID: ed55aa488eb390fa8619493d71f1ecca
	at java.base/jdk.internal.reflect.DirectConstructorHandleAccessor.newInstance(DirectConstructorHandleAccessor.java:67)
	at java.base/java.lang.reflect.Constructor.newInstanceWithCaller(Constructor.java:499)
	at java.base/java.lang.reflect.Constructor.newInstance(Constructor.java:483)
	at org.openqa.selenium.remote.codec.w3c.W3CHttpResponseCodec.createException(W3CHttpResponseCodec.java:200)
	at org.openqa.selenium.remote.codec.w3c.W3CHttpResponseCodec.decode(W3CHttpResponseCodec.java:133)
	at org.openqa.selenium.remote.codec.w3c.W3CHttpResponseCodec.decode(W3CHttpResponseCodec.java:53)
	at org.openqa.selenium.remote.HttpCommandExecutor.execute(HttpCommandExecutor.java:184)
	at org.openqa.selenium.remote.service.DriverCommandExecutor.invokeExecute(DriverCommandExecutor.java:167)
	at org.openqa.selenium.remote.service.DriverCommandExecutor.execute(DriverCommandExecutor.java:142)
	at org.openqa.selenium.remote.RemoteWebDriver.execute(RemoteWebDriver.java:547)
	at org.openqa.selenium.remote.ElementLocation$ElementFinder$2.findElement(ElementLocation.java:162)
	at org.openqa.selenium.remote.ElementLocation.findElement(ElementLocation.java:60)
	at org.openqa.selenium.remote.RemoteWebDriver.findElement(RemoteWebDriver.java:365)
	at org.openqa.selenium.remote.RemoteWebDriver.findElement(RemoteWebDriver.java:357)
	at org.openqa.selenium.support.pagefactory.DefaultElementLocator.findElement(DefaultElementLocator.java:70)
	at org.openqa.selenium.support.pagefactory.internal.LocatingElementHandler.invoke(LocatingElementHandler.java:39)
	at jdk.proxy2/jdk.proxy2.$Proxy33.isDisplayed(Unknown Source)
	at org.openqa.selenium.support.ui.ExpectedConditions.elementIfVisible(ExpectedConditions.java:307)
	at org.openqa.selenium.support.ui.ExpectedConditions.access$000(ExpectedConditions.java:40)
	at org.openqa.selenium.support.ui.ExpectedConditions$10.apply(ExpectedConditions.java:293)
	at org.openqa.selenium.support.ui.ExpectedConditions$10.apply(ExpectedConditions.java:290)
	at org.openqa.selenium.support.ui.FluentWait.until(FluentWait.java:208)
	at base.GenericFunctions.waitForElementToBeVisible(GenericFunctions.java:33)
	at pageObject.Upgrade_Registration_SignIn_page.verifyChooseTradeOption(Upgrade_Registration_SignIn_page.java:50)
	at stepDef.Upgrade_Registration_SignIn_steps.theUserCreatesAnNewProfileInUP(Upgrade_Registration_SignIn_steps.java:87)
	at java.base/jdk.internal.reflect.DirectMethodHandleAccessor.invoke(DirectMethodHandleAccessor.java:104)
	at java.base/java.lang.reflect.Method.invoke(Method.java:577)
	at io.cucumber.java.Invoker.doInvoke(Invoker.java:66)
	at io.cucumber.java.Invoker.invoke(Invoker.java:24)
	at io.cucumber.java.AbstractGlueDefinition.invokeMethod(AbstractGlueDefinition.java:47)
	at io.cucumber.java.JavaStepDefinition.execute(JavaStepDefinition.java:29)
	at io.cucumber.core.runner.CoreStepDefinition.execute(CoreStepDefinition.java:66)
	at io.cucumber.core.runner.PickleStepDefinitionMatch.runStep(PickleStepDefinitionMatch.java:63)
	at io.cucumber.core.runner.ExecutionMode$1.execute(ExecutionMode.java:10)
	at io.cucumber.core.runner.TestStep.executeStep(TestStep.java:85)
	at io.cucumber.core.runner.TestStep.run(TestStep.java:57)
	at io.cucumber.core.runner.PickleStepTestStep.run(PickleStepTestStep.java:51)
	at io.cucumber.core.runner.TestCase.run(TestCase.java:84)
	at io.cucumber.core.runner.Runner.runPickle(Runner.java:75)
	at io.cucumber.testng.TestNGCucumberRunner.lambda$runScenario$1(TestNGCucumberRunner.java:132)
	at io.cucumber.core.runtime.CucumberExecutionContext.lambda$runTestCase$5(CucumberExecutionContext.java:129)
	at io.cucumber.core.runtime.RethrowingThrowableCollector.executeAndThrow(RethrowingThrowableCollector.java:23)
	at io.cucumber.core.runtime.CucumberExecutionContext.runTestCase(CucumberExecutionContext.java:129)
	at io.cucumber.testng.TestNGCucumberRunner.runScenario(TestNGCucumberRunner.java:129)
	at io.cucumber.testng.AbstractTestNGCucumberTests.runScenario(AbstractTestNGCucumberTests.java:35)
	at java.base/jdk.internal.reflect.DirectMethodHandleAccessor.invoke(DirectMethodHandleAccessor.java:104)
	at java.base/java.lang.reflect.Method.invoke(Method.java:577)
	at org.testng.internal.invokers.MethodInvocationHelper.invokeMethod(MethodInvocationHelper.java:139)
	at org.testng.internal.invokers.TestInvoker.invokeMethod(TestInvoker.java:677)
	at org.testng.internal.invokers.TestInvoker.invokeTestMethod(TestInvoker.java:221)
	at org.testng.internal.invokers.TestMethodWithDataProviderMethodWorker.call(TestMethodWithDataProviderMethodWorker.java:80)
	at org.testng.internal.invokers.TestMethodWithDataProviderMethodWorker.call(TestMethodWithDataProviderMethodWorker.java:17)
	at java.base/java.util.concurrent.FutureTask.run(FutureTask.java:264)
	at java.base/java.util.concurrent.Executors$RunnableAdapter.call(Executors.java:539)
	at java.base/java.util.concurrent.FutureTask.run(FutureTask.java:264)
	at java.base/java.util.concurrent.ThreadPoolExecutor.runWorker(ThreadPoolExecutor.java:1136)
	at java.base/java.util.concurrent.ThreadPoolExecutor$Worker.run(ThreadPoolExecutor.java:635)
	at java.base/java.lang.Thread.run(Thread.java:833)
&amp#27;[0m
  &amp#27;[36mAnd &amp#27;[0m&amp#27;[36mthe Upgrade user clicks on my garage from the hamburger menu&amp#27;[0m                                   &amp#27;[90m# stepDef.Upgrade_Appointment_steps.theUserClicksOnMyGarageFromHamburgerMenu()&amp#27;[0m
  &amp#27;[36mAnd &amp#27;[0m&amp#27;[36mthe Upgrade user enters valid account information to update&amp#27;[0m                                    &amp#27;[90m# stepDef.Upgrade_Account_steps.theUpgradeUserEntersValidAccountInformationToUpdate()&amp#27;[0m
  &amp#27;[36mAnd &amp#27;[0m&amp#27;[36mthe Upgrade user enables Send me text messages checkbox&amp#27;[0m                                        &amp#27;[90m# stepDef.Upgrade_Account_steps.theUpgradeUserEnablesSendMeTextMessagesCheckbox()&amp#27;[0m
  &amp#27;[36mWhen &amp#27;[0m&amp#27;[36mthe Upgrade user clicks on the Update button under My Account&amp#27;[0m                                 &amp#27;[90m# stepDef.Upgrade_Account_steps.theUpgradeUserClicksOnTheUpdateButtonUnderMyAccount()&amp#27;[0m
  &amp#27;[36mThen &amp#27;[0m&amp#27;[36mthe Upgrade user should see the SMS check box selected&amp#27;[0m                                        &amp#27;[90m# stepDef.Upgrade_Account_steps.theUpgradeUserShouldSeeTheSMSCheckBoxSelected()&amp#27;[0m

    Embedding Ensure the Upgrade user can update account info with Send me Text messages checkbox enable [image/png 156244 bytes]

]]></system-out>
    <system-err><![CDATA[ChromeDriver was started successfully.
Sep 28, 2022 8:10:41 PM org.openqa.selenium.remote.ProtocolHandshake createSession
INFO: Detected upstream dialect: W3C
Sep 28, 2022 8:10:41 PM org.openqa.selenium.devtools.CdpVersionFinder findNearestMatch
WARNING: Unable to find an exact match for CDP version 105, so returning the closest version found: 104
Sep 28, 2022 8:10:41 PM org.openqa.selenium.devtools.CdpVersionFinder findNearestMatch
INFO: Found CDP implementation for version 105 of 104
]]></system-err>
  </testcase>
  <testcase name="runScenario" classname="RunCucumberTest" time="68.334">
    <failure message="Expected condition failed: waiting for visibility of Proxy element for: DefaultElementLocator &apos;By.xpath: //h1[contains(text(),&apos;Choose Trade Option&apos;)]&apos; (tried for 20 second(s) with 500 milliseconds interval)" type="org.openqa.selenium.TimeoutException">org.openqa.selenium.TimeoutException: Expected condition failed: waiting for visibility of Proxy element for: DefaultElementLocator 'By.xpath: //h1[contains(text(),'Choose Trade Option')]' (tried for 20 second(s) with 500 milliseconds interval)
Caused by: org.openqa.selenium.NoSuchElementException: 
no such element: Unable to locate element: {"method":"xpath","selector":"//h1[contains(text(),'Choose Trade Option')]"}
  (Session info: chrome=105.0.5195.125)
For documentation on this error, please visit: https://selenium.dev/exceptions/#no_such_element
Build info: version: '4.4.0', revision: 'e5c75ed026a'
System info: host: 'SF-LAP-412.local', ip: 'fe80:0:0:0:eb:c8fe:5a40:5798%en0', os.name: 'Mac OS X', os.arch: 'aarch64', os.version: '12.6', java.version: '18.0.2.1'
Driver info: org.openqa.selenium.chrome.ChromeDriver
Command: [38093ad5837c636ab125e31bba671e21, findElement {using=xpath, value=//h1[contains(text(),'Choose Trade Option')]}]
Capabilities {acceptInsecureCerts: false, browserName: chrome, browserVersion: 105.0.5195.125, chrome: {chromedriverVersion: 105.0.5195.52 (412c95e51883..., userDataDir: /var/folders/th/f4yf398x0lb...}, goog:chromeOptions: {debuggerAddress: localhost:62200}, networkConnectionEnabled: false, pageLoadStrategy: normal, platformName: MAC, proxy: Proxy(), se:cdp: ws://localhost:62200/devtoo..., se:cdpVersion: 105.0.5195.125, setWindowRect: true, strictFileInteractability: false, timeouts: {implicit: 0, pageLoad: 300000, script: 30000}, unhandledPromptBehavior: dismiss and notify, webauthn:extension:credBlob: true, webauthn:extension:largeBlob: true, webauthn:virtualAuthenticators: true}
Session ID: 38093ad5837c636ab125e31bba671e21
</failure>
    <system-out><![CDATA[
@UP @UP_garage @myAccount @regression
Scenario: Ensure the Upgrade user should not be able to update the account without the first name &amp#27;[90m# src/test/java/features/Upgrade/myAccount.feature:28&amp#27;[0m
  &amp#27;[32mGiven &amp#27;[0m&amp#27;[32mthe Upgrade user navigates to the homepage&amp#27;[0m                                                &amp#27;[90m# stepDef.Upgrade_Registration_SignIn_steps.theUserNavigatesToTheUpgradeHomePage()&amp#27;[0m
  &amp#27;[32mAnd &amp#27;[0m&amp#27;[32mthe Upgrade user clicks on the &amp#27;[0m&amp#27;[32m&amp#27;[1m"Sign in here"&amp#27;[0m&amp#27;[32m link from the top nav&amp#27;[0m                         &amp#27;[90m# stepDef.Upgrade_Registration_SignIn_steps.theUpgradeUserClicksOnTheLinkFromTheTopNav(java.lang.String)&amp#27;[0m
  &amp#27;[31mAnd &amp#27;[0m&amp#27;[31mthe Upgrade user creates a new profile&amp#27;[0m                                                      &amp#27;[90m# stepDef.Upgrade_Registration_SignIn_steps.theUserCreatesAnNewProfileInUP()&amp#27;[0m
      &amp#27;[31morg.openqa.selenium.TimeoutException: Expected condition failed: waiting for visibility of Proxy element for: DefaultElementLocator 'By.xpath: //h1[contains(text(),'Choose Trade Option')]' (tried for 20 second(s) with 500 milliseconds interval)
	at org.openqa.selenium.support.ui.WebDriverWait.timeoutException(WebDriverWait.java:87)
	at org.openqa.selenium.support.ui.FluentWait.until(FluentWait.java:231)
	at base.GenericFunctions.waitForElementToBeVisible(GenericFunctions.java:33)
	at pageObject.Upgrade_Registration_SignIn_page.verifyChooseTradeOption(Upgrade_Registration_SignIn_page.java:50)
	at stepDef.Upgrade_Registration_SignIn_steps.theUserCreatesAnNewProfileInUP(Upgrade_Registration_SignIn_steps.java:87)
	at ✽.the Upgrade user creates a new profile(file:///Users/manav/Documents/QATest/qa-automation-tests/src/test/java/features/Upgrade/myAccount.feature:6)
Caused by: org.openqa.selenium.NoSuchElementException: no such element: Unable to locate element: {"method":"xpath","selector":"//h1[contains(text(),'Choose Trade Option')]"}
  (Session info: chrome=105.0.5195.125)
For documentation on this error, please visit: https://selenium.dev/exceptions/#no_such_element
Build info: version: '4.4.0', revision: 'e5c75ed026a'
System info: host: 'SF-LAP-412.local', ip: 'fe80:0:0:0:eb:c8fe:5a40:5798%en0', os.name: 'Mac OS X', os.arch: 'aarch64', os.version: '12.6', java.version: '18.0.2.1'
Driver info: org.openqa.selenium.chrome.ChromeDriver
Command: [38093ad5837c636ab125e31bba671e21, findElement {using=xpath, value=//h1[contains(text(),'Choose Trade Option')]}]
Capabilities {acceptInsecureCerts: false, browserName: chrome, browserVersion: 105.0.5195.125, chrome: {chromedriverVersion: 105.0.5195.52 (412c95e51883..., userDataDir: /var/folders/th/f4yf398x0lb...}, goog:chromeOptions: {debuggerAddress: localhost:62200}, networkConnectionEnabled: false, pageLoadStrategy: normal, platformName: MAC, proxy: Proxy(), se:cdp: ws://localhost:62200/devtoo..., se:cdpVersion: 105.0.5195.125, setWindowRect: true, strictFileInteractability: false, timeouts: {implicit: 0, pageLoad: 300000, script: 30000}, unhandledPromptBehavior: dismiss and notify, webauthn:extension:credBlob: true, webauthn:extension:largeBlob: true, webauthn:virtualAuthenticators: true}
Session ID: 38093ad5837c636ab125e31bba671e21
	at java.base/jdk.internal.reflect.DirectConstructorHandleAccessor.newInstance(DirectConstructorHandleAccessor.java:67)
	at java.base/java.lang.reflect.Constructor.newInstanceWithCaller(Constructor.java:499)
	at java.base/java.lang.reflect.Constructor.newInstance(Constructor.java:483)
	at org.openqa.selenium.remote.codec.w3c.W3CHttpResponseCodec.createException(W3CHttpResponseCodec.java:200)
	at org.openqa.selenium.remote.codec.w3c.W3CHttpResponseCodec.decode(W3CHttpResponseCodec.java:133)
	at org.openqa.selenium.remote.codec.w3c.W3CHttpResponseCodec.decode(W3CHttpResponseCodec.java:53)
	at org.openqa.selenium.remote.HttpCommandExecutor.execute(HttpCommandExecutor.java:184)
	at org.openqa.selenium.remote.service.DriverCommandExecutor.invokeExecute(DriverCommandExecutor.java:167)
	at org.openqa.selenium.remote.service.DriverCommandExecutor.execute(DriverCommandExecutor.java:142)
	at org.openqa.selenium.remote.RemoteWebDriver.execute(RemoteWebDriver.java:547)
	at org.openqa.selenium.remote.ElementLocation$ElementFinder$2.findElement(ElementLocation.java:162)
	at org.openqa.selenium.remote.ElementLocation.findElement(ElementLocation.java:60)
	at org.openqa.selenium.remote.RemoteWebDriver.findElement(RemoteWebDriver.java:365)
	at org.openqa.selenium.remote.RemoteWebDriver.findElement(RemoteWebDriver.java:357)
	at org.openqa.selenium.support.pagefactory.DefaultElementLocator.findElement(DefaultElementLocator.java:70)
	at org.openqa.selenium.support.pagefactory.internal.LocatingElementHandler.invoke(LocatingElementHandler.java:39)
	at jdk.proxy2/jdk.proxy2.$Proxy33.isDisplayed(Unknown Source)
	at org.openqa.selenium.support.ui.ExpectedConditions.elementIfVisible(ExpectedConditions.java:307)
	at org.openqa.selenium.support.ui.ExpectedConditions.access$000(ExpectedConditions.java:40)
	at org.openqa.selenium.support.ui.ExpectedConditions$10.apply(ExpectedConditions.java:293)
	at org.openqa.selenium.support.ui.ExpectedConditions$10.apply(ExpectedConditions.java:290)
	at org.openqa.selenium.support.ui.FluentWait.until(FluentWait.java:208)
	at base.GenericFunctions.waitForElementToBeVisible(GenericFunctions.java:33)
	at pageObject.Upgrade_Registration_SignIn_page.verifyChooseTradeOption(Upgrade_Registration_SignIn_page.java:50)
	at stepDef.Upgrade_Registration_SignIn_steps.theUserCreatesAnNewProfileInUP(Upgrade_Registration_SignIn_steps.java:87)
	at java.base/jdk.internal.reflect.DirectMethodHandleAccessor.invoke(DirectMethodHandleAccessor.java:104)
	at java.base/java.lang.reflect.Method.invoke(Method.java:577)
	at io.cucumber.java.Invoker.doInvoke(Invoker.java:66)
	at io.cucumber.java.Invoker.invoke(Invoker.java:24)
	at io.cucumber.java.AbstractGlueDefinition.invokeMethod(AbstractGlueDefinition.java:47)
	at io.cucumber.java.JavaStepDefinition.execute(JavaStepDefinition.java:29)
	at io.cucumber.core.runner.CoreStepDefinition.execute(CoreStepDefinition.java:66)
	at io.cucumber.core.runner.PickleStepDefinitionMatch.runStep(PickleStepDefinitionMatch.java:63)
	at io.cucumber.core.runner.ExecutionMode$1.execute(ExecutionMode.java:10)
	at io.cucumber.core.runner.TestStep.executeStep(TestStep.java:85)
	at io.cucumber.core.runner.TestStep.run(TestStep.java:57)
	at io.cucumber.core.runner.PickleStepTestStep.run(PickleStepTestStep.java:51)
	at io.cucumber.core.runner.TestCase.run(TestCase.java:84)
	at io.cucumber.core.runner.Runner.runPickle(Runner.java:75)
	at io.cucumber.testng.TestNGCucumberRunner.lambda$runScenario$1(TestNGCucumberRunner.java:132)
	at io.cucumber.core.runtime.CucumberExecutionContext.lambda$runTestCase$5(CucumberExecutionContext.java:129)
	at io.cucumber.core.runtime.RethrowingThrowableCollector.executeAndThrow(RethrowingThrowableCollector.java:23)
	at io.cucumber.core.runtime.CucumberExecutionContext.runTestCase(CucumberExecutionContext.java:129)
	at io.cucumber.testng.TestNGCucumberRunner.runScenario(TestNGCucumberRunner.java:129)
	at io.cucumber.testng.AbstractTestNGCucumberTests.runScenario(AbstractTestNGCucumberTests.java:35)
	at java.base/jdk.internal.reflect.DirectMethodHandleAccessor.invoke(DirectMethodHandleAccessor.java:104)
	at java.base/java.lang.reflect.Method.invoke(Method.java:577)
	at org.testng.internal.invokers.MethodInvocationHelper.invokeMethod(MethodInvocationHelper.java:139)
	at org.testng.internal.invokers.TestInvoker.invokeMethod(TestInvoker.java:677)
	at org.testng.internal.invokers.TestInvoker.invokeTestMethod(TestInvoker.java:221)
	at org.testng.internal.invokers.TestMethodWithDataProviderMethodWorker.call(TestMethodWithDataProviderMethodWorker.java:80)
	at org.testng.internal.invokers.TestMethodWithDataProviderMethodWorker.call(TestMethodWithDataProviderMethodWorker.java:17)
	at java.base/java.util.concurrent.FutureTask.run(FutureTask.java:264)
	at java.base/java.util.concurrent.Executors$RunnableAdapter.call(Executors.java:539)
	at java.base/java.util.concurrent.FutureTask.run(FutureTask.java:264)
	at java.base/java.util.concurrent.ThreadPoolExecutor.runWorker(ThreadPoolExecutor.java:1136)
	at java.base/java.util.concurrent.ThreadPoolExecutor$Worker.run(ThreadPoolExecutor.java:635)
	at java.base/java.lang.Thread.run(Thread.java:833)
&amp#27;[0m
  &amp#27;[36mAnd &amp#27;[0m&amp#27;[36mthe Upgrade user clicks on my garage from the hamburger menu&amp#27;[0m                                &amp#27;[90m# stepDef.Upgrade_Appointment_steps.theUserClicksOnMyGarageFromHamburgerMenu()&amp#27;[0m
  &amp#27;[36mAnd &amp#27;[0m&amp#27;[36mthe Upgrade user updates account info without a first name&amp#27;[0m                                  &amp#27;[90m# stepDef.Upgrade_Account_steps.theUpgradeUserUpdatesAccountInfoWithoutAFirstName()&amp#27;[0m
  &amp#27;[36mWhen &amp#27;[0m&amp#27;[36mthe Upgrade user clicks on the Update button under My Account&amp#27;[0m                              &amp#27;[90m# stepDef.Upgrade_Account_steps.theUpgradeUserClicksOnTheUpdateButtonUnderMyAccount()&amp#27;[0m
  &amp#27;[36mThen &amp#27;[0m&amp#27;[36mthe Upgrade user &amp#27;[0m&amp#27;[36m&amp#27;[1m"first name"&amp#27;[0m&amp#27;[36m field should see &amp#27;[0m&amp#27;[36m&amp#27;[1m"First Name is required"&amp#27;[0m                    &amp#27;[90m# stepDef.Upgrade_Account_steps.theUpgradeUserFieldShouldSee(java.lang.String,java.lang.String)&amp#27;[0m

    Embedding Ensure the Upgrade user should not be able to update the account without the first name [image/png 156244 bytes]

]]></system-out>
    <system-err><![CDATA[ChromeDriver was started successfully.
Sep 28, 2022 8:11:50 PM org.openqa.selenium.remote.ProtocolHandshake createSession
INFO: Detected upstream dialect: W3C
Sep 28, 2022 8:11:50 PM org.openqa.selenium.devtools.CdpVersionFinder findNearestMatch
WARNING: Unable to find an exact match for CDP version 105, so returning the closest version found: 104
Sep 28, 2022 8:11:50 PM org.openqa.selenium.devtools.CdpVersionFinder findNearestMatch
INFO: Found CDP implementation for version 105 of 104
]]></system-err>
  </testcase>
  <testcase name="runScenario" classname="RunCucumberTest" time="68.7">
    <failure message="Expected condition failed: waiting for visibility of Proxy element for: DefaultElementLocator &apos;By.xpath: //h1[contains(text(),&apos;Choose Trade Option&apos;)]&apos; (tried for 20 second(s) with 500 milliseconds interval)" type="org.openqa.selenium.TimeoutException">org.openqa.selenium.TimeoutException: Expected condition failed: waiting for visibility of Proxy element for: DefaultElementLocator 'By.xpath: //h1[contains(text(),'Choose Trade Option')]' (tried for 20 second(s) with 500 milliseconds interval)
Caused by: org.openqa.selenium.NoSuchElementException: 
no such element: Unable to locate element: {"method":"xpath","selector":"//h1[contains(text(),'Choose Trade Option')]"}
  (Session info: chrome=105.0.5195.125)
For documentation on this error, please visit: https://selenium.dev/exceptions/#no_such_element
Build info: version: '4.4.0', revision: 'e5c75ed026a'
System info: host: 'SF-LAP-412.local', ip: 'fe80:0:0:0:eb:c8fe:5a40:5798%en0', os.name: 'Mac OS X', os.arch: 'aarch64', os.version: '12.6', java.version: '18.0.2.1'
Driver info: org.openqa.selenium.chrome.ChromeDriver
Command: [bca424f7fb02f21083d737917d051204, findElement {using=xpath, value=//h1[contains(text(),'Choose Trade Option')]}]
Capabilities {acceptInsecureCerts: false, browserName: chrome, browserVersion: 105.0.5195.125, chrome: {chromedriverVersion: 105.0.5195.52 (412c95e51883..., userDataDir: /var/folders/th/f4yf398x0lb...}, goog:chromeOptions: {debuggerAddress: localhost:62537}, networkConnectionEnabled: false, pageLoadStrategy: normal, platformName: MAC, proxy: Proxy(), se:cdp: ws://localhost:62537/devtoo..., se:cdpVersion: 105.0.5195.125, setWindowRect: true, strictFileInteractability: false, timeouts: {implicit: 0, pageLoad: 300000, script: 30000}, unhandledPromptBehavior: dismiss and notify, webauthn:extension:credBlob: true, webauthn:extension:largeBlob: true, webauthn:virtualAuthenticators: true}
Session ID: bca424f7fb02f21083d737917d051204
</failure>
    <system-out><![CDATA[
@UP @UP_garage @myAccount @regression
Scenario: Ensure the Upgrade user should not be able to update the account without a last name &amp#27;[90m# src/test/java/features/Upgrade/myAccount.feature:34&amp#27;[0m
  &amp#27;[32mGiven &amp#27;[0m&amp#27;[32mthe Upgrade user navigates to the homepage&amp#27;[0m                                             &amp#27;[90m# stepDef.Upgrade_Registration_SignIn_steps.theUserNavigatesToTheUpgradeHomePage()&amp#27;[0m
  &amp#27;[32mAnd &amp#27;[0m&amp#27;[32mthe Upgrade user clicks on the &amp#27;[0m&amp#27;[32m&amp#27;[1m"Sign in here"&amp#27;[0m&amp#27;[32m link from the top nav&amp#27;[0m                      &amp#27;[90m# stepDef.Upgrade_Registration_SignIn_steps.theUpgradeUserClicksOnTheLinkFromTheTopNav(java.lang.String)&amp#27;[0m
  &amp#27;[31mAnd &amp#27;[0m&amp#27;[31mthe Upgrade user creates a new profile&amp#27;[0m                                                   &amp#27;[90m# stepDef.Upgrade_Registration_SignIn_steps.theUserCreatesAnNewProfileInUP()&amp#27;[0m
      &amp#27;[31morg.openqa.selenium.TimeoutException: Expected condition failed: waiting for visibility of Proxy element for: DefaultElementLocator 'By.xpath: //h1[contains(text(),'Choose Trade Option')]' (tried for 20 second(s) with 500 milliseconds interval)
	at org.openqa.selenium.support.ui.WebDriverWait.timeoutException(WebDriverWait.java:87)
	at org.openqa.selenium.support.ui.FluentWait.until(FluentWait.java:231)
	at base.GenericFunctions.waitForElementToBeVisible(GenericFunctions.java:33)
	at pageObject.Upgrade_Registration_SignIn_page.verifyChooseTradeOption(Upgrade_Registration_SignIn_page.java:50)
	at stepDef.Upgrade_Registration_SignIn_steps.theUserCreatesAnNewProfileInUP(Upgrade_Registration_SignIn_steps.java:87)
	at ✽.the Upgrade user creates a new profile(file:///Users/manav/Documents/QATest/qa-automation-tests/src/test/java/features/Upgrade/myAccount.feature:6)
Caused by: org.openqa.selenium.NoSuchElementException: no such element: Unable to locate element: {"method":"xpath","selector":"//h1[contains(text(),'Choose Trade Option')]"}
  (Session info: chrome=105.0.5195.125)
For documentation on this error, please visit: https://selenium.dev/exceptions/#no_such_element
Build info: version: '4.4.0', revision: 'e5c75ed026a'
System info: host: 'SF-LAP-412.local', ip: 'fe80:0:0:0:eb:c8fe:5a40:5798%en0', os.name: 'Mac OS X', os.arch: 'aarch64', os.version: '12.6', java.version: '18.0.2.1'
Driver info: org.openqa.selenium.chrome.ChromeDriver
Command: [bca424f7fb02f21083d737917d051204, findElement {using=xpath, value=//h1[contains(text(),'Choose Trade Option')]}]
Capabilities {acceptInsecureCerts: false, browserName: chrome, browserVersion: 105.0.5195.125, chrome: {chromedriverVersion: 105.0.5195.52 (412c95e51883..., userDataDir: /var/folders/th/f4yf398x0lb...}, goog:chromeOptions: {debuggerAddress: localhost:62537}, networkConnectionEnabled: false, pageLoadStrategy: normal, platformName: MAC, proxy: Proxy(), se:cdp: ws://localhost:62537/devtoo..., se:cdpVersion: 105.0.5195.125, setWindowRect: true, strictFileInteractability: false, timeouts: {implicit: 0, pageLoad: 300000, script: 30000}, unhandledPromptBehavior: dismiss and notify, webauthn:extension:credBlob: true, webauthn:extension:largeBlob: true, webauthn:virtualAuthenticators: true}
Session ID: bca424f7fb02f21083d737917d051204
	at java.base/jdk.internal.reflect.DirectConstructorHandleAccessor.newInstance(DirectConstructorHandleAccessor.java:67)
	at java.base/java.lang.reflect.Constructor.newInstanceWithCaller(Constructor.java:499)
	at java.base/java.lang.reflect.Constructor.newInstance(Constructor.java:483)
	at org.openqa.selenium.remote.codec.w3c.W3CHttpResponseCodec.createException(W3CHttpResponseCodec.java:200)
	at org.openqa.selenium.remote.codec.w3c.W3CHttpResponseCodec.decode(W3CHttpResponseCodec.java:133)
	at org.openqa.selenium.remote.codec.w3c.W3CHttpResponseCodec.decode(W3CHttpResponseCodec.java:53)
	at org.openqa.selenium.remote.HttpCommandExecutor.execute(HttpCommandExecutor.java:184)
	at org.openqa.selenium.remote.service.DriverCommandExecutor.invokeExecute(DriverCommandExecutor.java:167)
	at org.openqa.selenium.remote.service.DriverCommandExecutor.execute(DriverCommandExecutor.java:142)
	at org.openqa.selenium.remote.RemoteWebDriver.execute(RemoteWebDriver.java:547)
	at org.openqa.selenium.remote.ElementLocation$ElementFinder$2.findElement(ElementLocation.java:162)
	at org.openqa.selenium.remote.ElementLocation.findElement(ElementLocation.java:60)
	at org.openqa.selenium.remote.RemoteWebDriver.findElement(RemoteWebDriver.java:365)
	at org.openqa.selenium.remote.RemoteWebDriver.findElement(RemoteWebDriver.java:357)
	at org.openqa.selenium.support.pagefactory.DefaultElementLocator.findElement(DefaultElementLocator.java:70)
	at org.openqa.selenium.support.pagefactory.internal.LocatingElementHandler.invoke(LocatingElementHandler.java:39)
	at jdk.proxy2/jdk.proxy2.$Proxy33.isDisplayed(Unknown Source)
	at org.openqa.selenium.support.ui.ExpectedConditions.elementIfVisible(ExpectedConditions.java:307)
	at org.openqa.selenium.support.ui.ExpectedConditions.access$000(ExpectedConditions.java:40)
	at org.openqa.selenium.support.ui.ExpectedConditions$10.apply(ExpectedConditions.java:293)
	at org.openqa.selenium.support.ui.ExpectedConditions$10.apply(ExpectedConditions.java:290)
	at org.openqa.selenium.support.ui.FluentWait.until(FluentWait.java:208)
	at base.GenericFunctions.waitForElementToBeVisible(GenericFunctions.java:33)
	at pageObject.Upgrade_Registration_SignIn_page.verifyChooseTradeOption(Upgrade_Registration_SignIn_page.java:50)
	at stepDef.Upgrade_Registration_SignIn_steps.theUserCreatesAnNewProfileInUP(Upgrade_Registration_SignIn_steps.java:87)
	at java.base/jdk.internal.reflect.DirectMethodHandleAccessor.invoke(DirectMethodHandleAccessor.java:104)
	at java.base/java.lang.reflect.Method.invoke(Method.java:577)
	at io.cucumber.java.Invoker.doInvoke(Invoker.java:66)
	at io.cucumber.java.Invoker.invoke(Invoker.java:24)
	at io.cucumber.java.AbstractGlueDefinition.invokeMethod(AbstractGlueDefinition.java:47)
	at io.cucumber.java.JavaStepDefinition.execute(JavaStepDefinition.java:29)
	at io.cucumber.core.runner.CoreStepDefinition.execute(CoreStepDefinition.java:66)
	at io.cucumber.core.runner.PickleStepDefinitionMatch.runStep(PickleStepDefinitionMatch.java:63)
	at io.cucumber.core.runner.ExecutionMode$1.execute(ExecutionMode.java:10)
	at io.cucumber.core.runner.TestStep.executeStep(TestStep.java:85)
	at io.cucumber.core.runner.TestStep.run(TestStep.java:57)
	at io.cucumber.core.runner.PickleStepTestStep.run(PickleStepTestStep.java:51)
	at io.cucumber.core.runner.TestCase.run(TestCase.java:84)
	at io.cucumber.core.runner.Runner.runPickle(Runner.java:75)
	at io.cucumber.testng.TestNGCucumberRunner.lambda$runScenario$1(TestNGCucumberRunner.java:132)
	at io.cucumber.core.runtime.CucumberExecutionContext.lambda$runTestCase$5(CucumberExecutionContext.java:129)
	at io.cucumber.core.runtime.RethrowingThrowableCollector.executeAndThrow(RethrowingThrowableCollector.java:23)
	at io.cucumber.core.runtime.CucumberExecutionContext.runTestCase(CucumberExecutionContext.java:129)
	at io.cucumber.testng.TestNGCucumberRunner.runScenario(TestNGCucumberRunner.java:129)
	at io.cucumber.testng.AbstractTestNGCucumberTests.runScenario(AbstractTestNGCucumberTests.java:35)
	at java.base/jdk.internal.reflect.DirectMethodHandleAccessor.invoke(DirectMethodHandleAccessor.java:104)
	at java.base/java.lang.reflect.Method.invoke(Method.java:577)
	at org.testng.internal.invokers.MethodInvocationHelper.invokeMethod(MethodInvocationHelper.java:139)
	at org.testng.internal.invokers.TestInvoker.invokeMethod(TestInvoker.java:677)
	at org.testng.internal.invokers.TestInvoker.invokeTestMethod(TestInvoker.java:221)
	at org.testng.internal.invokers.TestMethodWithDataProviderMethodWorker.call(TestMethodWithDataProviderMethodWorker.java:80)
	at org.testng.internal.invokers.TestMethodWithDataProviderMethodWorker.call(TestMethodWithDataProviderMethodWorker.java:17)
	at java.base/java.util.concurrent.FutureTask.run(FutureTask.java:264)
	at java.base/java.util.concurrent.Executors$RunnableAdapter.call(Executors.java:539)
	at java.base/java.util.concurrent.FutureTask.run(FutureTask.java:264)
	at java.base/java.util.concurrent.ThreadPoolExecutor.runWorker(ThreadPoolExecutor.java:1136)
	at java.base/java.util.concurrent.ThreadPoolExecutor$Worker.run(ThreadPoolExecutor.java:635)
	at java.base/java.lang.Thread.run(Thread.java:833)
&amp#27;[0m
  &amp#27;[36mAnd &amp#27;[0m&amp#27;[36mthe Upgrade user clicks on my garage from the hamburger menu&amp#27;[0m                             &amp#27;[90m# stepDef.Upgrade_Appointment_steps.theUserClicksOnMyGarageFromHamburgerMenu()&amp#27;[0m
  &amp#27;[36mAnd &amp#27;[0m&amp#27;[36mthe Upgrade user updates account info without last name&amp#27;[0m                                  &amp#27;[90m# stepDef.Upgrade_Account_steps.theUpgradeUserUpdatesAccountInfoWithoutLastName()&amp#27;[0m
  &amp#27;[36mWhen &amp#27;[0m&amp#27;[36mthe Upgrade user clicks on the Update button under My Account&amp#27;[0m                           &amp#27;[90m# stepDef.Upgrade_Account_steps.theUpgradeUserClicksOnTheUpdateButtonUnderMyAccount()&amp#27;[0m
  &amp#27;[36mThen &amp#27;[0m&amp#27;[36mthe Upgrade user &amp#27;[0m&amp#27;[36m&amp#27;[1m"last name"&amp#27;[0m&amp#27;[36m field should see &amp#27;[0m&amp#27;[36m&amp#27;[1m"Last Name is required"&amp#27;[0m                   &amp#27;[90m# stepDef.Upgrade_Account_steps.theUpgradeUserFieldShouldSee(java.lang.String,java.lang.String)&amp#27;[0m

    Embedding Ensure the Upgrade user should not be able to update the account without a last name [image/png 156244 bytes]

]]></system-out>
    <system-err><![CDATA[ChromeDriver was started successfully.
Sep 28, 2022 8:12:58 PM org.openqa.selenium.remote.ProtocolHandshake createSession
INFO: Detected upstream dialect: W3C
Sep 28, 2022 8:12:58 PM org.openqa.selenium.devtools.CdpVersionFinder findNearestMatch
WARNING: Unable to find an exact match for CDP version 105, so returning the closest version found: 104
Sep 28, 2022 8:12:58 PM org.openqa.selenium.devtools.CdpVersionFinder findNearestMatch
INFO: Found CDP implementation for version 105 of 104
]]></system-err>
  </testcase>
  <testcase name="runScenario" classname="RunCucumberTest" time="69.105">
    <failure message="Expected condition failed: waiting for visibility of Proxy element for: DefaultElementLocator &apos;By.xpath: //h1[contains(text(),&apos;Choose Trade Option&apos;)]&apos; (tried for 20 second(s) with 500 milliseconds interval)" type="org.openqa.selenium.TimeoutException">org.openqa.selenium.TimeoutException: Expected condition failed: waiting for visibility of Proxy element for: DefaultElementLocator 'By.xpath: //h1[contains(text(),'Choose Trade Option')]' (tried for 20 second(s) with 500 milliseconds interval)
Caused by: org.openqa.selenium.NoSuchElementException: 
no such element: Unable to locate element: {"method":"xpath","selector":"//h1[contains(text(),'Choose Trade Option')]"}
  (Session info: chrome=105.0.5195.125)
For documentation on this error, please visit: https://selenium.dev/exceptions/#no_such_element
Build info: version: '4.4.0', revision: 'e5c75ed026a'
System info: host: 'SF-LAP-412.local', ip: 'fe80:0:0:0:eb:c8fe:5a40:5798%en0', os.name: 'Mac OS X', os.arch: 'aarch64', os.version: '12.6', java.version: '18.0.2.1'
Driver info: org.openqa.selenium.chrome.ChromeDriver
Command: [27b9b10357789670a2244feb42d743c6, findElement {using=xpath, value=//h1[contains(text(),'Choose Trade Option')]}]
Capabilities {acceptInsecureCerts: false, browserName: chrome, browserVersion: 105.0.5195.125, chrome: {chromedriverVersion: 105.0.5195.52 (412c95e51883..., userDataDir: /var/folders/th/f4yf398x0lb...}, goog:chromeOptions: {debuggerAddress: localhost:62871}, networkConnectionEnabled: false, pageLoadStrategy: normal, platformName: MAC, proxy: Proxy(), se:cdp: ws://localhost:62871/devtoo..., se:cdpVersion: 105.0.5195.125, setWindowRect: true, strictFileInteractability: false, timeouts: {implicit: 0, pageLoad: 300000, script: 30000}, unhandledPromptBehavior: dismiss and notify, webauthn:extension:credBlob: true, webauthn:extension:largeBlob: true, webauthn:virtualAuthenticators: true}
Session ID: 27b9b10357789670a2244feb42d743c6
</failure>
    <system-out><![CDATA[
@UP @UP_garage @myAccount @regression
Scenario: Ensure the Upgrade user should not be able to update the account without a phone &amp#27;[90m# src/test/java/features/Upgrade/myAccount.feature:40&amp#27;[0m
  &amp#27;[32mGiven &amp#27;[0m&amp#27;[32mthe Upgrade user navigates to the homepage&amp#27;[0m                                         &amp#27;[90m# stepDef.Upgrade_Registration_SignIn_steps.theUserNavigatesToTheUpgradeHomePage()&amp#27;[0m
  &amp#27;[32mAnd &amp#27;[0m&amp#27;[32mthe Upgrade user clicks on the &amp#27;[0m&amp#27;[32m&amp#27;[1m"Sign in here"&amp#27;[0m&amp#27;[32m link from the top nav&amp#27;[0m                  &amp#27;[90m# stepDef.Upgrade_Registration_SignIn_steps.theUpgradeUserClicksOnTheLinkFromTheTopNav(java.lang.String)&amp#27;[0m
  &amp#27;[31mAnd &amp#27;[0m&amp#27;[31mthe Upgrade user creates a new profile&amp#27;[0m                                               &amp#27;[90m# stepDef.Upgrade_Registration_SignIn_steps.theUserCreatesAnNewProfileInUP()&amp#27;[0m
      &amp#27;[31morg.openqa.selenium.TimeoutException: Expected condition failed: waiting for visibility of Proxy element for: DefaultElementLocator 'By.xpath: //h1[contains(text(),'Choose Trade Option')]' (tried for 20 second(s) with 500 milliseconds interval)
	at org.openqa.selenium.support.ui.WebDriverWait.timeoutException(WebDriverWait.java:87)
	at org.openqa.selenium.support.ui.FluentWait.until(FluentWait.java:231)
	at base.GenericFunctions.waitForElementToBeVisible(GenericFunctions.java:33)
	at pageObject.Upgrade_Registration_SignIn_page.verifyChooseTradeOption(Upgrade_Registration_SignIn_page.java:50)
	at stepDef.Upgrade_Registration_SignIn_steps.theUserCreatesAnNewProfileInUP(Upgrade_Registration_SignIn_steps.java:87)
	at ✽.the Upgrade user creates a new profile(file:///Users/manav/Documents/QATest/qa-automation-tests/src/test/java/features/Upgrade/myAccount.feature:6)
Caused by: org.openqa.selenium.NoSuchElementException: no such element: Unable to locate element: {"method":"xpath","selector":"//h1[contains(text(),'Choose Trade Option')]"}
  (Session info: chrome=105.0.5195.125)
For documentation on this error, please visit: https://selenium.dev/exceptions/#no_such_element
Build info: version: '4.4.0', revision: 'e5c75ed026a'
System info: host: 'SF-LAP-412.local', ip: 'fe80:0:0:0:eb:c8fe:5a40:5798%en0', os.name: 'Mac OS X', os.arch: 'aarch64', os.version: '12.6', java.version: '18.0.2.1'
Driver info: org.openqa.selenium.chrome.ChromeDriver
Command: [27b9b10357789670a2244feb42d743c6, findElement {using=xpath, value=//h1[contains(text(),'Choose Trade Option')]}]
Capabilities {acceptInsecureCerts: false, browserName: chrome, browserVersion: 105.0.5195.125, chrome: {chromedriverVersion: 105.0.5195.52 (412c95e51883..., userDataDir: /var/folders/th/f4yf398x0lb...}, goog:chromeOptions: {debuggerAddress: localhost:62871}, networkConnectionEnabled: false, pageLoadStrategy: normal, platformName: MAC, proxy: Proxy(), se:cdp: ws://localhost:62871/devtoo..., se:cdpVersion: 105.0.5195.125, setWindowRect: true, strictFileInteractability: false, timeouts: {implicit: 0, pageLoad: 300000, script: 30000}, unhandledPromptBehavior: dismiss and notify, webauthn:extension:credBlob: true, webauthn:extension:largeBlob: true, webauthn:virtualAuthenticators: true}
Session ID: 27b9b10357789670a2244feb42d743c6
	at java.base/jdk.internal.reflect.DirectConstructorHandleAccessor.newInstance(DirectConstructorHandleAccessor.java:67)
	at java.base/java.lang.reflect.Constructor.newInstanceWithCaller(Constructor.java:499)
	at java.base/java.lang.reflect.Constructor.newInstance(Constructor.java:483)
	at org.openqa.selenium.remote.codec.w3c.W3CHttpResponseCodec.createException(W3CHttpResponseCodec.java:200)
	at org.openqa.selenium.remote.codec.w3c.W3CHttpResponseCodec.decode(W3CHttpResponseCodec.java:133)
	at org.openqa.selenium.remote.codec.w3c.W3CHttpResponseCodec.decode(W3CHttpResponseCodec.java:53)
	at org.openqa.selenium.remote.HttpCommandExecutor.execute(HttpCommandExecutor.java:184)
	at org.openqa.selenium.remote.service.DriverCommandExecutor.invokeExecute(DriverCommandExecutor.java:167)
	at org.openqa.selenium.remote.service.DriverCommandExecutor.execute(DriverCommandExecutor.java:142)
	at org.openqa.selenium.remote.RemoteWebDriver.execute(RemoteWebDriver.java:547)
	at org.openqa.selenium.remote.ElementLocation$ElementFinder$2.findElement(ElementLocation.java:162)
	at org.openqa.selenium.remote.ElementLocation.findElement(ElementLocation.java:60)
	at org.openqa.selenium.remote.RemoteWebDriver.findElement(RemoteWebDriver.java:365)
	at org.openqa.selenium.remote.RemoteWebDriver.findElement(RemoteWebDriver.java:357)
	at org.openqa.selenium.support.pagefactory.DefaultElementLocator.findElement(DefaultElementLocator.java:70)
	at org.openqa.selenium.support.pagefactory.internal.LocatingElementHandler.invoke(LocatingElementHandler.java:39)
	at jdk.proxy2/jdk.proxy2.$Proxy33.isDisplayed(Unknown Source)
	at org.openqa.selenium.support.ui.ExpectedConditions.elementIfVisible(ExpectedConditions.java:307)
	at org.openqa.selenium.support.ui.ExpectedConditions.access$000(ExpectedConditions.java:40)
	at org.openqa.selenium.support.ui.ExpectedConditions$10.apply(ExpectedConditions.java:293)
	at org.openqa.selenium.support.ui.ExpectedConditions$10.apply(ExpectedConditions.java:290)
	at org.openqa.selenium.support.ui.FluentWait.until(FluentWait.java:208)
	at base.GenericFunctions.waitForElementToBeVisible(GenericFunctions.java:33)
	at pageObject.Upgrade_Registration_SignIn_page.verifyChooseTradeOption(Upgrade_Registration_SignIn_page.java:50)
	at stepDef.Upgrade_Registration_SignIn_steps.theUserCreatesAnNewProfileInUP(Upgrade_Registration_SignIn_steps.java:87)
	at java.base/jdk.internal.reflect.DirectMethodHandleAccessor.invoke(DirectMethodHandleAccessor.java:104)
	at java.base/java.lang.reflect.Method.invoke(Method.java:577)
	at io.cucumber.java.Invoker.doInvoke(Invoker.java:66)
	at io.cucumber.java.Invoker.invoke(Invoker.java:24)
	at io.cucumber.java.AbstractGlueDefinition.invokeMethod(AbstractGlueDefinition.java:47)
	at io.cucumber.java.JavaStepDefinition.execute(JavaStepDefinition.java:29)
	at io.cucumber.core.runner.CoreStepDefinition.execute(CoreStepDefinition.java:66)
	at io.cucumber.core.runner.PickleStepDefinitionMatch.runStep(PickleStepDefinitionMatch.java:63)
	at io.cucumber.core.runner.ExecutionMode$1.execute(ExecutionMode.java:10)
	at io.cucumber.core.runner.TestStep.executeStep(TestStep.java:85)
	at io.cucumber.core.runner.TestStep.run(TestStep.java:57)
	at io.cucumber.core.runner.PickleStepTestStep.run(PickleStepTestStep.java:51)
	at io.cucumber.core.runner.TestCase.run(TestCase.java:84)
	at io.cucumber.core.runner.Runner.runPickle(Runner.java:75)
	at io.cucumber.testng.TestNGCucumberRunner.lambda$runScenario$1(TestNGCucumberRunner.java:132)
	at io.cucumber.core.runtime.CucumberExecutionContext.lambda$runTestCase$5(CucumberExecutionContext.java:129)
	at io.cucumber.core.runtime.RethrowingThrowableCollector.executeAndThrow(RethrowingThrowableCollector.java:23)
	at io.cucumber.core.runtime.CucumberExecutionContext.runTestCase(CucumberExecutionContext.java:129)
	at io.cucumber.testng.TestNGCucumberRunner.runScenario(TestNGCucumberRunner.java:129)
	at io.cucumber.testng.AbstractTestNGCucumberTests.runScenario(AbstractTestNGCucumberTests.java:35)
	at java.base/jdk.internal.reflect.DirectMethodHandleAccessor.invoke(DirectMethodHandleAccessor.java:104)
	at java.base/java.lang.reflect.Method.invoke(Method.java:577)
	at org.testng.internal.invokers.MethodInvocationHelper.invokeMethod(MethodInvocationHelper.java:139)
	at org.testng.internal.invokers.TestInvoker.invokeMethod(TestInvoker.java:677)
	at org.testng.internal.invokers.TestInvoker.invokeTestMethod(TestInvoker.java:221)
	at org.testng.internal.invokers.TestMethodWithDataProviderMethodWorker.call(TestMethodWithDataProviderMethodWorker.java:80)
	at org.testng.internal.invokers.TestMethodWithDataProviderMethodWorker.call(TestMethodWithDataProviderMethodWorker.java:17)
	at java.base/java.util.concurrent.FutureTask.run(FutureTask.java:264)
	at java.base/java.util.concurrent.Executors$RunnableAdapter.call(Executors.java:539)
	at java.base/java.util.concurrent.FutureTask.run(FutureTask.java:264)
	at java.base/java.util.concurrent.ThreadPoolExecutor.runWorker(ThreadPoolExecutor.java:1136)
	at java.base/java.util.concurrent.ThreadPoolExecutor$Worker.run(ThreadPoolExecutor.java:635)
	at java.base/java.lang.Thread.run(Thread.java:833)
&amp#27;[0m
  &amp#27;[36mAnd &amp#27;[0m&amp#27;[36mthe Upgrade user clicks on my garage from the hamburger menu&amp#27;[0m                         &amp#27;[90m# stepDef.Upgrade_Appointment_steps.theUserClicksOnMyGarageFromHamburgerMenu()&amp#27;[0m
  &amp#27;[36mAnd &amp#27;[0m&amp#27;[36mthe Upgrade user updates account info without phone&amp#27;[0m                                  &amp#27;[90m# stepDef.Upgrade_Account_steps.theUpgradeUserUpdatesAccountInfoWithoutPhone()&amp#27;[0m
  &amp#27;[36mWhen &amp#27;[0m&amp#27;[36mthe Upgrade user clicks on the Update button under My Account&amp#27;[0m                       &amp#27;[90m# stepDef.Upgrade_Account_steps.theUpgradeUserClicksOnTheUpdateButtonUnderMyAccount()&amp#27;[0m
  &amp#27;[36mThen &amp#27;[0m&amp#27;[36mthe Upgrade user &amp#27;[0m&amp#27;[36m&amp#27;[1m"phone"&amp#27;[0m&amp#27;[36m field should see &amp#27;[0m&amp#27;[36m&amp#27;[1m"Phone Number is required"&amp#27;[0m                &amp#27;[90m# stepDef.Upgrade_Account_steps.theUpgradeUserFieldShouldSee(java.lang.String,java.lang.String)&amp#27;[0m

    Embedding Ensure the Upgrade user should not be able to update the account without a phone [image/png 156244 bytes]

]]></system-out>
    <system-err><![CDATA[ChromeDriver was started successfully.
Sep 28, 2022 8:14:07 PM org.openqa.selenium.remote.ProtocolHandshake createSession
INFO: Detected upstream dialect: W3C
Sep 28, 2022 8:14:07 PM org.openqa.selenium.devtools.CdpVersionFinder findNearestMatch
WARNING: Unable to find an exact match for CDP version 105, so returning the closest version found: 104
Sep 28, 2022 8:14:07 PM org.openqa.selenium.devtools.CdpVersionFinder findNearestMatch
INFO: Found CDP implementation for version 105 of 104
]]></system-err>
  </testcase>
  <testcase name="runScenario" classname="RunCucumberTest" time="70.009">
    <failure message="Expected condition failed: waiting for visibility of Proxy element for: DefaultElementLocator &apos;By.xpath: //h1[contains(text(),&apos;Choose Trade Option&apos;)]&apos; (tried for 20 second(s) with 500 milliseconds interval)" type="org.openqa.selenium.TimeoutException">org.openqa.selenium.TimeoutException: Expected condition failed: waiting for visibility of Proxy element for: DefaultElementLocator 'By.xpath: //h1[contains(text(),'Choose Trade Option')]' (tried for 20 second(s) with 500 milliseconds interval)
Caused by: org.openqa.selenium.NoSuchElementException: 
no such element: Unable to locate element: {"method":"xpath","selector":"//h1[contains(text(),'Choose Trade Option')]"}
  (Session info: chrome=105.0.5195.125)
For documentation on this error, please visit: https://selenium.dev/exceptions/#no_such_element
Build info: version: '4.4.0', revision: 'e5c75ed026a'
System info: host: 'SF-LAP-412.local', ip: 'fe80:0:0:0:eb:c8fe:5a40:5798%en0', os.name: 'Mac OS X', os.arch: 'aarch64', os.version: '12.6', java.version: '18.0.2.1'
Driver info: org.openqa.selenium.chrome.ChromeDriver
Command: [64b63b5adfd0f6f7e456ce0297348ca1, findElement {using=xpath, value=//h1[contains(text(),'Choose Trade Option')]}]
Capabilities {acceptInsecureCerts: false, browserName: chrome, browserVersion: 105.0.5195.125, chrome: {chromedriverVersion: 105.0.5195.52 (412c95e51883..., userDataDir: /var/folders/th/f4yf398x0lb...}, goog:chromeOptions: {debuggerAddress: localhost:63202}, networkConnectionEnabled: false, pageLoadStrategy: normal, platformName: MAC, proxy: Proxy(), se:cdp: ws://localhost:63202/devtoo..., se:cdpVersion: 105.0.5195.125, setWindowRect: true, strictFileInteractability: false, timeouts: {implicit: 0, pageLoad: 300000, script: 30000}, unhandledPromptBehavior: dismiss and notify, webauthn:extension:credBlob: true, webauthn:extension:largeBlob: true, webauthn:virtualAuthenticators: true}
Session ID: 64b63b5adfd0f6f7e456ce0297348ca1
</failure>
    <system-out><![CDATA[
@UP @UP_garage @myAccount @regression
Scenario: Ensure the Upgrade user should not able to update the account without email &amp#27;[90m# src/test/java/features/Upgrade/myAccount.feature:46&amp#27;[0m
  &amp#27;[32mGiven &amp#27;[0m&amp#27;[32mthe Upgrade user navigates to the homepage&amp#27;[0m                                    &amp#27;[90m# stepDef.Upgrade_Registration_SignIn_steps.theUserNavigatesToTheUpgradeHomePage()&amp#27;[0m
  &amp#27;[32mAnd &amp#27;[0m&amp#27;[32mthe Upgrade user clicks on the &amp#27;[0m&amp#27;[32m&amp#27;[1m"Sign in here"&amp#27;[0m&amp#27;[32m link from the top nav&amp#27;[0m             &amp#27;[90m# stepDef.Upgrade_Registration_SignIn_steps.theUpgradeUserClicksOnTheLinkFromTheTopNav(java.lang.String)&amp#27;[0m
  &amp#27;[31mAnd &amp#27;[0m&amp#27;[31mthe Upgrade user creates a new profile&amp#27;[0m                                          &amp#27;[90m# stepDef.Upgrade_Registration_SignIn_steps.theUserCreatesAnNewProfileInUP()&amp#27;[0m
      &amp#27;[31morg.openqa.selenium.TimeoutException: Expected condition failed: waiting for visibility of Proxy element for: DefaultElementLocator 'By.xpath: //h1[contains(text(),'Choose Trade Option')]' (tried for 20 second(s) with 500 milliseconds interval)
	at org.openqa.selenium.support.ui.WebDriverWait.timeoutException(WebDriverWait.java:87)
	at org.openqa.selenium.support.ui.FluentWait.until(FluentWait.java:231)
	at base.GenericFunctions.waitForElementToBeVisible(GenericFunctions.java:33)
	at pageObject.Upgrade_Registration_SignIn_page.verifyChooseTradeOption(Upgrade_Registration_SignIn_page.java:50)
	at stepDef.Upgrade_Registration_SignIn_steps.theUserCreatesAnNewProfileInUP(Upgrade_Registration_SignIn_steps.java:87)
	at ✽.the Upgrade user creates a new profile(file:///Users/manav/Documents/QATest/qa-automation-tests/src/test/java/features/Upgrade/myAccount.feature:6)
Caused by: org.openqa.selenium.NoSuchElementException: no such element: Unable to locate element: {"method":"xpath","selector":"//h1[contains(text(),'Choose Trade Option')]"}
  (Session info: chrome=105.0.5195.125)
For documentation on this error, please visit: https://selenium.dev/exceptions/#no_such_element
Build info: version: '4.4.0', revision: 'e5c75ed026a'
System info: host: 'SF-LAP-412.local', ip: 'fe80:0:0:0:eb:c8fe:5a40:5798%en0', os.name: 'Mac OS X', os.arch: 'aarch64', os.version: '12.6', java.version: '18.0.2.1'
Driver info: org.openqa.selenium.chrome.ChromeDriver
Command: [64b63b5adfd0f6f7e456ce0297348ca1, findElement {using=xpath, value=//h1[contains(text(),'Choose Trade Option')]}]
Capabilities {acceptInsecureCerts: false, browserName: chrome, browserVersion: 105.0.5195.125, chrome: {chromedriverVersion: 105.0.5195.52 (412c95e51883..., userDataDir: /var/folders/th/f4yf398x0lb...}, goog:chromeOptions: {debuggerAddress: localhost:63202}, networkConnectionEnabled: false, pageLoadStrategy: normal, platformName: MAC, proxy: Proxy(), se:cdp: ws://localhost:63202/devtoo..., se:cdpVersion: 105.0.5195.125, setWindowRect: true, strictFileInteractability: false, timeouts: {implicit: 0, pageLoad: 300000, script: 30000}, unhandledPromptBehavior: dismiss and notify, webauthn:extension:credBlob: true, webauthn:extension:largeBlob: true, webauthn:virtualAuthenticators: true}
Session ID: 64b63b5adfd0f6f7e456ce0297348ca1
	at java.base/jdk.internal.reflect.DirectConstructorHandleAccessor.newInstance(DirectConstructorHandleAccessor.java:67)
	at java.base/java.lang.reflect.Constructor.newInstanceWithCaller(Constructor.java:499)
	at java.base/java.lang.reflect.Constructor.newInstance(Constructor.java:483)
	at org.openqa.selenium.remote.codec.w3c.W3CHttpResponseCodec.createException(W3CHttpResponseCodec.java:200)
	at org.openqa.selenium.remote.codec.w3c.W3CHttpResponseCodec.decode(W3CHttpResponseCodec.java:133)
	at org.openqa.selenium.remote.codec.w3c.W3CHttpResponseCodec.decode(W3CHttpResponseCodec.java:53)
	at org.openqa.selenium.remote.HttpCommandExecutor.execute(HttpCommandExecutor.java:184)
	at org.openqa.selenium.remote.service.DriverCommandExecutor.invokeExecute(DriverCommandExecutor.java:167)
	at org.openqa.selenium.remote.service.DriverCommandExecutor.execute(DriverCommandExecutor.java:142)
	at org.openqa.selenium.remote.RemoteWebDriver.execute(RemoteWebDriver.java:547)
	at org.openqa.selenium.remote.ElementLocation$ElementFinder$2.findElement(ElementLocation.java:162)
	at org.openqa.selenium.remote.ElementLocation.findElement(ElementLocation.java:60)
	at org.openqa.selenium.remote.RemoteWebDriver.findElement(RemoteWebDriver.java:365)
	at org.openqa.selenium.remote.RemoteWebDriver.findElement(RemoteWebDriver.java:357)
	at org.openqa.selenium.support.pagefactory.DefaultElementLocator.findElement(DefaultElementLocator.java:70)
	at org.openqa.selenium.support.pagefactory.internal.LocatingElementHandler.invoke(LocatingElementHandler.java:39)
	at jdk.proxy2/jdk.proxy2.$Proxy33.isDisplayed(Unknown Source)
	at org.openqa.selenium.support.ui.ExpectedConditions.elementIfVisible(ExpectedConditions.java:307)
	at org.openqa.selenium.support.ui.ExpectedConditions.access$000(ExpectedConditions.java:40)
	at org.openqa.selenium.support.ui.ExpectedConditions$10.apply(ExpectedConditions.java:293)
	at org.openqa.selenium.support.ui.ExpectedConditions$10.apply(ExpectedConditions.java:290)
	at org.openqa.selenium.support.ui.FluentWait.until(FluentWait.java:208)
	at base.GenericFunctions.waitForElementToBeVisible(GenericFunctions.java:33)
	at pageObject.Upgrade_Registration_SignIn_page.verifyChooseTradeOption(Upgrade_Registration_SignIn_page.java:50)
	at stepDef.Upgrade_Registration_SignIn_steps.theUserCreatesAnNewProfileInUP(Upgrade_Registration_SignIn_steps.java:87)
	at java.base/jdk.internal.reflect.DirectMethodHandleAccessor.invoke(DirectMethodHandleAccessor.java:104)
	at java.base/java.lang.reflect.Method.invoke(Method.java:577)
	at io.cucumber.java.Invoker.doInvoke(Invoker.java:66)
	at io.cucumber.java.Invoker.invoke(Invoker.java:24)
	at io.cucumber.java.AbstractGlueDefinition.invokeMethod(AbstractGlueDefinition.java:47)
	at io.cucumber.java.JavaStepDefinition.execute(JavaStepDefinition.java:29)
	at io.cucumber.core.runner.CoreStepDefinition.execute(CoreStepDefinition.java:66)
	at io.cucumber.core.runner.PickleStepDefinitionMatch.runStep(PickleStepDefinitionMatch.java:63)
	at io.cucumber.core.runner.ExecutionMode$1.execute(ExecutionMode.java:10)
	at io.cucumber.core.runner.TestStep.executeStep(TestStep.java:85)
	at io.cucumber.core.runner.TestStep.run(TestStep.java:57)
	at io.cucumber.core.runner.PickleStepTestStep.run(PickleStepTestStep.java:51)
	at io.cucumber.core.runner.TestCase.run(TestCase.java:84)
	at io.cucumber.core.runner.Runner.runPickle(Runner.java:75)
	at io.cucumber.testng.TestNGCucumberRunner.lambda$runScenario$1(TestNGCucumberRunner.java:132)
	at io.cucumber.core.runtime.CucumberExecutionContext.lambda$runTestCase$5(CucumberExecutionContext.java:129)
	at io.cucumber.core.runtime.RethrowingThrowableCollector.executeAndThrow(RethrowingThrowableCollector.java:23)
	at io.cucumber.core.runtime.CucumberExecutionContext.runTestCase(CucumberExecutionContext.java:129)
	at io.cucumber.testng.TestNGCucumberRunner.runScenario(TestNGCucumberRunner.java:129)
	at io.cucumber.testng.AbstractTestNGCucumberTests.runScenario(AbstractTestNGCucumberTests.java:35)
	at java.base/jdk.internal.reflect.DirectMethodHandleAccessor.invoke(DirectMethodHandleAccessor.java:104)
	at java.base/java.lang.reflect.Method.invoke(Method.java:577)
	at org.testng.internal.invokers.MethodInvocationHelper.invokeMethod(MethodInvocationHelper.java:139)
	at org.testng.internal.invokers.TestInvoker.invokeMethod(TestInvoker.java:677)
	at org.testng.internal.invokers.TestInvoker.invokeTestMethod(TestInvoker.java:221)
	at org.testng.internal.invokers.TestMethodWithDataProviderMethodWorker.call(TestMethodWithDataProviderMethodWorker.java:80)
	at org.testng.internal.invokers.TestMethodWithDataProviderMethodWorker.call(TestMethodWithDataProviderMethodWorker.java:17)
	at java.base/java.util.concurrent.FutureTask.run(FutureTask.java:264)
	at java.base/java.util.concurrent.Executors$RunnableAdapter.call(Executors.java:539)
	at java.base/java.util.concurrent.FutureTask.run(FutureTask.java:264)
	at java.base/java.util.concurrent.ThreadPoolExecutor.runWorker(ThreadPoolExecutor.java:1136)
	at java.base/java.util.concurrent.ThreadPoolExecutor$Worker.run(ThreadPoolExecutor.java:635)
	at java.base/java.lang.Thread.run(Thread.java:833)
&amp#27;[0m
  &amp#27;[36mAnd &amp#27;[0m&amp#27;[36mthe Upgrade user clicks on my garage from the hamburger menu&amp#27;[0m                    &amp#27;[90m# stepDef.Upgrade_Appointment_steps.theUserClicksOnMyGarageFromHamburgerMenu()&amp#27;[0m
  &amp#27;[36mAnd &amp#27;[0m&amp#27;[36mthe Upgrade user updates account info without email&amp#27;[0m                             &amp#27;[90m# stepDef.Upgrade_Account_steps.theUpgradeUserUpdatesAccountInfoWithoutEmail()&amp#27;[0m
  &amp#27;[36mWhen &amp#27;[0m&amp#27;[36mthe Upgrade user clicks on the Update button under My Account&amp#27;[0m                  &amp#27;[90m# stepDef.Upgrade_Account_steps.theUpgradeUserClicksOnTheUpdateButtonUnderMyAccount()&amp#27;[0m
  &amp#27;[36mThen &amp#27;[0m&amp#27;[36mthe Upgrade user &amp#27;[0m&amp#27;[36m&amp#27;[1m"email"&amp#27;[0m&amp#27;[36m field should see &amp#27;[0m&amp#27;[36m&amp#27;[1m"Email is required"&amp#27;[0m                  &amp#27;[90m# stepDef.Upgrade_Account_steps.theUpgradeUserFieldShouldSee(java.lang.String,java.lang.String)&amp#27;[0m

    Embedding Ensure the Upgrade user should not able to update the account without email [image/png 156244 bytes]

]]></system-out>
    <system-err><![CDATA[ChromeDriver was started successfully.
Sep 28, 2022 8:15:16 PM org.openqa.selenium.remote.ProtocolHandshake createSession
INFO: Detected upstream dialect: W3C
Sep 28, 2022 8:15:16 PM org.openqa.selenium.devtools.CdpVersionFinder findNearestMatch
WARNING: Unable to find an exact match for CDP version 105, so returning the closest version found: 104
Sep 28, 2022 8:15:16 PM org.openqa.selenium.devtools.CdpVersionFinder findNearestMatch
INFO: Found CDP implementation for version 105 of 104
]]></system-err>
  </testcase>
  <testcase name="runScenario" classname="RunCucumberTest" time="68.332">
    <failure message="Expected condition failed: waiting for visibility of Proxy element for: DefaultElementLocator &apos;By.xpath: //h1[contains(text(),&apos;Choose Trade Option&apos;)]&apos; (tried for 20 second(s) with 500 milliseconds interval)" type="org.openqa.selenium.TimeoutException">org.openqa.selenium.TimeoutException: Expected condition failed: waiting for visibility of Proxy element for: DefaultElementLocator 'By.xpath: //h1[contains(text(),'Choose Trade Option')]' (tried for 20 second(s) with 500 milliseconds interval)
Caused by: org.openqa.selenium.NoSuchElementException: 
no such element: Unable to locate element: {"method":"xpath","selector":"//h1[contains(text(),'Choose Trade Option')]"}
  (Session info: chrome=105.0.5195.125)
For documentation on this error, please visit: https://selenium.dev/exceptions/#no_such_element
Build info: version: '4.4.0', revision: 'e5c75ed026a'
System info: host: 'SF-LAP-412.local', ip: 'fe80:0:0:0:eb:c8fe:5a40:5798%en0', os.name: 'Mac OS X', os.arch: 'aarch64', os.version: '12.6', java.version: '18.0.2.1'
Driver info: org.openqa.selenium.chrome.ChromeDriver
Command: [796e56beada685303091e0f68a282ce1, findElement {using=xpath, value=//h1[contains(text(),'Choose Trade Option')]}]
Capabilities {acceptInsecureCerts: false, browserName: chrome, browserVersion: 105.0.5195.125, chrome: {chromedriverVersion: 105.0.5195.52 (412c95e51883..., userDataDir: /var/folders/th/f4yf398x0lb...}, goog:chromeOptions: {debuggerAddress: localhost:63545}, networkConnectionEnabled: false, pageLoadStrategy: normal, platformName: MAC, proxy: Proxy(), se:cdp: ws://localhost:63545/devtoo..., se:cdpVersion: 105.0.5195.125, setWindowRect: true, strictFileInteractability: false, timeouts: {implicit: 0, pageLoad: 300000, script: 30000}, unhandledPromptBehavior: dismiss and notify, webauthn:extension:credBlob: true, webauthn:extension:largeBlob: true, webauthn:virtualAuthenticators: true}
Session ID: 796e56beada685303091e0f68a282ce1
</failure>
    <system-out><![CDATA[
@UP @UP_garage @myAccount @regression @smoke
Scenario Outline: Ensure the Upgrade user should not be able to update the account with an invalid email format &amp#27;[90m# src/test/java/features/Upgrade/myAccount.feature:58&amp#27;[0m
  &amp#27;[32mGiven &amp#27;[0m&amp#27;[32mthe Upgrade user navigates to the homepage&amp#27;[0m                                                              &amp#27;[90m# stepDef.Upgrade_Registration_SignIn_steps.theUserNavigatesToTheUpgradeHomePage()&amp#27;[0m
  &amp#27;[32mAnd &amp#27;[0m&amp#27;[32mthe Upgrade user clicks on the &amp#27;[0m&amp#27;[32m&amp#27;[1m"Sign in here"&amp#27;[0m&amp#27;[32m link from the top nav&amp#27;[0m                                       &amp#27;[90m# stepDef.Upgrade_Registration_SignIn_steps.theUpgradeUserClicksOnTheLinkFromTheTopNav(java.lang.String)&amp#27;[0m
  &amp#27;[31mAnd &amp#27;[0m&amp#27;[31mthe Upgrade user creates a new profile&amp#27;[0m                                                                    &amp#27;[90m# stepDef.Upgrade_Registration_SignIn_steps.theUserCreatesAnNewProfileInUP()&amp#27;[0m
      &amp#27;[31morg.openqa.selenium.TimeoutException: Expected condition failed: waiting for visibility of Proxy element for: DefaultElementLocator 'By.xpath: //h1[contains(text(),'Choose Trade Option')]' (tried for 20 second(s) with 500 milliseconds interval)
	at org.openqa.selenium.support.ui.WebDriverWait.timeoutException(WebDriverWait.java:87)
	at org.openqa.selenium.support.ui.FluentWait.until(FluentWait.java:231)
	at base.GenericFunctions.waitForElementToBeVisible(GenericFunctions.java:33)
	at pageObject.Upgrade_Registration_SignIn_page.verifyChooseTradeOption(Upgrade_Registration_SignIn_page.java:50)
	at stepDef.Upgrade_Registration_SignIn_steps.theUserCreatesAnNewProfileInUP(Upgrade_Registration_SignIn_steps.java:87)
	at ✽.the Upgrade user creates a new profile(file:///Users/manav/Documents/QATest/qa-automation-tests/src/test/java/features/Upgrade/myAccount.feature:6)
Caused by: org.openqa.selenium.NoSuchElementException: no such element: Unable to locate element: {"method":"xpath","selector":"//h1[contains(text(),'Choose Trade Option')]"}
  (Session info: chrome=105.0.5195.125)
For documentation on this error, please visit: https://selenium.dev/exceptions/#no_such_element
Build info: version: '4.4.0', revision: 'e5c75ed026a'
System info: host: 'SF-LAP-412.local', ip: 'fe80:0:0:0:eb:c8fe:5a40:5798%en0', os.name: 'Mac OS X', os.arch: 'aarch64', os.version: '12.6', java.version: '18.0.2.1'
Driver info: org.openqa.selenium.chrome.ChromeDriver
Command: [796e56beada685303091e0f68a282ce1, findElement {using=xpath, value=//h1[contains(text(),'Choose Trade Option')]}]
Capabilities {acceptInsecureCerts: false, browserName: chrome, browserVersion: 105.0.5195.125, chrome: {chromedriverVersion: 105.0.5195.52 (412c95e51883..., userDataDir: /var/folders/th/f4yf398x0lb...}, goog:chromeOptions: {debuggerAddress: localhost:63545}, networkConnectionEnabled: false, pageLoadStrategy: normal, platformName: MAC, proxy: Proxy(), se:cdp: ws://localhost:63545/devtoo..., se:cdpVersion: 105.0.5195.125, setWindowRect: true, strictFileInteractability: false, timeouts: {implicit: 0, pageLoad: 300000, script: 30000}, unhandledPromptBehavior: dismiss and notify, webauthn:extension:credBlob: true, webauthn:extension:largeBlob: true, webauthn:virtualAuthenticators: true}
Session ID: 796e56beada685303091e0f68a282ce1
	at java.base/jdk.internal.reflect.DirectConstructorHandleAccessor.newInstance(DirectConstructorHandleAccessor.java:67)
	at java.base/java.lang.reflect.Constructor.newInstanceWithCaller(Constructor.java:499)
	at java.base/java.lang.reflect.Constructor.newInstance(Constructor.java:483)
	at org.openqa.selenium.remote.codec.w3c.W3CHttpResponseCodec.createException(W3CHttpResponseCodec.java:200)
	at org.openqa.selenium.remote.codec.w3c.W3CHttpResponseCodec.decode(W3CHttpResponseCodec.java:133)
	at org.openqa.selenium.remote.codec.w3c.W3CHttpResponseCodec.decode(W3CHttpResponseCodec.java:53)
	at org.openqa.selenium.remote.HttpCommandExecutor.execute(HttpCommandExecutor.java:184)
	at org.openqa.selenium.remote.service.DriverCommandExecutor.invokeExecute(DriverCommandExecutor.java:167)
	at org.openqa.selenium.remote.service.DriverCommandExecutor.execute(DriverCommandExecutor.java:142)
	at org.openqa.selenium.remote.RemoteWebDriver.execute(RemoteWebDriver.java:547)
	at org.openqa.selenium.remote.ElementLocation$ElementFinder$2.findElement(ElementLocation.java:162)
	at org.openqa.selenium.remote.ElementLocation.findElement(ElementLocation.java:60)
	at org.openqa.selenium.remote.RemoteWebDriver.findElement(RemoteWebDriver.java:365)
	at org.openqa.selenium.remote.RemoteWebDriver.findElement(RemoteWebDriver.java:357)
	at org.openqa.selenium.support.pagefactory.DefaultElementLocator.findElement(DefaultElementLocator.java:70)
	at org.openqa.selenium.support.pagefactory.internal.LocatingElementHandler.invoke(LocatingElementHandler.java:39)
	at jdk.proxy2/jdk.proxy2.$Proxy33.isDisplayed(Unknown Source)
	at org.openqa.selenium.support.ui.ExpectedConditions.elementIfVisible(ExpectedConditions.java:307)
	at org.openqa.selenium.support.ui.ExpectedConditions.access$000(ExpectedConditions.java:40)
	at org.openqa.selenium.support.ui.ExpectedConditions$10.apply(ExpectedConditions.java:293)
	at org.openqa.selenium.support.ui.ExpectedConditions$10.apply(ExpectedConditions.java:290)
	at org.openqa.selenium.support.ui.FluentWait.until(FluentWait.java:208)
	at base.GenericFunctions.waitForElementToBeVisible(GenericFunctions.java:33)
	at pageObject.Upgrade_Registration_SignIn_page.verifyChooseTradeOption(Upgrade_Registration_SignIn_page.java:50)
	at stepDef.Upgrade_Registration_SignIn_steps.theUserCreatesAnNewProfileInUP(Upgrade_Registration_SignIn_steps.java:87)
	at java.base/jdk.internal.reflect.DirectMethodHandleAccessor.invoke(DirectMethodHandleAccessor.java:104)
	at java.base/java.lang.reflect.Method.invoke(Method.java:577)
	at io.cucumber.java.Invoker.doInvoke(Invoker.java:66)
	at io.cucumber.java.Invoker.invoke(Invoker.java:24)
	at io.cucumber.java.AbstractGlueDefinition.invokeMethod(AbstractGlueDefinition.java:47)
	at io.cucumber.java.JavaStepDefinition.execute(JavaStepDefinition.java:29)
	at io.cucumber.core.runner.CoreStepDefinition.execute(CoreStepDefinition.java:66)
	at io.cucumber.core.runner.PickleStepDefinitionMatch.runStep(PickleStepDefinitionMatch.java:63)
	at io.cucumber.core.runner.ExecutionMode$1.execute(ExecutionMode.java:10)
	at io.cucumber.core.runner.TestStep.executeStep(TestStep.java:85)
	at io.cucumber.core.runner.TestStep.run(TestStep.java:57)
	at io.cucumber.core.runner.PickleStepTestStep.run(PickleStepTestStep.java:51)
	at io.cucumber.core.runner.TestCase.run(TestCase.java:84)
	at io.cucumber.core.runner.Runner.runPickle(Runner.java:75)
	at io.cucumber.testng.TestNGCucumberRunner.lambda$runScenario$1(TestNGCucumberRunner.java:132)
	at io.cucumber.core.runtime.CucumberExecutionContext.lambda$runTestCase$5(CucumberExecutionContext.java:129)
	at io.cucumber.core.runtime.RethrowingThrowableCollector.executeAndThrow(RethrowingThrowableCollector.java:23)
	at io.cucumber.core.runtime.CucumberExecutionContext.runTestCase(CucumberExecutionContext.java:129)
	at io.cucumber.testng.TestNGCucumberRunner.runScenario(TestNGCucumberRunner.java:129)
	at io.cucumber.testng.AbstractTestNGCucumberTests.runScenario(AbstractTestNGCucumberTests.java:35)
	at java.base/jdk.internal.reflect.DirectMethodHandleAccessor.invoke(DirectMethodHandleAccessor.java:104)
	at java.base/java.lang.reflect.Method.invoke(Method.java:577)
	at org.testng.internal.invokers.MethodInvocationHelper.invokeMethod(MethodInvocationHelper.java:139)
	at org.testng.internal.invokers.TestInvoker.invokeMethod(TestInvoker.java:677)
	at org.testng.internal.invokers.TestInvoker.invokeTestMethod(TestInvoker.java:221)
	at org.testng.internal.invokers.TestMethodWithDataProviderMethodWorker.call(TestMethodWithDataProviderMethodWorker.java:80)
	at org.testng.internal.invokers.TestMethodWithDataProviderMethodWorker.call(TestMethodWithDataProviderMethodWorker.java:17)
	at java.base/java.util.concurrent.FutureTask.run(FutureTask.java:264)
	at java.base/java.util.concurrent.Executors$RunnableAdapter.call(Executors.java:539)
	at java.base/java.util.concurrent.FutureTask.run(FutureTask.java:264)
	at java.base/java.util.concurrent.ThreadPoolExecutor.runWorker(ThreadPoolExecutor.java:1136)
	at java.base/java.util.concurrent.ThreadPoolExecutor$Worker.run(ThreadPoolExecutor.java:635)
	at java.base/java.lang.Thread.run(Thread.java:833)
&amp#27;[0m
  &amp#27;[36mAnd &amp#27;[0m&amp#27;[36mthe Upgrade user clicks on my garage from the hamburger menu&amp#27;[0m                                              &amp#27;[90m# stepDef.Upgrade_Appointment_steps.theUserClicksOnMyGarageFromHamburgerMenu()&amp#27;[0m
  &amp#27;[36mAnd &amp#27;[0m&amp#27;[36mthe Upgrade user updates account information with "&amp#27;[0m&amp#27;[36m&amp#27;[1mtest12345@&amp#27;[0m&amp#27;[36m"&amp#27;[0m                                            &amp#27;[90m# stepDef.Upgrade_Account_steps.theUpgradeUserUpdatesAccountInformationWith(java.lang.String)&amp#27;[0m
  &amp#27;[36mWhen &amp#27;[0m&amp#27;[36mthe Upgrade user clicks on the Update button under My Account&amp#27;[0m                                            &amp#27;[90m# stepDef.Upgrade_Account_steps.theUpgradeUserClicksOnTheUpdateButtonUnderMyAccount()&amp#27;[0m
  &amp#27;[36mThen &amp#27;[0m&amp#27;[36mthe Upgrade user &amp#27;[0m&amp#27;[36m&amp#27;[1m"email"&amp#27;[0m&amp#27;[36m field should see &amp#27;[0m&amp#27;[36m&amp#27;[1m"Email is not valid"&amp#27;[0m                                           &amp#27;[90m# stepDef.Upgrade_Account_steps.theUpgradeUserFieldShouldSee(java.lang.String,java.lang.String)&amp#27;[0m

    Embedding Ensure the Upgrade user should not be able to update the account with an invalid email format [image/png 156244 bytes]

]]></system-out>
    <system-err><![CDATA[ChromeDriver was started successfully.
Sep 28, 2022 8:16:26 PM org.openqa.selenium.remote.ProtocolHandshake createSession
INFO: Detected upstream dialect: W3C
Sep 28, 2022 8:16:26 PM org.openqa.selenium.devtools.CdpVersionFinder findNearestMatch
WARNING: Unable to find an exact match for CDP version 105, so returning the closest version found: 104
Sep 28, 2022 8:16:26 PM org.openqa.selenium.devtools.CdpVersionFinder findNearestMatch
INFO: Found CDP implementation for version 105 of 104
]]></system-err>
  </testcase>
  <testcase name="runScenario" classname="RunCucumberTest" time="69.169">
    <failure message="Expected condition failed: waiting for visibility of Proxy element for: DefaultElementLocator &apos;By.xpath: //h1[contains(text(),&apos;Choose Trade Option&apos;)]&apos; (tried for 20 second(s) with 500 milliseconds interval)" type="org.openqa.selenium.TimeoutException">org.openqa.selenium.TimeoutException: Expected condition failed: waiting for visibility of Proxy element for: DefaultElementLocator 'By.xpath: //h1[contains(text(),'Choose Trade Option')]' (tried for 20 second(s) with 500 milliseconds interval)
Caused by: org.openqa.selenium.NoSuchElementException: 
no such element: Unable to locate element: {"method":"xpath","selector":"//h1[contains(text(),'Choose Trade Option')]"}
  (Session info: chrome=105.0.5195.125)
For documentation on this error, please visit: https://selenium.dev/exceptions/#no_such_element
Build info: version: '4.4.0', revision: 'e5c75ed026a'
System info: host: 'SF-LAP-412.local', ip: 'fe80:0:0:0:eb:c8fe:5a40:5798%en0', os.name: 'Mac OS X', os.arch: 'aarch64', os.version: '12.6', java.version: '18.0.2.1'
Driver info: org.openqa.selenium.chrome.ChromeDriver
Command: [2b28271a5895230775e25f77daaaada4, findElement {using=xpath, value=//h1[contains(text(),'Choose Trade Option')]}]
Capabilities {acceptInsecureCerts: false, browserName: chrome, browserVersion: 105.0.5195.125, chrome: {chromedriverVersion: 105.0.5195.52 (412c95e51883..., userDataDir: /var/folders/th/f4yf398x0lb...}, goog:chromeOptions: {debuggerAddress: localhost:63874}, networkConnectionEnabled: false, pageLoadStrategy: normal, platformName: MAC, proxy: Proxy(), se:cdp: ws://localhost:63874/devtoo..., se:cdpVersion: 105.0.5195.125, setWindowRect: true, strictFileInteractability: false, timeouts: {implicit: 0, pageLoad: 300000, script: 30000}, unhandledPromptBehavior: dismiss and notify, webauthn:extension:credBlob: true, webauthn:extension:largeBlob: true, webauthn:virtualAuthenticators: true}
Session ID: 2b28271a5895230775e25f77daaaada4
</failure>
    <system-out><![CDATA[
@UP @UP_garage @myAccount @regression @smoke
Scenario Outline: Ensure the Upgrade user should not be able to update the account with an invalid email format &amp#27;[90m# src/test/java/features/Upgrade/myAccount.feature:59&amp#27;[0m
  &amp#27;[32mGiven &amp#27;[0m&amp#27;[32mthe Upgrade user navigates to the homepage&amp#27;[0m                                                              &amp#27;[90m# stepDef.Upgrade_Registration_SignIn_steps.theUserNavigatesToTheUpgradeHomePage()&amp#27;[0m
  &amp#27;[32mAnd &amp#27;[0m&amp#27;[32mthe Upgrade user clicks on the &amp#27;[0m&amp#27;[32m&amp#27;[1m"Sign in here"&amp#27;[0m&amp#27;[32m link from the top nav&amp#27;[0m                                       &amp#27;[90m# stepDef.Upgrade_Registration_SignIn_steps.theUpgradeUserClicksOnTheLinkFromTheTopNav(java.lang.String)&amp#27;[0m
  &amp#27;[31mAnd &amp#27;[0m&amp#27;[31mthe Upgrade user creates a new profile&amp#27;[0m                                                                    &amp#27;[90m# stepDef.Upgrade_Registration_SignIn_steps.theUserCreatesAnNewProfileInUP()&amp#27;[0m
      &amp#27;[31morg.openqa.selenium.TimeoutException: Expected condition failed: waiting for visibility of Proxy element for: DefaultElementLocator 'By.xpath: //h1[contains(text(),'Choose Trade Option')]' (tried for 20 second(s) with 500 milliseconds interval)
	at org.openqa.selenium.support.ui.WebDriverWait.timeoutException(WebDriverWait.java:87)
	at org.openqa.selenium.support.ui.FluentWait.until(FluentWait.java:231)
	at base.GenericFunctions.waitForElementToBeVisible(GenericFunctions.java:33)
	at pageObject.Upgrade_Registration_SignIn_page.verifyChooseTradeOption(Upgrade_Registration_SignIn_page.java:50)
	at stepDef.Upgrade_Registration_SignIn_steps.theUserCreatesAnNewProfileInUP(Upgrade_Registration_SignIn_steps.java:87)
	at ✽.the Upgrade user creates a new profile(file:///Users/manav/Documents/QATest/qa-automation-tests/src/test/java/features/Upgrade/myAccount.feature:6)
Caused by: org.openqa.selenium.NoSuchElementException: no such element: Unable to locate element: {"method":"xpath","selector":"//h1[contains(text(),'Choose Trade Option')]"}
  (Session info: chrome=105.0.5195.125)
For documentation on this error, please visit: https://selenium.dev/exceptions/#no_such_element
Build info: version: '4.4.0', revision: 'e5c75ed026a'
System info: host: 'SF-LAP-412.local', ip: 'fe80:0:0:0:eb:c8fe:5a40:5798%en0', os.name: 'Mac OS X', os.arch: 'aarch64', os.version: '12.6', java.version: '18.0.2.1'
Driver info: org.openqa.selenium.chrome.ChromeDriver
Command: [2b28271a5895230775e25f77daaaada4, findElement {using=xpath, value=//h1[contains(text(),'Choose Trade Option')]}]
Capabilities {acceptInsecureCerts: false, browserName: chrome, browserVersion: 105.0.5195.125, chrome: {chromedriverVersion: 105.0.5195.52 (412c95e51883..., userDataDir: /var/folders/th/f4yf398x0lb...}, goog:chromeOptions: {debuggerAddress: localhost:63874}, networkConnectionEnabled: false, pageLoadStrategy: normal, platformName: MAC, proxy: Proxy(), se:cdp: ws://localhost:63874/devtoo..., se:cdpVersion: 105.0.5195.125, setWindowRect: true, strictFileInteractability: false, timeouts: {implicit: 0, pageLoad: 300000, script: 30000}, unhandledPromptBehavior: dismiss and notify, webauthn:extension:credBlob: true, webauthn:extension:largeBlob: true, webauthn:virtualAuthenticators: true}
Session ID: 2b28271a5895230775e25f77daaaada4
	at java.base/jdk.internal.reflect.DirectConstructorHandleAccessor.newInstance(DirectConstructorHandleAccessor.java:67)
	at java.base/java.lang.reflect.Constructor.newInstanceWithCaller(Constructor.java:499)
	at java.base/java.lang.reflect.Constructor.newInstance(Constructor.java:483)
	at org.openqa.selenium.remote.codec.w3c.W3CHttpResponseCodec.createException(W3CHttpResponseCodec.java:200)
	at org.openqa.selenium.remote.codec.w3c.W3CHttpResponseCodec.decode(W3CHttpResponseCodec.java:133)
	at org.openqa.selenium.remote.codec.w3c.W3CHttpResponseCodec.decode(W3CHttpResponseCodec.java:53)
	at org.openqa.selenium.remote.HttpCommandExecutor.execute(HttpCommandExecutor.java:184)
	at org.openqa.selenium.remote.service.DriverCommandExecutor.invokeExecute(DriverCommandExecutor.java:167)
	at org.openqa.selenium.remote.service.DriverCommandExecutor.execute(DriverCommandExecutor.java:142)
	at org.openqa.selenium.remote.RemoteWebDriver.execute(RemoteWebDriver.java:547)
	at org.openqa.selenium.remote.ElementLocation$ElementFinder$2.findElement(ElementLocation.java:162)
	at org.openqa.selenium.remote.ElementLocation.findElement(ElementLocation.java:60)
	at org.openqa.selenium.remote.RemoteWebDriver.findElement(RemoteWebDriver.java:365)
	at org.openqa.selenium.remote.RemoteWebDriver.findElement(RemoteWebDriver.java:357)
	at org.openqa.selenium.support.pagefactory.DefaultElementLocator.findElement(DefaultElementLocator.java:70)
	at org.openqa.selenium.support.pagefactory.internal.LocatingElementHandler.invoke(LocatingElementHandler.java:39)
	at jdk.proxy2/jdk.proxy2.$Proxy33.isDisplayed(Unknown Source)
	at org.openqa.selenium.support.ui.ExpectedConditions.elementIfVisible(ExpectedConditions.java:307)
	at org.openqa.selenium.support.ui.ExpectedConditions.access$000(ExpectedConditions.java:40)
	at org.openqa.selenium.support.ui.ExpectedConditions$10.apply(ExpectedConditions.java:293)
	at org.openqa.selenium.support.ui.ExpectedConditions$10.apply(ExpectedConditions.java:290)
	at org.openqa.selenium.support.ui.FluentWait.until(FluentWait.java:208)
	at base.GenericFunctions.waitForElementToBeVisible(GenericFunctions.java:33)
	at pageObject.Upgrade_Registration_SignIn_page.verifyChooseTradeOption(Upgrade_Registration_SignIn_page.java:50)
	at stepDef.Upgrade_Registration_SignIn_steps.theUserCreatesAnNewProfileInUP(Upgrade_Registration_SignIn_steps.java:87)
	at java.base/jdk.internal.reflect.DirectMethodHandleAccessor.invoke(DirectMethodHandleAccessor.java:104)
	at java.base/java.lang.reflect.Method.invoke(Method.java:577)
	at io.cucumber.java.Invoker.doInvoke(Invoker.java:66)
	at io.cucumber.java.Invoker.invoke(Invoker.java:24)
	at io.cucumber.java.AbstractGlueDefinition.invokeMethod(AbstractGlueDefinition.java:47)
	at io.cucumber.java.JavaStepDefinition.execute(JavaStepDefinition.java:29)
	at io.cucumber.core.runner.CoreStepDefinition.execute(CoreStepDefinition.java:66)
	at io.cucumber.core.runner.PickleStepDefinitionMatch.runStep(PickleStepDefinitionMatch.java:63)
	at io.cucumber.core.runner.ExecutionMode$1.execute(ExecutionMode.java:10)
	at io.cucumber.core.runner.TestStep.executeStep(TestStep.java:85)
	at io.cucumber.core.runner.TestStep.run(TestStep.java:57)
	at io.cucumber.core.runner.PickleStepTestStep.run(PickleStepTestStep.java:51)
	at io.cucumber.core.runner.TestCase.run(TestCase.java:84)
	at io.cucumber.core.runner.Runner.runPickle(Runner.java:75)
	at io.cucumber.testng.TestNGCucumberRunner.lambda$runScenario$1(TestNGCucumberRunner.java:132)
	at io.cucumber.core.runtime.CucumberExecutionContext.lambda$runTestCase$5(CucumberExecutionContext.java:129)
	at io.cucumber.core.runtime.RethrowingThrowableCollector.executeAndThrow(RethrowingThrowableCollector.java:23)
	at io.cucumber.core.runtime.CucumberExecutionContext.runTestCase(CucumberExecutionContext.java:129)
	at io.cucumber.testng.TestNGCucumberRunner.runScenario(TestNGCucumberRunner.java:129)
	at io.cucumber.testng.AbstractTestNGCucumberTests.runScenario(AbstractTestNGCucumberTests.java:35)
	at java.base/jdk.internal.reflect.DirectMethodHandleAccessor.invoke(DirectMethodHandleAccessor.java:104)
	at java.base/java.lang.reflect.Method.invoke(Method.java:577)
	at org.testng.internal.invokers.MethodInvocationHelper.invokeMethod(MethodInvocationHelper.java:139)
	at org.testng.internal.invokers.TestInvoker.invokeMethod(TestInvoker.java:677)
	at org.testng.internal.invokers.TestInvoker.invokeTestMethod(TestInvoker.java:221)
	at org.testng.internal.invokers.TestMethodWithDataProviderMethodWorker.call(TestMethodWithDataProviderMethodWorker.java:80)
	at org.testng.internal.invokers.TestMethodWithDataProviderMethodWorker.call(TestMethodWithDataProviderMethodWorker.java:17)
	at java.base/java.util.concurrent.FutureTask.run(FutureTask.java:264)
	at java.base/java.util.concurrent.Executors$RunnableAdapter.call(Executors.java:539)
	at java.base/java.util.concurrent.FutureTask.run(FutureTask.java:264)
	at java.base/java.util.concurrent.ThreadPoolExecutor.runWorker(ThreadPoolExecutor.java:1136)
	at java.base/java.util.concurrent.ThreadPoolExecutor$Worker.run(ThreadPoolExecutor.java:635)
	at java.base/java.lang.Thread.run(Thread.java:833)
&amp#27;[0m
  &amp#27;[36mAnd &amp#27;[0m&amp#27;[36mthe Upgrade user clicks on my garage from the hamburger menu&amp#27;[0m                                              &amp#27;[90m# stepDef.Upgrade_Appointment_steps.theUserClicksOnMyGarageFromHamburgerMenu()&amp#27;[0m
  &amp#27;[36mAnd &amp#27;[0m&amp#27;[36mthe Upgrade user updates account information with "&amp#27;[0m&amp#27;[36m&amp#27;[1mtest1233@gmail.&amp#27;[0m&amp#27;[36m"&amp#27;[0m                                       &amp#27;[90m# stepDef.Upgrade_Account_steps.theUpgradeUserUpdatesAccountInformationWith(java.lang.String)&amp#27;[0m
  &amp#27;[36mWhen &amp#27;[0m&amp#27;[36mthe Upgrade user clicks on the Update button under My Account&amp#27;[0m                                            &amp#27;[90m# stepDef.Upgrade_Account_steps.theUpgradeUserClicksOnTheUpdateButtonUnderMyAccount()&amp#27;[0m
  &amp#27;[36mThen &amp#27;[0m&amp#27;[36mthe Upgrade user &amp#27;[0m&amp#27;[36m&amp#27;[1m"email"&amp#27;[0m&amp#27;[36m field should see &amp#27;[0m&amp#27;[36m&amp#27;[1m"Email is not valid"&amp#27;[0m                                           &amp#27;[90m# stepDef.Upgrade_Account_steps.theUpgradeUserFieldShouldSee(java.lang.String,java.lang.String)&amp#27;[0m

    Embedding Ensure the Upgrade user should not be able to update the account with an invalid email format [image/png 156244 bytes]

]]></system-out>
    <system-err><![CDATA[ChromeDriver was started successfully.
Sep 28, 2022 8:17:34 PM org.openqa.selenium.remote.ProtocolHandshake createSession
INFO: Detected upstream dialect: W3C
Sep 28, 2022 8:17:34 PM org.openqa.selenium.devtools.CdpVersionFinder findNearestMatch
WARNING: Unable to find an exact match for CDP version 105, so returning the closest version found: 104
Sep 28, 2022 8:17:34 PM org.openqa.selenium.devtools.CdpVersionFinder findNearestMatch
INFO: Found CDP implementation for version 105 of 104
]]></system-err>
  </testcase>
  <testcase name="runScenario" classname="RunCucumberTest" time="68.618">
    <failure message="Expected condition failed: waiting for visibility of Proxy element for: DefaultElementLocator &apos;By.xpath: //h1[contains(text(),&apos;Choose Trade Option&apos;)]&apos; (tried for 20 second(s) with 500 milliseconds interval)" type="org.openqa.selenium.TimeoutException">org.openqa.selenium.TimeoutException: Expected condition failed: waiting for visibility of Proxy element for: DefaultElementLocator 'By.xpath: //h1[contains(text(),'Choose Trade Option')]' (tried for 20 second(s) with 500 milliseconds interval)
Caused by: org.openqa.selenium.NoSuchElementException: 
no such element: Unable to locate element: {"method":"xpath","selector":"//h1[contains(text(),'Choose Trade Option')]"}
  (Session info: chrome=105.0.5195.125)
For documentation on this error, please visit: https://selenium.dev/exceptions/#no_such_element
Build info: version: '4.4.0', revision: 'e5c75ed026a'
System info: host: 'SF-LAP-412.local', ip: 'fe80:0:0:0:eb:c8fe:5a40:5798%en0', os.name: 'Mac OS X', os.arch: 'aarch64', os.version: '12.6', java.version: '18.0.2.1'
Driver info: org.openqa.selenium.chrome.ChromeDriver
Command: [5486cfa6519a553e3312e1d9247d19af, findElement {using=xpath, value=//h1[contains(text(),'Choose Trade Option')]}]
Capabilities {acceptInsecureCerts: false, browserName: chrome, browserVersion: 105.0.5195.125, chrome: {chromedriverVersion: 105.0.5195.52 (412c95e51883..., userDataDir: /var/folders/th/f4yf398x0lb...}, goog:chromeOptions: {debuggerAddress: localhost:64210}, networkConnectionEnabled: false, pageLoadStrategy: normal, platformName: MAC, proxy: Proxy(), se:cdp: ws://localhost:64210/devtoo..., se:cdpVersion: 105.0.5195.125, setWindowRect: true, strictFileInteractability: false, timeouts: {implicit: 0, pageLoad: 300000, script: 30000}, unhandledPromptBehavior: dismiss and notify, webauthn:extension:credBlob: true, webauthn:extension:largeBlob: true, webauthn:virtualAuthenticators: true}
Session ID: 5486cfa6519a553e3312e1d9247d19af
</failure>
    <system-out><![CDATA[
@UP @UP_garage @myAccount @regression @smoke
Scenario Outline: Ensure the Upgrade user should not be able to update the account with an invalid email format &amp#27;[90m# src/test/java/features/Upgrade/myAccount.feature:60&amp#27;[0m
  &amp#27;[32mGiven &amp#27;[0m&amp#27;[32mthe Upgrade user navigates to the homepage&amp#27;[0m                                                              &amp#27;[90m# stepDef.Upgrade_Registration_SignIn_steps.theUserNavigatesToTheUpgradeHomePage()&amp#27;[0m
  &amp#27;[32mAnd &amp#27;[0m&amp#27;[32mthe Upgrade user clicks on the &amp#27;[0m&amp#27;[32m&amp#27;[1m"Sign in here"&amp#27;[0m&amp#27;[32m link from the top nav&amp#27;[0m                                       &amp#27;[90m# stepDef.Upgrade_Registration_SignIn_steps.theUpgradeUserClicksOnTheLinkFromTheTopNav(java.lang.String)&amp#27;[0m
  &amp#27;[31mAnd &amp#27;[0m&amp#27;[31mthe Upgrade user creates a new profile&amp#27;[0m                                                                    &amp#27;[90m# stepDef.Upgrade_Registration_SignIn_steps.theUserCreatesAnNewProfileInUP()&amp#27;[0m
      &amp#27;[31morg.openqa.selenium.TimeoutException: Expected condition failed: waiting for visibility of Proxy element for: DefaultElementLocator 'By.xpath: //h1[contains(text(),'Choose Trade Option')]' (tried for 20 second(s) with 500 milliseconds interval)
	at org.openqa.selenium.support.ui.WebDriverWait.timeoutException(WebDriverWait.java:87)
	at org.openqa.selenium.support.ui.FluentWait.until(FluentWait.java:231)
	at base.GenericFunctions.waitForElementToBeVisible(GenericFunctions.java:33)
	at pageObject.Upgrade_Registration_SignIn_page.verifyChooseTradeOption(Upgrade_Registration_SignIn_page.java:50)
	at stepDef.Upgrade_Registration_SignIn_steps.theUserCreatesAnNewProfileInUP(Upgrade_Registration_SignIn_steps.java:87)
	at ✽.the Upgrade user creates a new profile(file:///Users/manav/Documents/QATest/qa-automation-tests/src/test/java/features/Upgrade/myAccount.feature:6)
Caused by: org.openqa.selenium.NoSuchElementException: no such element: Unable to locate element: {"method":"xpath","selector":"//h1[contains(text(),'Choose Trade Option')]"}
  (Session info: chrome=105.0.5195.125)
For documentation on this error, please visit: https://selenium.dev/exceptions/#no_such_element
Build info: version: '4.4.0', revision: 'e5c75ed026a'
System info: host: 'SF-LAP-412.local', ip: 'fe80:0:0:0:eb:c8fe:5a40:5798%en0', os.name: 'Mac OS X', os.arch: 'aarch64', os.version: '12.6', java.version: '18.0.2.1'
Driver info: org.openqa.selenium.chrome.ChromeDriver
Command: [5486cfa6519a553e3312e1d9247d19af, findElement {using=xpath, value=//h1[contains(text(),'Choose Trade Option')]}]
Capabilities {acceptInsecureCerts: false, browserName: chrome, browserVersion: 105.0.5195.125, chrome: {chromedriverVersion: 105.0.5195.52 (412c95e51883..., userDataDir: /var/folders/th/f4yf398x0lb...}, goog:chromeOptions: {debuggerAddress: localhost:64210}, networkConnectionEnabled: false, pageLoadStrategy: normal, platformName: MAC, proxy: Proxy(), se:cdp: ws://localhost:64210/devtoo..., se:cdpVersion: 105.0.5195.125, setWindowRect: true, strictFileInteractability: false, timeouts: {implicit: 0, pageLoad: 300000, script: 30000}, unhandledPromptBehavior: dismiss and notify, webauthn:extension:credBlob: true, webauthn:extension:largeBlob: true, webauthn:virtualAuthenticators: true}
Session ID: 5486cfa6519a553e3312e1d9247d19af
	at java.base/jdk.internal.reflect.DirectConstructorHandleAccessor.newInstance(DirectConstructorHandleAccessor.java:67)
	at java.base/java.lang.reflect.Constructor.newInstanceWithCaller(Constructor.java:499)
	at java.base/java.lang.reflect.Constructor.newInstance(Constructor.java:483)
	at org.openqa.selenium.remote.codec.w3c.W3CHttpResponseCodec.createException(W3CHttpResponseCodec.java:200)
	at org.openqa.selenium.remote.codec.w3c.W3CHttpResponseCodec.decode(W3CHttpResponseCodec.java:133)
	at org.openqa.selenium.remote.codec.w3c.W3CHttpResponseCodec.decode(W3CHttpResponseCodec.java:53)
	at org.openqa.selenium.remote.HttpCommandExecutor.execute(HttpCommandExecutor.java:184)
	at org.openqa.selenium.remote.service.DriverCommandExecutor.invokeExecute(DriverCommandExecutor.java:167)
	at org.openqa.selenium.remote.service.DriverCommandExecutor.execute(DriverCommandExecutor.java:142)
	at org.openqa.selenium.remote.RemoteWebDriver.execute(RemoteWebDriver.java:547)
	at org.openqa.selenium.remote.ElementLocation$ElementFinder$2.findElement(ElementLocation.java:162)
	at org.openqa.selenium.remote.ElementLocation.findElement(ElementLocation.java:60)
	at org.openqa.selenium.remote.RemoteWebDriver.findElement(RemoteWebDriver.java:365)
	at org.openqa.selenium.remote.RemoteWebDriver.findElement(RemoteWebDriver.java:357)
	at org.openqa.selenium.support.pagefactory.DefaultElementLocator.findElement(DefaultElementLocator.java:70)
	at org.openqa.selenium.support.pagefactory.internal.LocatingElementHandler.invoke(LocatingElementHandler.java:39)
	at jdk.proxy2/jdk.proxy2.$Proxy33.isDisplayed(Unknown Source)
	at org.openqa.selenium.support.ui.ExpectedConditions.elementIfVisible(ExpectedConditions.java:307)
	at org.openqa.selenium.support.ui.ExpectedConditions.access$000(ExpectedConditions.java:40)
	at org.openqa.selenium.support.ui.ExpectedConditions$10.apply(ExpectedConditions.java:293)
	at org.openqa.selenium.support.ui.ExpectedConditions$10.apply(ExpectedConditions.java:290)
	at org.openqa.selenium.support.ui.FluentWait.until(FluentWait.java:208)
	at base.GenericFunctions.waitForElementToBeVisible(GenericFunctions.java:33)
	at pageObject.Upgrade_Registration_SignIn_page.verifyChooseTradeOption(Upgrade_Registration_SignIn_page.java:50)
	at stepDef.Upgrade_Registration_SignIn_steps.theUserCreatesAnNewProfileInUP(Upgrade_Registration_SignIn_steps.java:87)
	at java.base/jdk.internal.reflect.DirectMethodHandleAccessor.invoke(DirectMethodHandleAccessor.java:104)
	at java.base/java.lang.reflect.Method.invoke(Method.java:577)
	at io.cucumber.java.Invoker.doInvoke(Invoker.java:66)
	at io.cucumber.java.Invoker.invoke(Invoker.java:24)
	at io.cucumber.java.AbstractGlueDefinition.invokeMethod(AbstractGlueDefinition.java:47)
	at io.cucumber.java.JavaStepDefinition.execute(JavaStepDefinition.java:29)
	at io.cucumber.core.runner.CoreStepDefinition.execute(CoreStepDefinition.java:66)
	at io.cucumber.core.runner.PickleStepDefinitionMatch.runStep(PickleStepDefinitionMatch.java:63)
	at io.cucumber.core.runner.ExecutionMode$1.execute(ExecutionMode.java:10)
	at io.cucumber.core.runner.TestStep.executeStep(TestStep.java:85)
	at io.cucumber.core.runner.TestStep.run(TestStep.java:57)
	at io.cucumber.core.runner.PickleStepTestStep.run(PickleStepTestStep.java:51)
	at io.cucumber.core.runner.TestCase.run(TestCase.java:84)
	at io.cucumber.core.runner.Runner.runPickle(Runner.java:75)
	at io.cucumber.testng.TestNGCucumberRunner.lambda$runScenario$1(TestNGCucumberRunner.java:132)
	at io.cucumber.core.runtime.CucumberExecutionContext.lambda$runTestCase$5(CucumberExecutionContext.java:129)
	at io.cucumber.core.runtime.RethrowingThrowableCollector.executeAndThrow(RethrowingThrowableCollector.java:23)
	at io.cucumber.core.runtime.CucumberExecutionContext.runTestCase(CucumberExecutionContext.java:129)
	at io.cucumber.testng.TestNGCucumberRunner.runScenario(TestNGCucumberRunner.java:129)
	at io.cucumber.testng.AbstractTestNGCucumberTests.runScenario(AbstractTestNGCucumberTests.java:35)
	at java.base/jdk.internal.reflect.DirectMethodHandleAccessor.invoke(DirectMethodHandleAccessor.java:104)
	at java.base/java.lang.reflect.Method.invoke(Method.java:577)
	at org.testng.internal.invokers.MethodInvocationHelper.invokeMethod(MethodInvocationHelper.java:139)
	at org.testng.internal.invokers.TestInvoker.invokeMethod(TestInvoker.java:677)
	at org.testng.internal.invokers.TestInvoker.invokeTestMethod(TestInvoker.java:221)
	at org.testng.internal.invokers.TestMethodWithDataProviderMethodWorker.call(TestMethodWithDataProviderMethodWorker.java:80)
	at org.testng.internal.invokers.TestMethodWithDataProviderMethodWorker.call(TestMethodWithDataProviderMethodWorker.java:17)
	at java.base/java.util.concurrent.FutureTask.run(FutureTask.java:264)
	at java.base/java.util.concurrent.Executors$RunnableAdapter.call(Executors.java:539)
	at java.base/java.util.concurrent.FutureTask.run(FutureTask.java:264)
	at java.base/java.util.concurrent.ThreadPoolExecutor.runWorker(ThreadPoolExecutor.java:1136)
	at java.base/java.util.concurrent.ThreadPoolExecutor$Worker.run(ThreadPoolExecutor.java:635)
	at java.base/java.lang.Thread.run(Thread.java:833)
&amp#27;[0m
  &amp#27;[36mAnd &amp#27;[0m&amp#27;[36mthe Upgrade user clicks on my garage from the hamburger menu&amp#27;[0m                                              &amp#27;[90m# stepDef.Upgrade_Appointment_steps.theUserClicksOnMyGarageFromHamburgerMenu()&amp#27;[0m
  &amp#27;[36mAnd &amp#27;[0m&amp#27;[36mthe Upgrade user updates account information with "&amp#27;[0m&amp#27;[36m&amp#27;[1mtest1231&amp#27;[0m&amp#27;[36m"&amp#27;[0m                                              &amp#27;[90m# stepDef.Upgrade_Account_steps.theUpgradeUserUpdatesAccountInformationWith(java.lang.String)&amp#27;[0m
  &amp#27;[36mWhen &amp#27;[0m&amp#27;[36mthe Upgrade user clicks on the Update button under My Account&amp#27;[0m                                            &amp#27;[90m# stepDef.Upgrade_Account_steps.theUpgradeUserClicksOnTheUpdateButtonUnderMyAccount()&amp#27;[0m
  &amp#27;[36mThen &amp#27;[0m&amp#27;[36mthe Upgrade user &amp#27;[0m&amp#27;[36m&amp#27;[1m"email"&amp#27;[0m&amp#27;[36m field should see &amp#27;[0m&amp#27;[36m&amp#27;[1m"Email is not valid"&amp#27;[0m                                           &amp#27;[90m# stepDef.Upgrade_Account_steps.theUpgradeUserFieldShouldSee(java.lang.String,java.lang.String)&amp#27;[0m

    Embedding Ensure the Upgrade user should not be able to update the account with an invalid email format [image/png 156244 bytes]

]]></system-out>
    <system-err><![CDATA[ChromeDriver was started successfully.
Sep 28, 2022 8:18:44 PM org.openqa.selenium.remote.ProtocolHandshake createSession
INFO: Detected upstream dialect: W3C
Sep 28, 2022 8:18:44 PM org.openqa.selenium.devtools.CdpVersionFinder findNearestMatch
WARNING: Unable to find an exact match for CDP version 105, so returning the closest version found: 104
Sep 28, 2022 8:18:44 PM org.openqa.selenium.devtools.CdpVersionFinder findNearestMatch
INFO: Found CDP implementation for version 105 of 104
]]></system-err>
  </testcase>
  <testcase name="runScenario" classname="RunCucumberTest" time="68.925">
    <failure message="Expected condition failed: waiting for visibility of Proxy element for: DefaultElementLocator &apos;By.xpath: //h1[contains(text(),&apos;Choose Trade Option&apos;)]&apos; (tried for 20 second(s) with 500 milliseconds interval)" type="org.openqa.selenium.TimeoutException">org.openqa.selenium.TimeoutException: Expected condition failed: waiting for visibility of Proxy element for: DefaultElementLocator 'By.xpath: //h1[contains(text(),'Choose Trade Option')]' (tried for 20 second(s) with 500 milliseconds interval)
Caused by: org.openqa.selenium.NoSuchElementException: 
no such element: Unable to locate element: {"method":"xpath","selector":"//h1[contains(text(),'Choose Trade Option')]"}
  (Session info: chrome=105.0.5195.125)
For documentation on this error, please visit: https://selenium.dev/exceptions/#no_such_element
Build info: version: '4.4.0', revision: 'e5c75ed026a'
System info: host: 'SF-LAP-412.local', ip: 'fe80:0:0:0:eb:c8fe:5a40:5798%en0', os.name: 'Mac OS X', os.arch: 'aarch64', os.version: '12.6', java.version: '18.0.2.1'
Driver info: org.openqa.selenium.chrome.ChromeDriver
Command: [0ebaf73979da6cdd3723bfe8353082dc, findElement {using=xpath, value=//h1[contains(text(),'Choose Trade Option')]}]
Capabilities {acceptInsecureCerts: false, browserName: chrome, browserVersion: 105.0.5195.125, chrome: {chromedriverVersion: 105.0.5195.52 (412c95e51883..., userDataDir: /var/folders/th/f4yf398x0lb...}, goog:chromeOptions: {debuggerAddress: localhost:64544}, networkConnectionEnabled: false, pageLoadStrategy: normal, platformName: MAC, proxy: Proxy(), se:cdp: ws://localhost:64544/devtoo..., se:cdpVersion: 105.0.5195.125, setWindowRect: true, strictFileInteractability: false, timeouts: {implicit: 0, pageLoad: 300000, script: 30000}, unhandledPromptBehavior: dismiss and notify, webauthn:extension:credBlob: true, webauthn:extension:largeBlob: true, webauthn:virtualAuthenticators: true}
Session ID: 0ebaf73979da6cdd3723bfe8353082dc
</failure>
    <system-out><![CDATA[
@UP @UP_garage @myAddress @regression
Scenario: Ensure the Upgrade user's address entered during registration shows up in My Garage Update Address &amp#27;[90m# src/test/java/features/Upgrade/myAddress.feature:10&amp#27;[0m
  &amp#27;[32mGiven &amp#27;[0m&amp#27;[32mthe Upgrade user navigates to the homepage&amp#27;[0m                                                           &amp#27;[90m# stepDef.Upgrade_Registration_SignIn_steps.theUserNavigatesToTheUpgradeHomePage()&amp#27;[0m
  &amp#27;[32mAnd &amp#27;[0m&amp#27;[32mthe Upgrade user clicks on the &amp#27;[0m&amp#27;[32m&amp#27;[1m"Sign in here"&amp#27;[0m&amp#27;[32m link from the top nav&amp#27;[0m                                    &amp#27;[90m# stepDef.Upgrade_Registration_SignIn_steps.theUpgradeUserClicksOnTheLinkFromTheTopNav(java.lang.String)&amp#27;[0m
  &amp#27;[31mAnd &amp#27;[0m&amp#27;[31mthe Upgrade user creates a new profile&amp#27;[0m                                                                 &amp#27;[90m# stepDef.Upgrade_Registration_SignIn_steps.theUserCreatesAnNewProfileInUP()&amp#27;[0m
      &amp#27;[31morg.openqa.selenium.TimeoutException: Expected condition failed: waiting for visibility of Proxy element for: DefaultElementLocator 'By.xpath: //h1[contains(text(),'Choose Trade Option')]' (tried for 20 second(s) with 500 milliseconds interval)
	at org.openqa.selenium.support.ui.WebDriverWait.timeoutException(WebDriverWait.java:87)
	at org.openqa.selenium.support.ui.FluentWait.until(FluentWait.java:231)
	at base.GenericFunctions.waitForElementToBeVisible(GenericFunctions.java:33)
	at pageObject.Upgrade_Registration_SignIn_page.verifyChooseTradeOption(Upgrade_Registration_SignIn_page.java:50)
	at stepDef.Upgrade_Registration_SignIn_steps.theUserCreatesAnNewProfileInUP(Upgrade_Registration_SignIn_steps.java:87)
	at ✽.the Upgrade user creates a new profile(file:///Users/manav/Documents/QATest/qa-automation-tests/src/test/java/features/Upgrade/myAddress.feature:6)
Caused by: org.openqa.selenium.NoSuchElementException: no such element: Unable to locate element: {"method":"xpath","selector":"//h1[contains(text(),'Choose Trade Option')]"}
  (Session info: chrome=105.0.5195.125)
For documentation on this error, please visit: https://selenium.dev/exceptions/#no_such_element
Build info: version: '4.4.0', revision: 'e5c75ed026a'
System info: host: 'SF-LAP-412.local', ip: 'fe80:0:0:0:eb:c8fe:5a40:5798%en0', os.name: 'Mac OS X', os.arch: 'aarch64', os.version: '12.6', java.version: '18.0.2.1'
Driver info: org.openqa.selenium.chrome.ChromeDriver
Command: [0ebaf73979da6cdd3723bfe8353082dc, findElement {using=xpath, value=//h1[contains(text(),'Choose Trade Option')]}]
Capabilities {acceptInsecureCerts: false, browserName: chrome, browserVersion: 105.0.5195.125, chrome: {chromedriverVersion: 105.0.5195.52 (412c95e51883..., userDataDir: /var/folders/th/f4yf398x0lb...}, goog:chromeOptions: {debuggerAddress: localhost:64544}, networkConnectionEnabled: false, pageLoadStrategy: normal, platformName: MAC, proxy: Proxy(), se:cdp: ws://localhost:64544/devtoo..., se:cdpVersion: 105.0.5195.125, setWindowRect: true, strictFileInteractability: false, timeouts: {implicit: 0, pageLoad: 300000, script: 30000}, unhandledPromptBehavior: dismiss and notify, webauthn:extension:credBlob: true, webauthn:extension:largeBlob: true, webauthn:virtualAuthenticators: true}
Session ID: 0ebaf73979da6cdd3723bfe8353082dc
	at java.base/jdk.internal.reflect.DirectConstructorHandleAccessor.newInstance(DirectConstructorHandleAccessor.java:67)
	at java.base/java.lang.reflect.Constructor.newInstanceWithCaller(Constructor.java:499)
	at java.base/java.lang.reflect.Constructor.newInstance(Constructor.java:483)
	at org.openqa.selenium.remote.codec.w3c.W3CHttpResponseCodec.createException(W3CHttpResponseCodec.java:200)
	at org.openqa.selenium.remote.codec.w3c.W3CHttpResponseCodec.decode(W3CHttpResponseCodec.java:133)
	at org.openqa.selenium.remote.codec.w3c.W3CHttpResponseCodec.decode(W3CHttpResponseCodec.java:53)
	at org.openqa.selenium.remote.HttpCommandExecutor.execute(HttpCommandExecutor.java:184)
	at org.openqa.selenium.remote.service.DriverCommandExecutor.invokeExecute(DriverCommandExecutor.java:167)
	at org.openqa.selenium.remote.service.DriverCommandExecutor.execute(DriverCommandExecutor.java:142)
	at org.openqa.selenium.remote.RemoteWebDriver.execute(RemoteWebDriver.java:547)
	at org.openqa.selenium.remote.ElementLocation$ElementFinder$2.findElement(ElementLocation.java:162)
	at org.openqa.selenium.remote.ElementLocation.findElement(ElementLocation.java:60)
	at org.openqa.selenium.remote.RemoteWebDriver.findElement(RemoteWebDriver.java:365)
	at org.openqa.selenium.remote.RemoteWebDriver.findElement(RemoteWebDriver.java:357)
	at org.openqa.selenium.support.pagefactory.DefaultElementLocator.findElement(DefaultElementLocator.java:70)
	at org.openqa.selenium.support.pagefactory.internal.LocatingElementHandler.invoke(LocatingElementHandler.java:39)
	at jdk.proxy2/jdk.proxy2.$Proxy33.isDisplayed(Unknown Source)
	at org.openqa.selenium.support.ui.ExpectedConditions.elementIfVisible(ExpectedConditions.java:307)
	at org.openqa.selenium.support.ui.ExpectedConditions.access$000(ExpectedConditions.java:40)
	at org.openqa.selenium.support.ui.ExpectedConditions$10.apply(ExpectedConditions.java:293)
	at org.openqa.selenium.support.ui.ExpectedConditions$10.apply(ExpectedConditions.java:290)
	at org.openqa.selenium.support.ui.FluentWait.until(FluentWait.java:208)
	at base.GenericFunctions.waitForElementToBeVisible(GenericFunctions.java:33)
	at pageObject.Upgrade_Registration_SignIn_page.verifyChooseTradeOption(Upgrade_Registration_SignIn_page.java:50)
	at stepDef.Upgrade_Registration_SignIn_steps.theUserCreatesAnNewProfileInUP(Upgrade_Registration_SignIn_steps.java:87)
	at java.base/jdk.internal.reflect.DirectMethodHandleAccessor.invoke(DirectMethodHandleAccessor.java:104)
	at java.base/java.lang.reflect.Method.invoke(Method.java:577)
	at io.cucumber.java.Invoker.doInvoke(Invoker.java:66)
	at io.cucumber.java.Invoker.invoke(Invoker.java:24)
	at io.cucumber.java.AbstractGlueDefinition.invokeMethod(AbstractGlueDefinition.java:47)
	at io.cucumber.java.JavaStepDefinition.execute(JavaStepDefinition.java:29)
	at io.cucumber.core.runner.CoreStepDefinition.execute(CoreStepDefinition.java:66)
	at io.cucumber.core.runner.PickleStepDefinitionMatch.runStep(PickleStepDefinitionMatch.java:63)
	at io.cucumber.core.runner.ExecutionMode$1.execute(ExecutionMode.java:10)
	at io.cucumber.core.runner.TestStep.executeStep(TestStep.java:85)
	at io.cucumber.core.runner.TestStep.run(TestStep.java:57)
	at io.cucumber.core.runner.PickleStepTestStep.run(PickleStepTestStep.java:51)
	at io.cucumber.core.runner.TestCase.run(TestCase.java:84)
	at io.cucumber.core.runner.Runner.runPickle(Runner.java:75)
	at io.cucumber.testng.TestNGCucumberRunner.lambda$runScenario$1(TestNGCucumberRunner.java:132)
	at io.cucumber.core.runtime.CucumberExecutionContext.lambda$runTestCase$5(CucumberExecutionContext.java:129)
	at io.cucumber.core.runtime.RethrowingThrowableCollector.executeAndThrow(RethrowingThrowableCollector.java:23)
	at io.cucumber.core.runtime.CucumberExecutionContext.runTestCase(CucumberExecutionContext.java:129)
	at io.cucumber.testng.TestNGCucumberRunner.runScenario(TestNGCucumberRunner.java:129)
	at io.cucumber.testng.AbstractTestNGCucumberTests.runScenario(AbstractTestNGCucumberTests.java:35)
	at java.base/jdk.internal.reflect.DirectMethodHandleAccessor.invoke(DirectMethodHandleAccessor.java:104)
	at java.base/java.lang.reflect.Method.invoke(Method.java:577)
	at org.testng.internal.invokers.MethodInvocationHelper.invokeMethod(MethodInvocationHelper.java:139)
	at org.testng.internal.invokers.TestInvoker.invokeMethod(TestInvoker.java:677)
	at org.testng.internal.invokers.TestInvoker.invokeTestMethod(TestInvoker.java:221)
	at org.testng.internal.invokers.TestMethodWithDataProviderMethodWorker.call(TestMethodWithDataProviderMethodWorker.java:80)
	at org.testng.internal.invokers.TestMethodWithDataProviderMethodWorker.call(TestMethodWithDataProviderMethodWorker.java:17)
	at java.base/java.util.concurrent.FutureTask.run(FutureTask.java:264)
	at java.base/java.util.concurrent.Executors$RunnableAdapter.call(Executors.java:539)
	at java.base/java.util.concurrent.FutureTask.run(FutureTask.java:264)
	at java.base/java.util.concurrent.ThreadPoolExecutor.runWorker(ThreadPoolExecutor.java:1136)
	at java.base/java.util.concurrent.ThreadPoolExecutor$Worker.run(ThreadPoolExecutor.java:635)
	at java.base/java.lang.Thread.run(Thread.java:833)
&amp#27;[0m
  &amp#27;[36mAnd &amp#27;[0m&amp#27;[36mthe Upgrade user accesses My Address via the hamburger link&amp#27;[0m                                            &amp#27;[90m# stepDef.Upgrade_Address_steps.theUpgradeUserClicksOnTheLinkFromTheLeftNav()&amp#27;[0m
  &amp#27;[36mWhen &amp#27;[0m&amp#27;[36mthe Upgrade user lands on Update Address page&amp#27;[0m                                                         &amp#27;[90m# stepDef.Upgrade_Address_steps.theUpgradeUserShouldBeOnTheUpdateAddressPage()&amp#27;[0m
  &amp#27;[36mThen &amp#27;[0m&amp#27;[36mthe Upgrade user should see the address they entered during registration&amp#27;[0m                              &amp#27;[90m# stepDef.Upgrade_Address_steps.theUpgradeUserShouldSeeTheAddressTheyEnteredDuringRegistration()&amp#27;[0m

    Embedding Ensure the Upgrade user's address entered during registration shows up in My Garage Update Address [image/png 156244 bytes]

]]></system-out>
    <system-err><![CDATA[ChromeDriver was started successfully.
Sep 28, 2022 8:19:52 PM org.openqa.selenium.remote.ProtocolHandshake createSession
INFO: Detected upstream dialect: W3C
Sep 28, 2022 8:19:52 PM org.openqa.selenium.devtools.CdpVersionFinder findNearestMatch
WARNING: Unable to find an exact match for CDP version 105, so returning the closest version found: 104
Sep 28, 2022 8:19:52 PM org.openqa.selenium.devtools.CdpVersionFinder findNearestMatch
INFO: Found CDP implementation for version 105 of 104
]]></system-err>
  </testcase>
  <testcase name="runScenario" classname="RunCucumberTest" time="68.824">
    <failure message="Expected condition failed: waiting for visibility of Proxy element for: DefaultElementLocator &apos;By.xpath: //h1[contains(text(),&apos;Choose Trade Option&apos;)]&apos; (tried for 20 second(s) with 500 milliseconds interval)" type="org.openqa.selenium.TimeoutException">org.openqa.selenium.TimeoutException: Expected condition failed: waiting for visibility of Proxy element for: DefaultElementLocator 'By.xpath: //h1[contains(text(),'Choose Trade Option')]' (tried for 20 second(s) with 500 milliseconds interval)
Caused by: org.openqa.selenium.NoSuchElementException: 
no such element: Unable to locate element: {"method":"xpath","selector":"//h1[contains(text(),'Choose Trade Option')]"}
  (Session info: chrome=105.0.5195.125)
For documentation on this error, please visit: https://selenium.dev/exceptions/#no_such_element
Build info: version: '4.4.0', revision: 'e5c75ed026a'
System info: host: 'SF-LAP-412.local', ip: 'fe80:0:0:0:eb:c8fe:5a40:5798%en0', os.name: 'Mac OS X', os.arch: 'aarch64', os.version: '12.6', java.version: '18.0.2.1'
Driver info: org.openqa.selenium.chrome.ChromeDriver
Command: [3f60f56b48fc8b69d758a26dede878b9, findElement {using=xpath, value=//h1[contains(text(),'Choose Trade Option')]}]
Capabilities {acceptInsecureCerts: false, browserName: chrome, browserVersion: 105.0.5195.125, chrome: {chromedriverVersion: 105.0.5195.52 (412c95e51883..., userDataDir: /var/folders/th/f4yf398x0lb...}, goog:chromeOptions: {debuggerAddress: localhost:64874}, networkConnectionEnabled: false, pageLoadStrategy: normal, platformName: MAC, proxy: Proxy(), se:cdp: ws://localhost:64874/devtoo..., se:cdpVersion: 105.0.5195.125, setWindowRect: true, strictFileInteractability: false, timeouts: {implicit: 0, pageLoad: 300000, script: 30000}, unhandledPromptBehavior: dismiss and notify, webauthn:extension:credBlob: true, webauthn:extension:largeBlob: true, webauthn:virtualAuthenticators: true}
Session ID: 3f60f56b48fc8b69d758a26dede878b9
</failure>
    <system-out><![CDATA[
@UP @UP_garage @myAddress @regression @smoke
Scenario: Ensure the Upgrade user can update the existing address from My Garage Update Address &amp#27;[90m# src/test/java/features/Upgrade/myAddress.feature:15&amp#27;[0m
  &amp#27;[32mGiven &amp#27;[0m&amp#27;[32mthe Upgrade user navigates to the homepage&amp#27;[0m                                              &amp#27;[90m# stepDef.Upgrade_Registration_SignIn_steps.theUserNavigatesToTheUpgradeHomePage()&amp#27;[0m
  &amp#27;[32mAnd &amp#27;[0m&amp#27;[32mthe Upgrade user clicks on the &amp#27;[0m&amp#27;[32m&amp#27;[1m"Sign in here"&amp#27;[0m&amp#27;[32m link from the top nav&amp#27;[0m                       &amp#27;[90m# stepDef.Upgrade_Registration_SignIn_steps.theUpgradeUserClicksOnTheLinkFromTheTopNav(java.lang.String)&amp#27;[0m
  &amp#27;[31mAnd &amp#27;[0m&amp#27;[31mthe Upgrade user creates a new profile&amp#27;[0m                                                    &amp#27;[90m# stepDef.Upgrade_Registration_SignIn_steps.theUserCreatesAnNewProfileInUP()&amp#27;[0m
      &amp#27;[31morg.openqa.selenium.TimeoutException: Expected condition failed: waiting for visibility of Proxy element for: DefaultElementLocator 'By.xpath: //h1[contains(text(),'Choose Trade Option')]' (tried for 20 second(s) with 500 milliseconds interval)
	at org.openqa.selenium.support.ui.WebDriverWait.timeoutException(WebDriverWait.java:87)
	at org.openqa.selenium.support.ui.FluentWait.until(FluentWait.java:231)
	at base.GenericFunctions.waitForElementToBeVisible(GenericFunctions.java:33)
	at pageObject.Upgrade_Registration_SignIn_page.verifyChooseTradeOption(Upgrade_Registration_SignIn_page.java:50)
	at stepDef.Upgrade_Registration_SignIn_steps.theUserCreatesAnNewProfileInUP(Upgrade_Registration_SignIn_steps.java:87)
	at ✽.the Upgrade user creates a new profile(file:///Users/manav/Documents/QATest/qa-automation-tests/src/test/java/features/Upgrade/myAddress.feature:6)
Caused by: org.openqa.selenium.NoSuchElementException: no such element: Unable to locate element: {"method":"xpath","selector":"//h1[contains(text(),'Choose Trade Option')]"}
  (Session info: chrome=105.0.5195.125)
For documentation on this error, please visit: https://selenium.dev/exceptions/#no_such_element
Build info: version: '4.4.0', revision: 'e5c75ed026a'
System info: host: 'SF-LAP-412.local', ip: 'fe80:0:0:0:eb:c8fe:5a40:5798%en0', os.name: 'Mac OS X', os.arch: 'aarch64', os.version: '12.6', java.version: '18.0.2.1'
Driver info: org.openqa.selenium.chrome.ChromeDriver
Command: [3f60f56b48fc8b69d758a26dede878b9, findElement {using=xpath, value=//h1[contains(text(),'Choose Trade Option')]}]
Capabilities {acceptInsecureCerts: false, browserName: chrome, browserVersion: 105.0.5195.125, chrome: {chromedriverVersion: 105.0.5195.52 (412c95e51883..., userDataDir: /var/folders/th/f4yf398x0lb...}, goog:chromeOptions: {debuggerAddress: localhost:64874}, networkConnectionEnabled: false, pageLoadStrategy: normal, platformName: MAC, proxy: Proxy(), se:cdp: ws://localhost:64874/devtoo..., se:cdpVersion: 105.0.5195.125, setWindowRect: true, strictFileInteractability: false, timeouts: {implicit: 0, pageLoad: 300000, script: 30000}, unhandledPromptBehavior: dismiss and notify, webauthn:extension:credBlob: true, webauthn:extension:largeBlob: true, webauthn:virtualAuthenticators: true}
Session ID: 3f60f56b48fc8b69d758a26dede878b9
	at java.base/jdk.internal.reflect.DirectConstructorHandleAccessor.newInstance(DirectConstructorHandleAccessor.java:67)
	at java.base/java.lang.reflect.Constructor.newInstanceWithCaller(Constructor.java:499)
	at java.base/java.lang.reflect.Constructor.newInstance(Constructor.java:483)
	at org.openqa.selenium.remote.codec.w3c.W3CHttpResponseCodec.createException(W3CHttpResponseCodec.java:200)
	at org.openqa.selenium.remote.codec.w3c.W3CHttpResponseCodec.decode(W3CHttpResponseCodec.java:133)
	at org.openqa.selenium.remote.codec.w3c.W3CHttpResponseCodec.decode(W3CHttpResponseCodec.java:53)
	at org.openqa.selenium.remote.HttpCommandExecutor.execute(HttpCommandExecutor.java:184)
	at org.openqa.selenium.remote.service.DriverCommandExecutor.invokeExecute(DriverCommandExecutor.java:167)
	at org.openqa.selenium.remote.service.DriverCommandExecutor.execute(DriverCommandExecutor.java:142)
	at org.openqa.selenium.remote.RemoteWebDriver.execute(RemoteWebDriver.java:547)
	at org.openqa.selenium.remote.ElementLocation$ElementFinder$2.findElement(ElementLocation.java:162)
	at org.openqa.selenium.remote.ElementLocation.findElement(ElementLocation.java:60)
	at org.openqa.selenium.remote.RemoteWebDriver.findElement(RemoteWebDriver.java:365)
	at org.openqa.selenium.remote.RemoteWebDriver.findElement(RemoteWebDriver.java:357)
	at org.openqa.selenium.support.pagefactory.DefaultElementLocator.findElement(DefaultElementLocator.java:70)
	at org.openqa.selenium.support.pagefactory.internal.LocatingElementHandler.invoke(LocatingElementHandler.java:39)
	at jdk.proxy2/jdk.proxy2.$Proxy33.isDisplayed(Unknown Source)
	at org.openqa.selenium.support.ui.ExpectedConditions.elementIfVisible(ExpectedConditions.java:307)
	at org.openqa.selenium.support.ui.ExpectedConditions.access$000(ExpectedConditions.java:40)
	at org.openqa.selenium.support.ui.ExpectedConditions$10.apply(ExpectedConditions.java:293)
	at org.openqa.selenium.support.ui.ExpectedConditions$10.apply(ExpectedConditions.java:290)
	at org.openqa.selenium.support.ui.FluentWait.until(FluentWait.java:208)
	at base.GenericFunctions.waitForElementToBeVisible(GenericFunctions.java:33)
	at pageObject.Upgrade_Registration_SignIn_page.verifyChooseTradeOption(Upgrade_Registration_SignIn_page.java:50)
	at stepDef.Upgrade_Registration_SignIn_steps.theUserCreatesAnNewProfileInUP(Upgrade_Registration_SignIn_steps.java:87)
	at java.base/jdk.internal.reflect.DirectMethodHandleAccessor.invoke(DirectMethodHandleAccessor.java:104)
	at java.base/java.lang.reflect.Method.invoke(Method.java:577)
	at io.cucumber.java.Invoker.doInvoke(Invoker.java:66)
	at io.cucumber.java.Invoker.invoke(Invoker.java:24)
	at io.cucumber.java.AbstractGlueDefinition.invokeMethod(AbstractGlueDefinition.java:47)
	at io.cucumber.java.JavaStepDefinition.execute(JavaStepDefinition.java:29)
	at io.cucumber.core.runner.CoreStepDefinition.execute(CoreStepDefinition.java:66)
	at io.cucumber.core.runner.PickleStepDefinitionMatch.runStep(PickleStepDefinitionMatch.java:63)
	at io.cucumber.core.runner.ExecutionMode$1.execute(ExecutionMode.java:10)
	at io.cucumber.core.runner.TestStep.executeStep(TestStep.java:85)
	at io.cucumber.core.runner.TestStep.run(TestStep.java:57)
	at io.cucumber.core.runner.PickleStepTestStep.run(PickleStepTestStep.java:51)
	at io.cucumber.core.runner.TestCase.run(TestCase.java:84)
	at io.cucumber.core.runner.Runner.runPickle(Runner.java:75)
	at io.cucumber.testng.TestNGCucumberRunner.lambda$runScenario$1(TestNGCucumberRunner.java:132)
	at io.cucumber.core.runtime.CucumberExecutionContext.lambda$runTestCase$5(CucumberExecutionContext.java:129)
	at io.cucumber.core.runtime.RethrowingThrowableCollector.executeAndThrow(RethrowingThrowableCollector.java:23)
	at io.cucumber.core.runtime.CucumberExecutionContext.runTestCase(CucumberExecutionContext.java:129)
	at io.cucumber.testng.TestNGCucumberRunner.runScenario(TestNGCucumberRunner.java:129)
	at io.cucumber.testng.AbstractTestNGCucumberTests.runScenario(AbstractTestNGCucumberTests.java:35)
	at java.base/jdk.internal.reflect.DirectMethodHandleAccessor.invoke(DirectMethodHandleAccessor.java:104)
	at java.base/java.lang.reflect.Method.invoke(Method.java:577)
	at org.testng.internal.invokers.MethodInvocationHelper.invokeMethod(MethodInvocationHelper.java:139)
	at org.testng.internal.invokers.TestInvoker.invokeMethod(TestInvoker.java:677)
	at org.testng.internal.invokers.TestInvoker.invokeTestMethod(TestInvoker.java:221)
	at org.testng.internal.invokers.TestMethodWithDataProviderMethodWorker.call(TestMethodWithDataProviderMethodWorker.java:80)
	at org.testng.internal.invokers.TestMethodWithDataProviderMethodWorker.call(TestMethodWithDataProviderMethodWorker.java:17)
	at java.base/java.util.concurrent.FutureTask.run(FutureTask.java:264)
	at java.base/java.util.concurrent.Executors$RunnableAdapter.call(Executors.java:539)
	at java.base/java.util.concurrent.FutureTask.run(FutureTask.java:264)
	at java.base/java.util.concurrent.ThreadPoolExecutor.runWorker(ThreadPoolExecutor.java:1136)
	at java.base/java.util.concurrent.ThreadPoolExecutor$Worker.run(ThreadPoolExecutor.java:635)
	at java.base/java.lang.Thread.run(Thread.java:833)
&amp#27;[0m
  &amp#27;[36mAnd &amp#27;[0m&amp#27;[36mthe Upgrade user accesses My Address via the hamburger link&amp#27;[0m                               &amp#27;[90m# stepDef.Upgrade_Address_steps.theUpgradeUserClicksOnTheLinkFromTheLeftNav()&amp#27;[0m
  &amp#27;[36mAnd &amp#27;[0m&amp#27;[36mthe Upgrade user enters a valid address to update&amp#27;[0m                                         &amp#27;[90m# stepDef.Upgrade_Address_steps.theUpgradeUserEntersAValidAddressToUpdate()&amp#27;[0m
  &amp#27;[36mWhen &amp#27;[0m&amp#27;[36mthe Upgrade user clicks on the Update button under My Address&amp#27;[0m                            &amp#27;[90m# stepDef.Upgrade_Address_steps.theUpgradeUserClicksOnTheUpdateButtonUnderMyAddress()&amp#27;[0m
  &amp#27;[36mThen &amp#27;[0m&amp#27;[36mthe Upgrade user should see the newly updated address&amp#27;[0m                                    &amp#27;[90m# stepDef.Upgrade_Address_steps.theUpgradeUserShouldSeeTheNewlyUpdatedAddress()&amp#27;[0m

    Embedding Ensure the Upgrade user can update the existing address from My Garage Update Address [image/png 156244 bytes]

]]></system-out>
    <system-err><![CDATA[ChromeDriver was started successfully.
Sep 28, 2022 8:21:01 PM org.openqa.selenium.remote.ProtocolHandshake createSession
INFO: Detected upstream dialect: W3C
Sep 28, 2022 8:21:01 PM org.openqa.selenium.devtools.CdpVersionFinder findNearestMatch
WARNING: Unable to find an exact match for CDP version 105, so returning the closest version found: 104
Sep 28, 2022 8:21:01 PM org.openqa.selenium.devtools.CdpVersionFinder findNearestMatch
INFO: Found CDP implementation for version 105 of 104
]]></system-err>
  </testcase>
  <testcase name="runScenario" classname="RunCucumberTest" time="68.955">
    <failure message="Expected condition failed: waiting for visibility of Proxy element for: DefaultElementLocator &apos;By.xpath: //h1[contains(text(),&apos;Choose Trade Option&apos;)]&apos; (tried for 20 second(s) with 500 milliseconds interval)" type="org.openqa.selenium.TimeoutException">org.openqa.selenium.TimeoutException: Expected condition failed: waiting for visibility of Proxy element for: DefaultElementLocator 'By.xpath: //h1[contains(text(),'Choose Trade Option')]' (tried for 20 second(s) with 500 milliseconds interval)
Caused by: org.openqa.selenium.NoSuchElementException: 
no such element: Unable to locate element: {"method":"xpath","selector":"//h1[contains(text(),'Choose Trade Option')]"}
  (Session info: chrome=105.0.5195.125)
For documentation on this error, please visit: https://selenium.dev/exceptions/#no_such_element
Build info: version: '4.4.0', revision: 'e5c75ed026a'
System info: host: 'SF-LAP-412.local', ip: 'fe80:0:0:0:eb:c8fe:5a40:5798%en0', os.name: 'Mac OS X', os.arch: 'aarch64', os.version: '12.6', java.version: '18.0.2.1'
Driver info: org.openqa.selenium.chrome.ChromeDriver
Command: [a93f114b88009956fd94d3775b419683, findElement {using=xpath, value=//h1[contains(text(),'Choose Trade Option')]}]
Capabilities {acceptInsecureCerts: false, browserName: chrome, browserVersion: 105.0.5195.125, chrome: {chromedriverVersion: 105.0.5195.52 (412c95e51883..., userDataDir: /var/folders/th/f4yf398x0lb...}, goog:chromeOptions: {debuggerAddress: localhost:65216}, networkConnectionEnabled: false, pageLoadStrategy: normal, platformName: MAC, proxy: Proxy(), se:cdp: ws://localhost:65216/devtoo..., se:cdpVersion: 105.0.5195.125, setWindowRect: true, strictFileInteractability: false, timeouts: {implicit: 0, pageLoad: 300000, script: 30000}, unhandledPromptBehavior: dismiss and notify, webauthn:extension:credBlob: true, webauthn:extension:largeBlob: true, webauthn:virtualAuthenticators: true}
Session ID: a93f114b88009956fd94d3775b419683
</failure>
    <system-out><![CDATA[
@UP @UP_garage @myAddress @regression @smoke
Scenario: Ensure the Upgrade user is not able to update the address with invalid address line 1 &amp#27;[90m# src/test/java/features/Upgrade/myAddress.feature:21&amp#27;[0m
  &amp#27;[32mGiven &amp#27;[0m&amp#27;[32mthe Upgrade user navigates to the homepage&amp#27;[0m                                              &amp#27;[90m# stepDef.Upgrade_Registration_SignIn_steps.theUserNavigatesToTheUpgradeHomePage()&amp#27;[0m
  &amp#27;[32mAnd &amp#27;[0m&amp#27;[32mthe Upgrade user clicks on the &amp#27;[0m&amp#27;[32m&amp#27;[1m"Sign in here"&amp#27;[0m&amp#27;[32m link from the top nav&amp#27;[0m                       &amp#27;[90m# stepDef.Upgrade_Registration_SignIn_steps.theUpgradeUserClicksOnTheLinkFromTheTopNav(java.lang.String)&amp#27;[0m
  &amp#27;[31mAnd &amp#27;[0m&amp#27;[31mthe Upgrade user creates a new profile&amp#27;[0m                                                    &amp#27;[90m# stepDef.Upgrade_Registration_SignIn_steps.theUserCreatesAnNewProfileInUP()&amp#27;[0m
      &amp#27;[31morg.openqa.selenium.TimeoutException: Expected condition failed: waiting for visibility of Proxy element for: DefaultElementLocator 'By.xpath: //h1[contains(text(),'Choose Trade Option')]' (tried for 20 second(s) with 500 milliseconds interval)
	at org.openqa.selenium.support.ui.WebDriverWait.timeoutException(WebDriverWait.java:87)
	at org.openqa.selenium.support.ui.FluentWait.until(FluentWait.java:231)
	at base.GenericFunctions.waitForElementToBeVisible(GenericFunctions.java:33)
	at pageObject.Upgrade_Registration_SignIn_page.verifyChooseTradeOption(Upgrade_Registration_SignIn_page.java:50)
	at stepDef.Upgrade_Registration_SignIn_steps.theUserCreatesAnNewProfileInUP(Upgrade_Registration_SignIn_steps.java:87)
	at ✽.the Upgrade user creates a new profile(file:///Users/manav/Documents/QATest/qa-automation-tests/src/test/java/features/Upgrade/myAddress.feature:6)
Caused by: org.openqa.selenium.NoSuchElementException: no such element: Unable to locate element: {"method":"xpath","selector":"//h1[contains(text(),'Choose Trade Option')]"}
  (Session info: chrome=105.0.5195.125)
For documentation on this error, please visit: https://selenium.dev/exceptions/#no_such_element
Build info: version: '4.4.0', revision: 'e5c75ed026a'
System info: host: 'SF-LAP-412.local', ip: 'fe80:0:0:0:eb:c8fe:5a40:5798%en0', os.name: 'Mac OS X', os.arch: 'aarch64', os.version: '12.6', java.version: '18.0.2.1'
Driver info: org.openqa.selenium.chrome.ChromeDriver
Command: [a93f114b88009956fd94d3775b419683, findElement {using=xpath, value=//h1[contains(text(),'Choose Trade Option')]}]
Capabilities {acceptInsecureCerts: false, browserName: chrome, browserVersion: 105.0.5195.125, chrome: {chromedriverVersion: 105.0.5195.52 (412c95e51883..., userDataDir: /var/folders/th/f4yf398x0lb...}, goog:chromeOptions: {debuggerAddress: localhost:65216}, networkConnectionEnabled: false, pageLoadStrategy: normal, platformName: MAC, proxy: Proxy(), se:cdp: ws://localhost:65216/devtoo..., se:cdpVersion: 105.0.5195.125, setWindowRect: true, strictFileInteractability: false, timeouts: {implicit: 0, pageLoad: 300000, script: 30000}, unhandledPromptBehavior: dismiss and notify, webauthn:extension:credBlob: true, webauthn:extension:largeBlob: true, webauthn:virtualAuthenticators: true}
Session ID: a93f114b88009956fd94d3775b419683
	at java.base/jdk.internal.reflect.DirectConstructorHandleAccessor.newInstance(DirectConstructorHandleAccessor.java:67)
	at java.base/java.lang.reflect.Constructor.newInstanceWithCaller(Constructor.java:499)
	at java.base/java.lang.reflect.Constructor.newInstance(Constructor.java:483)
	at org.openqa.selenium.remote.codec.w3c.W3CHttpResponseCodec.createException(W3CHttpResponseCodec.java:200)
	at org.openqa.selenium.remote.codec.w3c.W3CHttpResponseCodec.decode(W3CHttpResponseCodec.java:133)
	at org.openqa.selenium.remote.codec.w3c.W3CHttpResponseCodec.decode(W3CHttpResponseCodec.java:53)
	at org.openqa.selenium.remote.HttpCommandExecutor.execute(HttpCommandExecutor.java:184)
	at org.openqa.selenium.remote.service.DriverCommandExecutor.invokeExecute(DriverCommandExecutor.java:167)
	at org.openqa.selenium.remote.service.DriverCommandExecutor.execute(DriverCommandExecutor.java:142)
	at org.openqa.selenium.remote.RemoteWebDriver.execute(RemoteWebDriver.java:547)
	at org.openqa.selenium.remote.ElementLocation$ElementFinder$2.findElement(ElementLocation.java:162)
	at org.openqa.selenium.remote.ElementLocation.findElement(ElementLocation.java:60)
	at org.openqa.selenium.remote.RemoteWebDriver.findElement(RemoteWebDriver.java:365)
	at org.openqa.selenium.remote.RemoteWebDriver.findElement(RemoteWebDriver.java:357)
	at org.openqa.selenium.support.pagefactory.DefaultElementLocator.findElement(DefaultElementLocator.java:70)
	at org.openqa.selenium.support.pagefactory.internal.LocatingElementHandler.invoke(LocatingElementHandler.java:39)
	at jdk.proxy2/jdk.proxy2.$Proxy33.isDisplayed(Unknown Source)
	at org.openqa.selenium.support.ui.ExpectedConditions.elementIfVisible(ExpectedConditions.java:307)
	at org.openqa.selenium.support.ui.ExpectedConditions.access$000(ExpectedConditions.java:40)
	at org.openqa.selenium.support.ui.ExpectedConditions$10.apply(ExpectedConditions.java:293)
	at org.openqa.selenium.support.ui.ExpectedConditions$10.apply(ExpectedConditions.java:290)
	at org.openqa.selenium.support.ui.FluentWait.until(FluentWait.java:208)
	at base.GenericFunctions.waitForElementToBeVisible(GenericFunctions.java:33)
	at pageObject.Upgrade_Registration_SignIn_page.verifyChooseTradeOption(Upgrade_Registration_SignIn_page.java:50)
	at stepDef.Upgrade_Registration_SignIn_steps.theUserCreatesAnNewProfileInUP(Upgrade_Registration_SignIn_steps.java:87)
	at java.base/jdk.internal.reflect.DirectMethodHandleAccessor.invoke(DirectMethodHandleAccessor.java:104)
	at java.base/java.lang.reflect.Method.invoke(Method.java:577)
	at io.cucumber.java.Invoker.doInvoke(Invoker.java:66)
	at io.cucumber.java.Invoker.invoke(Invoker.java:24)
	at io.cucumber.java.AbstractGlueDefinition.invokeMethod(AbstractGlueDefinition.java:47)
	at io.cucumber.java.JavaStepDefinition.execute(JavaStepDefinition.java:29)
	at io.cucumber.core.runner.CoreStepDefinition.execute(CoreStepDefinition.java:66)
	at io.cucumber.core.runner.PickleStepDefinitionMatch.runStep(PickleStepDefinitionMatch.java:63)
	at io.cucumber.core.runner.ExecutionMode$1.execute(ExecutionMode.java:10)
	at io.cucumber.core.runner.TestStep.executeStep(TestStep.java:85)
	at io.cucumber.core.runner.TestStep.run(TestStep.java:57)
	at io.cucumber.core.runner.PickleStepTestStep.run(PickleStepTestStep.java:51)
	at io.cucumber.core.runner.TestCase.run(TestCase.java:84)
	at io.cucumber.core.runner.Runner.runPickle(Runner.java:75)
	at io.cucumber.testng.TestNGCucumberRunner.lambda$runScenario$1(TestNGCucumberRunner.java:132)
	at io.cucumber.core.runtime.CucumberExecutionContext.lambda$runTestCase$5(CucumberExecutionContext.java:129)
	at io.cucumber.core.runtime.RethrowingThrowableCollector.executeAndThrow(RethrowingThrowableCollector.java:23)
	at io.cucumber.core.runtime.CucumberExecutionContext.runTestCase(CucumberExecutionContext.java:129)
	at io.cucumber.testng.TestNGCucumberRunner.runScenario(TestNGCucumberRunner.java:129)
	at io.cucumber.testng.AbstractTestNGCucumberTests.runScenario(AbstractTestNGCucumberTests.java:35)
	at java.base/jdk.internal.reflect.DirectMethodHandleAccessor.invoke(DirectMethodHandleAccessor.java:104)
	at java.base/java.lang.reflect.Method.invoke(Method.java:577)
	at org.testng.internal.invokers.MethodInvocationHelper.invokeMethod(MethodInvocationHelper.java:139)
	at org.testng.internal.invokers.TestInvoker.invokeMethod(TestInvoker.java:677)
	at org.testng.internal.invokers.TestInvoker.invokeTestMethod(TestInvoker.java:221)
	at org.testng.internal.invokers.TestMethodWithDataProviderMethodWorker.call(TestMethodWithDataProviderMethodWorker.java:80)
	at org.testng.internal.invokers.TestMethodWithDataProviderMethodWorker.call(TestMethodWithDataProviderMethodWorker.java:17)
	at java.base/java.util.concurrent.FutureTask.run(FutureTask.java:264)
	at java.base/java.util.concurrent.Executors$RunnableAdapter.call(Executors.java:539)
	at java.base/java.util.concurrent.FutureTask.run(FutureTask.java:264)
	at java.base/java.util.concurrent.ThreadPoolExecutor.runWorker(ThreadPoolExecutor.java:1136)
	at java.base/java.util.concurrent.ThreadPoolExecutor$Worker.run(ThreadPoolExecutor.java:635)
	at java.base/java.lang.Thread.run(Thread.java:833)
&amp#27;[0m
  &amp#27;[36mAnd &amp#27;[0m&amp#27;[36mthe Upgrade user accesses My Address via the hamburger link&amp#27;[0m                               &amp#27;[90m# stepDef.Upgrade_Address_steps.theUpgradeUserClicksOnTheLinkFromTheLeftNav()&amp#27;[0m
  &amp#27;[36mAnd &amp#27;[0m&amp#27;[36mthe Upgrade user enters an invalid address to update&amp#27;[0m                                      &amp#27;[90m# stepDef.Upgrade_Address_steps.theUpgradeUserEntersAnInvalidAddressToUpdate()&amp#27;[0m
  &amp#27;[36mWhen &amp#27;[0m&amp#27;[36mthe Upgrade user clicks on the Update button under My Address&amp#27;[0m                            &amp#27;[90m# stepDef.Upgrade_Address_steps.theUpgradeUserClicksOnTheUpdateButtonUnderMyAddress()&amp#27;[0m
  &amp#27;[36mThen &amp#27;[0m&amp#27;[36mthe Upgrade user should see the &amp#27;[0m&amp#27;[36m&amp#27;[1m"Address is required"&amp#27;[0m&amp#27;[36m error message&amp#27;[0m                      &amp#27;[90m# stepDef.Upgrade_Address_steps.theUpgradeUserShouldSeeTheErrorMessage(java.lang.String)&amp#27;[0m

    Embedding Ensure the Upgrade user is not able to update the address with invalid address line 1 [image/png 153495 bytes]

]]></system-out>
    <system-err><![CDATA[ChromeDriver was started successfully.
Sep 28, 2022 8:22:10 PM org.openqa.selenium.remote.ProtocolHandshake createSession
INFO: Detected upstream dialect: W3C
Sep 28, 2022 8:22:10 PM org.openqa.selenium.devtools.CdpVersionFinder findNearestMatch
WARNING: Unable to find an exact match for CDP version 105, so returning the closest version found: 104
Sep 28, 2022 8:22:10 PM org.openqa.selenium.devtools.CdpVersionFinder findNearestMatch
INFO: Found CDP implementation for version 105 of 104
]]></system-err>
  </testcase>
  <testcase name="runScenario" classname="RunCucumberTest" time="69.217">
    <failure message="Expected condition failed: waiting for visibility of Proxy element for: DefaultElementLocator &apos;By.xpath: //h1[contains(text(),&apos;Choose Trade Option&apos;)]&apos; (tried for 20 second(s) with 500 milliseconds interval)" type="org.openqa.selenium.TimeoutException">org.openqa.selenium.TimeoutException: Expected condition failed: waiting for visibility of Proxy element for: DefaultElementLocator 'By.xpath: //h1[contains(text(),'Choose Trade Option')]' (tried for 20 second(s) with 500 milliseconds interval)
Caused by: org.openqa.selenium.NoSuchElementException: 
no such element: Unable to locate element: {"method":"xpath","selector":"//h1[contains(text(),'Choose Trade Option')]"}
  (Session info: chrome=105.0.5195.125)
For documentation on this error, please visit: https://selenium.dev/exceptions/#no_such_element
Build info: version: '4.4.0', revision: 'e5c75ed026a'
System info: host: 'SF-LAP-412.local', ip: 'fe80:0:0:0:eb:c8fe:5a40:5798%en0', os.name: 'Mac OS X', os.arch: 'aarch64', os.version: '12.6', java.version: '18.0.2.1'
Driver info: org.openqa.selenium.chrome.ChromeDriver
Command: [2fef374b0c6fca44ac7341579238c740, findElement {using=xpath, value=//h1[contains(text(),'Choose Trade Option')]}]
Capabilities {acceptInsecureCerts: false, browserName: chrome, browserVersion: 105.0.5195.125, chrome: {chromedriverVersion: 105.0.5195.52 (412c95e51883..., userDataDir: /var/folders/th/f4yf398x0lb...}, goog:chromeOptions: {debuggerAddress: localhost:49166}, networkConnectionEnabled: false, pageLoadStrategy: normal, platformName: MAC, proxy: Proxy(), se:cdp: ws://localhost:49166/devtoo..., se:cdpVersion: 105.0.5195.125, setWindowRect: true, strictFileInteractability: false, timeouts: {implicit: 0, pageLoad: 300000, script: 30000}, unhandledPromptBehavior: dismiss and notify, webauthn:extension:credBlob: true, webauthn:extension:largeBlob: true, webauthn:virtualAuthenticators: true}
Session ID: 2fef374b0c6fca44ac7341579238c740
</failure>
    <system-out><![CDATA[
@UP @UP_garage @myAppointments @regression
Scenario: Ensure the Upgrade user is able to navigate to My Appointments    &amp#27;[90m# src/test/java/features/Upgrade/myAppointments.feature:8&amp#27;[0m
  &amp#27;[32mGiven &amp#27;[0m&amp#27;[32mthe Upgrade user navigates to the homepage&amp#27;[0m                          &amp#27;[90m# stepDef.Upgrade_Registration_SignIn_steps.theUserNavigatesToTheUpgradeHomePage()&amp#27;[0m
  &amp#27;[32mAnd &amp#27;[0m&amp#27;[32mthe Upgrade user clicks on the &amp#27;[0m&amp#27;[32m&amp#27;[1m"Sign in here"&amp#27;[0m&amp#27;[32m link from the top nav&amp#27;[0m   &amp#27;[90m# stepDef.Upgrade_Registration_SignIn_steps.theUpgradeUserClicksOnTheLinkFromTheTopNav(java.lang.String)&amp#27;[0m
  &amp#27;[31mAnd &amp#27;[0m&amp#27;[31mthe Upgrade user creates a new profile&amp#27;[0m                                &amp#27;[90m# stepDef.Upgrade_Registration_SignIn_steps.theUserCreatesAnNewProfileInUP()&amp#27;[0m
      &amp#27;[31morg.openqa.selenium.TimeoutException: Expected condition failed: waiting for visibility of Proxy element for: DefaultElementLocator 'By.xpath: //h1[contains(text(),'Choose Trade Option')]' (tried for 20 second(s) with 500 milliseconds interval)
	at org.openqa.selenium.support.ui.WebDriverWait.timeoutException(WebDriverWait.java:87)
	at org.openqa.selenium.support.ui.FluentWait.until(FluentWait.java:231)
	at base.GenericFunctions.waitForElementToBeVisible(GenericFunctions.java:33)
	at pageObject.Upgrade_Registration_SignIn_page.verifyChooseTradeOption(Upgrade_Registration_SignIn_page.java:50)
	at stepDef.Upgrade_Registration_SignIn_steps.theUserCreatesAnNewProfileInUP(Upgrade_Registration_SignIn_steps.java:87)
	at ✽.the Upgrade user creates a new profile(file:///Users/manav/Documents/QATest/qa-automation-tests/src/test/java/features/Upgrade/myAppointments.feature:9)
Caused by: org.openqa.selenium.NoSuchElementException: no such element: Unable to locate element: {"method":"xpath","selector":"//h1[contains(text(),'Choose Trade Option')]"}
  (Session info: chrome=105.0.5195.125)
For documentation on this error, please visit: https://selenium.dev/exceptions/#no_such_element
Build info: version: '4.4.0', revision: 'e5c75ed026a'
System info: host: 'SF-LAP-412.local', ip: 'fe80:0:0:0:eb:c8fe:5a40:5798%en0', os.name: 'Mac OS X', os.arch: 'aarch64', os.version: '12.6', java.version: '18.0.2.1'
Driver info: org.openqa.selenium.chrome.ChromeDriver
Command: [2fef374b0c6fca44ac7341579238c740, findElement {using=xpath, value=//h1[contains(text(),'Choose Trade Option')]}]
Capabilities {acceptInsecureCerts: false, browserName: chrome, browserVersion: 105.0.5195.125, chrome: {chromedriverVersion: 105.0.5195.52 (412c95e51883..., userDataDir: /var/folders/th/f4yf398x0lb...}, goog:chromeOptions: {debuggerAddress: localhost:49166}, networkConnectionEnabled: false, pageLoadStrategy: normal, platformName: MAC, proxy: Proxy(), se:cdp: ws://localhost:49166/devtoo..., se:cdpVersion: 105.0.5195.125, setWindowRect: true, strictFileInteractability: false, timeouts: {implicit: 0, pageLoad: 300000, script: 30000}, unhandledPromptBehavior: dismiss and notify, webauthn:extension:credBlob: true, webauthn:extension:largeBlob: true, webauthn:virtualAuthenticators: true}
Session ID: 2fef374b0c6fca44ac7341579238c740
	at java.base/jdk.internal.reflect.DirectConstructorHandleAccessor.newInstance(DirectConstructorHandleAccessor.java:67)
	at java.base/java.lang.reflect.Constructor.newInstanceWithCaller(Constructor.java:499)
	at java.base/java.lang.reflect.Constructor.newInstance(Constructor.java:483)
	at org.openqa.selenium.remote.codec.w3c.W3CHttpResponseCodec.createException(W3CHttpResponseCodec.java:200)
	at org.openqa.selenium.remote.codec.w3c.W3CHttpResponseCodec.decode(W3CHttpResponseCodec.java:133)
	at org.openqa.selenium.remote.codec.w3c.W3CHttpResponseCodec.decode(W3CHttpResponseCodec.java:53)
	at org.openqa.selenium.remote.HttpCommandExecutor.execute(HttpCommandExecutor.java:184)
	at org.openqa.selenium.remote.service.DriverCommandExecutor.invokeExecute(DriverCommandExecutor.java:167)
	at org.openqa.selenium.remote.service.DriverCommandExecutor.execute(DriverCommandExecutor.java:142)
	at org.openqa.selenium.remote.RemoteWebDriver.execute(RemoteWebDriver.java:547)
	at org.openqa.selenium.remote.ElementLocation$ElementFinder$2.findElement(ElementLocation.java:162)
	at org.openqa.selenium.remote.ElementLocation.findElement(ElementLocation.java:60)
	at org.openqa.selenium.remote.RemoteWebDriver.findElement(RemoteWebDriver.java:365)
	at org.openqa.selenium.remote.RemoteWebDriver.findElement(RemoteWebDriver.java:357)
	at org.openqa.selenium.support.pagefactory.DefaultElementLocator.findElement(DefaultElementLocator.java:70)
	at org.openqa.selenium.support.pagefactory.internal.LocatingElementHandler.invoke(LocatingElementHandler.java:39)
	at jdk.proxy2/jdk.proxy2.$Proxy33.isDisplayed(Unknown Source)
	at org.openqa.selenium.support.ui.ExpectedConditions.elementIfVisible(ExpectedConditions.java:307)
	at org.openqa.selenium.support.ui.ExpectedConditions.access$000(ExpectedConditions.java:40)
	at org.openqa.selenium.support.ui.ExpectedConditions$10.apply(ExpectedConditions.java:293)
	at org.openqa.selenium.support.ui.ExpectedConditions$10.apply(ExpectedConditions.java:290)
	at org.openqa.selenium.support.ui.FluentWait.until(FluentWait.java:208)
	at base.GenericFunctions.waitForElementToBeVisible(GenericFunctions.java:33)
	at pageObject.Upgrade_Registration_SignIn_page.verifyChooseTradeOption(Upgrade_Registration_SignIn_page.java:50)
	at stepDef.Upgrade_Registration_SignIn_steps.theUserCreatesAnNewProfileInUP(Upgrade_Registration_SignIn_steps.java:87)
	at java.base/jdk.internal.reflect.DirectMethodHandleAccessor.invoke(DirectMethodHandleAccessor.java:104)
	at java.base/java.lang.reflect.Method.invoke(Method.java:577)
	at io.cucumber.java.Invoker.doInvoke(Invoker.java:66)
	at io.cucumber.java.Invoker.invoke(Invoker.java:24)
	at io.cucumber.java.AbstractGlueDefinition.invokeMethod(AbstractGlueDefinition.java:47)
	at io.cucumber.java.JavaStepDefinition.execute(JavaStepDefinition.java:29)
	at io.cucumber.core.runner.CoreStepDefinition.execute(CoreStepDefinition.java:66)
	at io.cucumber.core.runner.PickleStepDefinitionMatch.runStep(PickleStepDefinitionMatch.java:63)
	at io.cucumber.core.runner.ExecutionMode$1.execute(ExecutionMode.java:10)
	at io.cucumber.core.runner.TestStep.executeStep(TestStep.java:85)
	at io.cucumber.core.runner.TestStep.run(TestStep.java:57)
	at io.cucumber.core.runner.PickleStepTestStep.run(PickleStepTestStep.java:51)
	at io.cucumber.core.runner.TestCase.run(TestCase.java:84)
	at io.cucumber.core.runner.Runner.runPickle(Runner.java:75)
	at io.cucumber.testng.TestNGCucumberRunner.lambda$runScenario$1(TestNGCucumberRunner.java:132)
	at io.cucumber.core.runtime.CucumberExecutionContext.lambda$runTestCase$5(CucumberExecutionContext.java:129)
	at io.cucumber.core.runtime.RethrowingThrowableCollector.executeAndThrow(RethrowingThrowableCollector.java:23)
	at io.cucumber.core.runtime.CucumberExecutionContext.runTestCase(CucumberExecutionContext.java:129)
	at io.cucumber.testng.TestNGCucumberRunner.runScenario(TestNGCucumberRunner.java:129)
	at io.cucumber.testng.AbstractTestNGCucumberTests.runScenario(AbstractTestNGCucumberTests.java:35)
	at java.base/jdk.internal.reflect.DirectMethodHandleAccessor.invoke(DirectMethodHandleAccessor.java:104)
	at java.base/java.lang.reflect.Method.invoke(Method.java:577)
	at org.testng.internal.invokers.MethodInvocationHelper.invokeMethod(MethodInvocationHelper.java:139)
	at org.testng.internal.invokers.TestInvoker.invokeMethod(TestInvoker.java:677)
	at org.testng.internal.invokers.TestInvoker.invokeTestMethod(TestInvoker.java:221)
	at org.testng.internal.invokers.TestMethodWithDataProviderMethodWorker.call(TestMethodWithDataProviderMethodWorker.java:80)
	at org.testng.internal.invokers.TestMethodWithDataProviderMethodWorker.call(TestMethodWithDataProviderMethodWorker.java:17)
	at java.base/java.util.concurrent.FutureTask.run(FutureTask.java:264)
	at java.base/java.util.concurrent.Executors$RunnableAdapter.call(Executors.java:539)
	at java.base/java.util.concurrent.FutureTask.run(FutureTask.java:264)
	at java.base/java.util.concurrent.ThreadPoolExecutor.runWorker(ThreadPoolExecutor.java:1136)
	at java.base/java.util.concurrent.ThreadPoolExecutor$Worker.run(ThreadPoolExecutor.java:635)
	at java.base/java.lang.Thread.run(Thread.java:833)
&amp#27;[0m
  &amp#27;[36mAnd &amp#27;[0m&amp#27;[36mthe Upgrade user clicks on my garage from the hamburger menu&amp#27;[0m          &amp#27;[90m# stepDef.Upgrade_Appointment_steps.theUserClicksOnMyGarageFromHamburgerMenu()&amp#27;[0m
  &amp#27;[36mWhen &amp#27;[0m&amp#27;[36mthe user clicks on my appointments link from the left nev in Upgrade&amp#27;[0m &amp#27;[90m# stepDef.Upgrade_Appointment_steps.theUserClicksOnLinkFromTheLeftNevInUP()&amp#27;[0m
  &amp#27;[36mThen &amp#27;[0m&amp#27;[36mthe user should verify no appointment found message&amp#27;[0m                  &amp#27;[90m# stepDef.Upgrade_Appointment_steps.theUserShouldVerify()&amp#27;[0m

    Embedding Ensure the Upgrade user is able to navigate to My Appointments [image/png 153495 bytes]

]]></system-out>
    <system-err><![CDATA[ChromeDriver was started successfully.
Sep 28, 2022 8:23:19 PM org.openqa.selenium.remote.ProtocolHandshake createSession
INFO: Detected upstream dialect: W3C
Sep 28, 2022 8:23:19 PM org.openqa.selenium.devtools.CdpVersionFinder findNearestMatch
WARNING: Unable to find an exact match for CDP version 105, so returning the closest version found: 104
Sep 28, 2022 8:23:19 PM org.openqa.selenium.devtools.CdpVersionFinder findNearestMatch
INFO: Found CDP implementation for version 105 of 104
]]></system-err>
  </testcase>
  <testcase name="runScenario" classname="RunCucumberTest" time="69.061">
    <failure message="Expected condition failed: waiting for visibility of Proxy element for: DefaultElementLocator &apos;By.xpath: //h1[contains(text(),&apos;Choose Trade Option&apos;)]&apos; (tried for 20 second(s) with 500 milliseconds interval)" type="org.openqa.selenium.TimeoutException">org.openqa.selenium.TimeoutException: Expected condition failed: waiting for visibility of Proxy element for: DefaultElementLocator 'By.xpath: //h1[contains(text(),'Choose Trade Option')]' (tried for 20 second(s) with 500 milliseconds interval)
Caused by: org.openqa.selenium.NoSuchElementException: 
no such element: Unable to locate element: {"method":"xpath","selector":"//h1[contains(text(),'Choose Trade Option')]"}
  (Session info: chrome=105.0.5195.125)
For documentation on this error, please visit: https://selenium.dev/exceptions/#no_such_element
Build info: version: '4.4.0', revision: 'e5c75ed026a'
System info: host: 'SF-LAP-412.local', ip: 'fe80:0:0:0:eb:c8fe:5a40:5798%en0', os.name: 'Mac OS X', os.arch: 'aarch64', os.version: '12.6', java.version: '18.0.2.1'
Driver info: org.openqa.selenium.chrome.ChromeDriver
Command: [10cb01e7887383eb0f8b6e717e71a4a5, findElement {using=xpath, value=//h1[contains(text(),'Choose Trade Option')]}]
Capabilities {acceptInsecureCerts: false, browserName: chrome, browserVersion: 105.0.5195.125, chrome: {chromedriverVersion: 105.0.5195.52 (412c95e51883..., userDataDir: /var/folders/th/f4yf398x0lb...}, goog:chromeOptions: {debuggerAddress: localhost:49509}, networkConnectionEnabled: false, pageLoadStrategy: normal, platformName: MAC, proxy: Proxy(), se:cdp: ws://localhost:49509/devtoo..., se:cdpVersion: 105.0.5195.125, setWindowRect: true, strictFileInteractability: false, timeouts: {implicit: 0, pageLoad: 300000, script: 30000}, unhandledPromptBehavior: dismiss and notify, webauthn:extension:credBlob: true, webauthn:extension:largeBlob: true, webauthn:virtualAuthenticators: true}
Session ID: 10cb01e7887383eb0f8b6e717e71a4a5
</failure>
    <system-out><![CDATA[
@UP @UP_garage @myAppointments @regression @smoke
Scenario: Ensure the user can schedule a test drive and verify appointments &amp#27;[90m# src/test/java/features/Upgrade/myAppointments.feature:15&amp#27;[0m
  &amp#27;[32mGiven &amp#27;[0m&amp#27;[32mthe Upgrade user navigates to the homepage&amp#27;[0m                          &amp#27;[90m# stepDef.Upgrade_Registration_SignIn_steps.theUserNavigatesToTheUpgradeHomePage()&amp#27;[0m
  &amp#27;[32mAnd &amp#27;[0m&amp#27;[32mthe Upgrade user clicks on the &amp#27;[0m&amp#27;[32m&amp#27;[1m"Sign in here"&amp#27;[0m&amp#27;[32m link from the top nav&amp#27;[0m   &amp#27;[90m# stepDef.Upgrade_Registration_SignIn_steps.theUpgradeUserClicksOnTheLinkFromTheTopNav(java.lang.String)&amp#27;[0m
  &amp#27;[31mAnd &amp#27;[0m&amp#27;[31mthe Upgrade user creates a new profile&amp#27;[0m                                &amp#27;[90m# stepDef.Upgrade_Registration_SignIn_steps.theUserCreatesAnNewProfileInUP()&amp#27;[0m
      &amp#27;[31morg.openqa.selenium.TimeoutException: Expected condition failed: waiting for visibility of Proxy element for: DefaultElementLocator 'By.xpath: //h1[contains(text(),'Choose Trade Option')]' (tried for 20 second(s) with 500 milliseconds interval)
	at org.openqa.selenium.support.ui.WebDriverWait.timeoutException(WebDriverWait.java:87)
	at org.openqa.selenium.support.ui.FluentWait.until(FluentWait.java:231)
	at base.GenericFunctions.waitForElementToBeVisible(GenericFunctions.java:33)
	at pageObject.Upgrade_Registration_SignIn_page.verifyChooseTradeOption(Upgrade_Registration_SignIn_page.java:50)
	at stepDef.Upgrade_Registration_SignIn_steps.theUserCreatesAnNewProfileInUP(Upgrade_Registration_SignIn_steps.java:87)
	at ✽.the Upgrade user creates a new profile(file:///Users/manav/Documents/QATest/qa-automation-tests/src/test/java/features/Upgrade/myAppointments.feature:16)
Caused by: org.openqa.selenium.NoSuchElementException: no such element: Unable to locate element: {"method":"xpath","selector":"//h1[contains(text(),'Choose Trade Option')]"}
  (Session info: chrome=105.0.5195.125)
For documentation on this error, please visit: https://selenium.dev/exceptions/#no_such_element
Build info: version: '4.4.0', revision: 'e5c75ed026a'
System info: host: 'SF-LAP-412.local', ip: 'fe80:0:0:0:eb:c8fe:5a40:5798%en0', os.name: 'Mac OS X', os.arch: 'aarch64', os.version: '12.6', java.version: '18.0.2.1'
Driver info: org.openqa.selenium.chrome.ChromeDriver
Command: [10cb01e7887383eb0f8b6e717e71a4a5, findElement {using=xpath, value=//h1[contains(text(),'Choose Trade Option')]}]
Capabilities {acceptInsecureCerts: false, browserName: chrome, browserVersion: 105.0.5195.125, chrome: {chromedriverVersion: 105.0.5195.52 (412c95e51883..., userDataDir: /var/folders/th/f4yf398x0lb...}, goog:chromeOptions: {debuggerAddress: localhost:49509}, networkConnectionEnabled: false, pageLoadStrategy: normal, platformName: MAC, proxy: Proxy(), se:cdp: ws://localhost:49509/devtoo..., se:cdpVersion: 105.0.5195.125, setWindowRect: true, strictFileInteractability: false, timeouts: {implicit: 0, pageLoad: 300000, script: 30000}, unhandledPromptBehavior: dismiss and notify, webauthn:extension:credBlob: true, webauthn:extension:largeBlob: true, webauthn:virtualAuthenticators: true}
Session ID: 10cb01e7887383eb0f8b6e717e71a4a5
	at java.base/jdk.internal.reflect.DirectConstructorHandleAccessor.newInstance(DirectConstructorHandleAccessor.java:67)
	at java.base/java.lang.reflect.Constructor.newInstanceWithCaller(Constructor.java:499)
	at java.base/java.lang.reflect.Constructor.newInstance(Constructor.java:483)
	at org.openqa.selenium.remote.codec.w3c.W3CHttpResponseCodec.createException(W3CHttpResponseCodec.java:200)
	at org.openqa.selenium.remote.codec.w3c.W3CHttpResponseCodec.decode(W3CHttpResponseCodec.java:133)
	at org.openqa.selenium.remote.codec.w3c.W3CHttpResponseCodec.decode(W3CHttpResponseCodec.java:53)
	at org.openqa.selenium.remote.HttpCommandExecutor.execute(HttpCommandExecutor.java:184)
	at org.openqa.selenium.remote.service.DriverCommandExecutor.invokeExecute(DriverCommandExecutor.java:167)
	at org.openqa.selenium.remote.service.DriverCommandExecutor.execute(DriverCommandExecutor.java:142)
	at org.openqa.selenium.remote.RemoteWebDriver.execute(RemoteWebDriver.java:547)
	at org.openqa.selenium.remote.ElementLocation$ElementFinder$2.findElement(ElementLocation.java:162)
	at org.openqa.selenium.remote.ElementLocation.findElement(ElementLocation.java:60)
	at org.openqa.selenium.remote.RemoteWebDriver.findElement(RemoteWebDriver.java:365)
	at org.openqa.selenium.remote.RemoteWebDriver.findElement(RemoteWebDriver.java:357)
	at org.openqa.selenium.support.pagefactory.DefaultElementLocator.findElement(DefaultElementLocator.java:70)
	at org.openqa.selenium.support.pagefactory.internal.LocatingElementHandler.invoke(LocatingElementHandler.java:39)
	at jdk.proxy2/jdk.proxy2.$Proxy33.isDisplayed(Unknown Source)
	at org.openqa.selenium.support.ui.ExpectedConditions.elementIfVisible(ExpectedConditions.java:307)
	at org.openqa.selenium.support.ui.ExpectedConditions.access$000(ExpectedConditions.java:40)
	at org.openqa.selenium.support.ui.ExpectedConditions$10.apply(ExpectedConditions.java:293)
	at org.openqa.selenium.support.ui.ExpectedConditions$10.apply(ExpectedConditions.java:290)
	at org.openqa.selenium.support.ui.FluentWait.until(FluentWait.java:208)
	at base.GenericFunctions.waitForElementToBeVisible(GenericFunctions.java:33)
	at pageObject.Upgrade_Registration_SignIn_page.verifyChooseTradeOption(Upgrade_Registration_SignIn_page.java:50)
	at stepDef.Upgrade_Registration_SignIn_steps.theUserCreatesAnNewProfileInUP(Upgrade_Registration_SignIn_steps.java:87)
	at java.base/jdk.internal.reflect.DirectMethodHandleAccessor.invoke(DirectMethodHandleAccessor.java:104)
	at java.base/java.lang.reflect.Method.invoke(Method.java:577)
	at io.cucumber.java.Invoker.doInvoke(Invoker.java:66)
	at io.cucumber.java.Invoker.invoke(Invoker.java:24)
	at io.cucumber.java.AbstractGlueDefinition.invokeMethod(AbstractGlueDefinition.java:47)
	at io.cucumber.java.JavaStepDefinition.execute(JavaStepDefinition.java:29)
	at io.cucumber.core.runner.CoreStepDefinition.execute(CoreStepDefinition.java:66)
	at io.cucumber.core.runner.PickleStepDefinitionMatch.runStep(PickleStepDefinitionMatch.java:63)
	at io.cucumber.core.runner.ExecutionMode$1.execute(ExecutionMode.java:10)
	at io.cucumber.core.runner.TestStep.executeStep(TestStep.java:85)
	at io.cucumber.core.runner.TestStep.run(TestStep.java:57)
	at io.cucumber.core.runner.PickleStepTestStep.run(PickleStepTestStep.java:51)
	at io.cucumber.core.runner.TestCase.run(TestCase.java:84)
	at io.cucumber.core.runner.Runner.runPickle(Runner.java:75)
	at io.cucumber.testng.TestNGCucumberRunner.lambda$runScenario$1(TestNGCucumberRunner.java:132)
	at io.cucumber.core.runtime.CucumberExecutionContext.lambda$runTestCase$5(CucumberExecutionContext.java:129)
	at io.cucumber.core.runtime.RethrowingThrowableCollector.executeAndThrow(RethrowingThrowableCollector.java:23)
	at io.cucumber.core.runtime.CucumberExecutionContext.runTestCase(CucumberExecutionContext.java:129)
	at io.cucumber.testng.TestNGCucumberRunner.runScenario(TestNGCucumberRunner.java:129)
	at io.cucumber.testng.AbstractTestNGCucumberTests.runScenario(AbstractTestNGCucumberTests.java:35)
	at java.base/jdk.internal.reflect.DirectMethodHandleAccessor.invoke(DirectMethodHandleAccessor.java:104)
	at java.base/java.lang.reflect.Method.invoke(Method.java:577)
	at org.testng.internal.invokers.MethodInvocationHelper.invokeMethod(MethodInvocationHelper.java:139)
	at org.testng.internal.invokers.TestInvoker.invokeMethod(TestInvoker.java:677)
	at org.testng.internal.invokers.TestInvoker.invokeTestMethod(TestInvoker.java:221)
	at org.testng.internal.invokers.TestMethodWithDataProviderMethodWorker.call(TestMethodWithDataProviderMethodWorker.java:80)
	at org.testng.internal.invokers.TestMethodWithDataProviderMethodWorker.call(TestMethodWithDataProviderMethodWorker.java:17)
	at java.base/java.util.concurrent.FutureTask.run(FutureTask.java:264)
	at java.base/java.util.concurrent.Executors$RunnableAdapter.call(Executors.java:539)
	at java.base/java.util.concurrent.FutureTask.run(FutureTask.java:264)
	at java.base/java.util.concurrent.ThreadPoolExecutor.runWorker(ThreadPoolExecutor.java:1136)
	at java.base/java.util.concurrent.ThreadPoolExecutor$Worker.run(ThreadPoolExecutor.java:635)
	at java.base/java.lang.Thread.run(Thread.java:833)
&amp#27;[0m
  &amp#27;[36mAnd &amp#27;[0m&amp#27;[36mthe Upgrade user clicks on shop new cars via the hamburger menu&amp#27;[0m       &amp#27;[90m# stepDef.Upgrade_Registration_SignIn_steps.theUserClicksOnShopNewCarsButton()&amp#27;[0m
  &amp#27;[36mWhen &amp#27;[0m&amp#27;[36mthe Upgrade user selects vehicle and schedules test drive&amp#27;[0m            &amp#27;[90m# stepDef.Upgrade_Appointment_steps.theUserSelectsVehicleAndSchedulesTestDrive()&amp#27;[0m
  &amp#27;[36mThen &amp#27;[0m&amp#27;[36mthe user should verify appointment is scheduled&amp#27;[0m                      &amp#27;[90m# stepDef.Upgrade_Appointment_steps.theUserShouldVerifyMessageInUP()&amp#27;[0m

    Embedding Ensure the user can schedule a test drive and verify appointments [image/png 153495 bytes]

]]></system-out>
    <system-err><![CDATA[ChromeDriver was started successfully.
Sep 28, 2022 8:24:28 PM org.openqa.selenium.remote.ProtocolHandshake createSession
INFO: Detected upstream dialect: W3C
Sep 28, 2022 8:24:28 PM org.openqa.selenium.devtools.CdpVersionFinder findNearestMatch
WARNING: Unable to find an exact match for CDP version 105, so returning the closest version found: 104
Sep 28, 2022 8:24:28 PM org.openqa.selenium.devtools.CdpVersionFinder findNearestMatch
INFO: Found CDP implementation for version 105 of 104
]]></system-err>
  </testcase>
  <testcase name="runScenario" classname="RunCucumberTest" time="68.992">
    <failure message="Expected condition failed: waiting for visibility of Proxy element for: DefaultElementLocator &apos;By.xpath: //h1//span&apos; (tried for 20 second(s) with 500 milliseconds interval)" type="org.openqa.selenium.TimeoutException">org.openqa.selenium.TimeoutException: Expected condition failed: waiting for visibility of Proxy element for: DefaultElementLocator 'By.xpath: //h1//span' (tried for 20 second(s) with 500 milliseconds interval)
Caused by: org.openqa.selenium.NoSuchElementException: 
no such element: Unable to locate element: {"method":"xpath","selector":"//h1//span"}
  (Session info: chrome=105.0.5195.125)
For documentation on this error, please visit: https://selenium.dev/exceptions/#no_such_element
Build info: version: '4.4.0', revision: 'e5c75ed026a'
System info: host: 'SF-LAP-412.local', ip: 'fe80:0:0:0:eb:c8fe:5a40:5798%en0', os.name: 'Mac OS X', os.arch: 'aarch64', os.version: '12.6', java.version: '18.0.2.1'
Driver info: org.openqa.selenium.chrome.ChromeDriver
Command: [0ae84dc1b395dcdc7921202e352b2c98, findElement {using=xpath, value=//h1//span}]
Capabilities {acceptInsecureCerts: false, browserName: chrome, browserVersion: 105.0.5195.125, chrome: {chromedriverVersion: 105.0.5195.52 (412c95e51883..., userDataDir: /var/folders/th/f4yf398x0lb...}, goog:chromeOptions: {debuggerAddress: localhost:49843}, networkConnectionEnabled: false, pageLoadStrategy: normal, platformName: MAC, proxy: Proxy(), se:cdp: ws://localhost:49843/devtoo..., se:cdpVersion: 105.0.5195.125, setWindowRect: true, strictFileInteractability: false, timeouts: {implicit: 0, pageLoad: 300000, script: 30000}, unhandledPromptBehavior: dismiss and notify, webauthn:extension:credBlob: true, webauthn:extension:largeBlob: true, webauthn:virtualAuthenticators: true}
Session ID: 0ae84dc1b395dcdc7921202e352b2c98
</failure>
    <system-out><![CDATA[
@UP @UP_garage @myAppointments @regression @smoke
Scenario: Ensure the user can get directions from my appointments         &amp#27;[90m# src/test/java/features/Upgrade/myAppointments.feature:22&amp#27;[0m
  &amp#27;[32mGiven &amp#27;[0m&amp#27;[32mthe Upgrade user navigates to the homepage&amp#27;[0m                        &amp#27;[90m# stepDef.Upgrade_Registration_SignIn_steps.theUserNavigatesToTheUpgradeHomePage()&amp#27;[0m
  &amp#27;[32mAnd &amp#27;[0m&amp#27;[32mthe Upgrade user clicks on the &amp#27;[0m&amp#27;[32m&amp#27;[1m"Sign in here"&amp#27;[0m&amp#27;[32m link from the top nav&amp#27;[0m &amp#27;[90m# stepDef.Upgrade_Registration_SignIn_steps.theUpgradeUserClicksOnTheLinkFromTheTopNav(java.lang.String)&amp#27;[0m
Page has loaded
  &amp#27;[31mAnd &amp#27;[0m&amp#27;[31mthe user clicks on my appointments link from the left nev&amp#27;[0m           &amp#27;[90m# stepDef.Upgrade_Appointment_steps.theUserClicksOnLinkFromTheLeftNev()&amp#27;[0m
      &amp#27;[31morg.openqa.selenium.TimeoutException: Expected condition failed: waiting for visibility of Proxy element for: DefaultElementLocator 'By.xpath: //h1//span' (tried for 20 second(s) with 500 milliseconds interval)
	at org.openqa.selenium.support.ui.WebDriverWait.timeoutException(WebDriverWait.java:87)
	at org.openqa.selenium.support.ui.FluentWait.until(FluentWait.java:231)
	at base.GenericFunctions.waitForElementToBeVisible(GenericFunctions.java:33)
	at pageObject.Upgrade_Registration_SignIn_page.UpWelcomeBackPageWithHardCodeFirstName(Upgrade_Registration_SignIn_page.java:108)
	at stepDef.Upgrade_Appointment_steps.theUserClicksOnLinkFromTheLeftNev(Upgrade_Appointment_steps.java:73)
	at ✽.the user clicks on my appointments link from the left nev(file:///Users/manav/Documents/QATest/qa-automation-tests/src/test/java/features/Upgrade/myAppointments.feature:23)
Caused by: org.openqa.selenium.NoSuchElementException: no such element: Unable to locate element: {"method":"xpath","selector":"//h1//span"}
  (Session info: chrome=105.0.5195.125)
For documentation on this error, please visit: https://selenium.dev/exceptions/#no_such_element
Build info: version: '4.4.0', revision: 'e5c75ed026a'
System info: host: 'SF-LAP-412.local', ip: 'fe80:0:0:0:eb:c8fe:5a40:5798%en0', os.name: 'Mac OS X', os.arch: 'aarch64', os.version: '12.6', java.version: '18.0.2.1'
Driver info: org.openqa.selenium.chrome.ChromeDriver
Command: [0ae84dc1b395dcdc7921202e352b2c98, findElement {using=xpath, value=//h1//span}]
Capabilities {acceptInsecureCerts: false, browserName: chrome, browserVersion: 105.0.5195.125, chrome: {chromedriverVersion: 105.0.5195.52 (412c95e51883..., userDataDir: /var/folders/th/f4yf398x0lb...}, goog:chromeOptions: {debuggerAddress: localhost:49843}, networkConnectionEnabled: false, pageLoadStrategy: normal, platformName: MAC, proxy: Proxy(), se:cdp: ws://localhost:49843/devtoo..., se:cdpVersion: 105.0.5195.125, setWindowRect: true, strictFileInteractability: false, timeouts: {implicit: 0, pageLoad: 300000, script: 30000}, unhandledPromptBehavior: dismiss and notify, webauthn:extension:credBlob: true, webauthn:extension:largeBlob: true, webauthn:virtualAuthenticators: true}
Session ID: 0ae84dc1b395dcdc7921202e352b2c98
	at java.base/jdk.internal.reflect.DirectConstructorHandleAccessor.newInstance(DirectConstructorHandleAccessor.java:67)
	at java.base/java.lang.reflect.Constructor.newInstanceWithCaller(Constructor.java:499)
	at java.base/java.lang.reflect.Constructor.newInstance(Constructor.java:483)
	at org.openqa.selenium.remote.codec.w3c.W3CHttpResponseCodec.createException(W3CHttpResponseCodec.java:200)
	at org.openqa.selenium.remote.codec.w3c.W3CHttpResponseCodec.decode(W3CHttpResponseCodec.java:133)
	at org.openqa.selenium.remote.codec.w3c.W3CHttpResponseCodec.decode(W3CHttpResponseCodec.java:53)
	at org.openqa.selenium.remote.HttpCommandExecutor.execute(HttpCommandExecutor.java:184)
	at org.openqa.selenium.remote.service.DriverCommandExecutor.invokeExecute(DriverCommandExecutor.java:167)
	at org.openqa.selenium.remote.service.DriverCommandExecutor.execute(DriverCommandExecutor.java:142)
	at org.openqa.selenium.remote.RemoteWebDriver.execute(RemoteWebDriver.java:547)
	at org.openqa.selenium.remote.ElementLocation$ElementFinder$2.findElement(ElementLocation.java:162)
	at org.openqa.selenium.remote.ElementLocation.findElement(ElementLocation.java:60)
	at org.openqa.selenium.remote.RemoteWebDriver.findElement(RemoteWebDriver.java:365)
	at org.openqa.selenium.remote.RemoteWebDriver.findElement(RemoteWebDriver.java:357)
	at org.openqa.selenium.support.pagefactory.DefaultElementLocator.findElement(DefaultElementLocator.java:70)
	at org.openqa.selenium.support.pagefactory.internal.LocatingElementHandler.invoke(LocatingElementHandler.java:39)
	at jdk.proxy2/jdk.proxy2.$Proxy33.isDisplayed(Unknown Source)
	at org.openqa.selenium.support.ui.ExpectedConditions.elementIfVisible(ExpectedConditions.java:307)
	at org.openqa.selenium.support.ui.ExpectedConditions.access$000(ExpectedConditions.java:40)
	at org.openqa.selenium.support.ui.ExpectedConditions$10.apply(ExpectedConditions.java:293)
	at org.openqa.selenium.support.ui.ExpectedConditions$10.apply(ExpectedConditions.java:290)
	at org.openqa.selenium.support.ui.FluentWait.until(FluentWait.java:208)
	at base.GenericFunctions.waitForElementToBeVisible(GenericFunctions.java:33)
	at pageObject.Upgrade_Registration_SignIn_page.UpWelcomeBackPageWithHardCodeFirstName(Upgrade_Registration_SignIn_page.java:108)
	at stepDef.Upgrade_Appointment_steps.theUserClicksOnLinkFromTheLeftNev(Upgrade_Appointment_steps.java:73)
	at java.base/jdk.internal.reflect.DirectMethodHandleAccessor.invoke(DirectMethodHandleAccessor.java:104)
	at java.base/java.lang.reflect.Method.invoke(Method.java:577)
	at io.cucumber.java.Invoker.doInvoke(Invoker.java:66)
	at io.cucumber.java.Invoker.invoke(Invoker.java:24)
	at io.cucumber.java.AbstractGlueDefinition.invokeMethod(AbstractGlueDefinition.java:47)
	at io.cucumber.java.JavaStepDefinition.execute(JavaStepDefinition.java:29)
	at io.cucumber.core.runner.CoreStepDefinition.execute(CoreStepDefinition.java:66)
	at io.cucumber.core.runner.PickleStepDefinitionMatch.runStep(PickleStepDefinitionMatch.java:63)
	at io.cucumber.core.runner.ExecutionMode$1.execute(ExecutionMode.java:10)
	at io.cucumber.core.runner.TestStep.executeStep(TestStep.java:85)
	at io.cucumber.core.runner.TestStep.run(TestStep.java:57)
	at io.cucumber.core.runner.PickleStepTestStep.run(PickleStepTestStep.java:51)
	at io.cucumber.core.runner.TestCase.run(TestCase.java:84)
	at io.cucumber.core.runner.Runner.runPickle(Runner.java:75)
	at io.cucumber.testng.TestNGCucumberRunner.lambda$runScenario$1(TestNGCucumberRunner.java:132)
	at io.cucumber.core.runtime.CucumberExecutionContext.lambda$runTestCase$5(CucumberExecutionContext.java:129)
	at io.cucumber.core.runtime.RethrowingThrowableCollector.executeAndThrow(RethrowingThrowableCollector.java:23)
	at io.cucumber.core.runtime.CucumberExecutionContext.runTestCase(CucumberExecutionContext.java:129)
	at io.cucumber.testng.TestNGCucumberRunner.runScenario(TestNGCucumberRunner.java:129)
	at io.cucumber.testng.AbstractTestNGCucumberTests.runScenario(AbstractTestNGCucumberTests.java:35)
	at java.base/jdk.internal.reflect.DirectMethodHandleAccessor.invoke(DirectMethodHandleAccessor.java:104)
	at java.base/java.lang.reflect.Method.invoke(Method.java:577)
	at org.testng.internal.invokers.MethodInvocationHelper.invokeMethod(MethodInvocationHelper.java:139)
	at org.testng.internal.invokers.TestInvoker.invokeMethod(TestInvoker.java:677)
	at org.testng.internal.invokers.TestInvoker.invokeTestMethod(TestInvoker.java:221)
	at org.testng.internal.invokers.TestMethodWithDataProviderMethodWorker.call(TestMethodWithDataProviderMethodWorker.java:80)
	at org.testng.internal.invokers.TestMethodWithDataProviderMethodWorker.call(TestMethodWithDataProviderMethodWorker.java:17)
	at java.base/java.util.concurrent.FutureTask.run(FutureTask.java:264)
	at java.base/java.util.concurrent.Executors$RunnableAdapter.call(Executors.java:539)
	at java.base/java.util.concurrent.FutureTask.run(FutureTask.java:264)
	at java.base/java.util.concurrent.ThreadPoolExecutor.runWorker(ThreadPoolExecutor.java:1136)
	at java.base/java.util.concurrent.ThreadPoolExecutor$Worker.run(ThreadPoolExecutor.java:635)
	at java.base/java.lang.Thread.run(Thread.java:833)
&amp#27;[0m
  &amp#27;[36mWhen &amp#27;[0m&amp#27;[36mthe user clicks on get directions link from my appointments&amp#27;[0m        &amp#27;[90m# stepDef.Upgrade_Appointment_steps.theUserClicksOnLinkFromMyAppointments()&amp#27;[0m
  &amp#27;[36mThen &amp#27;[0m&amp#27;[36mthe user should be navigated to google map page&amp#27;[0m                    &amp#27;[90m# stepDef.Upgrade_Appointment_steps.theUserShouldBeNavigatedToGoogleMapPage()&amp#27;[0m

    Embedding Ensure the user can get directions from my appointments [image/png 1699324 bytes]

]]></system-out>
    <system-err><![CDATA[ChromeDriver was started successfully.
Sep 28, 2022 8:25:37 PM org.openqa.selenium.remote.ProtocolHandshake createSession
INFO: Detected upstream dialect: W3C
Sep 28, 2022 8:25:37 PM org.openqa.selenium.devtools.CdpVersionFinder findNearestMatch
WARNING: Unable to find an exact match for CDP version 105, so returning the closest version found: 104
Sep 28, 2022 8:25:37 PM org.openqa.selenium.devtools.CdpVersionFinder findNearestMatch
INFO: Found CDP implementation for version 105 of 104
]]></system-err>
  </testcase>
  <testcase name="runScenario" classname="RunCucumberTest" time="69.102">
    <failure message="Expected condition failed: waiting for visibility of Proxy element for: DefaultElementLocator &apos;By.xpath: //h1//span&apos; (tried for 20 second(s) with 500 milliseconds interval)" type="org.openqa.selenium.TimeoutException">org.openqa.selenium.TimeoutException: Expected condition failed: waiting for visibility of Proxy element for: DefaultElementLocator 'By.xpath: //h1//span' (tried for 20 second(s) with 500 milliseconds interval)
Caused by: org.openqa.selenium.NoSuchElementException: 
no such element: Unable to locate element: {"method":"xpath","selector":"//h1//span"}
  (Session info: chrome=105.0.5195.125)
For documentation on this error, please visit: https://selenium.dev/exceptions/#no_such_element
Build info: version: '4.4.0', revision: 'e5c75ed026a'
System info: host: 'SF-LAP-412.local', ip: 'fe80:0:0:0:eb:c8fe:5a40:5798%en0', os.name: 'Mac OS X', os.arch: 'aarch64', os.version: '12.6', java.version: '18.0.2.1'
Driver info: org.openqa.selenium.chrome.ChromeDriver
Command: [253e86acfcaf68995b72a9764dd60d5a, findElement {using=xpath, value=//h1//span}]
Capabilities {acceptInsecureCerts: false, browserName: chrome, browserVersion: 105.0.5195.125, chrome: {chromedriverVersion: 105.0.5195.52 (412c95e51883..., userDataDir: /var/folders/th/f4yf398x0lb...}, goog:chromeOptions: {debuggerAddress: localhost:50171}, networkConnectionEnabled: false, pageLoadStrategy: normal, platformName: MAC, proxy: Proxy(), se:cdp: ws://localhost:50171/devtoo..., se:cdpVersion: 105.0.5195.125, setWindowRect: true, strictFileInteractability: false, timeouts: {implicit: 0, pageLoad: 300000, script: 30000}, unhandledPromptBehavior: dismiss and notify, webauthn:extension:credBlob: true, webauthn:extension:largeBlob: true, webauthn:virtualAuthenticators: true}
Session ID: 253e86acfcaf68995b72a9764dd60d5a
</failure>
    <system-out><![CDATA[
@UP @UP_garage @myAppointments @regression @smoke
Scenario: Ensure the user can view details from my appointments           &amp#27;[90m# src/test/java/features/Upgrade/myAppointments.feature:28&amp#27;[0m
  &amp#27;[32mGiven &amp#27;[0m&amp#27;[32mthe Upgrade user navigates to the homepage&amp#27;[0m                        &amp#27;[90m# stepDef.Upgrade_Registration_SignIn_steps.theUserNavigatesToTheUpgradeHomePage()&amp#27;[0m
  &amp#27;[32mAnd &amp#27;[0m&amp#27;[32mthe Upgrade user clicks on the &amp#27;[0m&amp#27;[32m&amp#27;[1m"Sign in here"&amp#27;[0m&amp#27;[32m link from the top nav&amp#27;[0m &amp#27;[90m# stepDef.Upgrade_Registration_SignIn_steps.theUpgradeUserClicksOnTheLinkFromTheTopNav(java.lang.String)&amp#27;[0m
Page has loaded
  &amp#27;[31mAnd &amp#27;[0m&amp#27;[31mthe user clicks on my appointments link from the left nev&amp#27;[0m           &amp#27;[90m# stepDef.Upgrade_Appointment_steps.theUserClicksOnLinkFromTheLeftNev()&amp#27;[0m
      &amp#27;[31morg.openqa.selenium.TimeoutException: Expected condition failed: waiting for visibility of Proxy element for: DefaultElementLocator 'By.xpath: //h1//span' (tried for 20 second(s) with 500 milliseconds interval)
	at org.openqa.selenium.support.ui.WebDriverWait.timeoutException(WebDriverWait.java:87)
	at org.openqa.selenium.support.ui.FluentWait.until(FluentWait.java:231)
	at base.GenericFunctions.waitForElementToBeVisible(GenericFunctions.java:33)
	at pageObject.Upgrade_Registration_SignIn_page.UpWelcomeBackPageWithHardCodeFirstName(Upgrade_Registration_SignIn_page.java:108)
	at stepDef.Upgrade_Appointment_steps.theUserClicksOnLinkFromTheLeftNev(Upgrade_Appointment_steps.java:73)
	at ✽.the user clicks on my appointments link from the left nev(file:///Users/manav/Documents/QATest/qa-automation-tests/src/test/java/features/Upgrade/myAppointments.feature:29)
Caused by: org.openqa.selenium.NoSuchElementException: no such element: Unable to locate element: {"method":"xpath","selector":"//h1//span"}
  (Session info: chrome=105.0.5195.125)
For documentation on this error, please visit: https://selenium.dev/exceptions/#no_such_element
Build info: version: '4.4.0', revision: 'e5c75ed026a'
System info: host: 'SF-LAP-412.local', ip: 'fe80:0:0:0:eb:c8fe:5a40:5798%en0', os.name: 'Mac OS X', os.arch: 'aarch64', os.version: '12.6', java.version: '18.0.2.1'
Driver info: org.openqa.selenium.chrome.ChromeDriver
Command: [253e86acfcaf68995b72a9764dd60d5a, findElement {using=xpath, value=//h1//span}]
Capabilities {acceptInsecureCerts: false, browserName: chrome, browserVersion: 105.0.5195.125, chrome: {chromedriverVersion: 105.0.5195.52 (412c95e51883..., userDataDir: /var/folders/th/f4yf398x0lb...}, goog:chromeOptions: {debuggerAddress: localhost:50171}, networkConnectionEnabled: false, pageLoadStrategy: normal, platformName: MAC, proxy: Proxy(), se:cdp: ws://localhost:50171/devtoo..., se:cdpVersion: 105.0.5195.125, setWindowRect: true, strictFileInteractability: false, timeouts: {implicit: 0, pageLoad: 300000, script: 30000}, unhandledPromptBehavior: dismiss and notify, webauthn:extension:credBlob: true, webauthn:extension:largeBlob: true, webauthn:virtualAuthenticators: true}
Session ID: 253e86acfcaf68995b72a9764dd60d5a
	at java.base/jdk.internal.reflect.DirectConstructorHandleAccessor.newInstance(DirectConstructorHandleAccessor.java:67)
	at java.base/java.lang.reflect.Constructor.newInstanceWithCaller(Constructor.java:499)
	at java.base/java.lang.reflect.Constructor.newInstance(Constructor.java:483)
	at org.openqa.selenium.remote.codec.w3c.W3CHttpResponseCodec.createException(W3CHttpResponseCodec.java:200)
	at org.openqa.selenium.remote.codec.w3c.W3CHttpResponseCodec.decode(W3CHttpResponseCodec.java:133)
	at org.openqa.selenium.remote.codec.w3c.W3CHttpResponseCodec.decode(W3CHttpResponseCodec.java:53)
	at org.openqa.selenium.remote.HttpCommandExecutor.execute(HttpCommandExecutor.java:184)
	at org.openqa.selenium.remote.service.DriverCommandExecutor.invokeExecute(DriverCommandExecutor.java:167)
	at org.openqa.selenium.remote.service.DriverCommandExecutor.execute(DriverCommandExecutor.java:142)
	at org.openqa.selenium.remote.RemoteWebDriver.execute(RemoteWebDriver.java:547)
	at org.openqa.selenium.remote.ElementLocation$ElementFinder$2.findElement(ElementLocation.java:162)
	at org.openqa.selenium.remote.ElementLocation.findElement(ElementLocation.java:60)
	at org.openqa.selenium.remote.RemoteWebDriver.findElement(RemoteWebDriver.java:365)
	at org.openqa.selenium.remote.RemoteWebDriver.findElement(RemoteWebDriver.java:357)
	at org.openqa.selenium.support.pagefactory.DefaultElementLocator.findElement(DefaultElementLocator.java:70)
	at org.openqa.selenium.support.pagefactory.internal.LocatingElementHandler.invoke(LocatingElementHandler.java:39)
	at jdk.proxy2/jdk.proxy2.$Proxy33.isDisplayed(Unknown Source)
	at org.openqa.selenium.support.ui.ExpectedConditions.elementIfVisible(ExpectedConditions.java:307)
	at org.openqa.selenium.support.ui.ExpectedConditions.access$000(ExpectedConditions.java:40)
	at org.openqa.selenium.support.ui.ExpectedConditions$10.apply(ExpectedConditions.java:293)
	at org.openqa.selenium.support.ui.ExpectedConditions$10.apply(ExpectedConditions.java:290)
	at org.openqa.selenium.support.ui.FluentWait.until(FluentWait.java:208)
	at base.GenericFunctions.waitForElementToBeVisible(GenericFunctions.java:33)
	at pageObject.Upgrade_Registration_SignIn_page.UpWelcomeBackPageWithHardCodeFirstName(Upgrade_Registration_SignIn_page.java:108)
	at stepDef.Upgrade_Appointment_steps.theUserClicksOnLinkFromTheLeftNev(Upgrade_Appointment_steps.java:73)
	at java.base/jdk.internal.reflect.DirectMethodHandleAccessor.invoke(DirectMethodHandleAccessor.java:104)
	at java.base/java.lang.reflect.Method.invoke(Method.java:577)
	at io.cucumber.java.Invoker.doInvoke(Invoker.java:66)
	at io.cucumber.java.Invoker.invoke(Invoker.java:24)
	at io.cucumber.java.AbstractGlueDefinition.invokeMethod(AbstractGlueDefinition.java:47)
	at io.cucumber.java.JavaStepDefinition.execute(JavaStepDefinition.java:29)
	at io.cucumber.core.runner.CoreStepDefinition.execute(CoreStepDefinition.java:66)
	at io.cucumber.core.runner.PickleStepDefinitionMatch.runStep(PickleStepDefinitionMatch.java:63)
	at io.cucumber.core.runner.ExecutionMode$1.execute(ExecutionMode.java:10)
	at io.cucumber.core.runner.TestStep.executeStep(TestStep.java:85)
	at io.cucumber.core.runner.TestStep.run(TestStep.java:57)
	at io.cucumber.core.runner.PickleStepTestStep.run(PickleStepTestStep.java:51)
	at io.cucumber.core.runner.TestCase.run(TestCase.java:84)
	at io.cucumber.core.runner.Runner.runPickle(Runner.java:75)
	at io.cucumber.testng.TestNGCucumberRunner.lambda$runScenario$1(TestNGCucumberRunner.java:132)
	at io.cucumber.core.runtime.CucumberExecutionContext.lambda$runTestCase$5(CucumberExecutionContext.java:129)
	at io.cucumber.core.runtime.RethrowingThrowableCollector.executeAndThrow(RethrowingThrowableCollector.java:23)
	at io.cucumber.core.runtime.CucumberExecutionContext.runTestCase(CucumberExecutionContext.java:129)
	at io.cucumber.testng.TestNGCucumberRunner.runScenario(TestNGCucumberRunner.java:129)
	at io.cucumber.testng.AbstractTestNGCucumberTests.runScenario(AbstractTestNGCucumberTests.java:35)
	at java.base/jdk.internal.reflect.DirectMethodHandleAccessor.invoke(DirectMethodHandleAccessor.java:104)
	at java.base/java.lang.reflect.Method.invoke(Method.java:577)
	at org.testng.internal.invokers.MethodInvocationHelper.invokeMethod(MethodInvocationHelper.java:139)
	at org.testng.internal.invokers.TestInvoker.invokeMethod(TestInvoker.java:677)
	at org.testng.internal.invokers.TestInvoker.invokeTestMethod(TestInvoker.java:221)
	at org.testng.internal.invokers.TestMethodWithDataProviderMethodWorker.call(TestMethodWithDataProviderMethodWorker.java:80)
	at org.testng.internal.invokers.TestMethodWithDataProviderMethodWorker.call(TestMethodWithDataProviderMethodWorker.java:17)
	at java.base/java.util.concurrent.FutureTask.run(FutureTask.java:264)
	at java.base/java.util.concurrent.Executors$RunnableAdapter.call(Executors.java:539)
	at java.base/java.util.concurrent.FutureTask.run(FutureTask.java:264)
	at java.base/java.util.concurrent.ThreadPoolExecutor.runWorker(ThreadPoolExecutor.java:1136)
	at java.base/java.util.concurrent.ThreadPoolExecutor$Worker.run(ThreadPoolExecutor.java:635)
	at java.base/java.lang.Thread.run(Thread.java:833)
&amp#27;[0m
  &amp#27;[36mWhen &amp#27;[0m&amp#27;[36mthe user clicks on view details link on my appointments&amp#27;[0m            &amp#27;[90m# stepDef.Upgrade_Appointment_steps.theUserClicksOnLinkOnMyAppointments()&amp#27;[0m
  &amp#27;[36mThen &amp#27;[0m&amp#27;[36mthe user copy deal and saves the deal&amp#27;[0m                              &amp#27;[90m# stepDef.Upgrade_Appointment_steps.theUserCopyDealAndSavesTheDeal()&amp#27;[0m

    Embedding Ensure the user can view details from my appointments [image/png 1698885 bytes]

]]></system-out>
    <system-err><![CDATA[ChromeDriver was started successfully.
Sep 28, 2022 8:26:46 PM org.openqa.selenium.remote.ProtocolHandshake createSession
INFO: Detected upstream dialect: W3C
Sep 28, 2022 8:26:46 PM org.openqa.selenium.devtools.CdpVersionFinder findNearestMatch
WARNING: Unable to find an exact match for CDP version 105, so returning the closest version found: 104
Sep 28, 2022 8:26:46 PM org.openqa.selenium.devtools.CdpVersionFinder findNearestMatch
INFO: Found CDP implementation for version 105 of 104
]]></system-err>
  </testcase>
  <testcase name="runScenario" classname="RunCucumberTest" time="71.255">
    <failure message="Expected condition failed: waiting for visibility of Proxy element for: DefaultElementLocator &apos;By.xpath: //h1[contains(text(),&apos;Choose Trade Option&apos;)]&apos; (tried for 20 second(s) with 500 milliseconds interval)" type="org.openqa.selenium.TimeoutException">org.openqa.selenium.TimeoutException: Expected condition failed: waiting for visibility of Proxy element for: DefaultElementLocator 'By.xpath: //h1[contains(text(),'Choose Trade Option')]' (tried for 20 second(s) with 500 milliseconds interval)
Caused by: org.openqa.selenium.NoSuchElementException: 
no such element: Unable to locate element: {"method":"xpath","selector":"//h1[contains(text(),'Choose Trade Option')]"}
  (Session info: chrome=105.0.5195.125)
For documentation on this error, please visit: https://selenium.dev/exceptions/#no_such_element
Build info: version: '4.4.0', revision: 'e5c75ed026a'
System info: host: 'SF-LAP-412.local', ip: 'fe80:0:0:0:eb:c8fe:5a40:5798%en0', os.name: 'Mac OS X', os.arch: 'aarch64', os.version: '12.6', java.version: '18.0.2.1'
Driver info: org.openqa.selenium.chrome.ChromeDriver
Command: [ed6fc87a388d82fbee96ed9595143ea1, findElement {using=xpath, value=//h1[contains(text(),'Choose Trade Option')]}]
Capabilities {acceptInsecureCerts: false, browserName: chrome, browserVersion: 105.0.5195.125, chrome: {chromedriverVersion: 105.0.5195.52 (412c95e51883..., userDataDir: /var/folders/th/f4yf398x0lb...}, goog:chromeOptions: {debuggerAddress: localhost:50500}, networkConnectionEnabled: false, pageLoadStrategy: normal, platformName: MAC, proxy: Proxy(), se:cdp: ws://localhost:50500/devtoo..., se:cdpVersion: 105.0.5195.125, setWindowRect: true, strictFileInteractability: false, timeouts: {implicit: 0, pageLoad: 300000, script: 30000}, unhandledPromptBehavior: dismiss and notify, webauthn:extension:credBlob: true, webauthn:extension:largeBlob: true, webauthn:virtualAuthenticators: true}
Session ID: ed6fc87a388d82fbee96ed9595143ea1
</failure>
    <system-out><![CDATA[
@UP @UP_garage @myPassword @regression
Scenario: Ensure the Upgrade user's old password and new password fields are required &amp#27;[90m# src/test/java/features/Upgrade/myPassword.feature:11&amp#27;[0m
  &amp#27;[32mGiven &amp#27;[0m&amp#27;[32mthe Upgrade user navigates to the homepage&amp#27;[0m                                    &amp#27;[90m# stepDef.Upgrade_Registration_SignIn_steps.theUserNavigatesToTheUpgradeHomePage()&amp#27;[0m
  &amp#27;[32mAnd &amp#27;[0m&amp#27;[32mthe Upgrade user clicks on the &amp#27;[0m&amp#27;[32m&amp#27;[1m"Sign in here"&amp#27;[0m&amp#27;[32m link from the top nav&amp#27;[0m             &amp#27;[90m# stepDef.Upgrade_Registration_SignIn_steps.theUpgradeUserClicksOnTheLinkFromTheTopNav(java.lang.String)&amp#27;[0m
  &amp#27;[31mAnd &amp#27;[0m&amp#27;[31mthe Upgrade user creates a new profile&amp#27;[0m                                          &amp#27;[90m# stepDef.Upgrade_Registration_SignIn_steps.theUserCreatesAnNewProfileInUP()&amp#27;[0m
      &amp#27;[31morg.openqa.selenium.TimeoutException: Expected condition failed: waiting for visibility of Proxy element for: DefaultElementLocator 'By.xpath: //h1[contains(text(),'Choose Trade Option')]' (tried for 20 second(s) with 500 milliseconds interval)
	at org.openqa.selenium.support.ui.WebDriverWait.timeoutException(WebDriverWait.java:87)
	at org.openqa.selenium.support.ui.FluentWait.until(FluentWait.java:231)
	at base.GenericFunctions.waitForElementToBeVisible(GenericFunctions.java:33)
	at pageObject.Upgrade_Registration_SignIn_page.verifyChooseTradeOption(Upgrade_Registration_SignIn_page.java:50)
	at stepDef.Upgrade_Registration_SignIn_steps.theUserCreatesAnNewProfileInUP(Upgrade_Registration_SignIn_steps.java:87)
	at ✽.the Upgrade user creates a new profile(file:///Users/manav/Documents/QATest/qa-automation-tests/src/test/java/features/Upgrade/myPassword.feature:6)
Caused by: org.openqa.selenium.NoSuchElementException: no such element: Unable to locate element: {"method":"xpath","selector":"//h1[contains(text(),'Choose Trade Option')]"}
  (Session info: chrome=105.0.5195.125)
For documentation on this error, please visit: https://selenium.dev/exceptions/#no_such_element
Build info: version: '4.4.0', revision: 'e5c75ed026a'
System info: host: 'SF-LAP-412.local', ip: 'fe80:0:0:0:eb:c8fe:5a40:5798%en0', os.name: 'Mac OS X', os.arch: 'aarch64', os.version: '12.6', java.version: '18.0.2.1'
Driver info: org.openqa.selenium.chrome.ChromeDriver
Command: [ed6fc87a388d82fbee96ed9595143ea1, findElement {using=xpath, value=//h1[contains(text(),'Choose Trade Option')]}]
Capabilities {acceptInsecureCerts: false, browserName: chrome, browserVersion: 105.0.5195.125, chrome: {chromedriverVersion: 105.0.5195.52 (412c95e51883..., userDataDir: /var/folders/th/f4yf398x0lb...}, goog:chromeOptions: {debuggerAddress: localhost:50500}, networkConnectionEnabled: false, pageLoadStrategy: normal, platformName: MAC, proxy: Proxy(), se:cdp: ws://localhost:50500/devtoo..., se:cdpVersion: 105.0.5195.125, setWindowRect: true, strictFileInteractability: false, timeouts: {implicit: 0, pageLoad: 300000, script: 30000}, unhandledPromptBehavior: dismiss and notify, webauthn:extension:credBlob: true, webauthn:extension:largeBlob: true, webauthn:virtualAuthenticators: true}
Session ID: ed6fc87a388d82fbee96ed9595143ea1
	at java.base/jdk.internal.reflect.DirectConstructorHandleAccessor.newInstance(DirectConstructorHandleAccessor.java:67)
	at java.base/java.lang.reflect.Constructor.newInstanceWithCaller(Constructor.java:499)
	at java.base/java.lang.reflect.Constructor.newInstance(Constructor.java:483)
	at org.openqa.selenium.remote.codec.w3c.W3CHttpResponseCodec.createException(W3CHttpResponseCodec.java:200)
	at org.openqa.selenium.remote.codec.w3c.W3CHttpResponseCodec.decode(W3CHttpResponseCodec.java:133)
	at org.openqa.selenium.remote.codec.w3c.W3CHttpResponseCodec.decode(W3CHttpResponseCodec.java:53)
	at org.openqa.selenium.remote.HttpCommandExecutor.execute(HttpCommandExecutor.java:184)
	at org.openqa.selenium.remote.service.DriverCommandExecutor.invokeExecute(DriverCommandExecutor.java:167)
	at org.openqa.selenium.remote.service.DriverCommandExecutor.execute(DriverCommandExecutor.java:142)
	at org.openqa.selenium.remote.RemoteWebDriver.execute(RemoteWebDriver.java:547)
	at org.openqa.selenium.remote.ElementLocation$ElementFinder$2.findElement(ElementLocation.java:162)
	at org.openqa.selenium.remote.ElementLocation.findElement(ElementLocation.java:60)
	at org.openqa.selenium.remote.RemoteWebDriver.findElement(RemoteWebDriver.java:365)
	at org.openqa.selenium.remote.RemoteWebDriver.findElement(RemoteWebDriver.java:357)
	at org.openqa.selenium.support.pagefactory.DefaultElementLocator.findElement(DefaultElementLocator.java:70)
	at org.openqa.selenium.support.pagefactory.internal.LocatingElementHandler.invoke(LocatingElementHandler.java:39)
	at jdk.proxy2/jdk.proxy2.$Proxy33.isDisplayed(Unknown Source)
	at org.openqa.selenium.support.ui.ExpectedConditions.elementIfVisible(ExpectedConditions.java:307)
	at org.openqa.selenium.support.ui.ExpectedConditions.access$000(ExpectedConditions.java:40)
	at org.openqa.selenium.support.ui.ExpectedConditions$10.apply(ExpectedConditions.java:293)
	at org.openqa.selenium.support.ui.ExpectedConditions$10.apply(ExpectedConditions.java:290)
	at org.openqa.selenium.support.ui.FluentWait.until(FluentWait.java:208)
	at base.GenericFunctions.waitForElementToBeVisible(GenericFunctions.java:33)
	at pageObject.Upgrade_Registration_SignIn_page.verifyChooseTradeOption(Upgrade_Registration_SignIn_page.java:50)
	at stepDef.Upgrade_Registration_SignIn_steps.theUserCreatesAnNewProfileInUP(Upgrade_Registration_SignIn_steps.java:87)
	at java.base/jdk.internal.reflect.DirectMethodHandleAccessor.invoke(DirectMethodHandleAccessor.java:104)
	at java.base/java.lang.reflect.Method.invoke(Method.java:577)
	at io.cucumber.java.Invoker.doInvoke(Invoker.java:66)
	at io.cucumber.java.Invoker.invoke(Invoker.java:24)
	at io.cucumber.java.AbstractGlueDefinition.invokeMethod(AbstractGlueDefinition.java:47)
	at io.cucumber.java.JavaStepDefinition.execute(JavaStepDefinition.java:29)
	at io.cucumber.core.runner.CoreStepDefinition.execute(CoreStepDefinition.java:66)
	at io.cucumber.core.runner.PickleStepDefinitionMatch.runStep(PickleStepDefinitionMatch.java:63)
	at io.cucumber.core.runner.ExecutionMode$1.execute(ExecutionMode.java:10)
	at io.cucumber.core.runner.TestStep.executeStep(TestStep.java:85)
	at io.cucumber.core.runner.TestStep.run(TestStep.java:57)
	at io.cucumber.core.runner.PickleStepTestStep.run(PickleStepTestStep.java:51)
	at io.cucumber.core.runner.TestCase.run(TestCase.java:84)
	at io.cucumber.core.runner.Runner.runPickle(Runner.java:75)
	at io.cucumber.testng.TestNGCucumberRunner.lambda$runScenario$1(TestNGCucumberRunner.java:132)
	at io.cucumber.core.runtime.CucumberExecutionContext.lambda$runTestCase$5(CucumberExecutionContext.java:129)
	at io.cucumber.core.runtime.RethrowingThrowableCollector.executeAndThrow(RethrowingThrowableCollector.java:23)
	at io.cucumber.core.runtime.CucumberExecutionContext.runTestCase(CucumberExecutionContext.java:129)
	at io.cucumber.testng.TestNGCucumberRunner.runScenario(TestNGCucumberRunner.java:129)
	at io.cucumber.testng.AbstractTestNGCucumberTests.runScenario(AbstractTestNGCucumberTests.java:35)
	at java.base/jdk.internal.reflect.DirectMethodHandleAccessor.invoke(DirectMethodHandleAccessor.java:104)
	at java.base/java.lang.reflect.Method.invoke(Method.java:577)
	at org.testng.internal.invokers.MethodInvocationHelper.invokeMethod(MethodInvocationHelper.java:139)
	at org.testng.internal.invokers.TestInvoker.invokeMethod(TestInvoker.java:677)
	at org.testng.internal.invokers.TestInvoker.invokeTestMethod(TestInvoker.java:221)
	at org.testng.internal.invokers.TestMethodWithDataProviderMethodWorker.call(TestMethodWithDataProviderMethodWorker.java:80)
	at org.testng.internal.invokers.TestMethodWithDataProviderMethodWorker.call(TestMethodWithDataProviderMethodWorker.java:17)
	at java.base/java.util.concurrent.FutureTask.run(FutureTask.java:264)
	at java.base/java.util.concurrent.Executors$RunnableAdapter.call(Executors.java:539)
	at java.base/java.util.concurrent.FutureTask.run(FutureTask.java:264)
	at java.base/java.util.concurrent.ThreadPoolExecutor.runWorker(ThreadPoolExecutor.java:1136)
	at java.base/java.util.concurrent.ThreadPoolExecutor$Worker.run(ThreadPoolExecutor.java:635)
	at java.base/java.lang.Thread.run(Thread.java:833)
&amp#27;[0m
  &amp#27;[36mAnd &amp#27;[0m&amp#27;[36mthe Upgrade user accesses My Password via the hamburger link&amp#27;[0m                    &amp#27;[90m# stepDef.Upgrade_Password_steps.theUpgradeUserAccessesMyPasswordViaTheHamburgerLink()&amp#27;[0m
  &amp#27;[36mAnd &amp#27;[0m&amp#27;[36mthe Upgrade user should be on the Update Password page&amp#27;[0m                          &amp#27;[90m# stepDef.Upgrade_Password_steps.theUpgradeUserShouldBeOnTheUpdatePasswordPage()&amp#27;[0m
  &amp#27;[36mWhen &amp#27;[0m&amp#27;[36mthe Upgrade user clicks on Update the button&amp#27;[0m                                   &amp#27;[90m# stepDef.Upgrade_Password_steps.theUpgradeUserClicksOnUpdateTheButton()&amp#27;[0m
  &amp#27;[36mThen &amp#27;[0m&amp#27;[36mthe Upgrade user should see the error message &amp#27;[0m&amp#27;[36m&amp#27;[1m"Old Password is required"&amp#27;[0m       &amp#27;[90m# stepDef.Upgrade_Password_steps.theUpgradeUserShouldSeeTheErrorMessage(java.lang.String)&amp#27;[0m
  &amp#27;[36mAnd &amp#27;[0m&amp#27;[36mthe Upgrade user should see the error message &amp#27;[0m&amp#27;[36m&amp#27;[1m"Password is required"&amp#27;[0m            &amp#27;[90m# stepDef.Upgrade_Password_steps.theUpgradeUserShouldSeeTheErrorMessage(java.lang.String)&amp#27;[0m

    Embedding Ensure the Upgrade user's old password and new password fields are required [image/png 156244 bytes]

]]></system-out>
    <system-err><![CDATA[ChromeDriver was started successfully.
Sep 28, 2022 8:27:55 PM org.openqa.selenium.remote.ProtocolHandshake createSession
INFO: Detected upstream dialect: W3C
Sep 28, 2022 8:27:55 PM org.openqa.selenium.devtools.CdpVersionFinder findNearestMatch
WARNING: Unable to find an exact match for CDP version 105, so returning the closest version found: 104
Sep 28, 2022 8:27:55 PM org.openqa.selenium.devtools.CdpVersionFinder findNearestMatch
INFO: Found CDP implementation for version 105 of 104
]]></system-err>
  </testcase>
  <testcase name="runScenario" classname="RunCucumberTest" time="68.176">
    <failure message="Expected condition failed: waiting for visibility of Proxy element for: DefaultElementLocator &apos;By.xpath: //h1[contains(text(),&apos;Choose Trade Option&apos;)]&apos; (tried for 20 second(s) with 500 milliseconds interval)" type="org.openqa.selenium.TimeoutException">org.openqa.selenium.TimeoutException: Expected condition failed: waiting for visibility of Proxy element for: DefaultElementLocator 'By.xpath: //h1[contains(text(),'Choose Trade Option')]' (tried for 20 second(s) with 500 milliseconds interval)
Caused by: org.openqa.selenium.NoSuchElementException: 
no such element: Unable to locate element: {"method":"xpath","selector":"//h1[contains(text(),'Choose Trade Option')]"}
  (Session info: chrome=105.0.5195.125)
For documentation on this error, please visit: https://selenium.dev/exceptions/#no_such_element
Build info: version: '4.4.0', revision: 'e5c75ed026a'
System info: host: 'SF-LAP-412.local', ip: 'fe80:0:0:0:eb:c8fe:5a40:5798%en0', os.name: 'Mac OS X', os.arch: 'aarch64', os.version: '12.6', java.version: '18.0.2.1'
Driver info: org.openqa.selenium.chrome.ChromeDriver
Command: [8f824674f63ab2720d0d694fab39af01, findElement {using=xpath, value=//h1[contains(text(),'Choose Trade Option')]}]
Capabilities {acceptInsecureCerts: false, browserName: chrome, browserVersion: 105.0.5195.125, chrome: {chromedriverVersion: 105.0.5195.52 (412c95e51883..., userDataDir: /var/folders/th/f4yf398x0lb...}, goog:chromeOptions: {debuggerAddress: localhost:50850}, networkConnectionEnabled: false, pageLoadStrategy: normal, platformName: MAC, proxy: Proxy(), se:cdp: ws://localhost:50850/devtoo..., se:cdpVersion: 105.0.5195.125, setWindowRect: true, strictFileInteractability: false, timeouts: {implicit: 0, pageLoad: 300000, script: 30000}, unhandledPromptBehavior: dismiss and notify, webauthn:extension:credBlob: true, webauthn:extension:largeBlob: true, webauthn:virtualAuthenticators: true}
Session ID: 8f824674f63ab2720d0d694fab39af01
</failure>
    <system-out><![CDATA[
@UP @UP_garage @myPassword @regression @smoke
Scenario: Ensure when Upgrade is updating the password in My Garage it can be used for login &amp#27;[90m# src/test/java/features/Upgrade/myPassword.feature:17&amp#27;[0m
  &amp#27;[32mGiven &amp#27;[0m&amp#27;[32mthe Upgrade user navigates to the homepage&amp#27;[0m                                           &amp#27;[90m# stepDef.Upgrade_Registration_SignIn_steps.theUserNavigatesToTheUpgradeHomePage()&amp#27;[0m
  &amp#27;[32mAnd &amp#27;[0m&amp#27;[32mthe Upgrade user clicks on the &amp#27;[0m&amp#27;[32m&amp#27;[1m"Sign in here"&amp#27;[0m&amp#27;[32m link from the top nav&amp#27;[0m                    &amp#27;[90m# stepDef.Upgrade_Registration_SignIn_steps.theUpgradeUserClicksOnTheLinkFromTheTopNav(java.lang.String)&amp#27;[0m
  &amp#27;[31mAnd &amp#27;[0m&amp#27;[31mthe Upgrade user creates a new profile&amp#27;[0m                                                 &amp#27;[90m# stepDef.Upgrade_Registration_SignIn_steps.theUserCreatesAnNewProfileInUP()&amp#27;[0m
      &amp#27;[31morg.openqa.selenium.TimeoutException: Expected condition failed: waiting for visibility of Proxy element for: DefaultElementLocator 'By.xpath: //h1[contains(text(),'Choose Trade Option')]' (tried for 20 second(s) with 500 milliseconds interval)
	at org.openqa.selenium.support.ui.WebDriverWait.timeoutException(WebDriverWait.java:87)
	at org.openqa.selenium.support.ui.FluentWait.until(FluentWait.java:231)
	at base.GenericFunctions.waitForElementToBeVisible(GenericFunctions.java:33)
	at pageObject.Upgrade_Registration_SignIn_page.verifyChooseTradeOption(Upgrade_Registration_SignIn_page.java:50)
	at stepDef.Upgrade_Registration_SignIn_steps.theUserCreatesAnNewProfileInUP(Upgrade_Registration_SignIn_steps.java:87)
	at ✽.the Upgrade user creates a new profile(file:///Users/manav/Documents/QATest/qa-automation-tests/src/test/java/features/Upgrade/myPassword.feature:6)
Caused by: org.openqa.selenium.NoSuchElementException: no such element: Unable to locate element: {"method":"xpath","selector":"//h1[contains(text(),'Choose Trade Option')]"}
  (Session info: chrome=105.0.5195.125)
For documentation on this error, please visit: https://selenium.dev/exceptions/#no_such_element
Build info: version: '4.4.0', revision: 'e5c75ed026a'
System info: host: 'SF-LAP-412.local', ip: 'fe80:0:0:0:eb:c8fe:5a40:5798%en0', os.name: 'Mac OS X', os.arch: 'aarch64', os.version: '12.6', java.version: '18.0.2.1'
Driver info: org.openqa.selenium.chrome.ChromeDriver
Command: [8f824674f63ab2720d0d694fab39af01, findElement {using=xpath, value=//h1[contains(text(),'Choose Trade Option')]}]
Capabilities {acceptInsecureCerts: false, browserName: chrome, browserVersion: 105.0.5195.125, chrome: {chromedriverVersion: 105.0.5195.52 (412c95e51883..., userDataDir: /var/folders/th/f4yf398x0lb...}, goog:chromeOptions: {debuggerAddress: localhost:50850}, networkConnectionEnabled: false, pageLoadStrategy: normal, platformName: MAC, proxy: Proxy(), se:cdp: ws://localhost:50850/devtoo..., se:cdpVersion: 105.0.5195.125, setWindowRect: true, strictFileInteractability: false, timeouts: {implicit: 0, pageLoad: 300000, script: 30000}, unhandledPromptBehavior: dismiss and notify, webauthn:extension:credBlob: true, webauthn:extension:largeBlob: true, webauthn:virtualAuthenticators: true}
Session ID: 8f824674f63ab2720d0d694fab39af01
	at java.base/jdk.internal.reflect.DirectConstructorHandleAccessor.newInstance(DirectConstructorHandleAccessor.java:67)
	at java.base/java.lang.reflect.Constructor.newInstanceWithCaller(Constructor.java:499)
	at java.base/java.lang.reflect.Constructor.newInstance(Constructor.java:483)
	at org.openqa.selenium.remote.codec.w3c.W3CHttpResponseCodec.createException(W3CHttpResponseCodec.java:200)
	at org.openqa.selenium.remote.codec.w3c.W3CHttpResponseCodec.decode(W3CHttpResponseCodec.java:133)
	at org.openqa.selenium.remote.codec.w3c.W3CHttpResponseCodec.decode(W3CHttpResponseCodec.java:53)
	at org.openqa.selenium.remote.HttpCommandExecutor.execute(HttpCommandExecutor.java:184)
	at org.openqa.selenium.remote.service.DriverCommandExecutor.invokeExecute(DriverCommandExecutor.java:167)
	at org.openqa.selenium.remote.service.DriverCommandExecutor.execute(DriverCommandExecutor.java:142)
	at org.openqa.selenium.remote.RemoteWebDriver.execute(RemoteWebDriver.java:547)
	at org.openqa.selenium.remote.ElementLocation$ElementFinder$2.findElement(ElementLocation.java:162)
	at org.openqa.selenium.remote.ElementLocation.findElement(ElementLocation.java:60)
	at org.openqa.selenium.remote.RemoteWebDriver.findElement(RemoteWebDriver.java:365)
	at org.openqa.selenium.remote.RemoteWebDriver.findElement(RemoteWebDriver.java:357)
	at org.openqa.selenium.support.pagefactory.DefaultElementLocator.findElement(DefaultElementLocator.java:70)
	at org.openqa.selenium.support.pagefactory.internal.LocatingElementHandler.invoke(LocatingElementHandler.java:39)
	at jdk.proxy2/jdk.proxy2.$Proxy33.isDisplayed(Unknown Source)
	at org.openqa.selenium.support.ui.ExpectedConditions.elementIfVisible(ExpectedConditions.java:307)
	at org.openqa.selenium.support.ui.ExpectedConditions.access$000(ExpectedConditions.java:40)
	at org.openqa.selenium.support.ui.ExpectedConditions$10.apply(ExpectedConditions.java:293)
	at org.openqa.selenium.support.ui.ExpectedConditions$10.apply(ExpectedConditions.java:290)
	at org.openqa.selenium.support.ui.FluentWait.until(FluentWait.java:208)
	at base.GenericFunctions.waitForElementToBeVisible(GenericFunctions.java:33)
	at pageObject.Upgrade_Registration_SignIn_page.verifyChooseTradeOption(Upgrade_Registration_SignIn_page.java:50)
	at stepDef.Upgrade_Registration_SignIn_steps.theUserCreatesAnNewProfileInUP(Upgrade_Registration_SignIn_steps.java:87)
	at java.base/jdk.internal.reflect.DirectMethodHandleAccessor.invoke(DirectMethodHandleAccessor.java:104)
	at java.base/java.lang.reflect.Method.invoke(Method.java:577)
	at io.cucumber.java.Invoker.doInvoke(Invoker.java:66)
	at io.cucumber.java.Invoker.invoke(Invoker.java:24)
	at io.cucumber.java.AbstractGlueDefinition.invokeMethod(AbstractGlueDefinition.java:47)
	at io.cucumber.java.JavaStepDefinition.execute(JavaStepDefinition.java:29)
	at io.cucumber.core.runner.CoreStepDefinition.execute(CoreStepDefinition.java:66)
	at io.cucumber.core.runner.PickleStepDefinitionMatch.runStep(PickleStepDefinitionMatch.java:63)
	at io.cucumber.core.runner.ExecutionMode$1.execute(ExecutionMode.java:10)
	at io.cucumber.core.runner.TestStep.executeStep(TestStep.java:85)
	at io.cucumber.core.runner.TestStep.run(TestStep.java:57)
	at io.cucumber.core.runner.PickleStepTestStep.run(PickleStepTestStep.java:51)
	at io.cucumber.core.runner.TestCase.run(TestCase.java:84)
	at io.cucumber.core.runner.Runner.runPickle(Runner.java:75)
	at io.cucumber.testng.TestNGCucumberRunner.lambda$runScenario$1(TestNGCucumberRunner.java:132)
	at io.cucumber.core.runtime.CucumberExecutionContext.lambda$runTestCase$5(CucumberExecutionContext.java:129)
	at io.cucumber.core.runtime.RethrowingThrowableCollector.executeAndThrow(RethrowingThrowableCollector.java:23)
	at io.cucumber.core.runtime.CucumberExecutionContext.runTestCase(CucumberExecutionContext.java:129)
	at io.cucumber.testng.TestNGCucumberRunner.runScenario(TestNGCucumberRunner.java:129)
	at io.cucumber.testng.AbstractTestNGCucumberTests.runScenario(AbstractTestNGCucumberTests.java:35)
	at java.base/jdk.internal.reflect.DirectMethodHandleAccessor.invoke(DirectMethodHandleAccessor.java:104)
	at java.base/java.lang.reflect.Method.invoke(Method.java:577)
	at org.testng.internal.invokers.MethodInvocationHelper.invokeMethod(MethodInvocationHelper.java:139)
	at org.testng.internal.invokers.TestInvoker.invokeMethod(TestInvoker.java:677)
	at org.testng.internal.invokers.TestInvoker.invokeTestMethod(TestInvoker.java:221)
	at org.testng.internal.invokers.TestMethodWithDataProviderMethodWorker.call(TestMethodWithDataProviderMethodWorker.java:80)
	at org.testng.internal.invokers.TestMethodWithDataProviderMethodWorker.call(TestMethodWithDataProviderMethodWorker.java:17)
	at java.base/java.util.concurrent.FutureTask.run(FutureTask.java:264)
	at java.base/java.util.concurrent.Executors$RunnableAdapter.call(Executors.java:539)
	at java.base/java.util.concurrent.FutureTask.run(FutureTask.java:264)
	at java.base/java.util.concurrent.ThreadPoolExecutor.runWorker(ThreadPoolExecutor.java:1136)
	at java.base/java.util.concurrent.ThreadPoolExecutor$Worker.run(ThreadPoolExecutor.java:635)
	at java.base/java.lang.Thread.run(Thread.java:833)
&amp#27;[0m
  &amp#27;[36mAnd &amp#27;[0m&amp#27;[36mthe Upgrade user accesses My Password via the hamburger link&amp#27;[0m                           &amp#27;[90m# stepDef.Upgrade_Password_steps.theUpgradeUserAccessesMyPasswordViaTheHamburgerLink()&amp#27;[0m
  &amp#27;[36mAnd &amp#27;[0m&amp#27;[36mthe Upgrade user should be on the Update Password page&amp#27;[0m                                 &amp#27;[90m# stepDef.Upgrade_Password_steps.theUpgradeUserShouldBeOnTheUpdatePasswordPage()&amp#27;[0m
  &amp#27;[36mWhen &amp#27;[0m&amp#27;[36mthe Upgrade user enters the old password in the old password field&amp#27;[0m                    &amp#27;[90m# stepDef.Upgrade_Password_steps.theUpgradeUserEntersTheOldPasswordInTheOldPasswordField()&amp#27;[0m
  &amp#27;[36mAnd &amp#27;[0m&amp#27;[36mthe Upgrade user enters the new password in the new password field&amp#27;[0m                     &amp#27;[90m# stepDef.Upgrade_Password_steps.theUpgradeUserEntersTheNewPasswordInTheNewPasswordField()&amp#27;[0m
  &amp#27;[36mAnd &amp#27;[0m&amp#27;[36mthe Upgrade user clicks the Update button to update the password&amp#27;[0m                       &amp#27;[90m# stepDef.Upgrade_Password_steps.theUpgradeUserClicksTheUpdateButtonToUpdateThePassword()&amp#27;[0m
  &amp#27;[36mAnd &amp#27;[0m&amp#27;[36mthe Upgrade user logs out&amp#27;[0m                                                              &amp#27;[90m# stepDef.Upgrade_Password_steps.theUpgradeUserLogsOut()&amp#27;[0m
  &amp#27;[36mWhen &amp#27;[0m&amp#27;[36mthe Upgrade user logs in with the updated credentials&amp#27;[0m                                 &amp#27;[90m# stepDef.Upgrade_Password_steps.theUpgradeUserLogsInWithTheUpdatedCredentials()&amp#27;[0m
  &amp#27;[36mThen &amp#27;[0m&amp#27;[36mthe Upgrade user should see the My Garage message&amp#27;[0m                                     &amp#27;[90m# stepDef.Upgrade_Password_steps.theUpgradeUserShouldSeeTheMyGarageMessage()&amp#27;[0m

    Embedding Ensure when Upgrade is updating the password in My Garage it can be used for login [image/png 156244 bytes]

]]></system-out>
    <system-err><![CDATA[ChromeDriver was started successfully.
Sep 28, 2022 8:29:06 PM org.openqa.selenium.remote.ProtocolHandshake createSession
INFO: Detected upstream dialect: W3C
Sep 28, 2022 8:29:06 PM org.openqa.selenium.devtools.CdpVersionFinder findNearestMatch
WARNING: Unable to find an exact match for CDP version 105, so returning the closest version found: 104
Sep 28, 2022 8:29:06 PM org.openqa.selenium.devtools.CdpVersionFinder findNearestMatch
INFO: Found CDP implementation for version 105 of 104
]]></system-err>
  </testcase>
  <testcase name="runScenario" classname="RunCucumberTest" time="69.974">
    <failure message="Expected condition failed: waiting for visibility of Proxy element for: DefaultElementLocator &apos;By.xpath: //h1[contains(text(),&apos;Choose Trade Option&apos;)]&apos; (tried for 20 second(s) with 500 milliseconds interval)" type="org.openqa.selenium.TimeoutException">org.openqa.selenium.TimeoutException: Expected condition failed: waiting for visibility of Proxy element for: DefaultElementLocator 'By.xpath: //h1[contains(text(),'Choose Trade Option')]' (tried for 20 second(s) with 500 milliseconds interval)
Caused by: org.openqa.selenium.NoSuchElementException: 
no such element: Unable to locate element: {"method":"xpath","selector":"//h1[contains(text(),'Choose Trade Option')]"}
  (Session info: chrome=105.0.5195.125)
For documentation on this error, please visit: https://selenium.dev/exceptions/#no_such_element
Build info: version: '4.4.0', revision: 'e5c75ed026a'
System info: host: 'SF-LAP-412.local', ip: 'fe80:0:0:0:eb:c8fe:5a40:5798%en0', os.name: 'Mac OS X', os.arch: 'aarch64', os.version: '12.6', java.version: '18.0.2.1'
Driver info: org.openqa.selenium.chrome.ChromeDriver
Command: [1b82343473c5a125a4610030a5b85f64, findElement {using=xpath, value=//h1[contains(text(),'Choose Trade Option')]}]
Capabilities {acceptInsecureCerts: false, browserName: chrome, browserVersion: 105.0.5195.125, chrome: {chromedriverVersion: 105.0.5195.52 (412c95e51883..., userDataDir: /var/folders/th/f4yf398x0lb...}, goog:chromeOptions: {debuggerAddress: localhost:51176}, networkConnectionEnabled: false, pageLoadStrategy: normal, platformName: MAC, proxy: Proxy(), se:cdp: ws://localhost:51176/devtoo..., se:cdpVersion: 105.0.5195.125, setWindowRect: true, strictFileInteractability: false, timeouts: {implicit: 0, pageLoad: 300000, script: 30000}, unhandledPromptBehavior: dismiss and notify, webauthn:extension:credBlob: true, webauthn:extension:largeBlob: true, webauthn:virtualAuthenticators: true}
Session ID: 1b82343473c5a125a4610030a5b85f64
</failure>
    <system-out><![CDATA[
@UP @UP_garage @myTrades @regression @smoke
Scenario: Ensure upgrade user lands on choose a trade option page from hamburger menu and my garage &amp#27;[90m# src/test/java/features/Upgrade/myTrades.feature:9&amp#27;[0m
  &amp#27;[32mGiven &amp#27;[0m&amp#27;[32mthe Upgrade user navigates to the homepage&amp#27;[0m                                                  &amp#27;[90m# stepDef.Upgrade_Registration_SignIn_steps.theUserNavigatesToTheUpgradeHomePage()&amp#27;[0m
  &amp#27;[32mAnd &amp#27;[0m&amp#27;[32mthe Upgrade user clicks on the &amp#27;[0m&amp#27;[32m&amp#27;[1m"Sign in here"&amp#27;[0m&amp#27;[32m link from the top nav&amp#27;[0m                           &amp#27;[90m# stepDef.Upgrade_Registration_SignIn_steps.theUpgradeUserClicksOnTheLinkFromTheTopNav(java.lang.String)&amp#27;[0m
  &amp#27;[31mAnd &amp#27;[0m&amp#27;[31mthe Upgrade user creates a new profile&amp#27;[0m                                                        &amp#27;[90m# stepDef.Upgrade_Registration_SignIn_steps.theUserCreatesAnNewProfileInUP()&amp#27;[0m
      &amp#27;[31morg.openqa.selenium.TimeoutException: Expected condition failed: waiting for visibility of Proxy element for: DefaultElementLocator 'By.xpath: //h1[contains(text(),'Choose Trade Option')]' (tried for 20 second(s) with 500 milliseconds interval)
	at org.openqa.selenium.support.ui.WebDriverWait.timeoutException(WebDriverWait.java:87)
	at org.openqa.selenium.support.ui.FluentWait.until(FluentWait.java:231)
	at base.GenericFunctions.waitForElementToBeVisible(GenericFunctions.java:33)
	at pageObject.Upgrade_Registration_SignIn_page.verifyChooseTradeOption(Upgrade_Registration_SignIn_page.java:50)
	at stepDef.Upgrade_Registration_SignIn_steps.theUserCreatesAnNewProfileInUP(Upgrade_Registration_SignIn_steps.java:87)
	at ✽.the Upgrade user creates a new profile(file:///Users/manav/Documents/QATest/qa-automation-tests/src/test/java/features/Upgrade/myTrades.feature:6)
Caused by: org.openqa.selenium.NoSuchElementException: no such element: Unable to locate element: {"method":"xpath","selector":"//h1[contains(text(),'Choose Trade Option')]"}
  (Session info: chrome=105.0.5195.125)
For documentation on this error, please visit: https://selenium.dev/exceptions/#no_such_element
Build info: version: '4.4.0', revision: 'e5c75ed026a'
System info: host: 'SF-LAP-412.local', ip: 'fe80:0:0:0:eb:c8fe:5a40:5798%en0', os.name: 'Mac OS X', os.arch: 'aarch64', os.version: '12.6', java.version: '18.0.2.1'
Driver info: org.openqa.selenium.chrome.ChromeDriver
Command: [1b82343473c5a125a4610030a5b85f64, findElement {using=xpath, value=//h1[contains(text(),'Choose Trade Option')]}]
Capabilities {acceptInsecureCerts: false, browserName: chrome, browserVersion: 105.0.5195.125, chrome: {chromedriverVersion: 105.0.5195.52 (412c95e51883..., userDataDir: /var/folders/th/f4yf398x0lb...}, goog:chromeOptions: {debuggerAddress: localhost:51176}, networkConnectionEnabled: false, pageLoadStrategy: normal, platformName: MAC, proxy: Proxy(), se:cdp: ws://localhost:51176/devtoo..., se:cdpVersion: 105.0.5195.125, setWindowRect: true, strictFileInteractability: false, timeouts: {implicit: 0, pageLoad: 300000, script: 30000}, unhandledPromptBehavior: dismiss and notify, webauthn:extension:credBlob: true, webauthn:extension:largeBlob: true, webauthn:virtualAuthenticators: true}
Session ID: 1b82343473c5a125a4610030a5b85f64
	at java.base/jdk.internal.reflect.DirectConstructorHandleAccessor.newInstance(DirectConstructorHandleAccessor.java:67)
	at java.base/java.lang.reflect.Constructor.newInstanceWithCaller(Constructor.java:499)
	at java.base/java.lang.reflect.Constructor.newInstance(Constructor.java:483)
	at org.openqa.selenium.remote.codec.w3c.W3CHttpResponseCodec.createException(W3CHttpResponseCodec.java:200)
	at org.openqa.selenium.remote.codec.w3c.W3CHttpResponseCodec.decode(W3CHttpResponseCodec.java:133)
	at org.openqa.selenium.remote.codec.w3c.W3CHttpResponseCodec.decode(W3CHttpResponseCodec.java:53)
	at org.openqa.selenium.remote.HttpCommandExecutor.execute(HttpCommandExecutor.java:184)
	at org.openqa.selenium.remote.service.DriverCommandExecutor.invokeExecute(DriverCommandExecutor.java:167)
	at org.openqa.selenium.remote.service.DriverCommandExecutor.execute(DriverCommandExecutor.java:142)
	at org.openqa.selenium.remote.RemoteWebDriver.execute(RemoteWebDriver.java:547)
	at org.openqa.selenium.remote.ElementLocation$ElementFinder$2.findElement(ElementLocation.java:162)
	at org.openqa.selenium.remote.ElementLocation.findElement(ElementLocation.java:60)
	at org.openqa.selenium.remote.RemoteWebDriver.findElement(RemoteWebDriver.java:365)
	at org.openqa.selenium.remote.RemoteWebDriver.findElement(RemoteWebDriver.java:357)
	at org.openqa.selenium.support.pagefactory.DefaultElementLocator.findElement(DefaultElementLocator.java:70)
	at org.openqa.selenium.support.pagefactory.internal.LocatingElementHandler.invoke(LocatingElementHandler.java:39)
	at jdk.proxy2/jdk.proxy2.$Proxy33.isDisplayed(Unknown Source)
	at org.openqa.selenium.support.ui.ExpectedConditions.elementIfVisible(ExpectedConditions.java:307)
	at org.openqa.selenium.support.ui.ExpectedConditions.access$000(ExpectedConditions.java:40)
	at org.openqa.selenium.support.ui.ExpectedConditions$10.apply(ExpectedConditions.java:293)
	at org.openqa.selenium.support.ui.ExpectedConditions$10.apply(ExpectedConditions.java:290)
	at org.openqa.selenium.support.ui.FluentWait.until(FluentWait.java:208)
	at base.GenericFunctions.waitForElementToBeVisible(GenericFunctions.java:33)
	at pageObject.Upgrade_Registration_SignIn_page.verifyChooseTradeOption(Upgrade_Registration_SignIn_page.java:50)
	at stepDef.Upgrade_Registration_SignIn_steps.theUserCreatesAnNewProfileInUP(Upgrade_Registration_SignIn_steps.java:87)
	at java.base/jdk.internal.reflect.DirectMethodHandleAccessor.invoke(DirectMethodHandleAccessor.java:104)
	at java.base/java.lang.reflect.Method.invoke(Method.java:577)
	at io.cucumber.java.Invoker.doInvoke(Invoker.java:66)
	at io.cucumber.java.Invoker.invoke(Invoker.java:24)
	at io.cucumber.java.AbstractGlueDefinition.invokeMethod(AbstractGlueDefinition.java:47)
	at io.cucumber.java.JavaStepDefinition.execute(JavaStepDefinition.java:29)
	at io.cucumber.core.runner.CoreStepDefinition.execute(CoreStepDefinition.java:66)
	at io.cucumber.core.runner.PickleStepDefinitionMatch.runStep(PickleStepDefinitionMatch.java:63)
	at io.cucumber.core.runner.ExecutionMode$1.execute(ExecutionMode.java:10)
	at io.cucumber.core.runner.TestStep.executeStep(TestStep.java:85)
	at io.cucumber.core.runner.TestStep.run(TestStep.java:57)
	at io.cucumber.core.runner.PickleStepTestStep.run(PickleStepTestStep.java:51)
	at io.cucumber.core.runner.TestCase.run(TestCase.java:84)
	at io.cucumber.core.runner.Runner.runPickle(Runner.java:75)
	at io.cucumber.testng.TestNGCucumberRunner.lambda$runScenario$1(TestNGCucumberRunner.java:132)
	at io.cucumber.core.runtime.CucumberExecutionContext.lambda$runTestCase$5(CucumberExecutionContext.java:129)
	at io.cucumber.core.runtime.RethrowingThrowableCollector.executeAndThrow(RethrowingThrowableCollector.java:23)
	at io.cucumber.core.runtime.CucumberExecutionContext.runTestCase(CucumberExecutionContext.java:129)
	at io.cucumber.testng.TestNGCucumberRunner.runScenario(TestNGCucumberRunner.java:129)
	at io.cucumber.testng.AbstractTestNGCucumberTests.runScenario(AbstractTestNGCucumberTests.java:35)
	at java.base/jdk.internal.reflect.DirectMethodHandleAccessor.invoke(DirectMethodHandleAccessor.java:104)
	at java.base/java.lang.reflect.Method.invoke(Method.java:577)
	at org.testng.internal.invokers.MethodInvocationHelper.invokeMethod(MethodInvocationHelper.java:139)
	at org.testng.internal.invokers.TestInvoker.invokeMethod(TestInvoker.java:677)
	at org.testng.internal.invokers.TestInvoker.invokeTestMethod(TestInvoker.java:221)
	at org.testng.internal.invokers.TestMethodWithDataProviderMethodWorker.call(TestMethodWithDataProviderMethodWorker.java:80)
	at org.testng.internal.invokers.TestMethodWithDataProviderMethodWorker.call(TestMethodWithDataProviderMethodWorker.java:17)
	at java.base/java.util.concurrent.FutureTask.run(FutureTask.java:264)
	at java.base/java.util.concurrent.Executors$RunnableAdapter.call(Executors.java:539)
	at java.base/java.util.concurrent.FutureTask.run(FutureTask.java:264)
	at java.base/java.util.concurrent.ThreadPoolExecutor.runWorker(ThreadPoolExecutor.java:1136)
	at java.base/java.util.concurrent.ThreadPoolExecutor$Worker.run(ThreadPoolExecutor.java:635)
	at java.base/java.lang.Thread.run(Thread.java:833)
&amp#27;[0m
  &amp#27;[36mWhen &amp#27;[0m&amp#27;[36mthe Upgrade user clicks on value trade via the hamburger menu&amp#27;[0m                                &amp#27;[90m# stepDef.Upgrade_Trades_steps.theUpgradeUserClicksOnValueTradeViaHamburgerMenu()&amp#27;[0m
  &amp#27;[36mThen &amp#27;[0m&amp#27;[36mthe Upgrade user lands on to choose a trade option page&amp#27;[0m                                      &amp#27;[90m# stepDef.Upgrade_Trades_steps.theUpgradeUserLandsOnChooseATradeOptionPage()&amp#27;[0m
  &amp#27;[36mAnd &amp#27;[0m&amp#27;[36mthe Upgrade user clicks on my garage from the hamburger menu&amp#27;[0m                                  &amp#27;[90m# stepDef.Upgrade_Appointment_steps.theUserClicksOnMyGarageFromHamburgerMenu()&amp#27;[0m
  &amp#27;[36mAnd &amp#27;[0m&amp#27;[36mthe Upgrade user click on the &amp#27;[0m&amp#27;[36m&amp#27;[1m"My Trades"&amp#27;[0m&amp#27;[36m link from my garage&amp#27;[0m                                 &amp#27;[90m# stepDef.Upgrade_Trades_steps.theUpgradeUserClickOnTheLinkFromMyGarage(java.lang.String)&amp#27;[0m
  &amp#27;[36mWhen &amp#27;[0m&amp#27;[36mthe Upgrade user clicks the Add Trade button from my garage&amp#27;[0m                                  &amp#27;[90m# stepDef.Upgrade_Trades_steps.theUpgradeUserClicksTheAddTradeButtonFromMyGarage()&amp#27;[0m
  &amp#27;[36mThen &amp#27;[0m&amp#27;[36mthe Upgrade user lands on to choose a trade option page&amp#27;[0m                                      &amp#27;[90m# stepDef.Upgrade_Trades_steps.theUpgradeUserLandsOnChooseATradeOptionPage()&amp#27;[0m

    Embedding Ensure upgrade user lands on choose a trade option page from hamburger menu and my garage [image/png 156244 bytes]

]]></system-out>
    <system-err><![CDATA[ChromeDriver was started successfully.
Sep 28, 2022 8:30:15 PM org.openqa.selenium.remote.ProtocolHandshake createSession
INFO: Detected upstream dialect: W3C
Sep 28, 2022 8:30:15 PM org.openqa.selenium.devtools.CdpVersionFinder findNearestMatch
WARNING: Unable to find an exact match for CDP version 105, so returning the closest version found: 104
Sep 28, 2022 8:30:15 PM org.openqa.selenium.devtools.CdpVersionFinder findNearestMatch
INFO: Found CDP implementation for version 105 of 104
]]></system-err>
  </testcase>
  <testcase name="runScenario" classname="RunCucumberTest" time="69.261">
    <failure message="Expected condition failed: waiting for visibility of Proxy element for: DefaultElementLocator &apos;By.xpath: //h1[contains(text(),&apos;Choose Trade Option&apos;)]&apos; (tried for 20 second(s) with 500 milliseconds interval)" type="org.openqa.selenium.TimeoutException">org.openqa.selenium.TimeoutException: Expected condition failed: waiting for visibility of Proxy element for: DefaultElementLocator 'By.xpath: //h1[contains(text(),'Choose Trade Option')]' (tried for 20 second(s) with 500 milliseconds interval)
Caused by: org.openqa.selenium.NoSuchElementException: 
no such element: Unable to locate element: {"method":"xpath","selector":"//h1[contains(text(),'Choose Trade Option')]"}
  (Session info: chrome=105.0.5195.125)
For documentation on this error, please visit: https://selenium.dev/exceptions/#no_such_element
Build info: version: '4.4.0', revision: 'e5c75ed026a'
System info: host: 'SF-LAP-412.local', ip: 'fe80:0:0:0:eb:c8fe:5a40:5798%en0', os.name: 'Mac OS X', os.arch: 'aarch64', os.version: '12.6', java.version: '18.0.2.1'
Driver info: org.openqa.selenium.chrome.ChromeDriver
Command: [5e84236730f8e543a89558bb8ad18075, findElement {using=xpath, value=//h1[contains(text(),'Choose Trade Option')]}]
Capabilities {acceptInsecureCerts: false, browserName: chrome, browserVersion: 105.0.5195.125, chrome: {chromedriverVersion: 105.0.5195.52 (412c95e51883..., userDataDir: /var/folders/th/f4yf398x0lb...}, goog:chromeOptions: {debuggerAddress: localhost:51527}, networkConnectionEnabled: false, pageLoadStrategy: normal, platformName: MAC, proxy: Proxy(), se:cdp: ws://localhost:51527/devtoo..., se:cdpVersion: 105.0.5195.125, setWindowRect: true, strictFileInteractability: false, timeouts: {implicit: 0, pageLoad: 300000, script: 30000}, unhandledPromptBehavior: dismiss and notify, webauthn:extension:credBlob: true, webauthn:extension:largeBlob: true, webauthn:virtualAuthenticators: true}
Session ID: 5e84236730f8e543a89558bb8ad18075
</failure>
    <system-out><![CDATA[
@UP @UP_garage @myTrades @regression @smoke
Scenario: Ensure a new user can add a trade-in vehicle via the hamburger menu           &amp#27;[90m# src/test/java/features/Upgrade/myTrades.feature:18&amp#27;[0m
  &amp#27;[32mGiven &amp#27;[0m&amp#27;[32mthe Upgrade user navigates to the homepage&amp#27;[0m                                      &amp#27;[90m# stepDef.Upgrade_Registration_SignIn_steps.theUserNavigatesToTheUpgradeHomePage()&amp#27;[0m
  &amp#27;[32mAnd &amp#27;[0m&amp#27;[32mthe Upgrade user clicks on the &amp#27;[0m&amp#27;[32m&amp#27;[1m"Sign in here"&amp#27;[0m&amp#27;[32m link from the top nav&amp#27;[0m               &amp#27;[90m# stepDef.Upgrade_Registration_SignIn_steps.theUpgradeUserClicksOnTheLinkFromTheTopNav(java.lang.String)&amp#27;[0m
  &amp#27;[31mAnd &amp#27;[0m&amp#27;[31mthe Upgrade user creates a new profile&amp#27;[0m                                            &amp#27;[90m# stepDef.Upgrade_Registration_SignIn_steps.theUserCreatesAnNewProfileInUP()&amp#27;[0m
      &amp#27;[31morg.openqa.selenium.TimeoutException: Expected condition failed: waiting for visibility of Proxy element for: DefaultElementLocator 'By.xpath: //h1[contains(text(),'Choose Trade Option')]' (tried for 20 second(s) with 500 milliseconds interval)
	at org.openqa.selenium.support.ui.WebDriverWait.timeoutException(WebDriverWait.java:87)
	at org.openqa.selenium.support.ui.FluentWait.until(FluentWait.java:231)
	at base.GenericFunctions.waitForElementToBeVisible(GenericFunctions.java:33)
	at pageObject.Upgrade_Registration_SignIn_page.verifyChooseTradeOption(Upgrade_Registration_SignIn_page.java:50)
	at stepDef.Upgrade_Registration_SignIn_steps.theUserCreatesAnNewProfileInUP(Upgrade_Registration_SignIn_steps.java:87)
	at ✽.the Upgrade user creates a new profile(file:///Users/manav/Documents/QATest/qa-automation-tests/src/test/java/features/Upgrade/myTrades.feature:6)
Caused by: org.openqa.selenium.NoSuchElementException: no such element: Unable to locate element: {"method":"xpath","selector":"//h1[contains(text(),'Choose Trade Option')]"}
  (Session info: chrome=105.0.5195.125)
For documentation on this error, please visit: https://selenium.dev/exceptions/#no_such_element
Build info: version: '4.4.0', revision: 'e5c75ed026a'
System info: host: 'SF-LAP-412.local', ip: 'fe80:0:0:0:eb:c8fe:5a40:5798%en0', os.name: 'Mac OS X', os.arch: 'aarch64', os.version: '12.6', java.version: '18.0.2.1'
Driver info: org.openqa.selenium.chrome.ChromeDriver
Command: [5e84236730f8e543a89558bb8ad18075, findElement {using=xpath, value=//h1[contains(text(),'Choose Trade Option')]}]
Capabilities {acceptInsecureCerts: false, browserName: chrome, browserVersion: 105.0.5195.125, chrome: {chromedriverVersion: 105.0.5195.52 (412c95e51883..., userDataDir: /var/folders/th/f4yf398x0lb...}, goog:chromeOptions: {debuggerAddress: localhost:51527}, networkConnectionEnabled: false, pageLoadStrategy: normal, platformName: MAC, proxy: Proxy(), se:cdp: ws://localhost:51527/devtoo..., se:cdpVersion: 105.0.5195.125, setWindowRect: true, strictFileInteractability: false, timeouts: {implicit: 0, pageLoad: 300000, script: 30000}, unhandledPromptBehavior: dismiss and notify, webauthn:extension:credBlob: true, webauthn:extension:largeBlob: true, webauthn:virtualAuthenticators: true}
Session ID: 5e84236730f8e543a89558bb8ad18075
	at java.base/jdk.internal.reflect.DirectConstructorHandleAccessor.newInstance(DirectConstructorHandleAccessor.java:67)
	at java.base/java.lang.reflect.Constructor.newInstanceWithCaller(Constructor.java:499)
	at java.base/java.lang.reflect.Constructor.newInstance(Constructor.java:483)
	at org.openqa.selenium.remote.codec.w3c.W3CHttpResponseCodec.createException(W3CHttpResponseCodec.java:200)
	at org.openqa.selenium.remote.codec.w3c.W3CHttpResponseCodec.decode(W3CHttpResponseCodec.java:133)
	at org.openqa.selenium.remote.codec.w3c.W3CHttpResponseCodec.decode(W3CHttpResponseCodec.java:53)
	at org.openqa.selenium.remote.HttpCommandExecutor.execute(HttpCommandExecutor.java:184)
	at org.openqa.selenium.remote.service.DriverCommandExecutor.invokeExecute(DriverCommandExecutor.java:167)
	at org.openqa.selenium.remote.service.DriverCommandExecutor.execute(DriverCommandExecutor.java:142)
	at org.openqa.selenium.remote.RemoteWebDriver.execute(RemoteWebDriver.java:547)
	at org.openqa.selenium.remote.ElementLocation$ElementFinder$2.findElement(ElementLocation.java:162)
	at org.openqa.selenium.remote.ElementLocation.findElement(ElementLocation.java:60)
	at org.openqa.selenium.remote.RemoteWebDriver.findElement(RemoteWebDriver.java:365)
	at org.openqa.selenium.remote.RemoteWebDriver.findElement(RemoteWebDriver.java:357)
	at org.openqa.selenium.support.pagefactory.DefaultElementLocator.findElement(DefaultElementLocator.java:70)
	at org.openqa.selenium.support.pagefactory.internal.LocatingElementHandler.invoke(LocatingElementHandler.java:39)
	at jdk.proxy2/jdk.proxy2.$Proxy33.isDisplayed(Unknown Source)
	at org.openqa.selenium.support.ui.ExpectedConditions.elementIfVisible(ExpectedConditions.java:307)
	at org.openqa.selenium.support.ui.ExpectedConditions.access$000(ExpectedConditions.java:40)
	at org.openqa.selenium.support.ui.ExpectedConditions$10.apply(ExpectedConditions.java:293)
	at org.openqa.selenium.support.ui.ExpectedConditions$10.apply(ExpectedConditions.java:290)
	at org.openqa.selenium.support.ui.FluentWait.until(FluentWait.java:208)
	at base.GenericFunctions.waitForElementToBeVisible(GenericFunctions.java:33)
	at pageObject.Upgrade_Registration_SignIn_page.verifyChooseTradeOption(Upgrade_Registration_SignIn_page.java:50)
	at stepDef.Upgrade_Registration_SignIn_steps.theUserCreatesAnNewProfileInUP(Upgrade_Registration_SignIn_steps.java:87)
	at java.base/jdk.internal.reflect.DirectMethodHandleAccessor.invoke(DirectMethodHandleAccessor.java:104)
	at java.base/java.lang.reflect.Method.invoke(Method.java:577)
	at io.cucumber.java.Invoker.doInvoke(Invoker.java:66)
	at io.cucumber.java.Invoker.invoke(Invoker.java:24)
	at io.cucumber.java.AbstractGlueDefinition.invokeMethod(AbstractGlueDefinition.java:47)
	at io.cucumber.java.JavaStepDefinition.execute(JavaStepDefinition.java:29)
	at io.cucumber.core.runner.CoreStepDefinition.execute(CoreStepDefinition.java:66)
	at io.cucumber.core.runner.PickleStepDefinitionMatch.runStep(PickleStepDefinitionMatch.java:63)
	at io.cucumber.core.runner.ExecutionMode$1.execute(ExecutionMode.java:10)
	at io.cucumber.core.runner.TestStep.executeStep(TestStep.java:85)
	at io.cucumber.core.runner.TestStep.run(TestStep.java:57)
	at io.cucumber.core.runner.PickleStepTestStep.run(PickleStepTestStep.java:51)
	at io.cucumber.core.runner.TestCase.run(TestCase.java:84)
	at io.cucumber.core.runner.Runner.runPickle(Runner.java:75)
	at io.cucumber.testng.TestNGCucumberRunner.lambda$runScenario$1(TestNGCucumberRunner.java:132)
	at io.cucumber.core.runtime.CucumberExecutionContext.lambda$runTestCase$5(CucumberExecutionContext.java:129)
	at io.cucumber.core.runtime.RethrowingThrowableCollector.executeAndThrow(RethrowingThrowableCollector.java:23)
	at io.cucumber.core.runtime.CucumberExecutionContext.runTestCase(CucumberExecutionContext.java:129)
	at io.cucumber.testng.TestNGCucumberRunner.runScenario(TestNGCucumberRunner.java:129)
	at io.cucumber.testng.AbstractTestNGCucumberTests.runScenario(AbstractTestNGCucumberTests.java:35)
	at java.base/jdk.internal.reflect.DirectMethodHandleAccessor.invoke(DirectMethodHandleAccessor.java:104)
	at java.base/java.lang.reflect.Method.invoke(Method.java:577)
	at org.testng.internal.invokers.MethodInvocationHelper.invokeMethod(MethodInvocationHelper.java:139)
	at org.testng.internal.invokers.TestInvoker.invokeMethod(TestInvoker.java:677)
	at org.testng.internal.invokers.TestInvoker.invokeTestMethod(TestInvoker.java:221)
	at org.testng.internal.invokers.TestMethodWithDataProviderMethodWorker.call(TestMethodWithDataProviderMethodWorker.java:80)
	at org.testng.internal.invokers.TestMethodWithDataProviderMethodWorker.call(TestMethodWithDataProviderMethodWorker.java:17)
	at java.base/java.util.concurrent.FutureTask.run(FutureTask.java:264)
	at java.base/java.util.concurrent.Executors$RunnableAdapter.call(Executors.java:539)
	at java.base/java.util.concurrent.FutureTask.run(FutureTask.java:264)
	at java.base/java.util.concurrent.ThreadPoolExecutor.runWorker(ThreadPoolExecutor.java:1136)
	at java.base/java.util.concurrent.ThreadPoolExecutor$Worker.run(ThreadPoolExecutor.java:635)
	at java.base/java.lang.Thread.run(Thread.java:833)
&amp#27;[0m
  &amp#27;[36mAnd &amp#27;[0m&amp#27;[36mthe Upgrade user clicks on value trade via the hamburger menu&amp#27;[0m                     &amp#27;[90m# stepDef.Upgrade_Trades_steps.theUpgradeUserClicksOnValueTradeViaHamburgerMenu()&amp#27;[0m
  &amp#27;[36mAnd &amp#27;[0m&amp#27;[36mthe Upgrade user clicks Trade A Car&amp#27;[0m                                               &amp#27;[90m# stepDef.Upgrade_Trades_steps.theUpgradeUserClicksTradeACar()&amp#27;[0m
  &amp#27;[36mAnd &amp#27;[0m&amp#27;[36mthe Upgrade user submits a VIN&amp#27;[0m                                                    &amp#27;[90m# stepDef.Upgrade_Trades_steps.theUpgradeUserSubmitsAVIN()&amp#27;[0m
  &amp#27;[36mAnd &amp#27;[0m&amp#27;[36mthe Upgrade user submits vehicle information&amp#27;[0m                                      &amp#27;[90m# stepDef.Upgrade_Trades_steps.theUpgradeUserSubmitsVehicleInformation()&amp#27;[0m
  &amp#27;[36mAnd &amp#27;[0m&amp#27;[36mthe Upgrade user submits vehicle features&amp#27;[0m                                         &amp#27;[90m# stepDef.Upgrade_Trades_steps.theUpgradeUserSubmitsVehicleFeatures()&amp#27;[0m
  &amp#27;[36mAnd &amp#27;[0m&amp#27;[36mthe Upgrade user confirms the vehicle condition&amp#27;[0m                                   &amp#27;[90m# stepDef.Upgrade_Trades_steps.theUpgradeUserConfirmsTheVehicleCondition()&amp#27;[0m
  &amp#27;[36mAnd &amp#27;[0m&amp#27;[36mthe Upgrade user's information is submitted&amp#27;[0m                                       &amp#27;[90m# stepDef.Upgrade_Trades_steps.theUpgradeUserSInformationIsSubmitted()&amp#27;[0m
  &amp#27;[36mAnd &amp#27;[0m&amp#27;[36mthe Upgrade user's current payment information is submitted&amp#27;[0m                       &amp#27;[90m# stepDef.Upgrade_Trades_steps.theUpgradeUserSCurrentPaymentInformationIsSubmitted()&amp#27;[0m
  &amp#27;[36mAnd &amp#27;[0m&amp#27;[36mthe Upgrade user's Finance Company is submitted&amp#27;[0m                                   &amp#27;[90m# stepDef.Upgrade_Trades_steps.theUpgradeUserSFinanceCompanyIsSubmitted()&amp#27;[0m
  &amp#27;[36mAnd &amp#27;[0m&amp#27;[36mthe Upgrade user clicks on continues with the estimated payoff&amp#27;[0m                    &amp#27;[90m# stepDef.Upgrade_Trades_steps.theUpgradeUserClicksOnContinuesWithTheEstimatedPayoff()&amp#27;[0m
  &amp#27;[36mAnd &amp#27;[0m&amp#27;[36mthe Upgrade user clicks on the view offers button&amp#27;[0m                                 &amp#27;[90m# stepDef.Upgrade_Trades_steps.theUpgradeUserClicksOnViewOffersButton()&amp#27;[0m
  &amp#27;[36mAnd &amp#27;[0m&amp#27;[36mthe Upgrade user clicks on the view vehicles button for the upgrade&amp#27;[0m               &amp#27;[90m# stepDef.Upgrade_Trades_steps.theUpgradeUserClicksOnViewVehiclesButtonAndClicksOnTheVehicleForUpgrade()&amp#27;[0m
  &amp#27;[36mWhen &amp#27;[0m&amp#27;[36mthe Upgrade user clicks on the vehicle details after returning to my trades page&amp#27;[0m &amp#27;[90m# stepDef.Upgrade_Trades_steps.theUpgradeUserReturnsToMyTradesPage()&amp#27;[0m
  &amp#27;[36mThen &amp#27;[0m&amp#27;[36mthe Upgrade user is on the Trade Offer Details page&amp#27;[0m                              &amp#27;[90m# stepDef.Upgrade_Trades_steps.theUpgradeUserIsOnTheTradeOfferDetailsPage()&amp#27;[0m

    Embedding Ensure a new user can add a trade-in vehicle via the hamburger menu [image/png 156244 bytes]

]]></system-out>
    <system-err><![CDATA[ChromeDriver was started successfully.
Sep 28, 2022 8:31:25 PM org.openqa.selenium.remote.ProtocolHandshake createSession
INFO: Detected upstream dialect: W3C
Sep 28, 2022 8:31:25 PM org.openqa.selenium.devtools.CdpVersionFinder findNearestMatch
WARNING: Unable to find an exact match for CDP version 105, so returning the closest version found: 104
Sep 28, 2022 8:31:25 PM org.openqa.selenium.devtools.CdpVersionFinder findNearestMatch
INFO: Found CDP implementation for version 105 of 104
]]></system-err>
  </testcase>
  <testcase name="runScenario" classname="RunCucumberTest" time="67.92">
    <failure message="Expected condition failed: waiting for visibility of Proxy element for: DefaultElementLocator &apos;By.xpath: //h1[contains(text(),&apos;Choose Trade Option&apos;)]&apos; (tried for 20 second(s) with 500 milliseconds interval)" type="org.openqa.selenium.TimeoutException">org.openqa.selenium.TimeoutException: Expected condition failed: waiting for visibility of Proxy element for: DefaultElementLocator 'By.xpath: //h1[contains(text(),'Choose Trade Option')]' (tried for 20 second(s) with 500 milliseconds interval)
Caused by: org.openqa.selenium.NoSuchElementException: 
no such element: Unable to locate element: {"method":"xpath","selector":"//h1[contains(text(),'Choose Trade Option')]"}
  (Session info: chrome=105.0.5195.125)
For documentation on this error, please visit: https://selenium.dev/exceptions/#no_such_element
Build info: version: '4.4.0', revision: 'e5c75ed026a'
System info: host: 'SF-LAP-412.local', ip: 'fe80:0:0:0:eb:c8fe:5a40:5798%en0', os.name: 'Mac OS X', os.arch: 'aarch64', os.version: '12.6', java.version: '18.0.2.1'
Driver info: org.openqa.selenium.chrome.ChromeDriver
Command: [836dc0ae48aa5d9ab0da65a36d295add, findElement {using=xpath, value=//h1[contains(text(),'Choose Trade Option')]}]
Capabilities {acceptInsecureCerts: false, browserName: chrome, browserVersion: 105.0.5195.125, chrome: {chromedriverVersion: 105.0.5195.52 (412c95e51883..., userDataDir: /var/folders/th/f4yf398x0lb...}, goog:chromeOptions: {debuggerAddress: localhost:51866}, networkConnectionEnabled: false, pageLoadStrategy: normal, platformName: MAC, proxy: Proxy(), se:cdp: ws://localhost:51866/devtoo..., se:cdpVersion: 105.0.5195.125, setWindowRect: true, strictFileInteractability: false, timeouts: {implicit: 0, pageLoad: 300000, script: 30000}, unhandledPromptBehavior: dismiss and notify, webauthn:extension:credBlob: true, webauthn:extension:largeBlob: true, webauthn:virtualAuthenticators: true}
Session ID: 836dc0ae48aa5d9ab0da65a36d295add
</failure>
    <system-out><![CDATA[
@UP @UP_garage @myTrades @regression @smoke
Scenario: Ensure a new user can add a trade-in vehicle via my garage      &amp#27;[90m# src/test/java/features/Upgrade/myTrades.feature:35&amp#27;[0m
  &amp#27;[32mGiven &amp#27;[0m&amp#27;[32mthe Upgrade user navigates to the homepage&amp#27;[0m                        &amp#27;[90m# stepDef.Upgrade_Registration_SignIn_steps.theUserNavigatesToTheUpgradeHomePage()&amp#27;[0m
  &amp#27;[32mAnd &amp#27;[0m&amp#27;[32mthe Upgrade user clicks on the &amp#27;[0m&amp#27;[32m&amp#27;[1m"Sign in here"&amp#27;[0m&amp#27;[32m link from the top nav&amp#27;[0m &amp#27;[90m# stepDef.Upgrade_Registration_SignIn_steps.theUpgradeUserClicksOnTheLinkFromTheTopNav(java.lang.String)&amp#27;[0m
  &amp#27;[31mAnd &amp#27;[0m&amp#27;[31mthe Upgrade user creates a new profile&amp#27;[0m                              &amp#27;[90m# stepDef.Upgrade_Registration_SignIn_steps.theUserCreatesAnNewProfileInUP()&amp#27;[0m
      &amp#27;[31morg.openqa.selenium.TimeoutException: Expected condition failed: waiting for visibility of Proxy element for: DefaultElementLocator 'By.xpath: //h1[contains(text(),'Choose Trade Option')]' (tried for 20 second(s) with 500 milliseconds interval)
	at org.openqa.selenium.support.ui.WebDriverWait.timeoutException(WebDriverWait.java:87)
	at org.openqa.selenium.support.ui.FluentWait.until(FluentWait.java:231)
	at base.GenericFunctions.waitForElementToBeVisible(GenericFunctions.java:33)
	at pageObject.Upgrade_Registration_SignIn_page.verifyChooseTradeOption(Upgrade_Registration_SignIn_page.java:50)
	at stepDef.Upgrade_Registration_SignIn_steps.theUserCreatesAnNewProfileInUP(Upgrade_Registration_SignIn_steps.java:87)
	at ✽.the Upgrade user creates a new profile(file:///Users/manav/Documents/QATest/qa-automation-tests/src/test/java/features/Upgrade/myTrades.feature:6)
Caused by: org.openqa.selenium.NoSuchElementException: no such element: Unable to locate element: {"method":"xpath","selector":"//h1[contains(text(),'Choose Trade Option')]"}
  (Session info: chrome=105.0.5195.125)
For documentation on this error, please visit: https://selenium.dev/exceptions/#no_such_element
Build info: version: '4.4.0', revision: 'e5c75ed026a'
System info: host: 'SF-LAP-412.local', ip: 'fe80:0:0:0:eb:c8fe:5a40:5798%en0', os.name: 'Mac OS X', os.arch: 'aarch64', os.version: '12.6', java.version: '18.0.2.1'
Driver info: org.openqa.selenium.chrome.ChromeDriver
Command: [836dc0ae48aa5d9ab0da65a36d295add, findElement {using=xpath, value=//h1[contains(text(),'Choose Trade Option')]}]
Capabilities {acceptInsecureCerts: false, browserName: chrome, browserVersion: 105.0.5195.125, chrome: {chromedriverVersion: 105.0.5195.52 (412c95e51883..., userDataDir: /var/folders/th/f4yf398x0lb...}, goog:chromeOptions: {debuggerAddress: localhost:51866}, networkConnectionEnabled: false, pageLoadStrategy: normal, platformName: MAC, proxy: Proxy(), se:cdp: ws://localhost:51866/devtoo..., se:cdpVersion: 105.0.5195.125, setWindowRect: true, strictFileInteractability: false, timeouts: {implicit: 0, pageLoad: 300000, script: 30000}, unhandledPromptBehavior: dismiss and notify, webauthn:extension:credBlob: true, webauthn:extension:largeBlob: true, webauthn:virtualAuthenticators: true}
Session ID: 836dc0ae48aa5d9ab0da65a36d295add
	at java.base/jdk.internal.reflect.DirectConstructorHandleAccessor.newInstance(DirectConstructorHandleAccessor.java:67)
	at java.base/java.lang.reflect.Constructor.newInstanceWithCaller(Constructor.java:499)
	at java.base/java.lang.reflect.Constructor.newInstance(Constructor.java:483)
	at org.openqa.selenium.remote.codec.w3c.W3CHttpResponseCodec.createException(W3CHttpResponseCodec.java:200)
	at org.openqa.selenium.remote.codec.w3c.W3CHttpResponseCodec.decode(W3CHttpResponseCodec.java:133)
	at org.openqa.selenium.remote.codec.w3c.W3CHttpResponseCodec.decode(W3CHttpResponseCodec.java:53)
	at org.openqa.selenium.remote.HttpCommandExecutor.execute(HttpCommandExecutor.java:184)
	at org.openqa.selenium.remote.service.DriverCommandExecutor.invokeExecute(DriverCommandExecutor.java:167)
	at org.openqa.selenium.remote.service.DriverCommandExecutor.execute(DriverCommandExecutor.java:142)
	at org.openqa.selenium.remote.RemoteWebDriver.execute(RemoteWebDriver.java:547)
	at org.openqa.selenium.remote.ElementLocation$ElementFinder$2.findElement(ElementLocation.java:162)
	at org.openqa.selenium.remote.ElementLocation.findElement(ElementLocation.java:60)
	at org.openqa.selenium.remote.RemoteWebDriver.findElement(RemoteWebDriver.java:365)
	at org.openqa.selenium.remote.RemoteWebDriver.findElement(RemoteWebDriver.java:357)
	at org.openqa.selenium.support.pagefactory.DefaultElementLocator.findElement(DefaultElementLocator.java:70)
	at org.openqa.selenium.support.pagefactory.internal.LocatingElementHandler.invoke(LocatingElementHandler.java:39)
	at jdk.proxy2/jdk.proxy2.$Proxy33.isDisplayed(Unknown Source)
	at org.openqa.selenium.support.ui.ExpectedConditions.elementIfVisible(ExpectedConditions.java:307)
	at org.openqa.selenium.support.ui.ExpectedConditions.access$000(ExpectedConditions.java:40)
	at org.openqa.selenium.support.ui.ExpectedConditions$10.apply(ExpectedConditions.java:293)
	at org.openqa.selenium.support.ui.ExpectedConditions$10.apply(ExpectedConditions.java:290)
	at org.openqa.selenium.support.ui.FluentWait.until(FluentWait.java:208)
	at base.GenericFunctions.waitForElementToBeVisible(GenericFunctions.java:33)
	at pageObject.Upgrade_Registration_SignIn_page.verifyChooseTradeOption(Upgrade_Registration_SignIn_page.java:50)
	at stepDef.Upgrade_Registration_SignIn_steps.theUserCreatesAnNewProfileInUP(Upgrade_Registration_SignIn_steps.java:87)
	at java.base/jdk.internal.reflect.DirectMethodHandleAccessor.invoke(DirectMethodHandleAccessor.java:104)
	at java.base/java.lang.reflect.Method.invoke(Method.java:577)
	at io.cucumber.java.Invoker.doInvoke(Invoker.java:66)
	at io.cucumber.java.Invoker.invoke(Invoker.java:24)
	at io.cucumber.java.AbstractGlueDefinition.invokeMethod(AbstractGlueDefinition.java:47)
	at io.cucumber.java.JavaStepDefinition.execute(JavaStepDefinition.java:29)
	at io.cucumber.core.runner.CoreStepDefinition.execute(CoreStepDefinition.java:66)
	at io.cucumber.core.runner.PickleStepDefinitionMatch.runStep(PickleStepDefinitionMatch.java:63)
	at io.cucumber.core.runner.ExecutionMode$1.execute(ExecutionMode.java:10)
	at io.cucumber.core.runner.TestStep.executeStep(TestStep.java:85)
	at io.cucumber.core.runner.TestStep.run(TestStep.java:57)
	at io.cucumber.core.runner.PickleStepTestStep.run(PickleStepTestStep.java:51)
	at io.cucumber.core.runner.TestCase.run(TestCase.java:84)
	at io.cucumber.core.runner.Runner.runPickle(Runner.java:75)
	at io.cucumber.testng.TestNGCucumberRunner.lambda$runScenario$1(TestNGCucumberRunner.java:132)
	at io.cucumber.core.runtime.CucumberExecutionContext.lambda$runTestCase$5(CucumberExecutionContext.java:129)
	at io.cucumber.core.runtime.RethrowingThrowableCollector.executeAndThrow(RethrowingThrowableCollector.java:23)
	at io.cucumber.core.runtime.CucumberExecutionContext.runTestCase(CucumberExecutionContext.java:129)
	at io.cucumber.testng.TestNGCucumberRunner.runScenario(TestNGCucumberRunner.java:129)
	at io.cucumber.testng.AbstractTestNGCucumberTests.runScenario(AbstractTestNGCucumberTests.java:35)
	at java.base/jdk.internal.reflect.DirectMethodHandleAccessor.invoke(DirectMethodHandleAccessor.java:104)
	at java.base/java.lang.reflect.Method.invoke(Method.java:577)
	at org.testng.internal.invokers.MethodInvocationHelper.invokeMethod(MethodInvocationHelper.java:139)
	at org.testng.internal.invokers.TestInvoker.invokeMethod(TestInvoker.java:677)
	at org.testng.internal.invokers.TestInvoker.invokeTestMethod(TestInvoker.java:221)
	at org.testng.internal.invokers.TestMethodWithDataProviderMethodWorker.call(TestMethodWithDataProviderMethodWorker.java:80)
	at org.testng.internal.invokers.TestMethodWithDataProviderMethodWorker.call(TestMethodWithDataProviderMethodWorker.java:17)
	at java.base/java.util.concurrent.FutureTask.run(FutureTask.java:264)
	at java.base/java.util.concurrent.Executors$RunnableAdapter.call(Executors.java:539)
	at java.base/java.util.concurrent.FutureTask.run(FutureTask.java:264)
	at java.base/java.util.concurrent.ThreadPoolExecutor.runWorker(ThreadPoolExecutor.java:1136)
	at java.base/java.util.concurrent.ThreadPoolExecutor$Worker.run(ThreadPoolExecutor.java:635)
	at java.base/java.lang.Thread.run(Thread.java:833)
&amp#27;[0m
  &amp#27;[36mAnd &amp#27;[0m&amp#27;[36mthe Upgrade user clicks on my garage from the hamburger menu&amp#27;[0m        &amp#27;[90m# stepDef.Upgrade_Appointment_steps.theUserClicksOnMyGarageFromHamburgerMenu()&amp#27;[0m
  &amp#27;[36mAnd &amp#27;[0m&amp#27;[36mthe Upgrade user clicks on the &amp#27;[0m&amp#27;[36m&amp#27;[1m"My Trades"&amp#27;[0m&amp#27;[36m link from my garage&amp#27;[0m      &amp#27;[90m# stepDef.Upgrade_Trades_steps.theUpgradeUserClicksOnTheLinkFromMyGarage(java.lang.String)&amp#27;[0m
  &amp#27;[36mAnd &amp#27;[0m&amp#27;[36mthe Upgrade user submits a VIN&amp#27;[0m                                      &amp#27;[90m# stepDef.Upgrade_Trades_steps.theUpgradeUserSubmitsAVIN()&amp#27;[0m
  &amp#27;[36mAnd &amp#27;[0m&amp#27;[36mthe Upgrade user submits vehicle information&amp#27;[0m                        &amp#27;[90m# stepDef.Upgrade_Trades_steps.theUpgradeUserSubmitsVehicleInformation()&amp#27;[0m
  &amp#27;[36mAnd &amp#27;[0m&amp#27;[36mthe Upgrade user submits vehicle features&amp#27;[0m                           &amp#27;[90m# stepDef.Upgrade_Trades_steps.theUpgradeUserSubmitsVehicleFeatures()&amp#27;[0m
  &amp#27;[36mAnd &amp#27;[0m&amp#27;[36mthe Upgrade user confirms the vehicle condition&amp#27;[0m                     &amp#27;[90m# stepDef.Upgrade_Trades_steps.theUpgradeUserConfirmsTheVehicleCondition()&amp#27;[0m
  &amp#27;[36mAnd &amp#27;[0m&amp#27;[36mthe Upgrade user's information is submitted&amp#27;[0m                         &amp#27;[90m# stepDef.Upgrade_Trades_steps.theUpgradeUserSInformationIsSubmitted()&amp#27;[0m
  &amp#27;[36mAnd &amp#27;[0m&amp#27;[36mthe Upgrade user's current payment information is submitted&amp#27;[0m         &amp#27;[90m# stepDef.Upgrade_Trades_steps.theUpgradeUserSCurrentPaymentInformationIsSubmitted()&amp#27;[0m
  &amp#27;[36mAnd &amp#27;[0m&amp#27;[36mthe Upgrade user's Finance Company is submitted&amp#27;[0m                     &amp#27;[90m# stepDef.Upgrade_Trades_steps.theUpgradeUserSFinanceCompanyIsSubmitted()&amp#27;[0m
  &amp#27;[36mWhen &amp#27;[0m&amp#27;[36mthe Upgrade user clicks on continues with the estimated payoff&amp#27;[0m     &amp#27;[90m# stepDef.Upgrade_Trades_steps.theUpgradeUserClicksOnContinuesWithTheEstimatedPayoff()&amp#27;[0m
  &amp#27;[36mThen &amp#27;[0m&amp#27;[36mthe Upgrade user is on the Trade Offer Details page&amp#27;[0m                &amp#27;[90m# stepDef.Upgrade_Trades_steps.theUpgradeUserIsOnTheTradeOfferDetailsPage()&amp#27;[0m

    Embedding Ensure a new user can add a trade-in vehicle via my garage [image/png 156244 bytes]

]]></system-out>
    <system-err><![CDATA[ChromeDriver was started successfully.
Sep 28, 2022 8:32:34 PM org.openqa.selenium.remote.ProtocolHandshake createSession
INFO: Detected upstream dialect: W3C
Sep 28, 2022 8:32:34 PM org.openqa.selenium.devtools.CdpVersionFinder findNearestMatch
WARNING: Unable to find an exact match for CDP version 105, so returning the closest version found: 104
Sep 28, 2022 8:32:34 PM org.openqa.selenium.devtools.CdpVersionFinder findNearestMatch
INFO: Found CDP implementation for version 105 of 104
]]></system-err>
  </testcase>
  <testcase name="runScenario" classname="RunCucumberTest" time="68.383">
    <failure message="Expected condition failed: waiting for visibility of Proxy element for: DefaultElementLocator &apos;By.xpath: //h1[contains(text(),&apos;Choose Trade Option&apos;)]&apos; (tried for 20 second(s) with 500 milliseconds interval)" type="org.openqa.selenium.TimeoutException">org.openqa.selenium.TimeoutException: Expected condition failed: waiting for visibility of Proxy element for: DefaultElementLocator 'By.xpath: //h1[contains(text(),'Choose Trade Option')]' (tried for 20 second(s) with 500 milliseconds interval)
Caused by: org.openqa.selenium.NoSuchElementException: 
no such element: Unable to locate element: {"method":"xpath","selector":"//h1[contains(text(),'Choose Trade Option')]"}
  (Session info: chrome=105.0.5195.125)
For documentation on this error, please visit: https://selenium.dev/exceptions/#no_such_element
Build info: version: '4.4.0', revision: 'e5c75ed026a'
System info: host: 'SF-LAP-412.local', ip: 'fe80:0:0:0:eb:c8fe:5a40:5798%en0', os.name: 'Mac OS X', os.arch: 'aarch64', os.version: '12.6', java.version: '18.0.2.1'
Driver info: org.openqa.selenium.chrome.ChromeDriver
Command: [4aeb66ebfcfd561ef4d5f0fa9886c160, findElement {using=xpath, value=//h1[contains(text(),'Choose Trade Option')]}]
Capabilities {acceptInsecureCerts: false, browserName: chrome, browserVersion: 105.0.5195.125, chrome: {chromedriverVersion: 105.0.5195.52 (412c95e51883..., userDataDir: /var/folders/th/f4yf398x0lb...}, goog:chromeOptions: {debuggerAddress: localhost:52198}, networkConnectionEnabled: false, pageLoadStrategy: normal, platformName: MAC, proxy: Proxy(), se:cdp: ws://localhost:52198/devtoo..., se:cdpVersion: 105.0.5195.125, setWindowRect: true, strictFileInteractability: false, timeouts: {implicit: 0, pageLoad: 300000, script: 30000}, unhandledPromptBehavior: dismiss and notify, webauthn:extension:credBlob: true, webauthn:extension:largeBlob: true, webauthn:virtualAuthenticators: true}
Session ID: 4aeb66ebfcfd561ef4d5f0fa9886c160
</failure>
    <system-out><![CDATA[
@UP @UP_garage @myTrades @regression @smoke
Scenario: Ensure the Upgrade user can verify vehicle information on the My Trades page &amp#27;[90m# src/test/java/features/Upgrade/myTrades.feature:49&amp#27;[0m
  &amp#27;[32mGiven &amp#27;[0m&amp#27;[32mthe Upgrade user navigates to the homepage&amp#27;[0m                                     &amp#27;[90m# stepDef.Upgrade_Registration_SignIn_steps.theUserNavigatesToTheUpgradeHomePage()&amp#27;[0m
  &amp#27;[32mAnd &amp#27;[0m&amp#27;[32mthe Upgrade user clicks on the &amp#27;[0m&amp#27;[32m&amp#27;[1m"Sign in here"&amp#27;[0m&amp#27;[32m link from the top nav&amp#27;[0m              &amp#27;[90m# stepDef.Upgrade_Registration_SignIn_steps.theUpgradeUserClicksOnTheLinkFromTheTopNav(java.lang.String)&amp#27;[0m
  &amp#27;[31mAnd &amp#27;[0m&amp#27;[31mthe Upgrade user creates a new profile&amp#27;[0m                                           &amp#27;[90m# stepDef.Upgrade_Registration_SignIn_steps.theUserCreatesAnNewProfileInUP()&amp#27;[0m
      &amp#27;[31morg.openqa.selenium.TimeoutException: Expected condition failed: waiting for visibility of Proxy element for: DefaultElementLocator 'By.xpath: //h1[contains(text(),'Choose Trade Option')]' (tried for 20 second(s) with 500 milliseconds interval)
	at org.openqa.selenium.support.ui.WebDriverWait.timeoutException(WebDriverWait.java:87)
	at org.openqa.selenium.support.ui.FluentWait.until(FluentWait.java:231)
	at base.GenericFunctions.waitForElementToBeVisible(GenericFunctions.java:33)
	at pageObject.Upgrade_Registration_SignIn_page.verifyChooseTradeOption(Upgrade_Registration_SignIn_page.java:50)
	at stepDef.Upgrade_Registration_SignIn_steps.theUserCreatesAnNewProfileInUP(Upgrade_Registration_SignIn_steps.java:87)
	at ✽.the Upgrade user creates a new profile(file:///Users/manav/Documents/QATest/qa-automation-tests/src/test/java/features/Upgrade/myTrades.feature:6)
Caused by: org.openqa.selenium.NoSuchElementException: no such element: Unable to locate element: {"method":"xpath","selector":"//h1[contains(text(),'Choose Trade Option')]"}
  (Session info: chrome=105.0.5195.125)
For documentation on this error, please visit: https://selenium.dev/exceptions/#no_such_element
Build info: version: '4.4.0', revision: 'e5c75ed026a'
System info: host: 'SF-LAP-412.local', ip: 'fe80:0:0:0:eb:c8fe:5a40:5798%en0', os.name: 'Mac OS X', os.arch: 'aarch64', os.version: '12.6', java.version: '18.0.2.1'
Driver info: org.openqa.selenium.chrome.ChromeDriver
Command: [4aeb66ebfcfd561ef4d5f0fa9886c160, findElement {using=xpath, value=//h1[contains(text(),'Choose Trade Option')]}]
Capabilities {acceptInsecureCerts: false, browserName: chrome, browserVersion: 105.0.5195.125, chrome: {chromedriverVersion: 105.0.5195.52 (412c95e51883..., userDataDir: /var/folders/th/f4yf398x0lb...}, goog:chromeOptions: {debuggerAddress: localhost:52198}, networkConnectionEnabled: false, pageLoadStrategy: normal, platformName: MAC, proxy: Proxy(), se:cdp: ws://localhost:52198/devtoo..., se:cdpVersion: 105.0.5195.125, setWindowRect: true, strictFileInteractability: false, timeouts: {implicit: 0, pageLoad: 300000, script: 30000}, unhandledPromptBehavior: dismiss and notify, webauthn:extension:credBlob: true, webauthn:extension:largeBlob: true, webauthn:virtualAuthenticators: true}
Session ID: 4aeb66ebfcfd561ef4d5f0fa9886c160
	at java.base/jdk.internal.reflect.DirectConstructorHandleAccessor.newInstance(DirectConstructorHandleAccessor.java:67)
	at java.base/java.lang.reflect.Constructor.newInstanceWithCaller(Constructor.java:499)
	at java.base/java.lang.reflect.Constructor.newInstance(Constructor.java:483)
	at org.openqa.selenium.remote.codec.w3c.W3CHttpResponseCodec.createException(W3CHttpResponseCodec.java:200)
	at org.openqa.selenium.remote.codec.w3c.W3CHttpResponseCodec.decode(W3CHttpResponseCodec.java:133)
	at org.openqa.selenium.remote.codec.w3c.W3CHttpResponseCodec.decode(W3CHttpResponseCodec.java:53)
	at org.openqa.selenium.remote.HttpCommandExecutor.execute(HttpCommandExecutor.java:184)
	at org.openqa.selenium.remote.service.DriverCommandExecutor.invokeExecute(DriverCommandExecutor.java:167)
	at org.openqa.selenium.remote.service.DriverCommandExecutor.execute(DriverCommandExecutor.java:142)
	at org.openqa.selenium.remote.RemoteWebDriver.execute(RemoteWebDriver.java:547)
	at org.openqa.selenium.remote.ElementLocation$ElementFinder$2.findElement(ElementLocation.java:162)
	at org.openqa.selenium.remote.ElementLocation.findElement(ElementLocation.java:60)
	at org.openqa.selenium.remote.RemoteWebDriver.findElement(RemoteWebDriver.java:365)
	at org.openqa.selenium.remote.RemoteWebDriver.findElement(RemoteWebDriver.java:357)
	at org.openqa.selenium.support.pagefactory.DefaultElementLocator.findElement(DefaultElementLocator.java:70)
	at org.openqa.selenium.support.pagefactory.internal.LocatingElementHandler.invoke(LocatingElementHandler.java:39)
	at jdk.proxy2/jdk.proxy2.$Proxy33.isDisplayed(Unknown Source)
	at org.openqa.selenium.support.ui.ExpectedConditions.elementIfVisible(ExpectedConditions.java:307)
	at org.openqa.selenium.support.ui.ExpectedConditions.access$000(ExpectedConditions.java:40)
	at org.openqa.selenium.support.ui.ExpectedConditions$10.apply(ExpectedConditions.java:293)
	at org.openqa.selenium.support.ui.ExpectedConditions$10.apply(ExpectedConditions.java:290)
	at org.openqa.selenium.support.ui.FluentWait.until(FluentWait.java:208)
	at base.GenericFunctions.waitForElementToBeVisible(GenericFunctions.java:33)
	at pageObject.Upgrade_Registration_SignIn_page.verifyChooseTradeOption(Upgrade_Registration_SignIn_page.java:50)
	at stepDef.Upgrade_Registration_SignIn_steps.theUserCreatesAnNewProfileInUP(Upgrade_Registration_SignIn_steps.java:87)
	at java.base/jdk.internal.reflect.DirectMethodHandleAccessor.invoke(DirectMethodHandleAccessor.java:104)
	at java.base/java.lang.reflect.Method.invoke(Method.java:577)
	at io.cucumber.java.Invoker.doInvoke(Invoker.java:66)
	at io.cucumber.java.Invoker.invoke(Invoker.java:24)
	at io.cucumber.java.AbstractGlueDefinition.invokeMethod(AbstractGlueDefinition.java:47)
	at io.cucumber.java.JavaStepDefinition.execute(JavaStepDefinition.java:29)
	at io.cucumber.core.runner.CoreStepDefinition.execute(CoreStepDefinition.java:66)
	at io.cucumber.core.runner.PickleStepDefinitionMatch.runStep(PickleStepDefinitionMatch.java:63)
	at io.cucumber.core.runner.ExecutionMode$1.execute(ExecutionMode.java:10)
	at io.cucumber.core.runner.TestStep.executeStep(TestStep.java:85)
	at io.cucumber.core.runner.TestStep.run(TestStep.java:57)
	at io.cucumber.core.runner.PickleStepTestStep.run(PickleStepTestStep.java:51)
	at io.cucumber.core.runner.TestCase.run(TestCase.java:84)
	at io.cucumber.core.runner.Runner.runPickle(Runner.java:75)
	at io.cucumber.testng.TestNGCucumberRunner.lambda$runScenario$1(TestNGCucumberRunner.java:132)
	at io.cucumber.core.runtime.CucumberExecutionContext.lambda$runTestCase$5(CucumberExecutionContext.java:129)
	at io.cucumber.core.runtime.RethrowingThrowableCollector.executeAndThrow(RethrowingThrowableCollector.java:23)
	at io.cucumber.core.runtime.CucumberExecutionContext.runTestCase(CucumberExecutionContext.java:129)
	at io.cucumber.testng.TestNGCucumberRunner.runScenario(TestNGCucumberRunner.java:129)
	at io.cucumber.testng.AbstractTestNGCucumberTests.runScenario(AbstractTestNGCucumberTests.java:35)
	at java.base/jdk.internal.reflect.DirectMethodHandleAccessor.invoke(DirectMethodHandleAccessor.java:104)
	at java.base/java.lang.reflect.Method.invoke(Method.java:577)
	at org.testng.internal.invokers.MethodInvocationHelper.invokeMethod(MethodInvocationHelper.java:139)
	at org.testng.internal.invokers.TestInvoker.invokeMethod(TestInvoker.java:677)
	at org.testng.internal.invokers.TestInvoker.invokeTestMethod(TestInvoker.java:221)
	at org.testng.internal.invokers.TestMethodWithDataProviderMethodWorker.call(TestMethodWithDataProviderMethodWorker.java:80)
	at org.testng.internal.invokers.TestMethodWithDataProviderMethodWorker.call(TestMethodWithDataProviderMethodWorker.java:17)
	at java.base/java.util.concurrent.FutureTask.run(FutureTask.java:264)
	at java.base/java.util.concurrent.Executors$RunnableAdapter.call(Executors.java:539)
	at java.base/java.util.concurrent.FutureTask.run(FutureTask.java:264)
	at java.base/java.util.concurrent.ThreadPoolExecutor.runWorker(ThreadPoolExecutor.java:1136)
	at java.base/java.util.concurrent.ThreadPoolExecutor$Worker.run(ThreadPoolExecutor.java:635)
	at java.base/java.lang.Thread.run(Thread.java:833)
&amp#27;[0m
  &amp#27;[36mAnd &amp#27;[0m&amp#27;[36mthe Upgrade user clicks on my garage from the hamburger menu&amp#27;[0m                     &amp#27;[90m# stepDef.Upgrade_Appointment_steps.theUserClicksOnMyGarageFromHamburgerMenu()&amp#27;[0m
  &amp#27;[36mAnd &amp#27;[0m&amp#27;[36mthe Upgrade user clicks on the &amp#27;[0m&amp#27;[36m&amp#27;[1m"My Trades"&amp#27;[0m&amp#27;[36m link from my garage&amp#27;[0m                   &amp#27;[90m# stepDef.Upgrade_Trades_steps.theUpgradeUserClicksOnTheLinkFromMyGarage(java.lang.String)&amp#27;[0m
  &amp#27;[36mAnd &amp#27;[0m&amp#27;[36mthe Upgrade user submits a Trade-In Vehicle&amp#27;[0m                                      &amp#27;[90m# stepDef.Upgrade_Trades_steps.theUpgradeUserSubmitsATradeInVehicle()&amp#27;[0m
  &amp#27;[36mWhen &amp#27;[0m&amp#27;[36mthe Upgrade user returns to My Trades&amp#27;[0m                                           &amp#27;[90m# stepDef.Upgrade_Trades_steps.theUpgradeUserReturnsToMyTrades()&amp#27;[0m
  &amp#27;[36mThen &amp#27;[0m&amp#27;[36mthe new trade-in vehicle is present on the My Trades page&amp#27;[0m                       &amp#27;[90m# stepDef.CSE_Garage_My_Trades_steps.theNewTradeInVehicleIsPresentOnTheMyTrades()&amp#27;[0m
  &amp#27;[36mAnd &amp#27;[0m&amp#27;[36mthe Upgrade user clicks on view offers&amp#27;[0m                                           &amp#27;[90m# stepDef.Upgrade_Trades_steps.theUpgradeUserClicksOnViewOffers()&amp#27;[0m
  &amp#27;[36mAnd &amp#27;[0m&amp#27;[36mthe Upgrade user can see the offer price&amp#27;[0m                                         &amp#27;[90m# stepDef.Upgrade_Trades_steps.theUpgradeUserCanSeeTheOfferPrice()&amp#27;[0m

    Embedding Ensure the Upgrade user can verify vehicle information on the My Trades page [image/png 156244 bytes]

]]></system-out>
    <system-err><![CDATA[ChromeDriver was started successfully.
Sep 28, 2022 8:33:42 PM org.openqa.selenium.remote.ProtocolHandshake createSession
INFO: Detected upstream dialect: W3C
Sep 28, 2022 8:33:42 PM org.openqa.selenium.devtools.CdpVersionFinder findNearestMatch
WARNING: Unable to find an exact match for CDP version 105, so returning the closest version found: 104
Sep 28, 2022 8:33:42 PM org.openqa.selenium.devtools.CdpVersionFinder findNearestMatch
INFO: Found CDP implementation for version 105 of 104
]]></system-err>
  </testcase>
  <testcase name="runScenario" classname="RunCucumberTest" time="69.096">
    <failure message="Expected condition failed: waiting for visibility of Proxy element for: DefaultElementLocator &apos;By.xpath: //h1[contains(text(),&apos;Choose Trade Option&apos;)]&apos; (tried for 20 second(s) with 500 milliseconds interval)" type="org.openqa.selenium.TimeoutException">org.openqa.selenium.TimeoutException: Expected condition failed: waiting for visibility of Proxy element for: DefaultElementLocator 'By.xpath: //h1[contains(text(),'Choose Trade Option')]' (tried for 20 second(s) with 500 milliseconds interval)
Caused by: org.openqa.selenium.NoSuchElementException: 
no such element: Unable to locate element: {"method":"xpath","selector":"//h1[contains(text(),'Choose Trade Option')]"}
  (Session info: chrome=105.0.5195.125)
For documentation on this error, please visit: https://selenium.dev/exceptions/#no_such_element
Build info: version: '4.4.0', revision: 'e5c75ed026a'
System info: host: 'SF-LAP-412.local', ip: 'fe80:0:0:0:eb:c8fe:5a40:5798%en0', os.name: 'Mac OS X', os.arch: 'aarch64', os.version: '12.6', java.version: '18.0.2.1'
Driver info: org.openqa.selenium.chrome.ChromeDriver
Command: [19fd8734ac6e9304a0b6e7eafea0eb8b, findElement {using=xpath, value=//h1[contains(text(),'Choose Trade Option')]}]
Capabilities {acceptInsecureCerts: false, browserName: chrome, browserVersion: 105.0.5195.125, chrome: {chromedriverVersion: 105.0.5195.52 (412c95e51883..., userDataDir: /var/folders/th/f4yf398x0lb...}, goog:chromeOptions: {debuggerAddress: localhost:52533}, networkConnectionEnabled: false, pageLoadStrategy: normal, platformName: MAC, proxy: Proxy(), se:cdp: ws://localhost:52533/devtoo..., se:cdpVersion: 105.0.5195.125, setWindowRect: true, strictFileInteractability: false, timeouts: {implicit: 0, pageLoad: 300000, script: 30000}, unhandledPromptBehavior: dismiss and notify, webauthn:extension:credBlob: true, webauthn:extension:largeBlob: true, webauthn:virtualAuthenticators: true}
Session ID: 19fd8734ac6e9304a0b6e7eafea0eb8b
</failure>
    <system-out><![CDATA[
@UP @UP_garage @myTrades @regression
Scenario: Ensure the Upgrade user can verify the vehicle details link displays the Trade Offer Details page &amp#27;[90m# src/test/java/features/Upgrade/myTrades.feature:59&amp#27;[0m
  &amp#27;[32mGiven &amp#27;[0m&amp#27;[32mthe Upgrade user navigates to the homepage&amp#27;[0m                                                          &amp#27;[90m# stepDef.Upgrade_Registration_SignIn_steps.theUserNavigatesToTheUpgradeHomePage()&amp#27;[0m
  &amp#27;[32mAnd &amp#27;[0m&amp#27;[32mthe Upgrade user clicks on the &amp#27;[0m&amp#27;[32m&amp#27;[1m"Sign in here"&amp#27;[0m&amp#27;[32m link from the top nav&amp#27;[0m                                   &amp#27;[90m# stepDef.Upgrade_Registration_SignIn_steps.theUpgradeUserClicksOnTheLinkFromTheTopNav(java.lang.String)&amp#27;[0m
  &amp#27;[31mAnd &amp#27;[0m&amp#27;[31mthe Upgrade user creates a new profile&amp#27;[0m                                                                &amp#27;[90m# stepDef.Upgrade_Registration_SignIn_steps.theUserCreatesAnNewProfileInUP()&amp#27;[0m
      &amp#27;[31morg.openqa.selenium.TimeoutException: Expected condition failed: waiting for visibility of Proxy element for: DefaultElementLocator 'By.xpath: //h1[contains(text(),'Choose Trade Option')]' (tried for 20 second(s) with 500 milliseconds interval)
	at org.openqa.selenium.support.ui.WebDriverWait.timeoutException(WebDriverWait.java:87)
	at org.openqa.selenium.support.ui.FluentWait.until(FluentWait.java:231)
	at base.GenericFunctions.waitForElementToBeVisible(GenericFunctions.java:33)
	at pageObject.Upgrade_Registration_SignIn_page.verifyChooseTradeOption(Upgrade_Registration_SignIn_page.java:50)
	at stepDef.Upgrade_Registration_SignIn_steps.theUserCreatesAnNewProfileInUP(Upgrade_Registration_SignIn_steps.java:87)
	at ✽.the Upgrade user creates a new profile(file:///Users/manav/Documents/QATest/qa-automation-tests/src/test/java/features/Upgrade/myTrades.feature:6)
Caused by: org.openqa.selenium.NoSuchElementException: no such element: Unable to locate element: {"method":"xpath","selector":"//h1[contains(text(),'Choose Trade Option')]"}
  (Session info: chrome=105.0.5195.125)
For documentation on this error, please visit: https://selenium.dev/exceptions/#no_such_element
Build info: version: '4.4.0', revision: 'e5c75ed026a'
System info: host: 'SF-LAP-412.local', ip: 'fe80:0:0:0:eb:c8fe:5a40:5798%en0', os.name: 'Mac OS X', os.arch: 'aarch64', os.version: '12.6', java.version: '18.0.2.1'
Driver info: org.openqa.selenium.chrome.ChromeDriver
Command: [19fd8734ac6e9304a0b6e7eafea0eb8b, findElement {using=xpath, value=//h1[contains(text(),'Choose Trade Option')]}]
Capabilities {acceptInsecureCerts: false, browserName: chrome, browserVersion: 105.0.5195.125, chrome: {chromedriverVersion: 105.0.5195.52 (412c95e51883..., userDataDir: /var/folders/th/f4yf398x0lb...}, goog:chromeOptions: {debuggerAddress: localhost:52533}, networkConnectionEnabled: false, pageLoadStrategy: normal, platformName: MAC, proxy: Proxy(), se:cdp: ws://localhost:52533/devtoo..., se:cdpVersion: 105.0.5195.125, setWindowRect: true, strictFileInteractability: false, timeouts: {implicit: 0, pageLoad: 300000, script: 30000}, unhandledPromptBehavior: dismiss and notify, webauthn:extension:credBlob: true, webauthn:extension:largeBlob: true, webauthn:virtualAuthenticators: true}
Session ID: 19fd8734ac6e9304a0b6e7eafea0eb8b
	at java.base/jdk.internal.reflect.DirectConstructorHandleAccessor.newInstance(DirectConstructorHandleAccessor.java:67)
	at java.base/java.lang.reflect.Constructor.newInstanceWithCaller(Constructor.java:499)
	at java.base/java.lang.reflect.Constructor.newInstance(Constructor.java:483)
	at org.openqa.selenium.remote.codec.w3c.W3CHttpResponseCodec.createException(W3CHttpResponseCodec.java:200)
	at org.openqa.selenium.remote.codec.w3c.W3CHttpResponseCodec.decode(W3CHttpResponseCodec.java:133)
	at org.openqa.selenium.remote.codec.w3c.W3CHttpResponseCodec.decode(W3CHttpResponseCodec.java:53)
	at org.openqa.selenium.remote.HttpCommandExecutor.execute(HttpCommandExecutor.java:184)
	at org.openqa.selenium.remote.service.DriverCommandExecutor.invokeExecute(DriverCommandExecutor.java:167)
	at org.openqa.selenium.remote.service.DriverCommandExecutor.execute(DriverCommandExecutor.java:142)
	at org.openqa.selenium.remote.RemoteWebDriver.execute(RemoteWebDriver.java:547)
	at org.openqa.selenium.remote.ElementLocation$ElementFinder$2.findElement(ElementLocation.java:162)
	at org.openqa.selenium.remote.ElementLocation.findElement(ElementLocation.java:60)
	at org.openqa.selenium.remote.RemoteWebDriver.findElement(RemoteWebDriver.java:365)
	at org.openqa.selenium.remote.RemoteWebDriver.findElement(RemoteWebDriver.java:357)
	at org.openqa.selenium.support.pagefactory.DefaultElementLocator.findElement(DefaultElementLocator.java:70)
	at org.openqa.selenium.support.pagefactory.internal.LocatingElementHandler.invoke(LocatingElementHandler.java:39)
	at jdk.proxy2/jdk.proxy2.$Proxy33.isDisplayed(Unknown Source)
	at org.openqa.selenium.support.ui.ExpectedConditions.elementIfVisible(ExpectedConditions.java:307)
	at org.openqa.selenium.support.ui.ExpectedConditions.access$000(ExpectedConditions.java:40)
	at org.openqa.selenium.support.ui.ExpectedConditions$10.apply(ExpectedConditions.java:293)
	at org.openqa.selenium.support.ui.ExpectedConditions$10.apply(ExpectedConditions.java:290)
	at org.openqa.selenium.support.ui.FluentWait.until(FluentWait.java:208)
	at base.GenericFunctions.waitForElementToBeVisible(GenericFunctions.java:33)
	at pageObject.Upgrade_Registration_SignIn_page.verifyChooseTradeOption(Upgrade_Registration_SignIn_page.java:50)
	at stepDef.Upgrade_Registration_SignIn_steps.theUserCreatesAnNewProfileInUP(Upgrade_Registration_SignIn_steps.java:87)
	at java.base/jdk.internal.reflect.DirectMethodHandleAccessor.invoke(DirectMethodHandleAccessor.java:104)
	at java.base/java.lang.reflect.Method.invoke(Method.java:577)
	at io.cucumber.java.Invoker.doInvoke(Invoker.java:66)
	at io.cucumber.java.Invoker.invoke(Invoker.java:24)
	at io.cucumber.java.AbstractGlueDefinition.invokeMethod(AbstractGlueDefinition.java:47)
	at io.cucumber.java.JavaStepDefinition.execute(JavaStepDefinition.java:29)
	at io.cucumber.core.runner.CoreStepDefinition.execute(CoreStepDefinition.java:66)
	at io.cucumber.core.runner.PickleStepDefinitionMatch.runStep(PickleStepDefinitionMatch.java:63)
	at io.cucumber.core.runner.ExecutionMode$1.execute(ExecutionMode.java:10)
	at io.cucumber.core.runner.TestStep.executeStep(TestStep.java:85)
	at io.cucumber.core.runner.TestStep.run(TestStep.java:57)
	at io.cucumber.core.runner.PickleStepTestStep.run(PickleStepTestStep.java:51)
	at io.cucumber.core.runner.TestCase.run(TestCase.java:84)
	at io.cucumber.core.runner.Runner.runPickle(Runner.java:75)
	at io.cucumber.testng.TestNGCucumberRunner.lambda$runScenario$1(TestNGCucumberRunner.java:132)
	at io.cucumber.core.runtime.CucumberExecutionContext.lambda$runTestCase$5(CucumberExecutionContext.java:129)
	at io.cucumber.core.runtime.RethrowingThrowableCollector.executeAndThrow(RethrowingThrowableCollector.java:23)
	at io.cucumber.core.runtime.CucumberExecutionContext.runTestCase(CucumberExecutionContext.java:129)
	at io.cucumber.testng.TestNGCucumberRunner.runScenario(TestNGCucumberRunner.java:129)
	at io.cucumber.testng.AbstractTestNGCucumberTests.runScenario(AbstractTestNGCucumberTests.java:35)
	at java.base/jdk.internal.reflect.DirectMethodHandleAccessor.invoke(DirectMethodHandleAccessor.java:104)
	at java.base/java.lang.reflect.Method.invoke(Method.java:577)
	at org.testng.internal.invokers.MethodInvocationHelper.invokeMethod(MethodInvocationHelper.java:139)
	at org.testng.internal.invokers.TestInvoker.invokeMethod(TestInvoker.java:677)
	at org.testng.internal.invokers.TestInvoker.invokeTestMethod(TestInvoker.java:221)
	at org.testng.internal.invokers.TestMethodWithDataProviderMethodWorker.call(TestMethodWithDataProviderMethodWorker.java:80)
	at org.testng.internal.invokers.TestMethodWithDataProviderMethodWorker.call(TestMethodWithDataProviderMethodWorker.java:17)
	at java.base/java.util.concurrent.FutureTask.run(FutureTask.java:264)
	at java.base/java.util.concurrent.Executors$RunnableAdapter.call(Executors.java:539)
	at java.base/java.util.concurrent.FutureTask.run(FutureTask.java:264)
	at java.base/java.util.concurrent.ThreadPoolExecutor.runWorker(ThreadPoolExecutor.java:1136)
	at java.base/java.util.concurrent.ThreadPoolExecutor$Worker.run(ThreadPoolExecutor.java:635)
	at java.base/java.lang.Thread.run(Thread.java:833)
&amp#27;[0m
  &amp#27;[36mAnd &amp#27;[0m&amp#27;[36mthe Upgrade user clicks on my garage from the hamburger menu&amp#27;[0m                                          &amp#27;[90m# stepDef.Upgrade_Appointment_steps.theUserClicksOnMyGarageFromHamburgerMenu()&amp#27;[0m
  &amp#27;[36mAnd &amp#27;[0m&amp#27;[36mthe Upgrade user clicks on the &amp#27;[0m&amp#27;[36m&amp#27;[1m"My Trades"&amp#27;[0m&amp#27;[36m link from my garage&amp#27;[0m                                        &amp#27;[90m# stepDef.Upgrade_Trades_steps.theUpgradeUserClicksOnTheLinkFromMyGarage(java.lang.String)&amp#27;[0m
  &amp#27;[36mAnd &amp#27;[0m&amp#27;[36mthe Upgrade user submits a Trade-In Vehicle&amp#27;[0m                                                           &amp#27;[90m# stepDef.Upgrade_Trades_steps.theUpgradeUserSubmitsATradeInVehicle()&amp#27;[0m
  &amp#27;[36mAnd &amp#27;[0m&amp#27;[36mthe Upgrade user returns to My Trades&amp#27;[0m                                                                 &amp#27;[90m# stepDef.Upgrade_Trades_steps.theUpgradeUserReturnsToMyTrades()&amp#27;[0m
  &amp#27;[36mWhen &amp#27;[0m&amp#27;[36mthe Upgrade user clicks on the Vehicle Details link&amp#27;[0m                                                  &amp#27;[90m# stepDef.Upgrade_Trades_steps.theUpgradeUserClicksOnTheVehicleDetailsLink()&amp#27;[0m
  &amp#27;[36mThen &amp#27;[0m&amp#27;[36mthe Trade-Offer Details page is present&amp#27;[0m                                                              &amp#27;[90m# stepDef.CSE_Garage_My_Trades_steps.theTradeOfferDetailsPageIsPresent()&amp#27;[0m

    Embedding Ensure the Upgrade user can verify the vehicle details link displays the Trade Offer Details page [image/png 156244 bytes]

]]></system-out>
    <system-err><![CDATA[ChromeDriver was started successfully.
Sep 28, 2022 8:34:50 PM org.openqa.selenium.remote.ProtocolHandshake createSession
INFO: Detected upstream dialect: W3C
Sep 28, 2022 8:34:50 PM org.openqa.selenium.devtools.CdpVersionFinder findNearestMatch
WARNING: Unable to find an exact match for CDP version 105, so returning the closest version found: 104
Sep 28, 2022 8:34:50 PM org.openqa.selenium.devtools.CdpVersionFinder findNearestMatch
INFO: Found CDP implementation for version 105 of 104
]]></system-err>
  </testcase>
  <testcase name="runScenario" classname="RunCucumberTest" time="69.422">
    <failure message="Expected condition failed: waiting for visibility of Proxy element for: DefaultElementLocator &apos;By.xpath: //h1[contains(text(),&apos;Choose Trade Option&apos;)]&apos; (tried for 20 second(s) with 500 milliseconds interval)" type="org.openqa.selenium.TimeoutException">org.openqa.selenium.TimeoutException: Expected condition failed: waiting for visibility of Proxy element for: DefaultElementLocator 'By.xpath: //h1[contains(text(),'Choose Trade Option')]' (tried for 20 second(s) with 500 milliseconds interval)
Caused by: org.openqa.selenium.NoSuchElementException: 
no such element: Unable to locate element: {"method":"xpath","selector":"//h1[contains(text(),'Choose Trade Option')]"}
  (Session info: chrome=105.0.5195.125)
For documentation on this error, please visit: https://selenium.dev/exceptions/#no_such_element
Build info: version: '4.4.0', revision: 'e5c75ed026a'
System info: host: 'SF-LAP-412.local', ip: 'fe80:0:0:0:eb:c8fe:5a40:5798%en0', os.name: 'Mac OS X', os.arch: 'aarch64', os.version: '12.6', java.version: '18.0.2.1'
Driver info: org.openqa.selenium.chrome.ChromeDriver
Command: [14798ca7fafa8b55a1607be4a8fa9a2a, findElement {using=xpath, value=//h1[contains(text(),'Choose Trade Option')]}]
Capabilities {acceptInsecureCerts: false, browserName: chrome, browserVersion: 105.0.5195.125, chrome: {chromedriverVersion: 105.0.5195.52 (412c95e51883..., userDataDir: /var/folders/th/f4yf398x0lb...}, goog:chromeOptions: {debuggerAddress: localhost:52867}, networkConnectionEnabled: false, pageLoadStrategy: normal, platformName: MAC, proxy: Proxy(), se:cdp: ws://localhost:52867/devtoo..., se:cdpVersion: 105.0.5195.125, setWindowRect: true, strictFileInteractability: false, timeouts: {implicit: 0, pageLoad: 300000, script: 30000}, unhandledPromptBehavior: dismiss and notify, webauthn:extension:credBlob: true, webauthn:extension:largeBlob: true, webauthn:virtualAuthenticators: true}
Session ID: 14798ca7fafa8b55a1607be4a8fa9a2a
</failure>
    <system-out><![CDATA[
@UP @UP_garage @myTrades @regression @smoke
Scenario: Ensure the Upgrade user can have more than one trade-in vehicle                &amp#27;[90m# src/test/java/features/Upgrade/myTrades.feature:68&amp#27;[0m
  &amp#27;[32mGiven &amp#27;[0m&amp#27;[32mthe Upgrade user navigates to the homepage&amp#27;[0m                                       &amp#27;[90m# stepDef.Upgrade_Registration_SignIn_steps.theUserNavigatesToTheUpgradeHomePage()&amp#27;[0m
  &amp#27;[32mAnd &amp#27;[0m&amp#27;[32mthe Upgrade user clicks on the &amp#27;[0m&amp#27;[32m&amp#27;[1m"Sign in here"&amp#27;[0m&amp#27;[32m link from the top nav&amp#27;[0m                &amp#27;[90m# stepDef.Upgrade_Registration_SignIn_steps.theUpgradeUserClicksOnTheLinkFromTheTopNav(java.lang.String)&amp#27;[0m
  &amp#27;[31mAnd &amp#27;[0m&amp#27;[31mthe Upgrade user creates a new profile&amp#27;[0m                                             &amp#27;[90m# stepDef.Upgrade_Registration_SignIn_steps.theUserCreatesAnNewProfileInUP()&amp#27;[0m
      &amp#27;[31morg.openqa.selenium.TimeoutException: Expected condition failed: waiting for visibility of Proxy element for: DefaultElementLocator 'By.xpath: //h1[contains(text(),'Choose Trade Option')]' (tried for 20 second(s) with 500 milliseconds interval)
	at org.openqa.selenium.support.ui.WebDriverWait.timeoutException(WebDriverWait.java:87)
	at org.openqa.selenium.support.ui.FluentWait.until(FluentWait.java:231)
	at base.GenericFunctions.waitForElementToBeVisible(GenericFunctions.java:33)
	at pageObject.Upgrade_Registration_SignIn_page.verifyChooseTradeOption(Upgrade_Registration_SignIn_page.java:50)
	at stepDef.Upgrade_Registration_SignIn_steps.theUserCreatesAnNewProfileInUP(Upgrade_Registration_SignIn_steps.java:87)
	at ✽.the Upgrade user creates a new profile(file:///Users/manav/Documents/QATest/qa-automation-tests/src/test/java/features/Upgrade/myTrades.feature:6)
Caused by: org.openqa.selenium.NoSuchElementException: no such element: Unable to locate element: {"method":"xpath","selector":"//h1[contains(text(),'Choose Trade Option')]"}
  (Session info: chrome=105.0.5195.125)
For documentation on this error, please visit: https://selenium.dev/exceptions/#no_such_element
Build info: version: '4.4.0', revision: 'e5c75ed026a'
System info: host: 'SF-LAP-412.local', ip: 'fe80:0:0:0:eb:c8fe:5a40:5798%en0', os.name: 'Mac OS X', os.arch: 'aarch64', os.version: '12.6', java.version: '18.0.2.1'
Driver info: org.openqa.selenium.chrome.ChromeDriver
Command: [14798ca7fafa8b55a1607be4a8fa9a2a, findElement {using=xpath, value=//h1[contains(text(),'Choose Trade Option')]}]
Capabilities {acceptInsecureCerts: false, browserName: chrome, browserVersion: 105.0.5195.125, chrome: {chromedriverVersion: 105.0.5195.52 (412c95e51883..., userDataDir: /var/folders/th/f4yf398x0lb...}, goog:chromeOptions: {debuggerAddress: localhost:52867}, networkConnectionEnabled: false, pageLoadStrategy: normal, platformName: MAC, proxy: Proxy(), se:cdp: ws://localhost:52867/devtoo..., se:cdpVersion: 105.0.5195.125, setWindowRect: true, strictFileInteractability: false, timeouts: {implicit: 0, pageLoad: 300000, script: 30000}, unhandledPromptBehavior: dismiss and notify, webauthn:extension:credBlob: true, webauthn:extension:largeBlob: true, webauthn:virtualAuthenticators: true}
Session ID: 14798ca7fafa8b55a1607be4a8fa9a2a
	at java.base/jdk.internal.reflect.DirectConstructorHandleAccessor.newInstance(DirectConstructorHandleAccessor.java:67)
	at java.base/java.lang.reflect.Constructor.newInstanceWithCaller(Constructor.java:499)
	at java.base/java.lang.reflect.Constructor.newInstance(Constructor.java:483)
	at org.openqa.selenium.remote.codec.w3c.W3CHttpResponseCodec.createException(W3CHttpResponseCodec.java:200)
	at org.openqa.selenium.remote.codec.w3c.W3CHttpResponseCodec.decode(W3CHttpResponseCodec.java:133)
	at org.openqa.selenium.remote.codec.w3c.W3CHttpResponseCodec.decode(W3CHttpResponseCodec.java:53)
	at org.openqa.selenium.remote.HttpCommandExecutor.execute(HttpCommandExecutor.java:184)
	at org.openqa.selenium.remote.service.DriverCommandExecutor.invokeExecute(DriverCommandExecutor.java:167)
	at org.openqa.selenium.remote.service.DriverCommandExecutor.execute(DriverCommandExecutor.java:142)
	at org.openqa.selenium.remote.RemoteWebDriver.execute(RemoteWebDriver.java:547)
	at org.openqa.selenium.remote.ElementLocation$ElementFinder$2.findElement(ElementLocation.java:162)
	at org.openqa.selenium.remote.ElementLocation.findElement(ElementLocation.java:60)
	at org.openqa.selenium.remote.RemoteWebDriver.findElement(RemoteWebDriver.java:365)
	at org.openqa.selenium.remote.RemoteWebDriver.findElement(RemoteWebDriver.java:357)
	at org.openqa.selenium.support.pagefactory.DefaultElementLocator.findElement(DefaultElementLocator.java:70)
	at org.openqa.selenium.support.pagefactory.internal.LocatingElementHandler.invoke(LocatingElementHandler.java:39)
	at jdk.proxy2/jdk.proxy2.$Proxy33.isDisplayed(Unknown Source)
	at org.openqa.selenium.support.ui.ExpectedConditions.elementIfVisible(ExpectedConditions.java:307)
	at org.openqa.selenium.support.ui.ExpectedConditions.access$000(ExpectedConditions.java:40)
	at org.openqa.selenium.support.ui.ExpectedConditions$10.apply(ExpectedConditions.java:293)
	at org.openqa.selenium.support.ui.ExpectedConditions$10.apply(ExpectedConditions.java:290)
	at org.openqa.selenium.support.ui.FluentWait.until(FluentWait.java:208)
	at base.GenericFunctions.waitForElementToBeVisible(GenericFunctions.java:33)
	at pageObject.Upgrade_Registration_SignIn_page.verifyChooseTradeOption(Upgrade_Registration_SignIn_page.java:50)
	at stepDef.Upgrade_Registration_SignIn_steps.theUserCreatesAnNewProfileInUP(Upgrade_Registration_SignIn_steps.java:87)
	at java.base/jdk.internal.reflect.DirectMethodHandleAccessor.invoke(DirectMethodHandleAccessor.java:104)
	at java.base/java.lang.reflect.Method.invoke(Method.java:577)
	at io.cucumber.java.Invoker.doInvoke(Invoker.java:66)
	at io.cucumber.java.Invoker.invoke(Invoker.java:24)
	at io.cucumber.java.AbstractGlueDefinition.invokeMethod(AbstractGlueDefinition.java:47)
	at io.cucumber.java.JavaStepDefinition.execute(JavaStepDefinition.java:29)
	at io.cucumber.core.runner.CoreStepDefinition.execute(CoreStepDefinition.java:66)
	at io.cucumber.core.runner.PickleStepDefinitionMatch.runStep(PickleStepDefinitionMatch.java:63)
	at io.cucumber.core.runner.ExecutionMode$1.execute(ExecutionMode.java:10)
	at io.cucumber.core.runner.TestStep.executeStep(TestStep.java:85)
	at io.cucumber.core.runner.TestStep.run(TestStep.java:57)
	at io.cucumber.core.runner.PickleStepTestStep.run(PickleStepTestStep.java:51)
	at io.cucumber.core.runner.TestCase.run(TestCase.java:84)
	at io.cucumber.core.runner.Runner.runPickle(Runner.java:75)
	at io.cucumber.testng.TestNGCucumberRunner.lambda$runScenario$1(TestNGCucumberRunner.java:132)
	at io.cucumber.core.runtime.CucumberExecutionContext.lambda$runTestCase$5(CucumberExecutionContext.java:129)
	at io.cucumber.core.runtime.RethrowingThrowableCollector.executeAndThrow(RethrowingThrowableCollector.java:23)
	at io.cucumber.core.runtime.CucumberExecutionContext.runTestCase(CucumberExecutionContext.java:129)
	at io.cucumber.testng.TestNGCucumberRunner.runScenario(TestNGCucumberRunner.java:129)
	at io.cucumber.testng.AbstractTestNGCucumberTests.runScenario(AbstractTestNGCucumberTests.java:35)
	at java.base/jdk.internal.reflect.DirectMethodHandleAccessor.invoke(DirectMethodHandleAccessor.java:104)
	at java.base/java.lang.reflect.Method.invoke(Method.java:577)
	at org.testng.internal.invokers.MethodInvocationHelper.invokeMethod(MethodInvocationHelper.java:139)
	at org.testng.internal.invokers.TestInvoker.invokeMethod(TestInvoker.java:677)
	at org.testng.internal.invokers.TestInvoker.invokeTestMethod(TestInvoker.java:221)
	at org.testng.internal.invokers.TestMethodWithDataProviderMethodWorker.call(TestMethodWithDataProviderMethodWorker.java:80)
	at org.testng.internal.invokers.TestMethodWithDataProviderMethodWorker.call(TestMethodWithDataProviderMethodWorker.java:17)
	at java.base/java.util.concurrent.FutureTask.run(FutureTask.java:264)
	at java.base/java.util.concurrent.Executors$RunnableAdapter.call(Executors.java:539)
	at java.base/java.util.concurrent.FutureTask.run(FutureTask.java:264)
	at java.base/java.util.concurrent.ThreadPoolExecutor.runWorker(ThreadPoolExecutor.java:1136)
	at java.base/java.util.concurrent.ThreadPoolExecutor$Worker.run(ThreadPoolExecutor.java:635)
	at java.base/java.lang.Thread.run(Thread.java:833)
&amp#27;[0m
  &amp#27;[36mAnd &amp#27;[0m&amp#27;[36mthe Upgrade user clicks on my garage from the hamburger menu&amp#27;[0m                       &amp#27;[90m# stepDef.Upgrade_Appointment_steps.theUserClicksOnMyGarageFromHamburgerMenu()&amp#27;[0m
  &amp#27;[36mAnd &amp#27;[0m&amp#27;[36mthe Upgrade user clicks on the &amp#27;[0m&amp#27;[36m&amp#27;[1m"My Trades"&amp#27;[0m&amp#27;[36m link from my garage&amp#27;[0m                     &amp#27;[90m# stepDef.Upgrade_Trades_steps.theUpgradeUserClicksOnTheLinkFromMyGarage(java.lang.String)&amp#27;[0m
  &amp#27;[36mAnd &amp#27;[0m&amp#27;[36mthe Upgrade user submits a Trade-In Vehicle&amp#27;[0m                                        &amp#27;[90m# stepDef.Upgrade_Trades_steps.theUpgradeUserSubmitsATradeInVehicle()&amp#27;[0m
  &amp#27;[36mAnd &amp#27;[0m&amp#27;[36mthe Upgrade user returns to My Trades&amp#27;[0m                                              &amp#27;[90m# stepDef.Upgrade_Trades_steps.theUpgradeUserReturnsToMyTrades()&amp#27;[0m
  &amp#27;[36mAnd &amp#27;[0m&amp#27;[36mthe Upgrade user sees the Choose Trade Option page after clicking Add Trade button&amp#27;[0m &amp#27;[90m# stepDef.Upgrade_Trades_steps.theUpgradeUserSeesTheChooseTradeOptionPageAfterClickingAddTradeButton()&amp#27;[0m
  &amp#27;[36mAnd &amp#27;[0m&amp#27;[36mthe Upgrade user sees the previous vehicle listed on the Choose Trade Option page&amp#27;[0m  &amp#27;[90m# stepDef.Upgrade_Trades_steps.theUpgradeUserSeesThePreviousVehicleListedOnTheChooseTradeOptionPage()&amp#27;[0m
  &amp#27;[36mAnd &amp#27;[0m&amp#27;[36mthe Upgrade user submits another Trade-In Vehicle&amp#27;[0m                                  &amp#27;[90m# stepDef.Upgrade_Trades_steps.theUpgradeUserSubmitsAnotherTradeInVehicle()&amp#27;[0m
  &amp#27;[36mWhen &amp#27;[0m&amp#27;[36mthe Upgrade user returns to My Trades&amp#27;[0m                                             &amp#27;[90m# stepDef.Upgrade_Trades_steps.theUpgradeUserReturnsToMyTrades()&amp#27;[0m
  &amp#27;[36mThen &amp#27;[0m&amp#27;[36mthe new trade-in vehicle is present on the My Trades page&amp#27;[0m                         &amp#27;[90m# stepDef.CSE_Garage_My_Trades_steps.theNewTradeInVehicleIsPresentOnTheMyTrades()&amp#27;[0m
  &amp#27;[36mAnd &amp#27;[0m&amp#27;[36mthe old trade-in vehicle is still present on the My Trades page&amp#27;[0m                    &amp#27;[90m# stepDef.CSE_Garage_My_Trades_steps.theOldTradeInVehicleIsStillPresentOnTheMyTradesPage()&amp#27;[0m

    Embedding Ensure the Upgrade user can have more than one trade-in vehicle [image/png 156244 bytes]

]]></system-out>
    <system-err><![CDATA[ChromeDriver was started successfully.
Sep 28, 2022 8:35:59 PM org.openqa.selenium.remote.ProtocolHandshake createSession
INFO: Detected upstream dialect: W3C
Sep 28, 2022 8:35:59 PM org.openqa.selenium.devtools.CdpVersionFinder findNearestMatch
WARNING: Unable to find an exact match for CDP version 105, so returning the closest version found: 104
Sep 28, 2022 8:35:59 PM org.openqa.selenium.devtools.CdpVersionFinder findNearestMatch
INFO: Found CDP implementation for version 105 of 104
]]></system-err>
  </testcase>
  <testcase name="runScenario" classname="RunCucumberTest" time="69.71">
    <failure message="Expected condition failed: waiting for visibility of Proxy element for: DefaultElementLocator &apos;By.xpath: //h1[contains(text(),&apos;Choose Trade Option&apos;)]&apos; (tried for 20 second(s) with 500 milliseconds interval)" type="org.openqa.selenium.TimeoutException">org.openqa.selenium.TimeoutException: Expected condition failed: waiting for visibility of Proxy element for: DefaultElementLocator 'By.xpath: //h1[contains(text(),'Choose Trade Option')]' (tried for 20 second(s) with 500 milliseconds interval)
Caused by: org.openqa.selenium.NoSuchElementException: 
no such element: Unable to locate element: {"method":"xpath","selector":"//h1[contains(text(),'Choose Trade Option')]"}
  (Session info: chrome=105.0.5195.125)
For documentation on this error, please visit: https://selenium.dev/exceptions/#no_such_element
Build info: version: '4.4.0', revision: 'e5c75ed026a'
System info: host: 'SF-LAP-412.local', ip: 'fe80:0:0:0:eb:c8fe:5a40:5798%en0', os.name: 'Mac OS X', os.arch: 'aarch64', os.version: '12.6', java.version: '18.0.2.1'
Driver info: org.openqa.selenium.chrome.ChromeDriver
Command: [6e052f73b3ebcbd9bb657600c9f1cda4, findElement {using=xpath, value=//h1[contains(text(),'Choose Trade Option')]}]
Capabilities {acceptInsecureCerts: false, browserName: chrome, browserVersion: 105.0.5195.125, chrome: {chromedriverVersion: 105.0.5195.52 (412c95e51883..., userDataDir: /var/folders/th/f4yf398x0lb...}, goog:chromeOptions: {debuggerAddress: localhost:53205}, networkConnectionEnabled: false, pageLoadStrategy: normal, platformName: MAC, proxy: Proxy(), se:cdp: ws://localhost:53205/devtoo..., se:cdpVersion: 105.0.5195.125, setWindowRect: true, strictFileInteractability: false, timeouts: {implicit: 0, pageLoad: 300000, script: 30000}, unhandledPromptBehavior: dismiss and notify, webauthn:extension:credBlob: true, webauthn:extension:largeBlob: true, webauthn:virtualAuthenticators: true}
Session ID: 6e052f73b3ebcbd9bb657600c9f1cda4
</failure>
    <system-out><![CDATA[
@UP @UP_garage @myTrades @regression @smoke
Scenario: Ensure a new user can add a trade-in vehicle via entering payoff information  &amp#27;[90m# src/test/java/features/Upgrade/myTrades.feature:81&amp#27;[0m
  &amp#27;[32mGiven &amp#27;[0m&amp#27;[32mthe Upgrade user navigates to the homepage&amp#27;[0m                                      &amp#27;[90m# stepDef.Upgrade_Registration_SignIn_steps.theUserNavigatesToTheUpgradeHomePage()&amp#27;[0m
  &amp#27;[32mAnd &amp#27;[0m&amp#27;[32mthe Upgrade user clicks on the &amp#27;[0m&amp#27;[32m&amp#27;[1m"Sign in here"&amp#27;[0m&amp#27;[32m link from the top nav&amp#27;[0m               &amp#27;[90m# stepDef.Upgrade_Registration_SignIn_steps.theUpgradeUserClicksOnTheLinkFromTheTopNav(java.lang.String)&amp#27;[0m
  &amp#27;[31mAnd &amp#27;[0m&amp#27;[31mthe Upgrade user creates a new profile&amp#27;[0m                                            &amp#27;[90m# stepDef.Upgrade_Registration_SignIn_steps.theUserCreatesAnNewProfileInUP()&amp#27;[0m
      &amp#27;[31morg.openqa.selenium.TimeoutException: Expected condition failed: waiting for visibility of Proxy element for: DefaultElementLocator 'By.xpath: //h1[contains(text(),'Choose Trade Option')]' (tried for 20 second(s) with 500 milliseconds interval)
	at org.openqa.selenium.support.ui.WebDriverWait.timeoutException(WebDriverWait.java:87)
	at org.openqa.selenium.support.ui.FluentWait.until(FluentWait.java:231)
	at base.GenericFunctions.waitForElementToBeVisible(GenericFunctions.java:33)
	at pageObject.Upgrade_Registration_SignIn_page.verifyChooseTradeOption(Upgrade_Registration_SignIn_page.java:50)
	at stepDef.Upgrade_Registration_SignIn_steps.theUserCreatesAnNewProfileInUP(Upgrade_Registration_SignIn_steps.java:87)
	at ✽.the Upgrade user creates a new profile(file:///Users/manav/Documents/QATest/qa-automation-tests/src/test/java/features/Upgrade/myTrades.feature:6)
Caused by: org.openqa.selenium.NoSuchElementException: no such element: Unable to locate element: {"method":"xpath","selector":"//h1[contains(text(),'Choose Trade Option')]"}
  (Session info: chrome=105.0.5195.125)
For documentation on this error, please visit: https://selenium.dev/exceptions/#no_such_element
Build info: version: '4.4.0', revision: 'e5c75ed026a'
System info: host: 'SF-LAP-412.local', ip: 'fe80:0:0:0:eb:c8fe:5a40:5798%en0', os.name: 'Mac OS X', os.arch: 'aarch64', os.version: '12.6', java.version: '18.0.2.1'
Driver info: org.openqa.selenium.chrome.ChromeDriver
Command: [6e052f73b3ebcbd9bb657600c9f1cda4, findElement {using=xpath, value=//h1[contains(text(),'Choose Trade Option')]}]
Capabilities {acceptInsecureCerts: false, browserName: chrome, browserVersion: 105.0.5195.125, chrome: {chromedriverVersion: 105.0.5195.52 (412c95e51883..., userDataDir: /var/folders/th/f4yf398x0lb...}, goog:chromeOptions: {debuggerAddress: localhost:53205}, networkConnectionEnabled: false, pageLoadStrategy: normal, platformName: MAC, proxy: Proxy(), se:cdp: ws://localhost:53205/devtoo..., se:cdpVersion: 105.0.5195.125, setWindowRect: true, strictFileInteractability: false, timeouts: {implicit: 0, pageLoad: 300000, script: 30000}, unhandledPromptBehavior: dismiss and notify, webauthn:extension:credBlob: true, webauthn:extension:largeBlob: true, webauthn:virtualAuthenticators: true}
Session ID: 6e052f73b3ebcbd9bb657600c9f1cda4
	at java.base/jdk.internal.reflect.DirectConstructorHandleAccessor.newInstance(DirectConstructorHandleAccessor.java:67)
	at java.base/java.lang.reflect.Constructor.newInstanceWithCaller(Constructor.java:499)
	at java.base/java.lang.reflect.Constructor.newInstance(Constructor.java:483)
	at org.openqa.selenium.remote.codec.w3c.W3CHttpResponseCodec.createException(W3CHttpResponseCodec.java:200)
	at org.openqa.selenium.remote.codec.w3c.W3CHttpResponseCodec.decode(W3CHttpResponseCodec.java:133)
	at org.openqa.selenium.remote.codec.w3c.W3CHttpResponseCodec.decode(W3CHttpResponseCodec.java:53)
	at org.openqa.selenium.remote.HttpCommandExecutor.execute(HttpCommandExecutor.java:184)
	at org.openqa.selenium.remote.service.DriverCommandExecutor.invokeExecute(DriverCommandExecutor.java:167)
	at org.openqa.selenium.remote.service.DriverCommandExecutor.execute(DriverCommandExecutor.java:142)
	at org.openqa.selenium.remote.RemoteWebDriver.execute(RemoteWebDriver.java:547)
	at org.openqa.selenium.remote.ElementLocation$ElementFinder$2.findElement(ElementLocation.java:162)
	at org.openqa.selenium.remote.ElementLocation.findElement(ElementLocation.java:60)
	at org.openqa.selenium.remote.RemoteWebDriver.findElement(RemoteWebDriver.java:365)
	at org.openqa.selenium.remote.RemoteWebDriver.findElement(RemoteWebDriver.java:357)
	at org.openqa.selenium.support.pagefactory.DefaultElementLocator.findElement(DefaultElementLocator.java:70)
	at org.openqa.selenium.support.pagefactory.internal.LocatingElementHandler.invoke(LocatingElementHandler.java:39)
	at jdk.proxy2/jdk.proxy2.$Proxy33.isDisplayed(Unknown Source)
	at org.openqa.selenium.support.ui.ExpectedConditions.elementIfVisible(ExpectedConditions.java:307)
	at org.openqa.selenium.support.ui.ExpectedConditions.access$000(ExpectedConditions.java:40)
	at org.openqa.selenium.support.ui.ExpectedConditions$10.apply(ExpectedConditions.java:293)
	at org.openqa.selenium.support.ui.ExpectedConditions$10.apply(ExpectedConditions.java:290)
	at org.openqa.selenium.support.ui.FluentWait.until(FluentWait.java:208)
	at base.GenericFunctions.waitForElementToBeVisible(GenericFunctions.java:33)
	at pageObject.Upgrade_Registration_SignIn_page.verifyChooseTradeOption(Upgrade_Registration_SignIn_page.java:50)
	at stepDef.Upgrade_Registration_SignIn_steps.theUserCreatesAnNewProfileInUP(Upgrade_Registration_SignIn_steps.java:87)
	at java.base/jdk.internal.reflect.DirectMethodHandleAccessor.invoke(DirectMethodHandleAccessor.java:104)
	at java.base/java.lang.reflect.Method.invoke(Method.java:577)
	at io.cucumber.java.Invoker.doInvoke(Invoker.java:66)
	at io.cucumber.java.Invoker.invoke(Invoker.java:24)
	at io.cucumber.java.AbstractGlueDefinition.invokeMethod(AbstractGlueDefinition.java:47)
	at io.cucumber.java.JavaStepDefinition.execute(JavaStepDefinition.java:29)
	at io.cucumber.core.runner.CoreStepDefinition.execute(CoreStepDefinition.java:66)
	at io.cucumber.core.runner.PickleStepDefinitionMatch.runStep(PickleStepDefinitionMatch.java:63)
	at io.cucumber.core.runner.ExecutionMode$1.execute(ExecutionMode.java:10)
	at io.cucumber.core.runner.TestStep.executeStep(TestStep.java:85)
	at io.cucumber.core.runner.TestStep.run(TestStep.java:57)
	at io.cucumber.core.runner.PickleStepTestStep.run(PickleStepTestStep.java:51)
	at io.cucumber.core.runner.TestCase.run(TestCase.java:84)
	at io.cucumber.core.runner.Runner.runPickle(Runner.java:75)
	at io.cucumber.testng.TestNGCucumberRunner.lambda$runScenario$1(TestNGCucumberRunner.java:132)
	at io.cucumber.core.runtime.CucumberExecutionContext.lambda$runTestCase$5(CucumberExecutionContext.java:129)
	at io.cucumber.core.runtime.RethrowingThrowableCollector.executeAndThrow(RethrowingThrowableCollector.java:23)
	at io.cucumber.core.runtime.CucumberExecutionContext.runTestCase(CucumberExecutionContext.java:129)
	at io.cucumber.testng.TestNGCucumberRunner.runScenario(TestNGCucumberRunner.java:129)
	at io.cucumber.testng.AbstractTestNGCucumberTests.runScenario(AbstractTestNGCucumberTests.java:35)
	at java.base/jdk.internal.reflect.DirectMethodHandleAccessor.invoke(DirectMethodHandleAccessor.java:104)
	at java.base/java.lang.reflect.Method.invoke(Method.java:577)
	at org.testng.internal.invokers.MethodInvocationHelper.invokeMethod(MethodInvocationHelper.java:139)
	at org.testng.internal.invokers.TestInvoker.invokeMethod(TestInvoker.java:677)
	at org.testng.internal.invokers.TestInvoker.invokeTestMethod(TestInvoker.java:221)
	at org.testng.internal.invokers.TestMethodWithDataProviderMethodWorker.call(TestMethodWithDataProviderMethodWorker.java:80)
	at org.testng.internal.invokers.TestMethodWithDataProviderMethodWorker.call(TestMethodWithDataProviderMethodWorker.java:17)
	at java.base/java.util.concurrent.FutureTask.run(FutureTask.java:264)
	at java.base/java.util.concurrent.Executors$RunnableAdapter.call(Executors.java:539)
	at java.base/java.util.concurrent.FutureTask.run(FutureTask.java:264)
	at java.base/java.util.concurrent.ThreadPoolExecutor.runWorker(ThreadPoolExecutor.java:1136)
	at java.base/java.util.concurrent.ThreadPoolExecutor$Worker.run(ThreadPoolExecutor.java:635)
	at java.base/java.lang.Thread.run(Thread.java:833)
&amp#27;[0m
  &amp#27;[36mAnd &amp#27;[0m&amp#27;[36mthe Upgrade user clicks on value trade via the hamburger menu&amp#27;[0m                     &amp#27;[90m# stepDef.Upgrade_Trades_steps.theUpgradeUserClicksOnValueTradeViaHamburgerMenu()&amp#27;[0m
  &amp#27;[36mAnd &amp#27;[0m&amp#27;[36mthe Upgrade user clicks Trade A Car&amp#27;[0m                                               &amp#27;[90m# stepDef.Upgrade_Trades_steps.theUpgradeUserClicksTradeACar()&amp#27;[0m
  &amp#27;[36mAnd &amp#27;[0m&amp#27;[36mthe Upgrade user submits a VIN&amp#27;[0m                                                    &amp#27;[90m# stepDef.Upgrade_Trades_steps.theUpgradeUserSubmitsAVIN()&amp#27;[0m
  &amp#27;[36mAnd &amp#27;[0m&amp#27;[36mthe Upgrade user submits vehicle information&amp#27;[0m                                      &amp#27;[90m# stepDef.Upgrade_Trades_steps.theUpgradeUserSubmitsVehicleInformation()&amp#27;[0m
  &amp#27;[36mAnd &amp#27;[0m&amp#27;[36mthe Upgrade user submits vehicle features&amp#27;[0m                                         &amp#27;[90m# stepDef.Upgrade_Trades_steps.theUpgradeUserSubmitsVehicleFeatures()&amp#27;[0m
  &amp#27;[36mAnd &amp#27;[0m&amp#27;[36mthe Upgrade user confirms the vehicle condition&amp#27;[0m                                   &amp#27;[90m# stepDef.Upgrade_Trades_steps.theUpgradeUserConfirmsTheVehicleCondition()&amp#27;[0m
  &amp#27;[36mAnd &amp#27;[0m&amp#27;[36mthe Upgrade user's information is submitted&amp#27;[0m                                       &amp#27;[90m# stepDef.Upgrade_Trades_steps.theUpgradeUserSInformationIsSubmitted()&amp#27;[0m
  &amp#27;[36mAnd &amp#27;[0m&amp#27;[36mthe Upgrade user's current payment information is submitted&amp#27;[0m                       &amp#27;[90m# stepDef.Upgrade_Trades_steps.theUpgradeUserSCurrentPaymentInformationIsSubmitted()&amp#27;[0m
  &amp#27;[36mAnd &amp#27;[0m&amp#27;[36mthe Upgrade user's Finance Company is submitted&amp#27;[0m                                   &amp#27;[90m# stepDef.Upgrade_Trades_steps.theUpgradeUserSFinanceCompanyIsSubmitted()&amp#27;[0m
  &amp#27;[36mAnd &amp#27;[0m&amp#27;[36mthe Upgrade user clicks on enter payoff information button&amp#27;[0m                        &amp#27;[90m# stepDef.Upgrade_Trades_steps.theUpgradeUserClicksOnEnterPayoffInformationButton()&amp#27;[0m
  &amp#27;[36mAnd &amp#27;[0m&amp#27;[36mthe Upgrade user submits all payoff information&amp#27;[0m                                   &amp#27;[90m# stepDef.Upgrade_Trades_steps.theUpgradeUserSubmitsAllPayoffInformation()&amp#27;[0m
  &amp#27;[36mAnd &amp#27;[0m&amp#27;[36mthe Upgrade user clicks on the view offers button&amp#27;[0m                                 &amp#27;[90m# stepDef.Upgrade_Trades_steps.theUpgradeUserClicksOnViewOffersButton()&amp#27;[0m
  &amp#27;[36mAnd &amp#27;[0m&amp#27;[36mthe Upgrade user clicks on the view vehicles button for the upgrade&amp#27;[0m               &amp#27;[90m# stepDef.Upgrade_Trades_steps.theUpgradeUserClicksOnViewVehiclesButtonAndClicksOnTheVehicleForUpgrade()&amp#27;[0m
  &amp#27;[36mWhen &amp#27;[0m&amp#27;[36mthe Upgrade user clicks on the vehicle details after returning to my trades page&amp#27;[0m &amp#27;[90m# stepDef.Upgrade_Trades_steps.theUpgradeUserReturnsToMyTradesPage()&amp#27;[0m
  &amp#27;[36mThen &amp#27;[0m&amp#27;[36mthe Upgrade user is on the Trade Offer Details page&amp#27;[0m                              &amp#27;[90m# stepDef.Upgrade_Trades_steps.theUpgradeUserIsOnTheTradeOfferDetailsPage()&amp#27;[0m

    Embedding Ensure a new user can add a trade-in vehicle via entering payoff information [image/png 156244 bytes]

]]></system-out>
    <system-err><![CDATA[ChromeDriver was started successfully.
Sep 28, 2022 8:37:09 PM org.openqa.selenium.remote.ProtocolHandshake createSession
INFO: Detected upstream dialect: W3C
Sep 28, 2022 8:37:09 PM org.openqa.selenium.devtools.CdpVersionFinder findNearestMatch
WARNING: Unable to find an exact match for CDP version 105, so returning the closest version found: 104
Sep 28, 2022 8:37:09 PM org.openqa.selenium.devtools.CdpVersionFinder findNearestMatch
INFO: Found CDP implementation for version 105 of 104
]]></system-err>
  </testcase>
  <testcase name="runScenario" classname="RunCucumberTest" time="64.021">
    <failure message="Expected condition failed: waiting for visibility of Proxy element for: DefaultElementLocator &apos;By.xpath: //h1[contains(text(),&apos;Choose Trade Option&apos;)]&apos; (tried for 20 second(s) with 500 milliseconds interval)" type="org.openqa.selenium.TimeoutException">org.openqa.selenium.TimeoutException: Expected condition failed: waiting for visibility of Proxy element for: DefaultElementLocator 'By.xpath: //h1[contains(text(),'Choose Trade Option')]' (tried for 20 second(s) with 500 milliseconds interval)
Caused by: org.openqa.selenium.NoSuchElementException: 
no such element: Unable to locate element: {"method":"xpath","selector":"//h1[contains(text(),'Choose Trade Option')]"}
  (Session info: chrome=105.0.5195.125)
For documentation on this error, please visit: https://selenium.dev/exceptions/#no_such_element
Build info: version: '4.4.0', revision: 'e5c75ed026a'
System info: host: 'SF-LAP-412.local', ip: 'fe80:0:0:0:eb:c8fe:5a40:5798%en0', os.name: 'Mac OS X', os.arch: 'aarch64', os.version: '12.6', java.version: '18.0.2.1'
Driver info: org.openqa.selenium.chrome.ChromeDriver
Command: [49dcaff5a383b3ec0c2d66b6cc1ed425, findElement {using=xpath, value=//h1[contains(text(),'Choose Trade Option')]}]
Capabilities {acceptInsecureCerts: false, browserName: chrome, browserVersion: 105.0.5195.125, chrome: {chromedriverVersion: 105.0.5195.52 (412c95e51883..., userDataDir: /var/folders/th/f4yf398x0lb...}, goog:chromeOptions: {debuggerAddress: localhost:53539}, networkConnectionEnabled: false, pageLoadStrategy: normal, platformName: MAC, proxy: Proxy(), se:cdp: ws://localhost:53539/devtoo..., se:cdpVersion: 105.0.5195.125, setWindowRect: true, strictFileInteractability: false, timeouts: {implicit: 0, pageLoad: 300000, script: 30000}, unhandledPromptBehavior: dismiss and notify, webauthn:extension:credBlob: true, webauthn:extension:largeBlob: true, webauthn:virtualAuthenticators: true}
Session ID: 49dcaff5a383b3ec0c2d66b6cc1ed425
</failure>
    <system-out><![CDATA[
@UP @UP_portal @regression @smoke
Scenario: Ensure portal admin user able to pull the newly created upgrade user using email address &amp#27;[90m# src/test/java/features/Upgrade/portal_customers.feature:7&amp#27;[0m
  &amp#27;[31mGiven &amp#27;[0m&amp#27;[31mthe Upgrade user creates a new profile&amp#27;[0m                                                     &amp#27;[90m# stepDef.Upgrade_Registration_SignIn_steps.theUserCreatesAnNewProfileInUP()&amp#27;[0m
      &amp#27;[31morg.openqa.selenium.TimeoutException: Expected condition failed: waiting for visibility of Proxy element for: DefaultElementLocator 'By.xpath: //h1[contains(text(),'Choose Trade Option')]' (tried for 20 second(s) with 500 milliseconds interval)
	at org.openqa.selenium.support.ui.WebDriverWait.timeoutException(WebDriverWait.java:87)
	at org.openqa.selenium.support.ui.FluentWait.until(FluentWait.java:231)
	at base.GenericFunctions.waitForElementToBeVisible(GenericFunctions.java:33)
	at pageObject.Upgrade_Registration_SignIn_page.verifyChooseTradeOption(Upgrade_Registration_SignIn_page.java:50)
	at stepDef.Upgrade_Registration_SignIn_steps.theUserCreatesAnNewProfileInUP(Upgrade_Registration_SignIn_steps.java:87)
	at ✽.the Upgrade user creates a new profile(file:///Users/manav/Documents/QATest/qa-automation-tests/src/test/java/features/Upgrade/portal_customers.feature:4)
Caused by: org.openqa.selenium.NoSuchElementException: no such element: Unable to locate element: {"method":"xpath","selector":"//h1[contains(text(),'Choose Trade Option')]"}
  (Session info: chrome=105.0.5195.125)
For documentation on this error, please visit: https://selenium.dev/exceptions/#no_such_element
Build info: version: '4.4.0', revision: 'e5c75ed026a'
System info: host: 'SF-LAP-412.local', ip: 'fe80:0:0:0:eb:c8fe:5a40:5798%en0', os.name: 'Mac OS X', os.arch: 'aarch64', os.version: '12.6', java.version: '18.0.2.1'
Driver info: org.openqa.selenium.chrome.ChromeDriver
Command: [49dcaff5a383b3ec0c2d66b6cc1ed425, findElement {using=xpath, value=//h1[contains(text(),'Choose Trade Option')]}]
Capabilities {acceptInsecureCerts: false, browserName: chrome, browserVersion: 105.0.5195.125, chrome: {chromedriverVersion: 105.0.5195.52 (412c95e51883..., userDataDir: /var/folders/th/f4yf398x0lb...}, goog:chromeOptions: {debuggerAddress: localhost:53539}, networkConnectionEnabled: false, pageLoadStrategy: normal, platformName: MAC, proxy: Proxy(), se:cdp: ws://localhost:53539/devtoo..., se:cdpVersion: 105.0.5195.125, setWindowRect: true, strictFileInteractability: false, timeouts: {implicit: 0, pageLoad: 300000, script: 30000}, unhandledPromptBehavior: dismiss and notify, webauthn:extension:credBlob: true, webauthn:extension:largeBlob: true, webauthn:virtualAuthenticators: true}
Session ID: 49dcaff5a383b3ec0c2d66b6cc1ed425
	at java.base/jdk.internal.reflect.DirectConstructorHandleAccessor.newInstance(DirectConstructorHandleAccessor.java:67)
	at java.base/java.lang.reflect.Constructor.newInstanceWithCaller(Constructor.java:499)
	at java.base/java.lang.reflect.Constructor.newInstance(Constructor.java:483)
	at org.openqa.selenium.remote.codec.w3c.W3CHttpResponseCodec.createException(W3CHttpResponseCodec.java:200)
	at org.openqa.selenium.remote.codec.w3c.W3CHttpResponseCodec.decode(W3CHttpResponseCodec.java:133)
	at org.openqa.selenium.remote.codec.w3c.W3CHttpResponseCodec.decode(W3CHttpResponseCodec.java:53)
	at org.openqa.selenium.remote.HttpCommandExecutor.execute(HttpCommandExecutor.java:184)
	at org.openqa.selenium.remote.service.DriverCommandExecutor.invokeExecute(DriverCommandExecutor.java:167)
	at org.openqa.selenium.remote.service.DriverCommandExecutor.execute(DriverCommandExecutor.java:142)
	at org.openqa.selenium.remote.RemoteWebDriver.execute(RemoteWebDriver.java:547)
	at org.openqa.selenium.remote.ElementLocation$ElementFinder$2.findElement(ElementLocation.java:162)
	at org.openqa.selenium.remote.ElementLocation.findElement(ElementLocation.java:60)
	at org.openqa.selenium.remote.RemoteWebDriver.findElement(RemoteWebDriver.java:365)
	at org.openqa.selenium.remote.RemoteWebDriver.findElement(RemoteWebDriver.java:357)
	at org.openqa.selenium.support.pagefactory.DefaultElementLocator.findElement(DefaultElementLocator.java:70)
	at org.openqa.selenium.support.pagefactory.internal.LocatingElementHandler.invoke(LocatingElementHandler.java:39)
	at jdk.proxy2/jdk.proxy2.$Proxy33.isDisplayed(Unknown Source)
	at org.openqa.selenium.support.ui.ExpectedConditions.elementIfVisible(ExpectedConditions.java:307)
	at org.openqa.selenium.support.ui.ExpectedConditions.access$000(ExpectedConditions.java:40)
	at org.openqa.selenium.support.ui.ExpectedConditions$10.apply(ExpectedConditions.java:293)
	at org.openqa.selenium.support.ui.ExpectedConditions$10.apply(ExpectedConditions.java:290)
	at org.openqa.selenium.support.ui.FluentWait.until(FluentWait.java:208)
	at base.GenericFunctions.waitForElementToBeVisible(GenericFunctions.java:33)
	at pageObject.Upgrade_Registration_SignIn_page.verifyChooseTradeOption(Upgrade_Registration_SignIn_page.java:50)
	at stepDef.Upgrade_Registration_SignIn_steps.theUserCreatesAnNewProfileInUP(Upgrade_Registration_SignIn_steps.java:87)
	at java.base/jdk.internal.reflect.DirectMethodHandleAccessor.invoke(DirectMethodHandleAccessor.java:104)
	at java.base/java.lang.reflect.Method.invoke(Method.java:577)
	at io.cucumber.java.Invoker.doInvoke(Invoker.java:66)
	at io.cucumber.java.Invoker.invoke(Invoker.java:24)
	at io.cucumber.java.AbstractGlueDefinition.invokeMethod(AbstractGlueDefinition.java:47)
	at io.cucumber.java.JavaStepDefinition.execute(JavaStepDefinition.java:29)
	at io.cucumber.core.runner.CoreStepDefinition.execute(CoreStepDefinition.java:66)
	at io.cucumber.core.runner.PickleStepDefinitionMatch.runStep(PickleStepDefinitionMatch.java:63)
	at io.cucumber.core.runner.ExecutionMode$1.execute(ExecutionMode.java:10)
	at io.cucumber.core.runner.TestStep.executeStep(TestStep.java:85)
	at io.cucumber.core.runner.TestStep.run(TestStep.java:57)
	at io.cucumber.core.runner.PickleStepTestStep.run(PickleStepTestStep.java:51)
	at io.cucumber.core.runner.TestCase.run(TestCase.java:84)
	at io.cucumber.core.runner.Runner.runPickle(Runner.java:75)
	at io.cucumber.testng.TestNGCucumberRunner.lambda$runScenario$1(TestNGCucumberRunner.java:132)
	at io.cucumber.core.runtime.CucumberExecutionContext.lambda$runTestCase$5(CucumberExecutionContext.java:129)
	at io.cucumber.core.runtime.RethrowingThrowableCollector.executeAndThrow(RethrowingThrowableCollector.java:23)
	at io.cucumber.core.runtime.CucumberExecutionContext.runTestCase(CucumberExecutionContext.java:129)
	at io.cucumber.testng.TestNGCucumberRunner.runScenario(TestNGCucumberRunner.java:129)
	at io.cucumber.testng.AbstractTestNGCucumberTests.runScenario(AbstractTestNGCucumberTests.java:35)
	at java.base/jdk.internal.reflect.DirectMethodHandleAccessor.invoke(DirectMethodHandleAccessor.java:104)
	at java.base/java.lang.reflect.Method.invoke(Method.java:577)
	at org.testng.internal.invokers.MethodInvocationHelper.invokeMethod(MethodInvocationHelper.java:139)
	at org.testng.internal.invokers.TestInvoker.invokeMethod(TestInvoker.java:677)
	at org.testng.internal.invokers.TestInvoker.invokeTestMethod(TestInvoker.java:221)
	at org.testng.internal.invokers.TestMethodWithDataProviderMethodWorker.call(TestMethodWithDataProviderMethodWorker.java:80)
	at org.testng.internal.invokers.TestMethodWithDataProviderMethodWorker.call(TestMethodWithDataProviderMethodWorker.java:17)
	at java.base/java.util.concurrent.FutureTask.run(FutureTask.java:264)
	at java.base/java.util.concurrent.Executors$RunnableAdapter.call(Executors.java:539)
	at java.base/java.util.concurrent.FutureTask.run(FutureTask.java:264)
	at java.base/java.util.concurrent.ThreadPoolExecutor.runWorker(ThreadPoolExecutor.java:1136)
	at java.base/java.util.concurrent.ThreadPoolExecutor$Worker.run(ThreadPoolExecutor.java:635)
	at java.base/java.lang.Thread.run(Thread.java:833)
&amp#27;[0m
  &amp#27;[36mAnd &amp#27;[0m&amp#27;[36mthe portal admin user logs into the portal after the upgrade account creation is done&amp#27;[0m        &amp#27;[90m# stepDef.Portal_Login_steps.thePortalAdminUserNavigatesToPortalHomepage()&amp#27;[0m
  &amp#27;[36mAnd &amp#27;[0m&amp#27;[36mthe portal admin user clicks on the &amp#27;[0m&amp#27;[36m&amp#27;[1m"Customers"&amp#27;[0m&amp#27;[36m link&amp#27;[0m                                         &amp#27;[90m# stepDef.Portal_Customers_steps.thePortalAdminUserClicksOnTheCustomersButton(java.lang.String)&amp#27;[0m
  &amp#27;[36mAnd &amp#27;[0m&amp#27;[36mthe portal admin user enters the newly created email address into the email search box&amp#27;[0m       &amp#27;[90m# stepDef.Portal_Customers_steps.thePortalAdminUserEnterTheNewlyCreatedEmailAddressIntoEmailSearchBox()&amp#27;[0m
  &amp#27;[36mWhen &amp#27;[0m&amp#27;[36mthe portal admin user clicks on the &amp#27;[0m&amp#27;[36m&amp#27;[1m"Search"&amp#27;[0m&amp#27;[36m button&amp#27;[0m                                         &amp#27;[90m# stepDef.Portal_Customers_steps.thePortalAdminUserClicksOnTheButton(java.lang.String)&amp#27;[0m
  &amp#27;[36mThen &amp#27;[0m&amp#27;[36mthe portal admin user should be able to verify the newly created customer info&amp#27;[0m              &amp#27;[90m# stepDef.Portal_Customers_steps.thePortalAdminUserShouldBeAbleToVerifyNewlyCreatedCustomersInfo()&amp#27;[0m

    Embedding Ensure portal admin user able to pull the newly created upgrade user using email address [image/png 149976 bytes]

]]></system-out>
    <system-err><![CDATA[ChromeDriver was started successfully.
Sep 28, 2022 8:38:18 PM org.openqa.selenium.remote.ProtocolHandshake createSession
INFO: Detected upstream dialect: W3C
Sep 28, 2022 8:38:18 PM org.openqa.selenium.devtools.CdpVersionFinder findNearestMatch
WARNING: Unable to find an exact match for CDP version 105, so returning the closest version found: 104
Sep 28, 2022 8:38:18 PM org.openqa.selenium.devtools.CdpVersionFinder findNearestMatch
INFO: Found CDP implementation for version 105 of 104
]]></system-err>
  </testcase>
  <testcase name="runScenario" classname="RunCucumberTest" time="65.471">
    <failure message="Expected condition failed: waiting for visibility of Proxy element for: DefaultElementLocator &apos;By.xpath: //h1[contains(text(),&apos;Choose Trade Option&apos;)]&apos; (tried for 20 second(s) with 500 milliseconds interval)" type="org.openqa.selenium.TimeoutException">org.openqa.selenium.TimeoutException: Expected condition failed: waiting for visibility of Proxy element for: DefaultElementLocator 'By.xpath: //h1[contains(text(),'Choose Trade Option')]' (tried for 20 second(s) with 500 milliseconds interval)
Caused by: org.openqa.selenium.NoSuchElementException: 
no such element: Unable to locate element: {"method":"xpath","selector":"//h1[contains(text(),'Choose Trade Option')]"}
  (Session info: chrome=105.0.5195.125)
For documentation on this error, please visit: https://selenium.dev/exceptions/#no_such_element
Build info: version: '4.4.0', revision: 'e5c75ed026a'
System info: host: 'SF-LAP-412.local', ip: 'fe80:0:0:0:eb:c8fe:5a40:5798%en0', os.name: 'Mac OS X', os.arch: 'aarch64', os.version: '12.6', java.version: '18.0.2.1'
Driver info: org.openqa.selenium.chrome.ChromeDriver
Command: [40b001d89883cfc647fb794eced22a07, findElement {using=xpath, value=//h1[contains(text(),'Choose Trade Option')]}]
Capabilities {acceptInsecureCerts: false, browserName: chrome, browserVersion: 105.0.5195.125, chrome: {chromedriverVersion: 105.0.5195.52 (412c95e51883..., userDataDir: /var/folders/th/f4yf398x0lb...}, goog:chromeOptions: {debuggerAddress: localhost:53850}, networkConnectionEnabled: false, pageLoadStrategy: normal, platformName: MAC, proxy: Proxy(), se:cdp: ws://localhost:53850/devtoo..., se:cdpVersion: 105.0.5195.125, setWindowRect: true, strictFileInteractability: false, timeouts: {implicit: 0, pageLoad: 300000, script: 30000}, unhandledPromptBehavior: dismiss and notify, webauthn:extension:credBlob: true, webauthn:extension:largeBlob: true, webauthn:virtualAuthenticators: true}
Session ID: 40b001d89883cfc647fb794eced22a07
</failure>
    <system-out><![CDATA[
@UP @UP_portal @regression @smoke
Scenario: Ensure portal admin user able to pull the newly created upgrade user using the full name &amp#27;[90m# src/test/java/features/Upgrade/portal_customers.feature:15&amp#27;[0m
  &amp#27;[31mGiven &amp#27;[0m&amp#27;[31mthe Upgrade user creates a new profile&amp#27;[0m                                                     &amp#27;[90m# stepDef.Upgrade_Registration_SignIn_steps.theUserCreatesAnNewProfileInUP()&amp#27;[0m
      &amp#27;[31morg.openqa.selenium.TimeoutException: Expected condition failed: waiting for visibility of Proxy element for: DefaultElementLocator 'By.xpath: //h1[contains(text(),'Choose Trade Option')]' (tried for 20 second(s) with 500 milliseconds interval)
	at org.openqa.selenium.support.ui.WebDriverWait.timeoutException(WebDriverWait.java:87)
	at org.openqa.selenium.support.ui.FluentWait.until(FluentWait.java:231)
	at base.GenericFunctions.waitForElementToBeVisible(GenericFunctions.java:33)
	at pageObject.Upgrade_Registration_SignIn_page.verifyChooseTradeOption(Upgrade_Registration_SignIn_page.java:50)
	at stepDef.Upgrade_Registration_SignIn_steps.theUserCreatesAnNewProfileInUP(Upgrade_Registration_SignIn_steps.java:87)
	at ✽.the Upgrade user creates a new profile(file:///Users/manav/Documents/QATest/qa-automation-tests/src/test/java/features/Upgrade/portal_customers.feature:4)
Caused by: org.openqa.selenium.NoSuchElementException: no such element: Unable to locate element: {"method":"xpath","selector":"//h1[contains(text(),'Choose Trade Option')]"}
  (Session info: chrome=105.0.5195.125)
For documentation on this error, please visit: https://selenium.dev/exceptions/#no_such_element
Build info: version: '4.4.0', revision: 'e5c75ed026a'
System info: host: 'SF-LAP-412.local', ip: 'fe80:0:0:0:eb:c8fe:5a40:5798%en0', os.name: 'Mac OS X', os.arch: 'aarch64', os.version: '12.6', java.version: '18.0.2.1'
Driver info: org.openqa.selenium.chrome.ChromeDriver
Command: [40b001d89883cfc647fb794eced22a07, findElement {using=xpath, value=//h1[contains(text(),'Choose Trade Option')]}]
Capabilities {acceptInsecureCerts: false, browserName: chrome, browserVersion: 105.0.5195.125, chrome: {chromedriverVersion: 105.0.5195.52 (412c95e51883..., userDataDir: /var/folders/th/f4yf398x0lb...}, goog:chromeOptions: {debuggerAddress: localhost:53850}, networkConnectionEnabled: false, pageLoadStrategy: normal, platformName: MAC, proxy: Proxy(), se:cdp: ws://localhost:53850/devtoo..., se:cdpVersion: 105.0.5195.125, setWindowRect: true, strictFileInteractability: false, timeouts: {implicit: 0, pageLoad: 300000, script: 30000}, unhandledPromptBehavior: dismiss and notify, webauthn:extension:credBlob: true, webauthn:extension:largeBlob: true, webauthn:virtualAuthenticators: true}
Session ID: 40b001d89883cfc647fb794eced22a07
	at java.base/jdk.internal.reflect.DirectConstructorHandleAccessor.newInstance(DirectConstructorHandleAccessor.java:67)
	at java.base/java.lang.reflect.Constructor.newInstanceWithCaller(Constructor.java:499)
	at java.base/java.lang.reflect.Constructor.newInstance(Constructor.java:483)
	at org.openqa.selenium.remote.codec.w3c.W3CHttpResponseCodec.createException(W3CHttpResponseCodec.java:200)
	at org.openqa.selenium.remote.codec.w3c.W3CHttpResponseCodec.decode(W3CHttpResponseCodec.java:133)
	at org.openqa.selenium.remote.codec.w3c.W3CHttpResponseCodec.decode(W3CHttpResponseCodec.java:53)
	at org.openqa.selenium.remote.HttpCommandExecutor.execute(HttpCommandExecutor.java:184)
	at org.openqa.selenium.remote.service.DriverCommandExecutor.invokeExecute(DriverCommandExecutor.java:167)
	at org.openqa.selenium.remote.service.DriverCommandExecutor.execute(DriverCommandExecutor.java:142)
	at org.openqa.selenium.remote.RemoteWebDriver.execute(RemoteWebDriver.java:547)
	at org.openqa.selenium.remote.ElementLocation$ElementFinder$2.findElement(ElementLocation.java:162)
	at org.openqa.selenium.remote.ElementLocation.findElement(ElementLocation.java:60)
	at org.openqa.selenium.remote.RemoteWebDriver.findElement(RemoteWebDriver.java:365)
	at org.openqa.selenium.remote.RemoteWebDriver.findElement(RemoteWebDriver.java:357)
	at org.openqa.selenium.support.pagefactory.DefaultElementLocator.findElement(DefaultElementLocator.java:70)
	at org.openqa.selenium.support.pagefactory.internal.LocatingElementHandler.invoke(LocatingElementHandler.java:39)
	at jdk.proxy2/jdk.proxy2.$Proxy33.isDisplayed(Unknown Source)
	at org.openqa.selenium.support.ui.ExpectedConditions.elementIfVisible(ExpectedConditions.java:307)
	at org.openqa.selenium.support.ui.ExpectedConditions.access$000(ExpectedConditions.java:40)
	at org.openqa.selenium.support.ui.ExpectedConditions$10.apply(ExpectedConditions.java:293)
	at org.openqa.selenium.support.ui.ExpectedConditions$10.apply(ExpectedConditions.java:290)
	at org.openqa.selenium.support.ui.FluentWait.until(FluentWait.java:208)
	at base.GenericFunctions.waitForElementToBeVisible(GenericFunctions.java:33)
	at pageObject.Upgrade_Registration_SignIn_page.verifyChooseTradeOption(Upgrade_Registration_SignIn_page.java:50)
	at stepDef.Upgrade_Registration_SignIn_steps.theUserCreatesAnNewProfileInUP(Upgrade_Registration_SignIn_steps.java:87)
	at java.base/jdk.internal.reflect.DirectMethodHandleAccessor.invoke(DirectMethodHandleAccessor.java:104)
	at java.base/java.lang.reflect.Method.invoke(Method.java:577)
	at io.cucumber.java.Invoker.doInvoke(Invoker.java:66)
	at io.cucumber.java.Invoker.invoke(Invoker.java:24)
	at io.cucumber.java.AbstractGlueDefinition.invokeMethod(AbstractGlueDefinition.java:47)
	at io.cucumber.java.JavaStepDefinition.execute(JavaStepDefinition.java:29)
	at io.cucumber.core.runner.CoreStepDefinition.execute(CoreStepDefinition.java:66)
	at io.cucumber.core.runner.PickleStepDefinitionMatch.runStep(PickleStepDefinitionMatch.java:63)
	at io.cucumber.core.runner.ExecutionMode$1.execute(ExecutionMode.java:10)
	at io.cucumber.core.runner.TestStep.executeStep(TestStep.java:85)
	at io.cucumber.core.runner.TestStep.run(TestStep.java:57)
	at io.cucumber.core.runner.PickleStepTestStep.run(PickleStepTestStep.java:51)
	at io.cucumber.core.runner.TestCase.run(TestCase.java:84)
	at io.cucumber.core.runner.Runner.runPickle(Runner.java:75)
	at io.cucumber.testng.TestNGCucumberRunner.lambda$runScenario$1(TestNGCucumberRunner.java:132)
	at io.cucumber.core.runtime.CucumberExecutionContext.lambda$runTestCase$5(CucumberExecutionContext.java:129)
	at io.cucumber.core.runtime.RethrowingThrowableCollector.executeAndThrow(RethrowingThrowableCollector.java:23)
	at io.cucumber.core.runtime.CucumberExecutionContext.runTestCase(CucumberExecutionContext.java:129)
	at io.cucumber.testng.TestNGCucumberRunner.runScenario(TestNGCucumberRunner.java:129)
	at io.cucumber.testng.AbstractTestNGCucumberTests.runScenario(AbstractTestNGCucumberTests.java:35)
	at java.base/jdk.internal.reflect.DirectMethodHandleAccessor.invoke(DirectMethodHandleAccessor.java:104)
	at java.base/java.lang.reflect.Method.invoke(Method.java:577)
	at org.testng.internal.invokers.MethodInvocationHelper.invokeMethod(MethodInvocationHelper.java:139)
	at org.testng.internal.invokers.TestInvoker.invokeMethod(TestInvoker.java:677)
	at org.testng.internal.invokers.TestInvoker.invokeTestMethod(TestInvoker.java:221)
	at org.testng.internal.invokers.TestMethodWithDataProviderMethodWorker.call(TestMethodWithDataProviderMethodWorker.java:80)
	at org.testng.internal.invokers.TestMethodWithDataProviderMethodWorker.call(TestMethodWithDataProviderMethodWorker.java:17)
	at java.base/java.util.concurrent.FutureTask.run(FutureTask.java:264)
	at java.base/java.util.concurrent.Executors$RunnableAdapter.call(Executors.java:539)
	at java.base/java.util.concurrent.FutureTask.run(FutureTask.java:264)
	at java.base/java.util.concurrent.ThreadPoolExecutor.runWorker(ThreadPoolExecutor.java:1136)
	at java.base/java.util.concurrent.ThreadPoolExecutor$Worker.run(ThreadPoolExecutor.java:635)
	at java.base/java.lang.Thread.run(Thread.java:833)
&amp#27;[0m
  &amp#27;[36mAnd &amp#27;[0m&amp#27;[36mthe portal admin user logs into the portal after the upgrade account creation is done&amp#27;[0m        &amp#27;[90m# stepDef.Portal_Login_steps.thePortalAdminUserNavigatesToPortalHomepage()&amp#27;[0m
  &amp#27;[36mAnd &amp#27;[0m&amp#27;[36mthe portal admin user clicks on the &amp#27;[0m&amp#27;[36m&amp#27;[1m"Customers"&amp#27;[0m&amp#27;[36m link&amp#27;[0m                                         &amp#27;[90m# stepDef.Portal_Customers_steps.thePortalAdminUserClicksOnTheCustomersButton(java.lang.String)&amp#27;[0m
  &amp#27;[36mAnd &amp#27;[0m&amp#27;[36mthe portal admin user enters the newly created customer's full name into the name search box&amp#27;[0m &amp#27;[90m# stepDef.Portal_Customers_steps.thePortalAdminUserEntersTheNewlyCreatedCustomerFullNameIntoNameSearchBox()&amp#27;[0m
  &amp#27;[36mWhen &amp#27;[0m&amp#27;[36mthe portal admin user clicks on the &amp#27;[0m&amp#27;[36m&amp#27;[1m"Search"&amp#27;[0m&amp#27;[36m button&amp#27;[0m                                         &amp#27;[90m# stepDef.Portal_Customers_steps.thePortalAdminUserClicksOnTheButton(java.lang.String)&amp#27;[0m
  &amp#27;[36mThen &amp#27;[0m&amp#27;[36mthe portal admin user should be able to verify the newly created customer info&amp#27;[0m              &amp#27;[90m# stepDef.Portal_Customers_steps.thePortalAdminUserShouldBeAbleToVerifyNewlyCreatedCustomersInfo()&amp#27;[0m

    Embedding Ensure portal admin user able to pull the newly created upgrade user using the full name [image/png 149976 bytes]

]]></system-out>
    <system-err><![CDATA[ChromeDriver was started successfully.
Sep 28, 2022 8:39:22 PM org.openqa.selenium.remote.ProtocolHandshake createSession
INFO: Detected upstream dialect: W3C
Sep 28, 2022 8:39:22 PM org.openqa.selenium.devtools.CdpVersionFinder findNearestMatch
WARNING: Unable to find an exact match for CDP version 105, so returning the closest version found: 104
Sep 28, 2022 8:39:22 PM org.openqa.selenium.devtools.CdpVersionFinder findNearestMatch
INFO: Found CDP implementation for version 105 of 104
]]></system-err>
  </testcase>
  <testcase name="runScenario" classname="RunCucumberTest" time="64.234">
    <failure message="Expected condition failed: waiting for visibility of Proxy element for: DefaultElementLocator &apos;By.xpath: //h1[contains(text(),&apos;Choose Trade Option&apos;)]&apos; (tried for 20 second(s) with 500 milliseconds interval)" type="org.openqa.selenium.TimeoutException">org.openqa.selenium.TimeoutException: Expected condition failed: waiting for visibility of Proxy element for: DefaultElementLocator 'By.xpath: //h1[contains(text(),'Choose Trade Option')]' (tried for 20 second(s) with 500 milliseconds interval)
Caused by: org.openqa.selenium.NoSuchElementException: 
no such element: Unable to locate element: {"method":"xpath","selector":"//h1[contains(text(),'Choose Trade Option')]"}
  (Session info: chrome=105.0.5195.125)
For documentation on this error, please visit: https://selenium.dev/exceptions/#no_such_element
Build info: version: '4.4.0', revision: 'e5c75ed026a'
System info: host: 'SF-LAP-412.local', ip: 'fe80:0:0:0:eb:c8fe:5a40:5798%en0', os.name: 'Mac OS X', os.arch: 'aarch64', os.version: '12.6', java.version: '18.0.2.1'
Driver info: org.openqa.selenium.chrome.ChromeDriver
Command: [e376195c7177f4efebde2b36e7167e40, findElement {using=xpath, value=//h1[contains(text(),'Choose Trade Option')]}]
Capabilities {acceptInsecureCerts: false, browserName: chrome, browserVersion: 105.0.5195.125, chrome: {chromedriverVersion: 105.0.5195.52 (412c95e51883..., userDataDir: /var/folders/th/f4yf398x0lb...}, goog:chromeOptions: {debuggerAddress: localhost:54167}, networkConnectionEnabled: false, pageLoadStrategy: normal, platformName: MAC, proxy: Proxy(), se:cdp: ws://localhost:54167/devtoo..., se:cdpVersion: 105.0.5195.125, setWindowRect: true, strictFileInteractability: false, timeouts: {implicit: 0, pageLoad: 300000, script: 30000}, unhandledPromptBehavior: dismiss and notify, webauthn:extension:credBlob: true, webauthn:extension:largeBlob: true, webauthn:virtualAuthenticators: true}
Session ID: e376195c7177f4efebde2b36e7167e40
</failure>
    <system-out><![CDATA[
@UP @UP_portal @regression @smoke
Scenario: Ensure portal admin user able to pull the newly created upgrade user using the full name and email &amp#27;[90m# src/test/java/features/Upgrade/portal_customers.feature:23&amp#27;[0m
  &amp#27;[31mGiven &amp#27;[0m&amp#27;[31mthe Upgrade user creates a new profile&amp#27;[0m                                                               &amp#27;[90m# stepDef.Upgrade_Registration_SignIn_steps.theUserCreatesAnNewProfileInUP()&amp#27;[0m
      &amp#27;[31morg.openqa.selenium.TimeoutException: Expected condition failed: waiting for visibility of Proxy element for: DefaultElementLocator 'By.xpath: //h1[contains(text(),'Choose Trade Option')]' (tried for 20 second(s) with 500 milliseconds interval)
	at org.openqa.selenium.support.ui.WebDriverWait.timeoutException(WebDriverWait.java:87)
	at org.openqa.selenium.support.ui.FluentWait.until(FluentWait.java:231)
	at base.GenericFunctions.waitForElementToBeVisible(GenericFunctions.java:33)
	at pageObject.Upgrade_Registration_SignIn_page.verifyChooseTradeOption(Upgrade_Registration_SignIn_page.java:50)
	at stepDef.Upgrade_Registration_SignIn_steps.theUserCreatesAnNewProfileInUP(Upgrade_Registration_SignIn_steps.java:87)
	at ✽.the Upgrade user creates a new profile(file:///Users/manav/Documents/QATest/qa-automation-tests/src/test/java/features/Upgrade/portal_customers.feature:4)
Caused by: org.openqa.selenium.NoSuchElementException: no such element: Unable to locate element: {"method":"xpath","selector":"//h1[contains(text(),'Choose Trade Option')]"}
  (Session info: chrome=105.0.5195.125)
For documentation on this error, please visit: https://selenium.dev/exceptions/#no_such_element
Build info: version: '4.4.0', revision: 'e5c75ed026a'
System info: host: 'SF-LAP-412.local', ip: 'fe80:0:0:0:eb:c8fe:5a40:5798%en0', os.name: 'Mac OS X', os.arch: 'aarch64', os.version: '12.6', java.version: '18.0.2.1'
Driver info: org.openqa.selenium.chrome.ChromeDriver
Command: [e376195c7177f4efebde2b36e7167e40, findElement {using=xpath, value=//h1[contains(text(),'Choose Trade Option')]}]
Capabilities {acceptInsecureCerts: false, browserName: chrome, browserVersion: 105.0.5195.125, chrome: {chromedriverVersion: 105.0.5195.52 (412c95e51883..., userDataDir: /var/folders/th/f4yf398x0lb...}, goog:chromeOptions: {debuggerAddress: localhost:54167}, networkConnectionEnabled: false, pageLoadStrategy: normal, platformName: MAC, proxy: Proxy(), se:cdp: ws://localhost:54167/devtoo..., se:cdpVersion: 105.0.5195.125, setWindowRect: true, strictFileInteractability: false, timeouts: {implicit: 0, pageLoad: 300000, script: 30000}, unhandledPromptBehavior: dismiss and notify, webauthn:extension:credBlob: true, webauthn:extension:largeBlob: true, webauthn:virtualAuthenticators: true}
Session ID: e376195c7177f4efebde2b36e7167e40
	at java.base/jdk.internal.reflect.DirectConstructorHandleAccessor.newInstance(DirectConstructorHandleAccessor.java:67)
	at java.base/java.lang.reflect.Constructor.newInstanceWithCaller(Constructor.java:499)
	at java.base/java.lang.reflect.Constructor.newInstance(Constructor.java:483)
	at org.openqa.selenium.remote.codec.w3c.W3CHttpResponseCodec.createException(W3CHttpResponseCodec.java:200)
	at org.openqa.selenium.remote.codec.w3c.W3CHttpResponseCodec.decode(W3CHttpResponseCodec.java:133)
	at org.openqa.selenium.remote.codec.w3c.W3CHttpResponseCodec.decode(W3CHttpResponseCodec.java:53)
	at org.openqa.selenium.remote.HttpCommandExecutor.execute(HttpCommandExecutor.java:184)
	at org.openqa.selenium.remote.service.DriverCommandExecutor.invokeExecute(DriverCommandExecutor.java:167)
	at org.openqa.selenium.remote.service.DriverCommandExecutor.execute(DriverCommandExecutor.java:142)
	at org.openqa.selenium.remote.RemoteWebDriver.execute(RemoteWebDriver.java:547)
	at org.openqa.selenium.remote.ElementLocation$ElementFinder$2.findElement(ElementLocation.java:162)
	at org.openqa.selenium.remote.ElementLocation.findElement(ElementLocation.java:60)
	at org.openqa.selenium.remote.RemoteWebDriver.findElement(RemoteWebDriver.java:365)
	at org.openqa.selenium.remote.RemoteWebDriver.findElement(RemoteWebDriver.java:357)
	at org.openqa.selenium.support.pagefactory.DefaultElementLocator.findElement(DefaultElementLocator.java:70)
	at org.openqa.selenium.support.pagefactory.internal.LocatingElementHandler.invoke(LocatingElementHandler.java:39)
	at jdk.proxy2/jdk.proxy2.$Proxy33.isDisplayed(Unknown Source)
	at org.openqa.selenium.support.ui.ExpectedConditions.elementIfVisible(ExpectedConditions.java:307)
	at org.openqa.selenium.support.ui.ExpectedConditions.access$000(ExpectedConditions.java:40)
	at org.openqa.selenium.support.ui.ExpectedConditions$10.apply(ExpectedConditions.java:293)
	at org.openqa.selenium.support.ui.ExpectedConditions$10.apply(ExpectedConditions.java:290)
	at org.openqa.selenium.support.ui.FluentWait.until(FluentWait.java:208)
	at base.GenericFunctions.waitForElementToBeVisible(GenericFunctions.java:33)
	at pageObject.Upgrade_Registration_SignIn_page.verifyChooseTradeOption(Upgrade_Registration_SignIn_page.java:50)
	at stepDef.Upgrade_Registration_SignIn_steps.theUserCreatesAnNewProfileInUP(Upgrade_Registration_SignIn_steps.java:87)
	at java.base/jdk.internal.reflect.DirectMethodHandleAccessor.invoke(DirectMethodHandleAccessor.java:104)
	at java.base/java.lang.reflect.Method.invoke(Method.java:577)
	at io.cucumber.java.Invoker.doInvoke(Invoker.java:66)
	at io.cucumber.java.Invoker.invoke(Invoker.java:24)
	at io.cucumber.java.AbstractGlueDefinition.invokeMethod(AbstractGlueDefinition.java:47)
	at io.cucumber.java.JavaStepDefinition.execute(JavaStepDefinition.java:29)
	at io.cucumber.core.runner.CoreStepDefinition.execute(CoreStepDefinition.java:66)
	at io.cucumber.core.runner.PickleStepDefinitionMatch.runStep(PickleStepDefinitionMatch.java:63)
	at io.cucumber.core.runner.ExecutionMode$1.execute(ExecutionMode.java:10)
	at io.cucumber.core.runner.TestStep.executeStep(TestStep.java:85)
	at io.cucumber.core.runner.TestStep.run(TestStep.java:57)
	at io.cucumber.core.runner.PickleStepTestStep.run(PickleStepTestStep.java:51)
	at io.cucumber.core.runner.TestCase.run(TestCase.java:84)
	at io.cucumber.core.runner.Runner.runPickle(Runner.java:75)
	at io.cucumber.testng.TestNGCucumberRunner.lambda$runScenario$1(TestNGCucumberRunner.java:132)
	at io.cucumber.core.runtime.CucumberExecutionContext.lambda$runTestCase$5(CucumberExecutionContext.java:129)
	at io.cucumber.core.runtime.RethrowingThrowableCollector.executeAndThrow(RethrowingThrowableCollector.java:23)
	at io.cucumber.core.runtime.CucumberExecutionContext.runTestCase(CucumberExecutionContext.java:129)
	at io.cucumber.testng.TestNGCucumberRunner.runScenario(TestNGCucumberRunner.java:129)
	at io.cucumber.testng.AbstractTestNGCucumberTests.runScenario(AbstractTestNGCucumberTests.java:35)
	at java.base/jdk.internal.reflect.DirectMethodHandleAccessor.invoke(DirectMethodHandleAccessor.java:104)
	at java.base/java.lang.reflect.Method.invoke(Method.java:577)
	at org.testng.internal.invokers.MethodInvocationHelper.invokeMethod(MethodInvocationHelper.java:139)
	at org.testng.internal.invokers.TestInvoker.invokeMethod(TestInvoker.java:677)
	at org.testng.internal.invokers.TestInvoker.invokeTestMethod(TestInvoker.java:221)
	at org.testng.internal.invokers.TestMethodWithDataProviderMethodWorker.call(TestMethodWithDataProviderMethodWorker.java:80)
	at org.testng.internal.invokers.TestMethodWithDataProviderMethodWorker.call(TestMethodWithDataProviderMethodWorker.java:17)
	at java.base/java.util.concurrent.FutureTask.run(FutureTask.java:264)
	at java.base/java.util.concurrent.Executors$RunnableAdapter.call(Executors.java:539)
	at java.base/java.util.concurrent.FutureTask.run(FutureTask.java:264)
	at java.base/java.util.concurrent.ThreadPoolExecutor.runWorker(ThreadPoolExecutor.java:1136)
	at java.base/java.util.concurrent.ThreadPoolExecutor$Worker.run(ThreadPoolExecutor.java:635)
	at java.base/java.lang.Thread.run(Thread.java:833)
&amp#27;[0m
  &amp#27;[36mAnd &amp#27;[0m&amp#27;[36mthe portal admin user logs into the portal after the upgrade account creation is done&amp#27;[0m                  &amp#27;[90m# stepDef.Portal_Login_steps.thePortalAdminUserNavigatesToPortalHomepage()&amp#27;[0m
  &amp#27;[36mAnd &amp#27;[0m&amp#27;[36mthe portal admin user clicks on the &amp#27;[0m&amp#27;[36m&amp#27;[1m"Customers"&amp#27;[0m&amp#27;[36m link&amp#27;[0m                                                   &amp#27;[90m# stepDef.Portal_Customers_steps.thePortalAdminUserClicksOnTheCustomersButton(java.lang.String)&amp#27;[0m
  &amp#27;[36mAnd &amp#27;[0m&amp#27;[36mthe portal admin user enters the newly created customer's full name into the name search box&amp#27;[0m           &amp#27;[90m# stepDef.Portal_Customers_steps.thePortalAdminUserEntersTheNewlyCreatedCustomerFullNameIntoNameSearchBox()&amp#27;[0m
  &amp#27;[36mAnd &amp#27;[0m&amp#27;[36mthe portal admin user enters the newly created email address into the email search box&amp#27;[0m                 &amp#27;[90m# stepDef.Portal_Customers_steps.thePortalAdminUserEnterTheNewlyCreatedEmailAddressIntoEmailSearchBox()&amp#27;[0m
  &amp#27;[36mWhen &amp#27;[0m&amp#27;[36mthe portal admin user clicks on the &amp#27;[0m&amp#27;[36m&amp#27;[1m"Search"&amp#27;[0m&amp#27;[36m button&amp#27;[0m                                                   &amp#27;[90m# stepDef.Portal_Customers_steps.thePortalAdminUserClicksOnTheButton(java.lang.String)&amp#27;[0m
  &amp#27;[36mThen &amp#27;[0m&amp#27;[36mthe portal admin user should be able to verify the newly created customer info&amp#27;[0m                        &amp#27;[90m# stepDef.Portal_Customers_steps.thePortalAdminUserShouldBeAbleToVerifyNewlyCreatedCustomersInfo()&amp#27;[0m

    Embedding Ensure portal admin user able to pull the newly created upgrade user using the full name and email [image/png 149976 bytes]

]]></system-out>
    <system-err><![CDATA[ChromeDriver was started successfully.
Sep 28, 2022 8:40:28 PM org.openqa.selenium.remote.ProtocolHandshake createSession
INFO: Detected upstream dialect: W3C
Sep 28, 2022 8:40:28 PM org.openqa.selenium.devtools.CdpVersionFinder findNearestMatch
WARNING: Unable to find an exact match for CDP version 105, so returning the closest version found: 104
Sep 28, 2022 8:40:28 PM org.openqa.selenium.devtools.CdpVersionFinder findNearestMatch
INFO: Found CDP implementation for version 105 of 104
]]></system-err>
  </testcase>
  <testcase name="runScenario" classname="RunCucumberTest" time="67.351">
    <failure message="Expected condition failed: waiting for visibility of Proxy element for: DefaultElementLocator &apos;By.xpath: //h1[contains(text(),&apos;Choose Trade Option&apos;)]&apos; (tried for 20 second(s) with 500 milliseconds interval)" type="org.openqa.selenium.TimeoutException">org.openqa.selenium.TimeoutException: Expected condition failed: waiting for visibility of Proxy element for: DefaultElementLocator 'By.xpath: //h1[contains(text(),'Choose Trade Option')]' (tried for 20 second(s) with 500 milliseconds interval)
Caused by: org.openqa.selenium.NoSuchElementException: 
no such element: Unable to locate element: {"method":"xpath","selector":"//h1[contains(text(),'Choose Trade Option')]"}
  (Session info: chrome=105.0.5195.125)
For documentation on this error, please visit: https://selenium.dev/exceptions/#no_such_element
Build info: version: '4.4.0', revision: 'e5c75ed026a'
System info: host: 'SF-LAP-412.local', ip: 'fe80:0:0:0:eb:c8fe:5a40:5798%en0', os.name: 'Mac OS X', os.arch: 'aarch64', os.version: '12.6', java.version: '18.0.2.1'
Driver info: org.openqa.selenium.chrome.ChromeDriver
Command: [4ccca9b941c89151fdcd95d65e53abce, findElement {using=xpath, value=//h1[contains(text(),'Choose Trade Option')]}]
Capabilities {acceptInsecureCerts: false, browserName: chrome, browserVersion: 105.0.5195.125, chrome: {chromedriverVersion: 105.0.5195.52 (412c95e51883..., userDataDir: /var/folders/th/f4yf398x0lb...}, goog:chromeOptions: {debuggerAddress: localhost:54485}, networkConnectionEnabled: false, pageLoadStrategy: normal, platformName: MAC, proxy: Proxy(), se:cdp: ws://localhost:54485/devtoo..., se:cdpVersion: 105.0.5195.125, setWindowRect: true, strictFileInteractability: false, timeouts: {implicit: 0, pageLoad: 300000, script: 30000}, unhandledPromptBehavior: dismiss and notify, webauthn:extension:credBlob: true, webauthn:extension:largeBlob: true, webauthn:virtualAuthenticators: true}
Session ID: 4ccca9b941c89151fdcd95d65e53abce
</failure>
    <system-out><![CDATA[
@UP @UP_garage @recently_Viewed_Vehicles @regression
Scenario: Ensure the Upgrade user doesn't see any vehicle in the recently viewed vehicles after creating a new account &amp#27;[90m# src/test/java/features/Upgrade/recentlyViewedVehicles.feature:9&amp#27;[0m
  &amp#27;[32mGiven &amp#27;[0m&amp#27;[32mthe Upgrade user navigates to the homepage&amp#27;[0m                                                                     &amp#27;[90m# stepDef.Upgrade_Registration_SignIn_steps.theUserNavigatesToTheUpgradeHomePage()&amp#27;[0m
  &amp#27;[32mAnd &amp#27;[0m&amp#27;[32mthe Upgrade user clicks on the &amp#27;[0m&amp#27;[32m&amp#27;[1m"Sign in here"&amp#27;[0m&amp#27;[32m link from the top nav&amp#27;[0m                                              &amp#27;[90m# stepDef.Upgrade_Registration_SignIn_steps.theUpgradeUserClicksOnTheLinkFromTheTopNav(java.lang.String)&amp#27;[0m
  &amp#27;[31mAnd &amp#27;[0m&amp#27;[31mthe Upgrade user creates a new profile&amp#27;[0m                                                                           &amp#27;[90m# stepDef.Upgrade_Registration_SignIn_steps.theUserCreatesAnNewProfileInUP()&amp#27;[0m
      &amp#27;[31morg.openqa.selenium.TimeoutException: Expected condition failed: waiting for visibility of Proxy element for: DefaultElementLocator 'By.xpath: //h1[contains(text(),'Choose Trade Option')]' (tried for 20 second(s) with 500 milliseconds interval)
	at org.openqa.selenium.support.ui.WebDriverWait.timeoutException(WebDriverWait.java:87)
	at org.openqa.selenium.support.ui.FluentWait.until(FluentWait.java:231)
	at base.GenericFunctions.waitForElementToBeVisible(GenericFunctions.java:33)
	at pageObject.Upgrade_Registration_SignIn_page.verifyChooseTradeOption(Upgrade_Registration_SignIn_page.java:50)
	at stepDef.Upgrade_Registration_SignIn_steps.theUserCreatesAnNewProfileInUP(Upgrade_Registration_SignIn_steps.java:87)
	at ✽.the Upgrade user creates a new profile(file:///Users/manav/Documents/QATest/qa-automation-tests/src/test/java/features/Upgrade/recentlyViewedVehicles.feature:6)
Caused by: org.openqa.selenium.NoSuchElementException: no such element: Unable to locate element: {"method":"xpath","selector":"//h1[contains(text(),'Choose Trade Option')]"}
  (Session info: chrome=105.0.5195.125)
For documentation on this error, please visit: https://selenium.dev/exceptions/#no_such_element
Build info: version: '4.4.0', revision: 'e5c75ed026a'
System info: host: 'SF-LAP-412.local', ip: 'fe80:0:0:0:eb:c8fe:5a40:5798%en0', os.name: 'Mac OS X', os.arch: 'aarch64', os.version: '12.6', java.version: '18.0.2.1'
Driver info: org.openqa.selenium.chrome.ChromeDriver
Command: [4ccca9b941c89151fdcd95d65e53abce, findElement {using=xpath, value=//h1[contains(text(),'Choose Trade Option')]}]
Capabilities {acceptInsecureCerts: false, browserName: chrome, browserVersion: 105.0.5195.125, chrome: {chromedriverVersion: 105.0.5195.52 (412c95e51883..., userDataDir: /var/folders/th/f4yf398x0lb...}, goog:chromeOptions: {debuggerAddress: localhost:54485}, networkConnectionEnabled: false, pageLoadStrategy: normal, platformName: MAC, proxy: Proxy(), se:cdp: ws://localhost:54485/devtoo..., se:cdpVersion: 105.0.5195.125, setWindowRect: true, strictFileInteractability: false, timeouts: {implicit: 0, pageLoad: 300000, script: 30000}, unhandledPromptBehavior: dismiss and notify, webauthn:extension:credBlob: true, webauthn:extension:largeBlob: true, webauthn:virtualAuthenticators: true}
Session ID: 4ccca9b941c89151fdcd95d65e53abce
	at java.base/jdk.internal.reflect.DirectConstructorHandleAccessor.newInstance(DirectConstructorHandleAccessor.java:67)
	at java.base/java.lang.reflect.Constructor.newInstanceWithCaller(Constructor.java:499)
	at java.base/java.lang.reflect.Constructor.newInstance(Constructor.java:483)
	at org.openqa.selenium.remote.codec.w3c.W3CHttpResponseCodec.createException(W3CHttpResponseCodec.java:200)
	at org.openqa.selenium.remote.codec.w3c.W3CHttpResponseCodec.decode(W3CHttpResponseCodec.java:133)
	at org.openqa.selenium.remote.codec.w3c.W3CHttpResponseCodec.decode(W3CHttpResponseCodec.java:53)
	at org.openqa.selenium.remote.HttpCommandExecutor.execute(HttpCommandExecutor.java:184)
	at org.openqa.selenium.remote.service.DriverCommandExecutor.invokeExecute(DriverCommandExecutor.java:167)
	at org.openqa.selenium.remote.service.DriverCommandExecutor.execute(DriverCommandExecutor.java:142)
	at org.openqa.selenium.remote.RemoteWebDriver.execute(RemoteWebDriver.java:547)
	at org.openqa.selenium.remote.ElementLocation$ElementFinder$2.findElement(ElementLocation.java:162)
	at org.openqa.selenium.remote.ElementLocation.findElement(ElementLocation.java:60)
	at org.openqa.selenium.remote.RemoteWebDriver.findElement(RemoteWebDriver.java:365)
	at org.openqa.selenium.remote.RemoteWebDriver.findElement(RemoteWebDriver.java:357)
	at org.openqa.selenium.support.pagefactory.DefaultElementLocator.findElement(DefaultElementLocator.java:70)
	at org.openqa.selenium.support.pagefactory.internal.LocatingElementHandler.invoke(LocatingElementHandler.java:39)
	at jdk.proxy2/jdk.proxy2.$Proxy33.isDisplayed(Unknown Source)
	at org.openqa.selenium.support.ui.ExpectedConditions.elementIfVisible(ExpectedConditions.java:307)
	at org.openqa.selenium.support.ui.ExpectedConditions.access$000(ExpectedConditions.java:40)
	at org.openqa.selenium.support.ui.ExpectedConditions$10.apply(ExpectedConditions.java:293)
	at org.openqa.selenium.support.ui.ExpectedConditions$10.apply(ExpectedConditions.java:290)
	at org.openqa.selenium.support.ui.FluentWait.until(FluentWait.java:208)
	at base.GenericFunctions.waitForElementToBeVisible(GenericFunctions.java:33)
	at pageObject.Upgrade_Registration_SignIn_page.verifyChooseTradeOption(Upgrade_Registration_SignIn_page.java:50)
	at stepDef.Upgrade_Registration_SignIn_steps.theUserCreatesAnNewProfileInUP(Upgrade_Registration_SignIn_steps.java:87)
	at java.base/jdk.internal.reflect.DirectMethodHandleAccessor.invoke(DirectMethodHandleAccessor.java:104)
	at java.base/java.lang.reflect.Method.invoke(Method.java:577)
	at io.cucumber.java.Invoker.doInvoke(Invoker.java:66)
	at io.cucumber.java.Invoker.invoke(Invoker.java:24)
	at io.cucumber.java.AbstractGlueDefinition.invokeMethod(AbstractGlueDefinition.java:47)
	at io.cucumber.java.JavaStepDefinition.execute(JavaStepDefinition.java:29)
	at io.cucumber.core.runner.CoreStepDefinition.execute(CoreStepDefinition.java:66)
	at io.cucumber.core.runner.PickleStepDefinitionMatch.runStep(PickleStepDefinitionMatch.java:63)
	at io.cucumber.core.runner.ExecutionMode$1.execute(ExecutionMode.java:10)
	at io.cucumber.core.runner.TestStep.executeStep(TestStep.java:85)
	at io.cucumber.core.runner.TestStep.run(TestStep.java:57)
	at io.cucumber.core.runner.PickleStepTestStep.run(PickleStepTestStep.java:51)
	at io.cucumber.core.runner.TestCase.run(TestCase.java:84)
	at io.cucumber.core.runner.Runner.runPickle(Runner.java:75)
	at io.cucumber.testng.TestNGCucumberRunner.lambda$runScenario$1(TestNGCucumberRunner.java:132)
	at io.cucumber.core.runtime.CucumberExecutionContext.lambda$runTestCase$5(CucumberExecutionContext.java:129)
	at io.cucumber.core.runtime.RethrowingThrowableCollector.executeAndThrow(RethrowingThrowableCollector.java:23)
	at io.cucumber.core.runtime.CucumberExecutionContext.runTestCase(CucumberExecutionContext.java:129)
	at io.cucumber.testng.TestNGCucumberRunner.runScenario(TestNGCucumberRunner.java:129)
	at io.cucumber.testng.AbstractTestNGCucumberTests.runScenario(AbstractTestNGCucumberTests.java:35)
	at java.base/jdk.internal.reflect.DirectMethodHandleAccessor.invoke(DirectMethodHandleAccessor.java:104)
	at java.base/java.lang.reflect.Method.invoke(Method.java:577)
	at org.testng.internal.invokers.MethodInvocationHelper.invokeMethod(MethodInvocationHelper.java:139)
	at org.testng.internal.invokers.TestInvoker.invokeMethod(TestInvoker.java:677)
	at org.testng.internal.invokers.TestInvoker.invokeTestMethod(TestInvoker.java:221)
	at org.testng.internal.invokers.TestMethodWithDataProviderMethodWorker.call(TestMethodWithDataProviderMethodWorker.java:80)
	at org.testng.internal.invokers.TestMethodWithDataProviderMethodWorker.call(TestMethodWithDataProviderMethodWorker.java:17)
	at java.base/java.util.concurrent.FutureTask.run(FutureTask.java:264)
	at java.base/java.util.concurrent.Executors$RunnableAdapter.call(Executors.java:539)
	at java.base/java.util.concurrent.FutureTask.run(FutureTask.java:264)
	at java.base/java.util.concurrent.ThreadPoolExecutor.runWorker(ThreadPoolExecutor.java:1136)
	at java.base/java.util.concurrent.ThreadPoolExecutor$Worker.run(ThreadPoolExecutor.java:635)
	at java.base/java.lang.Thread.run(Thread.java:833)
&amp#27;[0m
  &amp#27;[36mWhen &amp#27;[0m&amp#27;[36mthe Upgrade user clicks on my garage from the hamburger menu&amp#27;[0m                                                    &amp#27;[90m# stepDef.Upgrade_Appointment_steps.theUserClicksOnMyGarageFromHamburgerMenu()&amp#27;[0m
  &amp#27;[36mThen &amp#27;[0m&amp#27;[36mthe Upgrade user doesn't see any vehicle in the recently viewed vehicles&amp#27;[0m                                        &amp#27;[90m# stepDef.Upgrade_Recently_Viewed_steps.theUpgradeUserDoesnTSeeAnyVehicleInTheRecentlyViewedVehicles()&amp#27;[0m

    Embedding Ensure the Upgrade user doesn't see any vehicle in the recently viewed vehicles after creating a new account [image/png 149976 bytes]

]]></system-out>
    <system-err><![CDATA[ChromeDriver was started successfully.
Sep 28, 2022 8:41:32 PM org.openqa.selenium.remote.ProtocolHandshake createSession
INFO: Detected upstream dialect: W3C
Sep 28, 2022 8:41:32 PM org.openqa.selenium.devtools.CdpVersionFinder findNearestMatch
WARNING: Unable to find an exact match for CDP version 105, so returning the closest version found: 104
Sep 28, 2022 8:41:32 PM org.openqa.selenium.devtools.CdpVersionFinder findNearestMatch
INFO: Found CDP implementation for version 105 of 104
]]></system-err>
  </testcase>
  <testcase name="runScenario" classname="RunCucumberTest" time="69.211">
    <failure message="Expected condition failed: waiting for visibility of Proxy element for: DefaultElementLocator &apos;By.xpath: //h1[contains(text(),&apos;Choose Trade Option&apos;)]&apos; (tried for 20 second(s) with 500 milliseconds interval)" type="org.openqa.selenium.TimeoutException">org.openqa.selenium.TimeoutException: Expected condition failed: waiting for visibility of Proxy element for: DefaultElementLocator 'By.xpath: //h1[contains(text(),'Choose Trade Option')]' (tried for 20 second(s) with 500 milliseconds interval)
Caused by: org.openqa.selenium.NoSuchElementException: 
no such element: Unable to locate element: {"method":"xpath","selector":"//h1[contains(text(),'Choose Trade Option')]"}
  (Session info: chrome=105.0.5195.125)
For documentation on this error, please visit: https://selenium.dev/exceptions/#no_such_element
Build info: version: '4.4.0', revision: 'e5c75ed026a'
System info: host: 'SF-LAP-412.local', ip: 'fe80:0:0:0:eb:c8fe:5a40:5798%en0', os.name: 'Mac OS X', os.arch: 'aarch64', os.version: '12.6', java.version: '18.0.2.1'
Driver info: org.openqa.selenium.chrome.ChromeDriver
Command: [a3ef7d15bbaf7f910b1f8783c030aa93, findElement {using=xpath, value=//h1[contains(text(),'Choose Trade Option')]}]
Capabilities {acceptInsecureCerts: false, browserName: chrome, browserVersion: 105.0.5195.125, chrome: {chromedriverVersion: 105.0.5195.52 (412c95e51883..., userDataDir: /var/folders/th/f4yf398x0lb...}, goog:chromeOptions: {debuggerAddress: localhost:54815}, networkConnectionEnabled: false, pageLoadStrategy: normal, platformName: MAC, proxy: Proxy(), se:cdp: ws://localhost:54815/devtoo..., se:cdpVersion: 105.0.5195.125, setWindowRect: true, strictFileInteractability: false, timeouts: {implicit: 0, pageLoad: 300000, script: 30000}, unhandledPromptBehavior: dismiss and notify, webauthn:extension:credBlob: true, webauthn:extension:largeBlob: true, webauthn:virtualAuthenticators: true}
Session ID: a3ef7d15bbaf7f910b1f8783c030aa93
</failure>
    <system-out><![CDATA[
@UP @UP_garage @recently_Viewed_Vehicles @regression @smoke
Scenario: Ensure the Upgrade user sees a vehicle in the recently viewed vehicles &amp#27;[90m# src/test/java/features/Upgrade/recentlyViewedVehicles.feature:14&amp#27;[0m
  &amp#27;[32mGiven &amp#27;[0m&amp#27;[32mthe Upgrade user navigates to the homepage&amp#27;[0m                               &amp#27;[90m# stepDef.Upgrade_Registration_SignIn_steps.theUserNavigatesToTheUpgradeHomePage()&amp#27;[0m
  &amp#27;[32mAnd &amp#27;[0m&amp#27;[32mthe Upgrade user clicks on the &amp#27;[0m&amp#27;[32m&amp#27;[1m"Sign in here"&amp#27;[0m&amp#27;[32m link from the top nav&amp#27;[0m        &amp#27;[90m# stepDef.Upgrade_Registration_SignIn_steps.theUpgradeUserClicksOnTheLinkFromTheTopNav(java.lang.String)&amp#27;[0m
  &amp#27;[31mAnd &amp#27;[0m&amp#27;[31mthe Upgrade user creates a new profile&amp#27;[0m                                     &amp#27;[90m# stepDef.Upgrade_Registration_SignIn_steps.theUserCreatesAnNewProfileInUP()&amp#27;[0m
      &amp#27;[31morg.openqa.selenium.TimeoutException: Expected condition failed: waiting for visibility of Proxy element for: DefaultElementLocator 'By.xpath: //h1[contains(text(),'Choose Trade Option')]' (tried for 20 second(s) with 500 milliseconds interval)
	at org.openqa.selenium.support.ui.WebDriverWait.timeoutException(WebDriverWait.java:87)
	at org.openqa.selenium.support.ui.FluentWait.until(FluentWait.java:231)
	at base.GenericFunctions.waitForElementToBeVisible(GenericFunctions.java:33)
	at pageObject.Upgrade_Registration_SignIn_page.verifyChooseTradeOption(Upgrade_Registration_SignIn_page.java:50)
	at stepDef.Upgrade_Registration_SignIn_steps.theUserCreatesAnNewProfileInUP(Upgrade_Registration_SignIn_steps.java:87)
	at ✽.the Upgrade user creates a new profile(file:///Users/manav/Documents/QATest/qa-automation-tests/src/test/java/features/Upgrade/recentlyViewedVehicles.feature:6)
Caused by: org.openqa.selenium.NoSuchElementException: no such element: Unable to locate element: {"method":"xpath","selector":"//h1[contains(text(),'Choose Trade Option')]"}
  (Session info: chrome=105.0.5195.125)
For documentation on this error, please visit: https://selenium.dev/exceptions/#no_such_element
Build info: version: '4.4.0', revision: 'e5c75ed026a'
System info: host: 'SF-LAP-412.local', ip: 'fe80:0:0:0:eb:c8fe:5a40:5798%en0', os.name: 'Mac OS X', os.arch: 'aarch64', os.version: '12.6', java.version: '18.0.2.1'
Driver info: org.openqa.selenium.chrome.ChromeDriver
Command: [a3ef7d15bbaf7f910b1f8783c030aa93, findElement {using=xpath, value=//h1[contains(text(),'Choose Trade Option')]}]
Capabilities {acceptInsecureCerts: false, browserName: chrome, browserVersion: 105.0.5195.125, chrome: {chromedriverVersion: 105.0.5195.52 (412c95e51883..., userDataDir: /var/folders/th/f4yf398x0lb...}, goog:chromeOptions: {debuggerAddress: localhost:54815}, networkConnectionEnabled: false, pageLoadStrategy: normal, platformName: MAC, proxy: Proxy(), se:cdp: ws://localhost:54815/devtoo..., se:cdpVersion: 105.0.5195.125, setWindowRect: true, strictFileInteractability: false, timeouts: {implicit: 0, pageLoad: 300000, script: 30000}, unhandledPromptBehavior: dismiss and notify, webauthn:extension:credBlob: true, webauthn:extension:largeBlob: true, webauthn:virtualAuthenticators: true}
Session ID: a3ef7d15bbaf7f910b1f8783c030aa93
	at java.base/jdk.internal.reflect.DirectConstructorHandleAccessor.newInstance(DirectConstructorHandleAccessor.java:67)
	at java.base/java.lang.reflect.Constructor.newInstanceWithCaller(Constructor.java:499)
	at java.base/java.lang.reflect.Constructor.newInstance(Constructor.java:483)
	at org.openqa.selenium.remote.codec.w3c.W3CHttpResponseCodec.createException(W3CHttpResponseCodec.java:200)
	at org.openqa.selenium.remote.codec.w3c.W3CHttpResponseCodec.decode(W3CHttpResponseCodec.java:133)
	at org.openqa.selenium.remote.codec.w3c.W3CHttpResponseCodec.decode(W3CHttpResponseCodec.java:53)
	at org.openqa.selenium.remote.HttpCommandExecutor.execute(HttpCommandExecutor.java:184)
	at org.openqa.selenium.remote.service.DriverCommandExecutor.invokeExecute(DriverCommandExecutor.java:167)
	at org.openqa.selenium.remote.service.DriverCommandExecutor.execute(DriverCommandExecutor.java:142)
	at org.openqa.selenium.remote.RemoteWebDriver.execute(RemoteWebDriver.java:547)
	at org.openqa.selenium.remote.ElementLocation$ElementFinder$2.findElement(ElementLocation.java:162)
	at org.openqa.selenium.remote.ElementLocation.findElement(ElementLocation.java:60)
	at org.openqa.selenium.remote.RemoteWebDriver.findElement(RemoteWebDriver.java:365)
	at org.openqa.selenium.remote.RemoteWebDriver.findElement(RemoteWebDriver.java:357)
	at org.openqa.selenium.support.pagefactory.DefaultElementLocator.findElement(DefaultElementLocator.java:70)
	at org.openqa.selenium.support.pagefactory.internal.LocatingElementHandler.invoke(LocatingElementHandler.java:39)
	at jdk.proxy2/jdk.proxy2.$Proxy33.isDisplayed(Unknown Source)
	at org.openqa.selenium.support.ui.ExpectedConditions.elementIfVisible(ExpectedConditions.java:307)
	at org.openqa.selenium.support.ui.ExpectedConditions.access$000(ExpectedConditions.java:40)
	at org.openqa.selenium.support.ui.ExpectedConditions$10.apply(ExpectedConditions.java:293)
	at org.openqa.selenium.support.ui.ExpectedConditions$10.apply(ExpectedConditions.java:290)
	at org.openqa.selenium.support.ui.FluentWait.until(FluentWait.java:208)
	at base.GenericFunctions.waitForElementToBeVisible(GenericFunctions.java:33)
	at pageObject.Upgrade_Registration_SignIn_page.verifyChooseTradeOption(Upgrade_Registration_SignIn_page.java:50)
	at stepDef.Upgrade_Registration_SignIn_steps.theUserCreatesAnNewProfileInUP(Upgrade_Registration_SignIn_steps.java:87)
	at java.base/jdk.internal.reflect.DirectMethodHandleAccessor.invoke(DirectMethodHandleAccessor.java:104)
	at java.base/java.lang.reflect.Method.invoke(Method.java:577)
	at io.cucumber.java.Invoker.doInvoke(Invoker.java:66)
	at io.cucumber.java.Invoker.invoke(Invoker.java:24)
	at io.cucumber.java.AbstractGlueDefinition.invokeMethod(AbstractGlueDefinition.java:47)
	at io.cucumber.java.JavaStepDefinition.execute(JavaStepDefinition.java:29)
	at io.cucumber.core.runner.CoreStepDefinition.execute(CoreStepDefinition.java:66)
	at io.cucumber.core.runner.PickleStepDefinitionMatch.runStep(PickleStepDefinitionMatch.java:63)
	at io.cucumber.core.runner.ExecutionMode$1.execute(ExecutionMode.java:10)
	at io.cucumber.core.runner.TestStep.executeStep(TestStep.java:85)
	at io.cucumber.core.runner.TestStep.run(TestStep.java:57)
	at io.cucumber.core.runner.PickleStepTestStep.run(PickleStepTestStep.java:51)
	at io.cucumber.core.runner.TestCase.run(TestCase.java:84)
	at io.cucumber.core.runner.Runner.runPickle(Runner.java:75)
	at io.cucumber.testng.TestNGCucumberRunner.lambda$runScenario$1(TestNGCucumberRunner.java:132)
	at io.cucumber.core.runtime.CucumberExecutionContext.lambda$runTestCase$5(CucumberExecutionContext.java:129)
	at io.cucumber.core.runtime.RethrowingThrowableCollector.executeAndThrow(RethrowingThrowableCollector.java:23)
	at io.cucumber.core.runtime.CucumberExecutionContext.runTestCase(CucumberExecutionContext.java:129)
	at io.cucumber.testng.TestNGCucumberRunner.runScenario(TestNGCucumberRunner.java:129)
	at io.cucumber.testng.AbstractTestNGCucumberTests.runScenario(AbstractTestNGCucumberTests.java:35)
	at java.base/jdk.internal.reflect.DirectMethodHandleAccessor.invoke(DirectMethodHandleAccessor.java:104)
	at java.base/java.lang.reflect.Method.invoke(Method.java:577)
	at org.testng.internal.invokers.MethodInvocationHelper.invokeMethod(MethodInvocationHelper.java:139)
	at org.testng.internal.invokers.TestInvoker.invokeMethod(TestInvoker.java:677)
	at org.testng.internal.invokers.TestInvoker.invokeTestMethod(TestInvoker.java:221)
	at org.testng.internal.invokers.TestMethodWithDataProviderMethodWorker.call(TestMethodWithDataProviderMethodWorker.java:80)
	at org.testng.internal.invokers.TestMethodWithDataProviderMethodWorker.call(TestMethodWithDataProviderMethodWorker.java:17)
	at java.base/java.util.concurrent.FutureTask.run(FutureTask.java:264)
	at java.base/java.util.concurrent.Executors$RunnableAdapter.call(Executors.java:539)
	at java.base/java.util.concurrent.FutureTask.run(FutureTask.java:264)
	at java.base/java.util.concurrent.ThreadPoolExecutor.runWorker(ThreadPoolExecutor.java:1136)
	at java.base/java.util.concurrent.ThreadPoolExecutor$Worker.run(ThreadPoolExecutor.java:635)
	at java.base/java.lang.Thread.run(Thread.java:833)
&amp#27;[0m
  &amp#27;[36mAnd &amp#27;[0m&amp#27;[36mthe Upgrade user clicks on shop new cars&amp#27;[0m                                   &amp#27;[90m# stepDef.Upgrade_Recently_Viewed_steps.theUpgradeUserClicksOnShopNewCars()&amp#27;[0m
  &amp#27;[36mWhen &amp#27;[0m&amp#27;[36mthe Upgrade user returns to recently viewed vehicles&amp#27;[0m                      &amp#27;[90m# stepDef.Upgrade_Recently_Viewed_steps.theUpgradeUserReturnsToRecentlyViewedVehicles()&amp#27;[0m
  &amp#27;[36mThen &amp#27;[0m&amp#27;[36mthe Upgrade user can see the most recently viewed vehicle&amp#27;[0m                 &amp#27;[90m# stepDef.Upgrade_Recently_Viewed_steps.theUpgradeUserCanSeeTheMostRecentlyViewedVehicle()&amp#27;[0m

    Embedding Ensure the Upgrade user sees a vehicle in the recently viewed vehicles [image/png 149976 bytes]

]]></system-out>
    <system-err><![CDATA[ChromeDriver was started successfully.
Sep 28, 2022 8:42:39 PM org.openqa.selenium.remote.ProtocolHandshake createSession
INFO: Detected upstream dialect: W3C
Sep 28, 2022 8:42:39 PM org.openqa.selenium.devtools.CdpVersionFinder findNearestMatch
WARNING: Unable to find an exact match for CDP version 105, so returning the closest version found: 104
Sep 28, 2022 8:42:39 PM org.openqa.selenium.devtools.CdpVersionFinder findNearestMatch
INFO: Found CDP implementation for version 105 of 104
]]></system-err>
  </testcase>
  <testcase name="runScenario" classname="RunCucumberTest" time="68.115">
    <failure message="Expected condition failed: waiting for visibility of Proxy element for: DefaultElementLocator &apos;By.xpath: //h1[contains(text(),&apos;Choose Trade Option&apos;)]&apos; (tried for 20 second(s) with 500 milliseconds interval)" type="org.openqa.selenium.TimeoutException">org.openqa.selenium.TimeoutException: Expected condition failed: waiting for visibility of Proxy element for: DefaultElementLocator 'By.xpath: //h1[contains(text(),'Choose Trade Option')]' (tried for 20 second(s) with 500 milliseconds interval)
Caused by: org.openqa.selenium.NoSuchElementException: 
no such element: Unable to locate element: {"method":"xpath","selector":"//h1[contains(text(),'Choose Trade Option')]"}
  (Session info: chrome=105.0.5195.125)
For documentation on this error, please visit: https://selenium.dev/exceptions/#no_such_element
Build info: version: '4.4.0', revision: 'e5c75ed026a'
System info: host: 'SF-LAP-412.local', ip: 'fe80:0:0:0:eb:c8fe:5a40:5798%en0', os.name: 'Mac OS X', os.arch: 'aarch64', os.version: '12.6', java.version: '18.0.2.1'
Driver info: org.openqa.selenium.chrome.ChromeDriver
Command: [6ef68f8f34d890a7a89e7a76317e4189, findElement {using=xpath, value=//h1[contains(text(),'Choose Trade Option')]}]
Capabilities {acceptInsecureCerts: false, browserName: chrome, browserVersion: 105.0.5195.125, chrome: {chromedriverVersion: 105.0.5195.52 (412c95e51883..., userDataDir: /var/folders/th/f4yf398x0lb...}, goog:chromeOptions: {debuggerAddress: localhost:55138}, networkConnectionEnabled: false, pageLoadStrategy: normal, platformName: MAC, proxy: Proxy(), se:cdp: ws://localhost:55138/devtoo..., se:cdpVersion: 105.0.5195.125, setWindowRect: true, strictFileInteractability: false, timeouts: {implicit: 0, pageLoad: 300000, script: 30000}, unhandledPromptBehavior: dismiss and notify, webauthn:extension:credBlob: true, webauthn:extension:largeBlob: true, webauthn:virtualAuthenticators: true}
Session ID: 6ef68f8f34d890a7a89e7a76317e4189
</failure>
    <system-out><![CDATA[
@UP @UP_garage @recently_Viewed_Vehicles @regression
Scenario: Ensure the Upgrade user can move recently viewed vehicle moves to the saved vehicle section &amp#27;[90m# src/test/java/features/Upgrade/recentlyViewedVehicles.feature:20&amp#27;[0m
  &amp#27;[32mGiven &amp#27;[0m&amp#27;[32mthe Upgrade user navigates to the homepage&amp#27;[0m                                                    &amp#27;[90m# stepDef.Upgrade_Registration_SignIn_steps.theUserNavigatesToTheUpgradeHomePage()&amp#27;[0m
  &amp#27;[32mAnd &amp#27;[0m&amp#27;[32mthe Upgrade user clicks on the &amp#27;[0m&amp#27;[32m&amp#27;[1m"Sign in here"&amp#27;[0m&amp#27;[32m link from the top nav&amp#27;[0m                             &amp#27;[90m# stepDef.Upgrade_Registration_SignIn_steps.theUpgradeUserClicksOnTheLinkFromTheTopNav(java.lang.String)&amp#27;[0m
  &amp#27;[31mAnd &amp#27;[0m&amp#27;[31mthe Upgrade user creates a new profile&amp#27;[0m                                                          &amp#27;[90m# stepDef.Upgrade_Registration_SignIn_steps.theUserCreatesAnNewProfileInUP()&amp#27;[0m
      &amp#27;[31morg.openqa.selenium.TimeoutException: Expected condition failed: waiting for visibility of Proxy element for: DefaultElementLocator 'By.xpath: //h1[contains(text(),'Choose Trade Option')]' (tried for 20 second(s) with 500 milliseconds interval)
	at org.openqa.selenium.support.ui.WebDriverWait.timeoutException(WebDriverWait.java:87)
	at org.openqa.selenium.support.ui.FluentWait.until(FluentWait.java:231)
	at base.GenericFunctions.waitForElementToBeVisible(GenericFunctions.java:33)
	at pageObject.Upgrade_Registration_SignIn_page.verifyChooseTradeOption(Upgrade_Registration_SignIn_page.java:50)
	at stepDef.Upgrade_Registration_SignIn_steps.theUserCreatesAnNewProfileInUP(Upgrade_Registration_SignIn_steps.java:87)
	at ✽.the Upgrade user creates a new profile(file:///Users/manav/Documents/QATest/qa-automation-tests/src/test/java/features/Upgrade/recentlyViewedVehicles.feature:6)
Caused by: org.openqa.selenium.NoSuchElementException: no such element: Unable to locate element: {"method":"xpath","selector":"//h1[contains(text(),'Choose Trade Option')]"}
  (Session info: chrome=105.0.5195.125)
For documentation on this error, please visit: https://selenium.dev/exceptions/#no_such_element
Build info: version: '4.4.0', revision: 'e5c75ed026a'
System info: host: 'SF-LAP-412.local', ip: 'fe80:0:0:0:eb:c8fe:5a40:5798%en0', os.name: 'Mac OS X', os.arch: 'aarch64', os.version: '12.6', java.version: '18.0.2.1'
Driver info: org.openqa.selenium.chrome.ChromeDriver
Command: [6ef68f8f34d890a7a89e7a76317e4189, findElement {using=xpath, value=//h1[contains(text(),'Choose Trade Option')]}]
Capabilities {acceptInsecureCerts: false, browserName: chrome, browserVersion: 105.0.5195.125, chrome: {chromedriverVersion: 105.0.5195.52 (412c95e51883..., userDataDir: /var/folders/th/f4yf398x0lb...}, goog:chromeOptions: {debuggerAddress: localhost:55138}, networkConnectionEnabled: false, pageLoadStrategy: normal, platformName: MAC, proxy: Proxy(), se:cdp: ws://localhost:55138/devtoo..., se:cdpVersion: 105.0.5195.125, setWindowRect: true, strictFileInteractability: false, timeouts: {implicit: 0, pageLoad: 300000, script: 30000}, unhandledPromptBehavior: dismiss and notify, webauthn:extension:credBlob: true, webauthn:extension:largeBlob: true, webauthn:virtualAuthenticators: true}
Session ID: 6ef68f8f34d890a7a89e7a76317e4189
	at java.base/jdk.internal.reflect.DirectConstructorHandleAccessor.newInstance(DirectConstructorHandleAccessor.java:67)
	at java.base/java.lang.reflect.Constructor.newInstanceWithCaller(Constructor.java:499)
	at java.base/java.lang.reflect.Constructor.newInstance(Constructor.java:483)
	at org.openqa.selenium.remote.codec.w3c.W3CHttpResponseCodec.createException(W3CHttpResponseCodec.java:200)
	at org.openqa.selenium.remote.codec.w3c.W3CHttpResponseCodec.decode(W3CHttpResponseCodec.java:133)
	at org.openqa.selenium.remote.codec.w3c.W3CHttpResponseCodec.decode(W3CHttpResponseCodec.java:53)
	at org.openqa.selenium.remote.HttpCommandExecutor.execute(HttpCommandExecutor.java:184)
	at org.openqa.selenium.remote.service.DriverCommandExecutor.invokeExecute(DriverCommandExecutor.java:167)
	at org.openqa.selenium.remote.service.DriverCommandExecutor.execute(DriverCommandExecutor.java:142)
	at org.openqa.selenium.remote.RemoteWebDriver.execute(RemoteWebDriver.java:547)
	at org.openqa.selenium.remote.ElementLocation$ElementFinder$2.findElement(ElementLocation.java:162)
	at org.openqa.selenium.remote.ElementLocation.findElement(ElementLocation.java:60)
	at org.openqa.selenium.remote.RemoteWebDriver.findElement(RemoteWebDriver.java:365)
	at org.openqa.selenium.remote.RemoteWebDriver.findElement(RemoteWebDriver.java:357)
	at org.openqa.selenium.support.pagefactory.DefaultElementLocator.findElement(DefaultElementLocator.java:70)
	at org.openqa.selenium.support.pagefactory.internal.LocatingElementHandler.invoke(LocatingElementHandler.java:39)
	at jdk.proxy2/jdk.proxy2.$Proxy33.isDisplayed(Unknown Source)
	at org.openqa.selenium.support.ui.ExpectedConditions.elementIfVisible(ExpectedConditions.java:307)
	at org.openqa.selenium.support.ui.ExpectedConditions.access$000(ExpectedConditions.java:40)
	at org.openqa.selenium.support.ui.ExpectedConditions$10.apply(ExpectedConditions.java:293)
	at org.openqa.selenium.support.ui.ExpectedConditions$10.apply(ExpectedConditions.java:290)
	at org.openqa.selenium.support.ui.FluentWait.until(FluentWait.java:208)
	at base.GenericFunctions.waitForElementToBeVisible(GenericFunctions.java:33)
	at pageObject.Upgrade_Registration_SignIn_page.verifyChooseTradeOption(Upgrade_Registration_SignIn_page.java:50)
	at stepDef.Upgrade_Registration_SignIn_steps.theUserCreatesAnNewProfileInUP(Upgrade_Registration_SignIn_steps.java:87)
	at java.base/jdk.internal.reflect.DirectMethodHandleAccessor.invoke(DirectMethodHandleAccessor.java:104)
	at java.base/java.lang.reflect.Method.invoke(Method.java:577)
	at io.cucumber.java.Invoker.doInvoke(Invoker.java:66)
	at io.cucumber.java.Invoker.invoke(Invoker.java:24)
	at io.cucumber.java.AbstractGlueDefinition.invokeMethod(AbstractGlueDefinition.java:47)
	at io.cucumber.java.JavaStepDefinition.execute(JavaStepDefinition.java:29)
	at io.cucumber.core.runner.CoreStepDefinition.execute(CoreStepDefinition.java:66)
	at io.cucumber.core.runner.PickleStepDefinitionMatch.runStep(PickleStepDefinitionMatch.java:63)
	at io.cucumber.core.runner.ExecutionMode$1.execute(ExecutionMode.java:10)
	at io.cucumber.core.runner.TestStep.executeStep(TestStep.java:85)
	at io.cucumber.core.runner.TestStep.run(TestStep.java:57)
	at io.cucumber.core.runner.PickleStepTestStep.run(PickleStepTestStep.java:51)
	at io.cucumber.core.runner.TestCase.run(TestCase.java:84)
	at io.cucumber.core.runner.Runner.runPickle(Runner.java:75)
	at io.cucumber.testng.TestNGCucumberRunner.lambda$runScenario$1(TestNGCucumberRunner.java:132)
	at io.cucumber.core.runtime.CucumberExecutionContext.lambda$runTestCase$5(CucumberExecutionContext.java:129)
	at io.cucumber.core.runtime.RethrowingThrowableCollector.executeAndThrow(RethrowingThrowableCollector.java:23)
	at io.cucumber.core.runtime.CucumberExecutionContext.runTestCase(CucumberExecutionContext.java:129)
	at io.cucumber.testng.TestNGCucumberRunner.runScenario(TestNGCucumberRunner.java:129)
	at io.cucumber.testng.AbstractTestNGCucumberTests.runScenario(AbstractTestNGCucumberTests.java:35)
	at java.base/jdk.internal.reflect.DirectMethodHandleAccessor.invoke(DirectMethodHandleAccessor.java:104)
	at java.base/java.lang.reflect.Method.invoke(Method.java:577)
	at org.testng.internal.invokers.MethodInvocationHelper.invokeMethod(MethodInvocationHelper.java:139)
	at org.testng.internal.invokers.TestInvoker.invokeMethod(TestInvoker.java:677)
	at org.testng.internal.invokers.TestInvoker.invokeTestMethod(TestInvoker.java:221)
	at org.testng.internal.invokers.TestMethodWithDataProviderMethodWorker.call(TestMethodWithDataProviderMethodWorker.java:80)
	at org.testng.internal.invokers.TestMethodWithDataProviderMethodWorker.call(TestMethodWithDataProviderMethodWorker.java:17)
	at java.base/java.util.concurrent.FutureTask.run(FutureTask.java:264)
	at java.base/java.util.concurrent.Executors$RunnableAdapter.call(Executors.java:539)
	at java.base/java.util.concurrent.FutureTask.run(FutureTask.java:264)
	at java.base/java.util.concurrent.ThreadPoolExecutor.runWorker(ThreadPoolExecutor.java:1136)
	at java.base/java.util.concurrent.ThreadPoolExecutor$Worker.run(ThreadPoolExecutor.java:635)
	at java.base/java.lang.Thread.run(Thread.java:833)
&amp#27;[0m
  &amp#27;[36mAnd &amp#27;[0m&amp#27;[36mthe Upgrade user clicks on shop new cars&amp#27;[0m                                                        &amp#27;[90m# stepDef.Upgrade_Recently_Viewed_steps.theUpgradeUserClicksOnShopNewCars()&amp#27;[0m
  &amp#27;[36mWhen &amp#27;[0m&amp#27;[36mthe Upgrade user returns to recently viewed vehicles to save vehicle&amp#27;[0m                           &amp#27;[90m# stepDef.Upgrade_Recently_Viewed_steps.theUpgradeUserReturnsToRecentlyViewedVehiclesToSaveVehicle()&amp#27;[0m
  &amp#27;[36mThen &amp#27;[0m&amp#27;[36mthe Upgrade user verifies vehicle is saved to the saved vehicle section&amp#27;[0m                        &amp#27;[90m# stepDef.Upgrade_Recently_Viewed_steps.theUpgradeUserVerifiesVehicleIsSavedToTheSavedVehicleSection()&amp#27;[0m
  &amp#27;[36mAnd &amp#27;[0m&amp#27;[36mthe Upgrade user doesn't see any vehicle in the recently viewed vehicles&amp#27;[0m                        &amp#27;[90m# stepDef.Upgrade_Recently_Viewed_steps.theUpgradeUserDoesnTSeeAnyVehicleInTheRecentlyViewedVehicles()&amp#27;[0m

    Embedding Ensure the Upgrade user can move recently viewed vehicle moves to the saved vehicle section [image/png 153619 bytes]

]]></system-out>
    <system-err><![CDATA[ChromeDriver was started successfully.
Sep 28, 2022 8:43:49 PM org.openqa.selenium.remote.ProtocolHandshake createSession
INFO: Detected upstream dialect: W3C
Sep 28, 2022 8:43:49 PM org.openqa.selenium.devtools.CdpVersionFinder findNearestMatch
WARNING: Unable to find an exact match for CDP version 105, so returning the closest version found: 104
Sep 28, 2022 8:43:49 PM org.openqa.selenium.devtools.CdpVersionFinder findNearestMatch
INFO: Found CDP implementation for version 105 of 104
]]></system-err>
  </testcase>
  <testcase name="runScenario" classname="RunCucumberTest" time="68.421">
    <failure message="Expected condition failed: waiting for visibility of Proxy element for: DefaultElementLocator &apos;By.xpath: //h1[contains(text(),&apos;Choose Trade Option&apos;)]&apos; (tried for 20 second(s) with 500 milliseconds interval)" type="org.openqa.selenium.TimeoutException">org.openqa.selenium.TimeoutException: Expected condition failed: waiting for visibility of Proxy element for: DefaultElementLocator 'By.xpath: //h1[contains(text(),'Choose Trade Option')]' (tried for 20 second(s) with 500 milliseconds interval)
Caused by: org.openqa.selenium.NoSuchElementException: 
no such element: Unable to locate element: {"method":"xpath","selector":"//h1[contains(text(),'Choose Trade Option')]"}
  (Session info: chrome=105.0.5195.125)
For documentation on this error, please visit: https://selenium.dev/exceptions/#no_such_element
Build info: version: '4.4.0', revision: 'e5c75ed026a'
System info: host: 'SF-LAP-412.local', ip: 'fe80:0:0:0:eb:c8fe:5a40:5798%en0', os.name: 'Mac OS X', os.arch: 'aarch64', os.version: '12.6', java.version: '18.0.2.1'
Driver info: org.openqa.selenium.chrome.ChromeDriver
Command: [ff3c2984c8b6932222c29aa41cc0c4b9, findElement {using=xpath, value=//h1[contains(text(),'Choose Trade Option')]}]
Capabilities {acceptInsecureCerts: false, browserName: chrome, browserVersion: 105.0.5195.125, chrome: {chromedriverVersion: 105.0.5195.52 (412c95e51883..., userDataDir: /var/folders/th/f4yf398x0lb...}, goog:chromeOptions: {debuggerAddress: localhost:55477}, networkConnectionEnabled: false, pageLoadStrategy: normal, platformName: MAC, proxy: Proxy(), se:cdp: ws://localhost:55477/devtoo..., se:cdpVersion: 105.0.5195.125, setWindowRect: true, strictFileInteractability: false, timeouts: {implicit: 0, pageLoad: 300000, script: 30000}, unhandledPromptBehavior: dismiss and notify, webauthn:extension:credBlob: true, webauthn:extension:largeBlob: true, webauthn:virtualAuthenticators: true}
Session ID: ff3c2984c8b6932222c29aa41cc0c4b9
</failure>
    <system-out><![CDATA[
@UP @UP_garage @recently_Viewed_Vehicles @regression @smoke
Scenario: Ensure Upgrade user can delete a recently viewed vehicle              &amp#27;[90m# src/test/java/features/Upgrade/recentlyViewedVehicles.feature:27&amp#27;[0m
  &amp#27;[32mGiven &amp#27;[0m&amp#27;[32mthe Upgrade user navigates to the homepage&amp#27;[0m                              &amp#27;[90m# stepDef.Upgrade_Registration_SignIn_steps.theUserNavigatesToTheUpgradeHomePage()&amp#27;[0m
  &amp#27;[32mAnd &amp#27;[0m&amp#27;[32mthe Upgrade user clicks on the &amp#27;[0m&amp#27;[32m&amp#27;[1m"Sign in here"&amp#27;[0m&amp#27;[32m link from the top nav&amp#27;[0m       &amp#27;[90m# stepDef.Upgrade_Registration_SignIn_steps.theUpgradeUserClicksOnTheLinkFromTheTopNav(java.lang.String)&amp#27;[0m
  &amp#27;[31mAnd &amp#27;[0m&amp#27;[31mthe Upgrade user creates a new profile&amp#27;[0m                                    &amp#27;[90m# stepDef.Upgrade_Registration_SignIn_steps.theUserCreatesAnNewProfileInUP()&amp#27;[0m
      &amp#27;[31morg.openqa.selenium.TimeoutException: Expected condition failed: waiting for visibility of Proxy element for: DefaultElementLocator 'By.xpath: //h1[contains(text(),'Choose Trade Option')]' (tried for 20 second(s) with 500 milliseconds interval)
	at org.openqa.selenium.support.ui.WebDriverWait.timeoutException(WebDriverWait.java:87)
	at org.openqa.selenium.support.ui.FluentWait.until(FluentWait.java:231)
	at base.GenericFunctions.waitForElementToBeVisible(GenericFunctions.java:33)
	at pageObject.Upgrade_Registration_SignIn_page.verifyChooseTradeOption(Upgrade_Registration_SignIn_page.java:50)
	at stepDef.Upgrade_Registration_SignIn_steps.theUserCreatesAnNewProfileInUP(Upgrade_Registration_SignIn_steps.java:87)
	at ✽.the Upgrade user creates a new profile(file:///Users/manav/Documents/QATest/qa-automation-tests/src/test/java/features/Upgrade/recentlyViewedVehicles.feature:6)
Caused by: org.openqa.selenium.NoSuchElementException: no such element: Unable to locate element: {"method":"xpath","selector":"//h1[contains(text(),'Choose Trade Option')]"}
  (Session info: chrome=105.0.5195.125)
For documentation on this error, please visit: https://selenium.dev/exceptions/#no_such_element
Build info: version: '4.4.0', revision: 'e5c75ed026a'
System info: host: 'SF-LAP-412.local', ip: 'fe80:0:0:0:eb:c8fe:5a40:5798%en0', os.name: 'Mac OS X', os.arch: 'aarch64', os.version: '12.6', java.version: '18.0.2.1'
Driver info: org.openqa.selenium.chrome.ChromeDriver
Command: [ff3c2984c8b6932222c29aa41cc0c4b9, findElement {using=xpath, value=//h1[contains(text(),'Choose Trade Option')]}]
Capabilities {acceptInsecureCerts: false, browserName: chrome, browserVersion: 105.0.5195.125, chrome: {chromedriverVersion: 105.0.5195.52 (412c95e51883..., userDataDir: /var/folders/th/f4yf398x0lb...}, goog:chromeOptions: {debuggerAddress: localhost:55477}, networkConnectionEnabled: false, pageLoadStrategy: normal, platformName: MAC, proxy: Proxy(), se:cdp: ws://localhost:55477/devtoo..., se:cdpVersion: 105.0.5195.125, setWindowRect: true, strictFileInteractability: false, timeouts: {implicit: 0, pageLoad: 300000, script: 30000}, unhandledPromptBehavior: dismiss and notify, webauthn:extension:credBlob: true, webauthn:extension:largeBlob: true, webauthn:virtualAuthenticators: true}
Session ID: ff3c2984c8b6932222c29aa41cc0c4b9
	at java.base/jdk.internal.reflect.DirectConstructorHandleAccessor.newInstance(DirectConstructorHandleAccessor.java:67)
	at java.base/java.lang.reflect.Constructor.newInstanceWithCaller(Constructor.java:499)
	at java.base/java.lang.reflect.Constructor.newInstance(Constructor.java:483)
	at org.openqa.selenium.remote.codec.w3c.W3CHttpResponseCodec.createException(W3CHttpResponseCodec.java:200)
	at org.openqa.selenium.remote.codec.w3c.W3CHttpResponseCodec.decode(W3CHttpResponseCodec.java:133)
	at org.openqa.selenium.remote.codec.w3c.W3CHttpResponseCodec.decode(W3CHttpResponseCodec.java:53)
	at org.openqa.selenium.remote.HttpCommandExecutor.execute(HttpCommandExecutor.java:184)
	at org.openqa.selenium.remote.service.DriverCommandExecutor.invokeExecute(DriverCommandExecutor.java:167)
	at org.openqa.selenium.remote.service.DriverCommandExecutor.execute(DriverCommandExecutor.java:142)
	at org.openqa.selenium.remote.RemoteWebDriver.execute(RemoteWebDriver.java:547)
	at org.openqa.selenium.remote.ElementLocation$ElementFinder$2.findElement(ElementLocation.java:162)
	at org.openqa.selenium.remote.ElementLocation.findElement(ElementLocation.java:60)
	at org.openqa.selenium.remote.RemoteWebDriver.findElement(RemoteWebDriver.java:365)
	at org.openqa.selenium.remote.RemoteWebDriver.findElement(RemoteWebDriver.java:357)
	at org.openqa.selenium.support.pagefactory.DefaultElementLocator.findElement(DefaultElementLocator.java:70)
	at org.openqa.selenium.support.pagefactory.internal.LocatingElementHandler.invoke(LocatingElementHandler.java:39)
	at jdk.proxy2/jdk.proxy2.$Proxy33.isDisplayed(Unknown Source)
	at org.openqa.selenium.support.ui.ExpectedConditions.elementIfVisible(ExpectedConditions.java:307)
	at org.openqa.selenium.support.ui.ExpectedConditions.access$000(ExpectedConditions.java:40)
	at org.openqa.selenium.support.ui.ExpectedConditions$10.apply(ExpectedConditions.java:293)
	at org.openqa.selenium.support.ui.ExpectedConditions$10.apply(ExpectedConditions.java:290)
	at org.openqa.selenium.support.ui.FluentWait.until(FluentWait.java:208)
	at base.GenericFunctions.waitForElementToBeVisible(GenericFunctions.java:33)
	at pageObject.Upgrade_Registration_SignIn_page.verifyChooseTradeOption(Upgrade_Registration_SignIn_page.java:50)
	at stepDef.Upgrade_Registration_SignIn_steps.theUserCreatesAnNewProfileInUP(Upgrade_Registration_SignIn_steps.java:87)
	at java.base/jdk.internal.reflect.DirectMethodHandleAccessor.invoke(DirectMethodHandleAccessor.java:104)
	at java.base/java.lang.reflect.Method.invoke(Method.java:577)
	at io.cucumber.java.Invoker.doInvoke(Invoker.java:66)
	at io.cucumber.java.Invoker.invoke(Invoker.java:24)
	at io.cucumber.java.AbstractGlueDefinition.invokeMethod(AbstractGlueDefinition.java:47)
	at io.cucumber.java.JavaStepDefinition.execute(JavaStepDefinition.java:29)
	at io.cucumber.core.runner.CoreStepDefinition.execute(CoreStepDefinition.java:66)
	at io.cucumber.core.runner.PickleStepDefinitionMatch.runStep(PickleStepDefinitionMatch.java:63)
	at io.cucumber.core.runner.ExecutionMode$1.execute(ExecutionMode.java:10)
	at io.cucumber.core.runner.TestStep.executeStep(TestStep.java:85)
	at io.cucumber.core.runner.TestStep.run(TestStep.java:57)
	at io.cucumber.core.runner.PickleStepTestStep.run(PickleStepTestStep.java:51)
	at io.cucumber.core.runner.TestCase.run(TestCase.java:84)
	at io.cucumber.core.runner.Runner.runPickle(Runner.java:75)
	at io.cucumber.testng.TestNGCucumberRunner.lambda$runScenario$1(TestNGCucumberRunner.java:132)
	at io.cucumber.core.runtime.CucumberExecutionContext.lambda$runTestCase$5(CucumberExecutionContext.java:129)
	at io.cucumber.core.runtime.RethrowingThrowableCollector.executeAndThrow(RethrowingThrowableCollector.java:23)
	at io.cucumber.core.runtime.CucumberExecutionContext.runTestCase(CucumberExecutionContext.java:129)
	at io.cucumber.testng.TestNGCucumberRunner.runScenario(TestNGCucumberRunner.java:129)
	at io.cucumber.testng.AbstractTestNGCucumberTests.runScenario(AbstractTestNGCucumberTests.java:35)
	at java.base/jdk.internal.reflect.DirectMethodHandleAccessor.invoke(DirectMethodHandleAccessor.java:104)
	at java.base/java.lang.reflect.Method.invoke(Method.java:577)
	at org.testng.internal.invokers.MethodInvocationHelper.invokeMethod(MethodInvocationHelper.java:139)
	at org.testng.internal.invokers.TestInvoker.invokeMethod(TestInvoker.java:677)
	at org.testng.internal.invokers.TestInvoker.invokeTestMethod(TestInvoker.java:221)
	at org.testng.internal.invokers.TestMethodWithDataProviderMethodWorker.call(TestMethodWithDataProviderMethodWorker.java:80)
	at org.testng.internal.invokers.TestMethodWithDataProviderMethodWorker.call(TestMethodWithDataProviderMethodWorker.java:17)
	at java.base/java.util.concurrent.FutureTask.run(FutureTask.java:264)
	at java.base/java.util.concurrent.Executors$RunnableAdapter.call(Executors.java:539)
	at java.base/java.util.concurrent.FutureTask.run(FutureTask.java:264)
	at java.base/java.util.concurrent.ThreadPoolExecutor.runWorker(ThreadPoolExecutor.java:1136)
	at java.base/java.util.concurrent.ThreadPoolExecutor$Worker.run(ThreadPoolExecutor.java:635)
	at java.base/java.lang.Thread.run(Thread.java:833)
&amp#27;[0m
  &amp#27;[36mAnd &amp#27;[0m&amp#27;[36mthe Upgrade user clicks on shop new cars&amp#27;[0m                                  &amp#27;[90m# stepDef.Upgrade_Recently_Viewed_steps.theUpgradeUserClicksOnShopNewCars()&amp#27;[0m
  &amp#27;[36mAnd &amp#27;[0m&amp#27;[36mthe Upgrade user returns to recently viewed vehicles&amp#27;[0m                      &amp#27;[90m# stepDef.Upgrade_Recently_Viewed_steps.theUpgradeUserReturnsToRecentlyViewedVehicles()&amp#27;[0m
  &amp#27;[36mWhen &amp#27;[0m&amp#27;[36mthe Upgrade user deletes the recently viewed vehicle&amp#27;[0m                     &amp#27;[90m# stepDef.Upgrade_Recently_Viewed_steps.theUpgradeUserDeletesTheRecentlyViewedVehicle()&amp#27;[0m
  &amp#27;[36mThen &amp#27;[0m&amp#27;[36mthe Upgrade user doesn't see any vehicle in the recently viewed vehicles&amp#27;[0m &amp#27;[90m# stepDef.Upgrade_Recently_Viewed_steps.theUpgradeUserDoesnTSeeAnyVehicleInTheRecentlyViewedVehicles()&amp#27;[0m

    Embedding Ensure Upgrade user can delete a recently viewed vehicle [image/png 153495 bytes]

]]></system-out>
    <system-err><![CDATA[ChromeDriver was started successfully.
Sep 28, 2022 8:44:57 PM org.openqa.selenium.remote.ProtocolHandshake createSession
INFO: Detected upstream dialect: W3C
Sep 28, 2022 8:44:57 PM org.openqa.selenium.devtools.CdpVersionFinder findNearestMatch
WARNING: Unable to find an exact match for CDP version 105, so returning the closest version found: 104
Sep 28, 2022 8:44:57 PM org.openqa.selenium.devtools.CdpVersionFinder findNearestMatch
INFO: Found CDP implementation for version 105 of 104
]]></system-err>
  </testcase>
  <testcase name="runScenario" classname="RunCucumberTest" time="71.92">
    <failure message="Expected condition failed: waiting for visibility of Proxy element for: DefaultElementLocator &apos;By.xpath: //h1[contains(text(),&apos;Choose Trade Option&apos;)]&apos; (tried for 20 second(s) with 500 milliseconds interval)" type="org.openqa.selenium.TimeoutException">org.openqa.selenium.TimeoutException: Expected condition failed: waiting for visibility of Proxy element for: DefaultElementLocator 'By.xpath: //h1[contains(text(),'Choose Trade Option')]' (tried for 20 second(s) with 500 milliseconds interval)
Caused by: org.openqa.selenium.NoSuchElementException: 
no such element: Unable to locate element: {"method":"xpath","selector":"//h1[contains(text(),'Choose Trade Option')]"}
  (Session info: chrome=105.0.5195.125)
For documentation on this error, please visit: https://selenium.dev/exceptions/#no_such_element
Build info: version: '4.4.0', revision: 'e5c75ed026a'
System info: host: 'SF-LAP-412.local', ip: 'fe80:0:0:0:eb:c8fe:5a40:5798%en0', os.name: 'Mac OS X', os.arch: 'aarch64', os.version: '12.6', java.version: '18.0.2.1'
Driver info: org.openqa.selenium.chrome.ChromeDriver
Command: [93f5ff19bdf181b412d1776be98614bb, findElement {using=xpath, value=//h1[contains(text(),'Choose Trade Option')]}]
Capabilities {acceptInsecureCerts: false, browserName: chrome, browserVersion: 105.0.5195.125, chrome: {chromedriverVersion: 105.0.5195.52 (412c95e51883..., userDataDir: /var/folders/th/f4yf398x0lb...}, goog:chromeOptions: {debuggerAddress: localhost:55804}, networkConnectionEnabled: false, pageLoadStrategy: normal, platformName: MAC, proxy: Proxy(), se:cdp: ws://localhost:55804/devtoo..., se:cdpVersion: 105.0.5195.125, setWindowRect: true, strictFileInteractability: false, timeouts: {implicit: 0, pageLoad: 300000, script: 30000}, unhandledPromptBehavior: dismiss and notify, webauthn:extension:credBlob: true, webauthn:extension:largeBlob: true, webauthn:virtualAuthenticators: true}
Session ID: 93f5ff19bdf181b412d1776be98614bb
</failure>
    <system-out><![CDATA[
@UP @UP_registration @regression @smoke
Scenario: Ensure the user can register for a profile in Upgrade           &amp#27;[90m# src/test/java/features/Upgrade/registration.feature:7&amp#27;[0m
  &amp#27;[32mGiven &amp#27;[0m&amp#27;[32mthe Upgrade user navigates to the homepage&amp#27;[0m                        &amp#27;[90m# stepDef.Upgrade_Registration_SignIn_steps.theUserNavigatesToTheUpgradeHomePage()&amp#27;[0m
  &amp#27;[32mAnd &amp#27;[0m&amp#27;[32mthe Upgrade user clicks on the &amp#27;[0m&amp#27;[32m&amp#27;[1m"Sign in here"&amp#27;[0m&amp#27;[32m link from the top nav&amp#27;[0m &amp#27;[90m# stepDef.Upgrade_Registration_SignIn_steps.theUpgradeUserClicksOnTheLinkFromTheTopNav(java.lang.String)&amp#27;[0m
  &amp#27;[32mAnd &amp#27;[0m&amp#27;[32mthe user clicks on &amp#27;[0m&amp#27;[32m&amp#27;[1m"Create an Account"&amp#27;[0m&amp#27;[32m link in UP&amp#27;[0m                   &amp#27;[90m# stepDef.Upgrade_Registration_SignIn_steps.theUserClicksOnTheLink(java.lang.String)&amp#27;[0m
  &amp#27;[32mAnd &amp#27;[0m&amp#27;[32mthe user fills out the Get Started form in UP and clicks Next&amp#27;[0m       &amp#27;[90m# stepDef.Upgrade_Registration_SignIn_steps.theUserEntersValidInformationUnderTheGetStartedFormInUP()&amp#27;[0m
  &amp#27;[31mWhen &amp#27;[0m&amp#27;[31mthe user fills out the Home Address in UP and clicks Next&amp#27;[0m          &amp#27;[90m# stepDef.Upgrade_Registration_SignIn_steps.theUserFillOutTheHomeAddressInUPAndClickNext()&amp#27;[0m
      &amp#27;[31morg.openqa.selenium.TimeoutException: Expected condition failed: waiting for visibility of Proxy element for: DefaultElementLocator 'By.xpath: //h1[contains(text(),'Choose Trade Option')]' (tried for 20 second(s) with 500 milliseconds interval)
	at org.openqa.selenium.support.ui.WebDriverWait.timeoutException(WebDriverWait.java:87)
	at org.openqa.selenium.support.ui.FluentWait.until(FluentWait.java:231)
	at base.GenericFunctions.waitForElementToBeVisible(GenericFunctions.java:33)
	at pageObject.Upgrade_Registration_SignIn_page.verifyChooseTradeOption(Upgrade_Registration_SignIn_page.java:50)
	at stepDef.Upgrade_Registration_SignIn_steps.theUserFillOutTheHomeAddressInUPAndClickNext(Upgrade_Registration_SignIn_steps.java:69)
	at ✽.the user fills out the Home Address in UP and clicks Next(file:///Users/manav/Documents/QATest/qa-automation-tests/src/test/java/features/Upgrade/registration.feature:11)
Caused by: org.openqa.selenium.NoSuchElementException: no such element: Unable to locate element: {"method":"xpath","selector":"//h1[contains(text(),'Choose Trade Option')]"}
  (Session info: chrome=105.0.5195.125)
For documentation on this error, please visit: https://selenium.dev/exceptions/#no_such_element
Build info: version: '4.4.0', revision: 'e5c75ed026a'
System info: host: 'SF-LAP-412.local', ip: 'fe80:0:0:0:eb:c8fe:5a40:5798%en0', os.name: 'Mac OS X', os.arch: 'aarch64', os.version: '12.6', java.version: '18.0.2.1'
Driver info: org.openqa.selenium.chrome.ChromeDriver
Command: [93f5ff19bdf181b412d1776be98614bb, findElement {using=xpath, value=//h1[contains(text(),'Choose Trade Option')]}]
Capabilities {acceptInsecureCerts: false, browserName: chrome, browserVersion: 105.0.5195.125, chrome: {chromedriverVersion: 105.0.5195.52 (412c95e51883..., userDataDir: /var/folders/th/f4yf398x0lb...}, goog:chromeOptions: {debuggerAddress: localhost:55804}, networkConnectionEnabled: false, pageLoadStrategy: normal, platformName: MAC, proxy: Proxy(), se:cdp: ws://localhost:55804/devtoo..., se:cdpVersion: 105.0.5195.125, setWindowRect: true, strictFileInteractability: false, timeouts: {implicit: 0, pageLoad: 300000, script: 30000}, unhandledPromptBehavior: dismiss and notify, webauthn:extension:credBlob: true, webauthn:extension:largeBlob: true, webauthn:virtualAuthenticators: true}
Session ID: 93f5ff19bdf181b412d1776be98614bb
	at java.base/jdk.internal.reflect.DirectConstructorHandleAccessor.newInstance(DirectConstructorHandleAccessor.java:67)
	at java.base/java.lang.reflect.Constructor.newInstanceWithCaller(Constructor.java:499)
	at java.base/java.lang.reflect.Constructor.newInstance(Constructor.java:483)
	at org.openqa.selenium.remote.codec.w3c.W3CHttpResponseCodec.createException(W3CHttpResponseCodec.java:200)
	at org.openqa.selenium.remote.codec.w3c.W3CHttpResponseCodec.decode(W3CHttpResponseCodec.java:133)
	at org.openqa.selenium.remote.codec.w3c.W3CHttpResponseCodec.decode(W3CHttpResponseCodec.java:53)
	at org.openqa.selenium.remote.HttpCommandExecutor.execute(HttpCommandExecutor.java:184)
	at org.openqa.selenium.remote.service.DriverCommandExecutor.invokeExecute(DriverCommandExecutor.java:167)
	at org.openqa.selenium.remote.service.DriverCommandExecutor.execute(DriverCommandExecutor.java:142)
	at org.openqa.selenium.remote.RemoteWebDriver.execute(RemoteWebDriver.java:547)
	at org.openqa.selenium.remote.ElementLocation$ElementFinder$2.findElement(ElementLocation.java:162)
	at org.openqa.selenium.remote.ElementLocation.findElement(ElementLocation.java:60)
	at org.openqa.selenium.remote.RemoteWebDriver.findElement(RemoteWebDriver.java:365)
	at org.openqa.selenium.remote.RemoteWebDriver.findElement(RemoteWebDriver.java:357)
	at org.openqa.selenium.support.pagefactory.DefaultElementLocator.findElement(DefaultElementLocator.java:70)
	at org.openqa.selenium.support.pagefactory.internal.LocatingElementHandler.invoke(LocatingElementHandler.java:39)
	at jdk.proxy2/jdk.proxy2.$Proxy33.isDisplayed(Unknown Source)
	at org.openqa.selenium.support.ui.ExpectedConditions.elementIfVisible(ExpectedConditions.java:307)
	at org.openqa.selenium.support.ui.ExpectedConditions.access$000(ExpectedConditions.java:40)
	at org.openqa.selenium.support.ui.ExpectedConditions$10.apply(ExpectedConditions.java:293)
	at org.openqa.selenium.support.ui.ExpectedConditions$10.apply(ExpectedConditions.java:290)
	at org.openqa.selenium.support.ui.FluentWait.until(FluentWait.java:208)
	at base.GenericFunctions.waitForElementToBeVisible(GenericFunctions.java:33)
	at pageObject.Upgrade_Registration_SignIn_page.verifyChooseTradeOption(Upgrade_Registration_SignIn_page.java:50)
	at stepDef.Upgrade_Registration_SignIn_steps.theUserFillOutTheHomeAddressInUPAndClickNext(Upgrade_Registration_SignIn_steps.java:69)
	at java.base/jdk.internal.reflect.DirectMethodHandleAccessor.invoke(DirectMethodHandleAccessor.java:104)
	at java.base/java.lang.reflect.Method.invoke(Method.java:577)
	at io.cucumber.java.Invoker.doInvoke(Invoker.java:66)
	at io.cucumber.java.Invoker.invoke(Invoker.java:24)
	at io.cucumber.java.AbstractGlueDefinition.invokeMethod(AbstractGlueDefinition.java:47)
	at io.cucumber.java.JavaStepDefinition.execute(JavaStepDefinition.java:29)
	at io.cucumber.core.runner.CoreStepDefinition.execute(CoreStepDefinition.java:66)
	at io.cucumber.core.runner.PickleStepDefinitionMatch.runStep(PickleStepDefinitionMatch.java:63)
	at io.cucumber.core.runner.ExecutionMode$1.execute(ExecutionMode.java:10)
	at io.cucumber.core.runner.TestStep.executeStep(TestStep.java:85)
	at io.cucumber.core.runner.TestStep.run(TestStep.java:57)
	at io.cucumber.core.runner.PickleStepTestStep.run(PickleStepTestStep.java:51)
	at io.cucumber.core.runner.TestCase.run(TestCase.java:84)
	at io.cucumber.core.runner.Runner.runPickle(Runner.java:75)
	at io.cucumber.testng.TestNGCucumberRunner.lambda$runScenario$1(TestNGCucumberRunner.java:132)
	at io.cucumber.core.runtime.CucumberExecutionContext.lambda$runTestCase$5(CucumberExecutionContext.java:129)
	at io.cucumber.core.runtime.RethrowingThrowableCollector.executeAndThrow(RethrowingThrowableCollector.java:23)
	at io.cucumber.core.runtime.CucumberExecutionContext.runTestCase(CucumberExecutionContext.java:129)
	at io.cucumber.testng.TestNGCucumberRunner.runScenario(TestNGCucumberRunner.java:129)
	at io.cucumber.testng.AbstractTestNGCucumberTests.runScenario(AbstractTestNGCucumberTests.java:35)
	at java.base/jdk.internal.reflect.DirectMethodHandleAccessor.invoke(DirectMethodHandleAccessor.java:104)
	at java.base/java.lang.reflect.Method.invoke(Method.java:577)
	at org.testng.internal.invokers.MethodInvocationHelper.invokeMethod(MethodInvocationHelper.java:139)
	at org.testng.internal.invokers.TestInvoker.invokeMethod(TestInvoker.java:677)
	at org.testng.internal.invokers.TestInvoker.invokeTestMethod(TestInvoker.java:221)
	at org.testng.internal.invokers.TestMethodWithDataProviderMethodWorker.call(TestMethodWithDataProviderMethodWorker.java:80)
	at org.testng.internal.invokers.TestMethodWithDataProviderMethodWorker.call(TestMethodWithDataProviderMethodWorker.java:17)
	at java.base/java.util.concurrent.FutureTask.run(FutureTask.java:264)
	at java.base/java.util.concurrent.Executors$RunnableAdapter.call(Executors.java:539)
	at java.base/java.util.concurrent.FutureTask.run(FutureTask.java:264)
	at java.base/java.util.concurrent.ThreadPoolExecutor.runWorker(ThreadPoolExecutor.java:1136)
	at java.base/java.util.concurrent.ThreadPoolExecutor$Worker.run(ThreadPoolExecutor.java:635)
	at java.base/java.lang.Thread.run(Thread.java:833)
&amp#27;[0m
  &amp#27;[36mThen &amp#27;[0m&amp#27;[36mthe user should see the Choose Trade Option page&amp#27;[0m                   &amp#27;[90m# stepDef.Upgrade_Registration_SignIn_steps.theUserShouldSeeTheChooseTradeOptionPage()&amp#27;[0m

    Embedding Ensure the user can register for a profile in Upgrade [image/png 153495 bytes]

]]></system-out>
    <system-err><![CDATA[ChromeDriver was started successfully.
Sep 28, 2022 8:46:05 PM org.openqa.selenium.remote.ProtocolHandshake createSession
INFO: Detected upstream dialect: W3C
Sep 28, 2022 8:46:05 PM org.openqa.selenium.devtools.CdpVersionFinder findNearestMatch
WARNING: Unable to find an exact match for CDP version 105, so returning the closest version found: 104
Sep 28, 2022 8:46:05 PM org.openqa.selenium.devtools.CdpVersionFinder findNearestMatch
INFO: Found CDP implementation for version 105 of 104
]]></system-err>
  </testcase>
  <testcase name="runScenario" classname="RunCucumberTest" time="66.191">
    <failure message="Expected condition failed: waiting for visibility of Proxy element for: DefaultElementLocator &apos;By.xpath: //h1[contains(text(),&apos;Choose Trade Option&apos;)]&apos; (tried for 20 second(s) with 500 milliseconds interval)" type="org.openqa.selenium.TimeoutException">org.openqa.selenium.TimeoutException: Expected condition failed: waiting for visibility of Proxy element for: DefaultElementLocator 'By.xpath: //h1[contains(text(),'Choose Trade Option')]' (tried for 20 second(s) with 500 milliseconds interval)
Caused by: org.openqa.selenium.NoSuchElementException: 
no such element: Unable to locate element: {"method":"xpath","selector":"//h1[contains(text(),'Choose Trade Option')]"}
  (Session info: chrome=105.0.5195.125)
For documentation on this error, please visit: https://selenium.dev/exceptions/#no_such_element
Build info: version: '4.4.0', revision: 'e5c75ed026a'
System info: host: 'SF-LAP-412.local', ip: 'fe80:0:0:0:eb:c8fe:5a40:5798%en0', os.name: 'Mac OS X', os.arch: 'aarch64', os.version: '12.6', java.version: '18.0.2.1'
Driver info: org.openqa.selenium.chrome.ChromeDriver
Command: [bf95154f17781dbb8f214eec8089802a, findElement {using=xpath, value=//h1[contains(text(),'Choose Trade Option')]}]
Capabilities {acceptInsecureCerts: false, browserName: chrome, browserVersion: 105.0.5195.125, chrome: {chromedriverVersion: 105.0.5195.52 (412c95e51883..., userDataDir: /var/folders/th/f4yf398x0lb...}, goog:chromeOptions: {debuggerAddress: localhost:56146}, networkConnectionEnabled: false, pageLoadStrategy: normal, platformName: MAC, proxy: Proxy(), se:cdp: ws://localhost:56146/devtoo..., se:cdpVersion: 105.0.5195.125, setWindowRect: true, strictFileInteractability: false, timeouts: {implicit: 0, pageLoad: 300000, script: 30000}, unhandledPromptBehavior: dismiss and notify, webauthn:extension:credBlob: true, webauthn:extension:largeBlob: true, webauthn:virtualAuthenticators: true}
Session ID: bf95154f17781dbb8f214eec8089802a
</failure>
    <system-out><![CDATA[
@UP @UP_registration @regression @smoke
Scenario: Ensure the profile user can sign in after registering in Upgrade &amp#27;[90m# src/test/java/features/Upgrade/registration.feature:15&amp#27;[0m
  &amp#27;[32mGiven &amp#27;[0m&amp#27;[32mthe Upgrade user navigates to the homepage&amp#27;[0m                         &amp#27;[90m# stepDef.Upgrade_Registration_SignIn_steps.theUserNavigatesToTheUpgradeHomePage()&amp#27;[0m
  &amp#27;[31mGiven &amp#27;[0m&amp#27;[31mthe Upgrade user creates a new profile&amp#27;[0m                             &amp#27;[90m# stepDef.Upgrade_Registration_SignIn_steps.theUserCreatesAnNewProfileInUP()&amp#27;[0m
      &amp#27;[31morg.openqa.selenium.TimeoutException: Expected condition failed: waiting for visibility of Proxy element for: DefaultElementLocator 'By.xpath: //h1[contains(text(),'Choose Trade Option')]' (tried for 20 second(s) with 500 milliseconds interval)
	at org.openqa.selenium.support.ui.WebDriverWait.timeoutException(WebDriverWait.java:87)
	at org.openqa.selenium.support.ui.FluentWait.until(FluentWait.java:231)
	at base.GenericFunctions.waitForElementToBeVisible(GenericFunctions.java:33)
	at pageObject.Upgrade_Registration_SignIn_page.verifyChooseTradeOption(Upgrade_Registration_SignIn_page.java:50)
	at stepDef.Upgrade_Registration_SignIn_steps.theUserCreatesAnNewProfileInUP(Upgrade_Registration_SignIn_steps.java:87)
	at ✽.the Upgrade user creates a new profile(file:///Users/manav/Documents/QATest/qa-automation-tests/src/test/java/features/Upgrade/registration.feature:16)
Caused by: org.openqa.selenium.NoSuchElementException: no such element: Unable to locate element: {"method":"xpath","selector":"//h1[contains(text(),'Choose Trade Option')]"}
  (Session info: chrome=105.0.5195.125)
For documentation on this error, please visit: https://selenium.dev/exceptions/#no_such_element
Build info: version: '4.4.0', revision: 'e5c75ed026a'
System info: host: 'SF-LAP-412.local', ip: 'fe80:0:0:0:eb:c8fe:5a40:5798%en0', os.name: 'Mac OS X', os.arch: 'aarch64', os.version: '12.6', java.version: '18.0.2.1'
Driver info: org.openqa.selenium.chrome.ChromeDriver
Command: [bf95154f17781dbb8f214eec8089802a, findElement {using=xpath, value=//h1[contains(text(),'Choose Trade Option')]}]
Capabilities {acceptInsecureCerts: false, browserName: chrome, browserVersion: 105.0.5195.125, chrome: {chromedriverVersion: 105.0.5195.52 (412c95e51883..., userDataDir: /var/folders/th/f4yf398x0lb...}, goog:chromeOptions: {debuggerAddress: localhost:56146}, networkConnectionEnabled: false, pageLoadStrategy: normal, platformName: MAC, proxy: Proxy(), se:cdp: ws://localhost:56146/devtoo..., se:cdpVersion: 105.0.5195.125, setWindowRect: true, strictFileInteractability: false, timeouts: {implicit: 0, pageLoad: 300000, script: 30000}, unhandledPromptBehavior: dismiss and notify, webauthn:extension:credBlob: true, webauthn:extension:largeBlob: true, webauthn:virtualAuthenticators: true}
Session ID: bf95154f17781dbb8f214eec8089802a
	at java.base/jdk.internal.reflect.DirectConstructorHandleAccessor.newInstance(DirectConstructorHandleAccessor.java:67)
	at java.base/java.lang.reflect.Constructor.newInstanceWithCaller(Constructor.java:499)
	at java.base/java.lang.reflect.Constructor.newInstance(Constructor.java:483)
	at org.openqa.selenium.remote.codec.w3c.W3CHttpResponseCodec.createException(W3CHttpResponseCodec.java:200)
	at org.openqa.selenium.remote.codec.w3c.W3CHttpResponseCodec.decode(W3CHttpResponseCodec.java:133)
	at org.openqa.selenium.remote.codec.w3c.W3CHttpResponseCodec.decode(W3CHttpResponseCodec.java:53)
	at org.openqa.selenium.remote.HttpCommandExecutor.execute(HttpCommandExecutor.java:184)
	at org.openqa.selenium.remote.service.DriverCommandExecutor.invokeExecute(DriverCommandExecutor.java:167)
	at org.openqa.selenium.remote.service.DriverCommandExecutor.execute(DriverCommandExecutor.java:142)
	at org.openqa.selenium.remote.RemoteWebDriver.execute(RemoteWebDriver.java:547)
	at org.openqa.selenium.remote.ElementLocation$ElementFinder$2.findElement(ElementLocation.java:162)
	at org.openqa.selenium.remote.ElementLocation.findElement(ElementLocation.java:60)
	at org.openqa.selenium.remote.RemoteWebDriver.findElement(RemoteWebDriver.java:365)
	at org.openqa.selenium.remote.RemoteWebDriver.findElement(RemoteWebDriver.java:357)
	at org.openqa.selenium.support.pagefactory.DefaultElementLocator.findElement(DefaultElementLocator.java:70)
	at org.openqa.selenium.support.pagefactory.internal.LocatingElementHandler.invoke(LocatingElementHandler.java:39)
	at jdk.proxy2/jdk.proxy2.$Proxy33.isDisplayed(Unknown Source)
	at org.openqa.selenium.support.ui.ExpectedConditions.elementIfVisible(ExpectedConditions.java:307)
	at org.openqa.selenium.support.ui.ExpectedConditions.access$000(ExpectedConditions.java:40)
	at org.openqa.selenium.support.ui.ExpectedConditions$10.apply(ExpectedConditions.java:293)
	at org.openqa.selenium.support.ui.ExpectedConditions$10.apply(ExpectedConditions.java:290)
	at org.openqa.selenium.support.ui.FluentWait.until(FluentWait.java:208)
	at base.GenericFunctions.waitForElementToBeVisible(GenericFunctions.java:33)
	at pageObject.Upgrade_Registration_SignIn_page.verifyChooseTradeOption(Upgrade_Registration_SignIn_page.java:50)
	at stepDef.Upgrade_Registration_SignIn_steps.theUserCreatesAnNewProfileInUP(Upgrade_Registration_SignIn_steps.java:87)
	at java.base/jdk.internal.reflect.DirectMethodHandleAccessor.invoke(DirectMethodHandleAccessor.java:104)
	at java.base/java.lang.reflect.Method.invoke(Method.java:577)
	at io.cucumber.java.Invoker.doInvoke(Invoker.java:66)
	at io.cucumber.java.Invoker.invoke(Invoker.java:24)
	at io.cucumber.java.AbstractGlueDefinition.invokeMethod(AbstractGlueDefinition.java:47)
	at io.cucumber.java.JavaStepDefinition.execute(JavaStepDefinition.java:29)
	at io.cucumber.core.runner.CoreStepDefinition.execute(CoreStepDefinition.java:66)
	at io.cucumber.core.runner.PickleStepDefinitionMatch.runStep(PickleStepDefinitionMatch.java:63)
	at io.cucumber.core.runner.ExecutionMode$1.execute(ExecutionMode.java:10)
	at io.cucumber.core.runner.TestStep.executeStep(TestStep.java:85)
	at io.cucumber.core.runner.TestStep.run(TestStep.java:57)
	at io.cucumber.core.runner.PickleStepTestStep.run(PickleStepTestStep.java:51)
	at io.cucumber.core.runner.TestCase.run(TestCase.java:84)
	at io.cucumber.core.runner.Runner.runPickle(Runner.java:75)
	at io.cucumber.testng.TestNGCucumberRunner.lambda$runScenario$1(TestNGCucumberRunner.java:132)
	at io.cucumber.core.runtime.CucumberExecutionContext.lambda$runTestCase$5(CucumberExecutionContext.java:129)
	at io.cucumber.core.runtime.RethrowingThrowableCollector.executeAndThrow(RethrowingThrowableCollector.java:23)
	at io.cucumber.core.runtime.CucumberExecutionContext.runTestCase(CucumberExecutionContext.java:129)
	at io.cucumber.testng.TestNGCucumberRunner.runScenario(TestNGCucumberRunner.java:129)
	at io.cucumber.testng.AbstractTestNGCucumberTests.runScenario(AbstractTestNGCucumberTests.java:35)
	at java.base/jdk.internal.reflect.DirectMethodHandleAccessor.invoke(DirectMethodHandleAccessor.java:104)
	at java.base/java.lang.reflect.Method.invoke(Method.java:577)
	at org.testng.internal.invokers.MethodInvocationHelper.invokeMethod(MethodInvocationHelper.java:139)
	at org.testng.internal.invokers.TestInvoker.invokeMethod(TestInvoker.java:677)
	at org.testng.internal.invokers.TestInvoker.invokeTestMethod(TestInvoker.java:221)
	at org.testng.internal.invokers.TestMethodWithDataProviderMethodWorker.call(TestMethodWithDataProviderMethodWorker.java:80)
	at org.testng.internal.invokers.TestMethodWithDataProviderMethodWorker.call(TestMethodWithDataProviderMethodWorker.java:17)
	at java.base/java.util.concurrent.FutureTask.run(FutureTask.java:264)
	at java.base/java.util.concurrent.Executors$RunnableAdapter.call(Executors.java:539)
	at java.base/java.util.concurrent.FutureTask.run(FutureTask.java:264)
	at java.base/java.util.concurrent.ThreadPoolExecutor.runWorker(ThreadPoolExecutor.java:1136)
	at java.base/java.util.concurrent.ThreadPoolExecutor$Worker.run(ThreadPoolExecutor.java:635)
	at java.base/java.lang.Thread.run(Thread.java:833)
&amp#27;[0m
  &amp#27;[36mAnd &amp#27;[0m&amp#27;[36mthe Upgrade user signs out via the hamburger menu&amp#27;[0m                    &amp#27;[90m# stepDef.Upgrade_Registration_SignIn_steps.userSignsOutFromTheUP()&amp#27;[0m
  &amp#27;[36mAnd &amp#27;[0m&amp#27;[36mthe Upgrade user clicks on the &amp#27;[0m&amp#27;[36m&amp#27;[1m"Sign in here"&amp#27;[0m&amp#27;[36m link from the top nav&amp#27;[0m  &amp#27;[90m# stepDef.Upgrade_Registration_SignIn_steps.theUpgradeUserClicksOnTheLinkFromTheTopNav(java.lang.String)&amp#27;[0m
  &amp#27;[36mAnd &amp#27;[0m&amp#27;[36mthe CSE user can enter their credentials&amp#27;[0m                             &amp#27;[90m# stepDef.CSE_Registration_SignIn_steps.theCseUserCanEnterTheirCredentials()&amp#27;[0m
  &amp#27;[36mWhen &amp#27;[0m&amp#27;[36mthe user clicks on the &amp#27;[0m&amp#27;[36m&amp#27;[1m"Sign In"&amp#27;[0m&amp#27;[36m button in UP&amp#27;[0m                       &amp#27;[90m# stepDef.Upgrade_Registration_SignIn_steps.theUserClicksOnTheButtonInUP(java.lang.String)&amp#27;[0m
  &amp#27;[36mThen &amp#27;[0m&amp#27;[36mthe user should see the Welcome Back Message&amp#27;[0m                        &amp#27;[90m# stepDef.Upgrade_Registration_SignIn_steps.theUserShouldSeeTheWelcomeBackMessage()&amp#27;[0m

    Embedding Ensure the profile user can sign in after registering in Upgrade [image/png 153495 bytes]

]]></system-out>
    <system-err><![CDATA[ChromeDriver was started successfully.
Sep 28, 2022 8:47:17 PM org.openqa.selenium.remote.ProtocolHandshake createSession
INFO: Detected upstream dialect: W3C
Sep 28, 2022 8:47:17 PM org.openqa.selenium.devtools.CdpVersionFinder findNearestMatch
WARNING: Unable to find an exact match for CDP version 105, so returning the closest version found: 104
Sep 28, 2022 8:47:17 PM org.openqa.selenium.devtools.CdpVersionFinder findNearestMatch
INFO: Found CDP implementation for version 105 of 104
]]></system-err>
  </testcase>
  <testcase name="runScenario" classname="RunCucumberTest" time="69.716">
    <failure message="Expected condition failed: waiting for visibility of Proxy element for: DefaultElementLocator &apos;By.xpath: //h1[contains(text(),&apos;Choose Trade Option&apos;)]&apos; (tried for 20 second(s) with 500 milliseconds interval)" type="org.openqa.selenium.TimeoutException">org.openqa.selenium.TimeoutException: Expected condition failed: waiting for visibility of Proxy element for: DefaultElementLocator 'By.xpath: //h1[contains(text(),'Choose Trade Option')]' (tried for 20 second(s) with 500 milliseconds interval)
Caused by: org.openqa.selenium.NoSuchElementException: 
no such element: Unable to locate element: {"method":"xpath","selector":"//h1[contains(text(),'Choose Trade Option')]"}
  (Session info: chrome=105.0.5195.125)
For documentation on this error, please visit: https://selenium.dev/exceptions/#no_such_element
Build info: version: '4.4.0', revision: 'e5c75ed026a'
System info: host: 'SF-LAP-412.local', ip: 'fe80:0:0:0:eb:c8fe:5a40:5798%en0', os.name: 'Mac OS X', os.arch: 'aarch64', os.version: '12.6', java.version: '18.0.2.1'
Driver info: org.openqa.selenium.chrome.ChromeDriver
Command: [41ed46e7ab2eef0f70ea0085fba76339, findElement {using=xpath, value=//h1[contains(text(),'Choose Trade Option')]}]
Capabilities {acceptInsecureCerts: false, browserName: chrome, browserVersion: 105.0.5195.125, chrome: {chromedriverVersion: 105.0.5195.52 (412c95e51883..., userDataDir: /var/folders/th/f4yf398x0lb...}, goog:chromeOptions: {debuggerAddress: localhost:56466}, networkConnectionEnabled: false, pageLoadStrategy: normal, platformName: MAC, proxy: Proxy(), se:cdp: ws://localhost:56466/devtoo..., se:cdpVersion: 105.0.5195.125, setWindowRect: true, strictFileInteractability: false, timeouts: {implicit: 0, pageLoad: 300000, script: 30000}, unhandledPromptBehavior: dismiss and notify, webauthn:extension:credBlob: true, webauthn:extension:largeBlob: true, webauthn:virtualAuthenticators: true}
Session ID: 41ed46e7ab2eef0f70ea0085fba76339
</failure>
    <system-out><![CDATA[
@UP @UP_garage @myTrades @return_Lease @regression @smoke
Scenario: Ensure Upgrade user can return a leased vehicle via the hamburger menu       &amp#27;[90m# src/test/java/features/Upgrade/returnLease.feature:11&amp#27;[0m
  &amp#27;[32mGiven &amp#27;[0m&amp#27;[32mthe Upgrade user navigates to the homepage&amp#27;[0m                                     &amp#27;[90m# stepDef.Upgrade_Registration_SignIn_steps.theUserNavigatesToTheUpgradeHomePage()&amp#27;[0m
  &amp#27;[32mWhen &amp#27;[0m&amp#27;[32mthe Upgrade user clicks on the &amp#27;[0m&amp#27;[32m&amp#27;[1m"Sign in here"&amp#27;[0m&amp#27;[32m link from the top nav&amp#27;[0m             &amp#27;[90m# stepDef.Upgrade_Registration_SignIn_steps.theUpgradeUserClicksOnTheLinkFromTheTopNav(java.lang.String)&amp#27;[0m
  &amp#27;[31mAnd &amp#27;[0m&amp#27;[31mthe Upgrade user creates a new profile&amp#27;[0m                                           &amp#27;[90m# stepDef.Upgrade_Registration_SignIn_steps.theUserCreatesAnNewProfileInUP()&amp#27;[0m
      &amp#27;[31morg.openqa.selenium.TimeoutException: Expected condition failed: waiting for visibility of Proxy element for: DefaultElementLocator 'By.xpath: //h1[contains(text(),'Choose Trade Option')]' (tried for 20 second(s) with 500 milliseconds interval)
	at org.openqa.selenium.support.ui.WebDriverWait.timeoutException(WebDriverWait.java:87)
	at org.openqa.selenium.support.ui.FluentWait.until(FluentWait.java:231)
	at base.GenericFunctions.waitForElementToBeVisible(GenericFunctions.java:33)
	at pageObject.Upgrade_Registration_SignIn_page.verifyChooseTradeOption(Upgrade_Registration_SignIn_page.java:50)
	at stepDef.Upgrade_Registration_SignIn_steps.theUserCreatesAnNewProfileInUP(Upgrade_Registration_SignIn_steps.java:87)
	at ✽.the Upgrade user creates a new profile(file:///Users/manav/Documents/QATest/qa-automation-tests/src/test/java/features/Upgrade/returnLease.feature:6)
Caused by: org.openqa.selenium.NoSuchElementException: no such element: Unable to locate element: {"method":"xpath","selector":"//h1[contains(text(),'Choose Trade Option')]"}
  (Session info: chrome=105.0.5195.125)
For documentation on this error, please visit: https://selenium.dev/exceptions/#no_such_element
Build info: version: '4.4.0', revision: 'e5c75ed026a'
System info: host: 'SF-LAP-412.local', ip: 'fe80:0:0:0:eb:c8fe:5a40:5798%en0', os.name: 'Mac OS X', os.arch: 'aarch64', os.version: '12.6', java.version: '18.0.2.1'
Driver info: org.openqa.selenium.chrome.ChromeDriver
Command: [41ed46e7ab2eef0f70ea0085fba76339, findElement {using=xpath, value=//h1[contains(text(),'Choose Trade Option')]}]
Capabilities {acceptInsecureCerts: false, browserName: chrome, browserVersion: 105.0.5195.125, chrome: {chromedriverVersion: 105.0.5195.52 (412c95e51883..., userDataDir: /var/folders/th/f4yf398x0lb...}, goog:chromeOptions: {debuggerAddress: localhost:56466}, networkConnectionEnabled: false, pageLoadStrategy: normal, platformName: MAC, proxy: Proxy(), se:cdp: ws://localhost:56466/devtoo..., se:cdpVersion: 105.0.5195.125, setWindowRect: true, strictFileInteractability: false, timeouts: {implicit: 0, pageLoad: 300000, script: 30000}, unhandledPromptBehavior: dismiss and notify, webauthn:extension:credBlob: true, webauthn:extension:largeBlob: true, webauthn:virtualAuthenticators: true}
Session ID: 41ed46e7ab2eef0f70ea0085fba76339
	at java.base/jdk.internal.reflect.DirectConstructorHandleAccessor.newInstance(DirectConstructorHandleAccessor.java:67)
	at java.base/java.lang.reflect.Constructor.newInstanceWithCaller(Constructor.java:499)
	at java.base/java.lang.reflect.Constructor.newInstance(Constructor.java:483)
	at org.openqa.selenium.remote.codec.w3c.W3CHttpResponseCodec.createException(W3CHttpResponseCodec.java:200)
	at org.openqa.selenium.remote.codec.w3c.W3CHttpResponseCodec.decode(W3CHttpResponseCodec.java:133)
	at org.openqa.selenium.remote.codec.w3c.W3CHttpResponseCodec.decode(W3CHttpResponseCodec.java:53)
	at org.openqa.selenium.remote.HttpCommandExecutor.execute(HttpCommandExecutor.java:184)
	at org.openqa.selenium.remote.service.DriverCommandExecutor.invokeExecute(DriverCommandExecutor.java:167)
	at org.openqa.selenium.remote.service.DriverCommandExecutor.execute(DriverCommandExecutor.java:142)
	at org.openqa.selenium.remote.RemoteWebDriver.execute(RemoteWebDriver.java:547)
	at org.openqa.selenium.remote.ElementLocation$ElementFinder$2.findElement(ElementLocation.java:162)
	at org.openqa.selenium.remote.ElementLocation.findElement(ElementLocation.java:60)
	at org.openqa.selenium.remote.RemoteWebDriver.findElement(RemoteWebDriver.java:365)
	at org.openqa.selenium.remote.RemoteWebDriver.findElement(RemoteWebDriver.java:357)
	at org.openqa.selenium.support.pagefactory.DefaultElementLocator.findElement(DefaultElementLocator.java:70)
	at org.openqa.selenium.support.pagefactory.internal.LocatingElementHandler.invoke(LocatingElementHandler.java:39)
	at jdk.proxy2/jdk.proxy2.$Proxy33.isDisplayed(Unknown Source)
	at org.openqa.selenium.support.ui.ExpectedConditions.elementIfVisible(ExpectedConditions.java:307)
	at org.openqa.selenium.support.ui.ExpectedConditions.access$000(ExpectedConditions.java:40)
	at org.openqa.selenium.support.ui.ExpectedConditions$10.apply(ExpectedConditions.java:293)
	at org.openqa.selenium.support.ui.ExpectedConditions$10.apply(ExpectedConditions.java:290)
	at org.openqa.selenium.support.ui.FluentWait.until(FluentWait.java:208)
	at base.GenericFunctions.waitForElementToBeVisible(GenericFunctions.java:33)
	at pageObject.Upgrade_Registration_SignIn_page.verifyChooseTradeOption(Upgrade_Registration_SignIn_page.java:50)
	at stepDef.Upgrade_Registration_SignIn_steps.theUserCreatesAnNewProfileInUP(Upgrade_Registration_SignIn_steps.java:87)
	at java.base/jdk.internal.reflect.DirectMethodHandleAccessor.invoke(DirectMethodHandleAccessor.java:104)
	at java.base/java.lang.reflect.Method.invoke(Method.java:577)
	at io.cucumber.java.Invoker.doInvoke(Invoker.java:66)
	at io.cucumber.java.Invoker.invoke(Invoker.java:24)
	at io.cucumber.java.AbstractGlueDefinition.invokeMethod(AbstractGlueDefinition.java:47)
	at io.cucumber.java.JavaStepDefinition.execute(JavaStepDefinition.java:29)
	at io.cucumber.core.runner.CoreStepDefinition.execute(CoreStepDefinition.java:66)
	at io.cucumber.core.runner.PickleStepDefinitionMatch.runStep(PickleStepDefinitionMatch.java:63)
	at io.cucumber.core.runner.ExecutionMode$1.execute(ExecutionMode.java:10)
	at io.cucumber.core.runner.TestStep.executeStep(TestStep.java:85)
	at io.cucumber.core.runner.TestStep.run(TestStep.java:57)
	at io.cucumber.core.runner.PickleStepTestStep.run(PickleStepTestStep.java:51)
	at io.cucumber.core.runner.TestCase.run(TestCase.java:84)
	at io.cucumber.core.runner.Runner.runPickle(Runner.java:75)
	at io.cucumber.testng.TestNGCucumberRunner.lambda$runScenario$1(TestNGCucumberRunner.java:132)
	at io.cucumber.core.runtime.CucumberExecutionContext.lambda$runTestCase$5(CucumberExecutionContext.java:129)
	at io.cucumber.core.runtime.RethrowingThrowableCollector.executeAndThrow(RethrowingThrowableCollector.java:23)
	at io.cucumber.core.runtime.CucumberExecutionContext.runTestCase(CucumberExecutionContext.java:129)
	at io.cucumber.testng.TestNGCucumberRunner.runScenario(TestNGCucumberRunner.java:129)
	at io.cucumber.testng.AbstractTestNGCucumberTests.runScenario(AbstractTestNGCucumberTests.java:35)
	at java.base/jdk.internal.reflect.DirectMethodHandleAccessor.invoke(DirectMethodHandleAccessor.java:104)
	at java.base/java.lang.reflect.Method.invoke(Method.java:577)
	at org.testng.internal.invokers.MethodInvocationHelper.invokeMethod(MethodInvocationHelper.java:139)
	at org.testng.internal.invokers.TestInvoker.invokeMethod(TestInvoker.java:677)
	at org.testng.internal.invokers.TestInvoker.invokeTestMethod(TestInvoker.java:221)
	at org.testng.internal.invokers.TestMethodWithDataProviderMethodWorker.call(TestMethodWithDataProviderMethodWorker.java:80)
	at org.testng.internal.invokers.TestMethodWithDataProviderMethodWorker.call(TestMethodWithDataProviderMethodWorker.java:17)
	at java.base/java.util.concurrent.FutureTask.run(FutureTask.java:264)
	at java.base/java.util.concurrent.Executors$RunnableAdapter.call(Executors.java:539)
	at java.base/java.util.concurrent.FutureTask.run(FutureTask.java:264)
	at java.base/java.util.concurrent.ThreadPoolExecutor.runWorker(ThreadPoolExecutor.java:1136)
	at java.base/java.util.concurrent.ThreadPoolExecutor$Worker.run(ThreadPoolExecutor.java:635)
	at java.base/java.lang.Thread.run(Thread.java:833)
&amp#27;[0m
  &amp#27;[36mAnd &amp#27;[0m&amp#27;[36mthe Upgrade user clicks on value trade via the hamburger menu&amp#27;[0m                    &amp#27;[90m# stepDef.Upgrade_Trades_steps.theUpgradeUserClicksOnValueTradeViaHamburgerMenu()&amp#27;[0m
  &amp#27;[36mThen &amp#27;[0m&amp#27;[36mthe Upgrade user lands on to choose a trade option page&amp#27;[0m                         &amp#27;[90m# stepDef.Upgrade_Trades_steps.theUpgradeUserLandsOnChooseATradeOptionPage()&amp#27;[0m
  &amp#27;[36mWhen &amp#27;[0m&amp#27;[36mthe Upgrade user clicks the Return a Lease button&amp#27;[0m                               &amp#27;[90m# stepDef.Upgrade_Trades_steps.theUpgradeUserClicksTheReturnALeaseButton()&amp#27;[0m
  &amp#27;[36mAnd &amp#27;[0m&amp#27;[36mthe Upgrade user submits a VIN&amp#27;[0m                                                   &amp#27;[90m# stepDef.Upgrade_Trades_steps.theUpgradeUserSubmitsAVIN()&amp#27;[0m
  &amp#27;[36mAnd &amp#27;[0m&amp#27;[36mthe Upgrade user submits lease vehicle information&amp#27;[0m                               &amp#27;[90m# stepDef.Upgrade_Trades_steps.theUpgradeUserSubmitsLeaseVehicleInformation()&amp#27;[0m
  &amp#27;[36mAnd &amp#27;[0m&amp#27;[36mthe Upgrade user's information is submitted&amp#27;[0m                                      &amp#27;[90m# stepDef.Upgrade_Trades_steps.theUpgradeUserSInformationIsSubmitted()&amp#27;[0m
  &amp#27;[36mAnd &amp#27;[0m&amp#27;[36mthe Upgrade user's current payment information is submitted&amp#27;[0m                      &amp#27;[90m# stepDef.Upgrade_Trades_steps.theUpgradeUserSCurrentPaymentInformationIsSubmitted()&amp#27;[0m
  &amp#27;[36mAnd &amp#27;[0m&amp#27;[36mthe Upgrade user's Finance Company is submitted&amp#27;[0m                                  &amp#27;[90m# stepDef.Upgrade_Trades_steps.theUpgradeUserSFinanceCompanyIsSubmitted()&amp#27;[0m
  &amp#27;[36mAnd &amp#27;[0m&amp#27;[36mthe Upgrade user clicks on continues with the estimated payoff&amp#27;[0m                   &amp#27;[90m# stepDef.Upgrade_Trades_steps.theUpgradeUserClicksOnContinuesWithTheEstimatedPayoff()&amp#27;[0m
  &amp#27;[36mAnd &amp#27;[0m&amp#27;[36mthe Upgrade user clicks on the view offers button&amp#27;[0m                                &amp#27;[90m# stepDef.Upgrade_Trades_steps.theUpgradeUserClicksOnViewOffersButton()&amp#27;[0m
  &amp#27;[36mAnd &amp#27;[0m&amp#27;[36mthe Upgrade user clicks on the view vehicles button for the upgrade&amp#27;[0m              &amp#27;[90m# stepDef.Upgrade_Trades_steps.theUpgradeUserClicksOnViewVehiclesButtonAndClicksOnTheVehicleForUpgrade()&amp#27;[0m
  &amp#27;[36mAnd &amp#27;[0m&amp#27;[36mthe Upgrade user clicks on the vehicle details after returning to my trades page&amp#27;[0m &amp#27;[90m# stepDef.Upgrade_Trades_steps.theUpgradeUserReturnsToMyTradesPage()&amp#27;[0m
  &amp#27;[36mThen &amp#27;[0m&amp#27;[36mthe Upgrade user can see Incomplete as the offer price&amp#27;[0m                          &amp#27;[90m# stepDef.Upgrade_Trades_steps.theUpgradeUserCanSeeIncompleteAsTheOfferPrice()&amp#27;[0m

    Embedding Ensure Upgrade user can return a leased vehicle via the hamburger menu [image/png 153495 bytes]

]]></system-out>
    <system-err><![CDATA[ChromeDriver was started successfully.
Sep 28, 2022 8:48:23 PM org.openqa.selenium.remote.ProtocolHandshake createSession
INFO: Detected upstream dialect: W3C
Sep 28, 2022 8:48:23 PM org.openqa.selenium.devtools.CdpVersionFinder findNearestMatch
WARNING: Unable to find an exact match for CDP version 105, so returning the closest version found: 104
Sep 28, 2022 8:48:23 PM org.openqa.selenium.devtools.CdpVersionFinder findNearestMatch
INFO: Found CDP implementation for version 105 of 104
]]></system-err>
  </testcase>
  <testcase name="runScenario" classname="RunCucumberTest" time="69.836">
    <failure message="Expected condition failed: waiting for visibility of Proxy element for: DefaultElementLocator &apos;By.xpath: //h1[contains(text(),&apos;Choose Trade Option&apos;)]&apos; (tried for 20 second(s) with 500 milliseconds interval)" type="org.openqa.selenium.TimeoutException">org.openqa.selenium.TimeoutException: Expected condition failed: waiting for visibility of Proxy element for: DefaultElementLocator 'By.xpath: //h1[contains(text(),'Choose Trade Option')]' (tried for 20 second(s) with 500 milliseconds interval)
Caused by: org.openqa.selenium.NoSuchElementException: 
no such element: Unable to locate element: {"method":"xpath","selector":"//h1[contains(text(),'Choose Trade Option')]"}
  (Session info: chrome=105.0.5195.125)
For documentation on this error, please visit: https://selenium.dev/exceptions/#no_such_element
Build info: version: '4.4.0', revision: 'e5c75ed026a'
System info: host: 'SF-LAP-412.local', ip: 'fe80:0:0:0:eb:c8fe:5a40:5798%en0', os.name: 'Mac OS X', os.arch: 'aarch64', os.version: '12.6', java.version: '18.0.2.1'
Driver info: org.openqa.selenium.chrome.ChromeDriver
Command: [2e1a609eeb6de74b63de7476b38a1cfa, findElement {using=xpath, value=//h1[contains(text(),'Choose Trade Option')]}]
Capabilities {acceptInsecureCerts: false, browserName: chrome, browserVersion: 105.0.5195.125, chrome: {chromedriverVersion: 105.0.5195.52 (412c95e51883..., userDataDir: /var/folders/th/f4yf398x0lb...}, goog:chromeOptions: {debuggerAddress: localhost:56799}, networkConnectionEnabled: false, pageLoadStrategy: normal, platformName: MAC, proxy: Proxy(), se:cdp: ws://localhost:56799/devtoo..., se:cdpVersion: 105.0.5195.125, setWindowRect: true, strictFileInteractability: false, timeouts: {implicit: 0, pageLoad: 300000, script: 30000}, unhandledPromptBehavior: dismiss and notify, webauthn:extension:credBlob: true, webauthn:extension:largeBlob: true, webauthn:virtualAuthenticators: true}
Session ID: 2e1a609eeb6de74b63de7476b38a1cfa
</failure>
    <system-out><![CDATA[
@UP @UP_garage @myTrades @return_Lease @regression @smoke
Scenario: Ensure Upgrade user can return a leased vehicle via entering payoff information &amp#27;[90m# src/test/java/features/Upgrade/returnLease.feature:25&amp#27;[0m
  &amp#27;[32mGiven &amp#27;[0m&amp#27;[32mthe Upgrade user navigates to the homepage&amp#27;[0m                                        &amp#27;[90m# stepDef.Upgrade_Registration_SignIn_steps.theUserNavigatesToTheUpgradeHomePage()&amp#27;[0m
  &amp#27;[32mWhen &amp#27;[0m&amp#27;[32mthe Upgrade user clicks on the &amp#27;[0m&amp#27;[32m&amp#27;[1m"Sign in here"&amp#27;[0m&amp#27;[32m link from the top nav&amp#27;[0m                &amp#27;[90m# stepDef.Upgrade_Registration_SignIn_steps.theUpgradeUserClicksOnTheLinkFromTheTopNav(java.lang.String)&amp#27;[0m
  &amp#27;[31mAnd &amp#27;[0m&amp#27;[31mthe Upgrade user creates a new profile&amp#27;[0m                                              &amp#27;[90m# stepDef.Upgrade_Registration_SignIn_steps.theUserCreatesAnNewProfileInUP()&amp#27;[0m
      &amp#27;[31morg.openqa.selenium.TimeoutException: Expected condition failed: waiting for visibility of Proxy element for: DefaultElementLocator 'By.xpath: //h1[contains(text(),'Choose Trade Option')]' (tried for 20 second(s) with 500 milliseconds interval)
	at org.openqa.selenium.support.ui.WebDriverWait.timeoutException(WebDriverWait.java:87)
	at org.openqa.selenium.support.ui.FluentWait.until(FluentWait.java:231)
	at base.GenericFunctions.waitForElementToBeVisible(GenericFunctions.java:33)
	at pageObject.Upgrade_Registration_SignIn_page.verifyChooseTradeOption(Upgrade_Registration_SignIn_page.java:50)
	at stepDef.Upgrade_Registration_SignIn_steps.theUserCreatesAnNewProfileInUP(Upgrade_Registration_SignIn_steps.java:87)
	at ✽.the Upgrade user creates a new profile(file:///Users/manav/Documents/QATest/qa-automation-tests/src/test/java/features/Upgrade/returnLease.feature:6)
Caused by: org.openqa.selenium.NoSuchElementException: no such element: Unable to locate element: {"method":"xpath","selector":"//h1[contains(text(),'Choose Trade Option')]"}
  (Session info: chrome=105.0.5195.125)
For documentation on this error, please visit: https://selenium.dev/exceptions/#no_such_element
Build info: version: '4.4.0', revision: 'e5c75ed026a'
System info: host: 'SF-LAP-412.local', ip: 'fe80:0:0:0:eb:c8fe:5a40:5798%en0', os.name: 'Mac OS X', os.arch: 'aarch64', os.version: '12.6', java.version: '18.0.2.1'
Driver info: org.openqa.selenium.chrome.ChromeDriver
Command: [2e1a609eeb6de74b63de7476b38a1cfa, findElement {using=xpath, value=//h1[contains(text(),'Choose Trade Option')]}]
Capabilities {acceptInsecureCerts: false, browserName: chrome, browserVersion: 105.0.5195.125, chrome: {chromedriverVersion: 105.0.5195.52 (412c95e51883..., userDataDir: /var/folders/th/f4yf398x0lb...}, goog:chromeOptions: {debuggerAddress: localhost:56799}, networkConnectionEnabled: false, pageLoadStrategy: normal, platformName: MAC, proxy: Proxy(), se:cdp: ws://localhost:56799/devtoo..., se:cdpVersion: 105.0.5195.125, setWindowRect: true, strictFileInteractability: false, timeouts: {implicit: 0, pageLoad: 300000, script: 30000}, unhandledPromptBehavior: dismiss and notify, webauthn:extension:credBlob: true, webauthn:extension:largeBlob: true, webauthn:virtualAuthenticators: true}
Session ID: 2e1a609eeb6de74b63de7476b38a1cfa
	at java.base/jdk.internal.reflect.DirectConstructorHandleAccessor.newInstance(DirectConstructorHandleAccessor.java:67)
	at java.base/java.lang.reflect.Constructor.newInstanceWithCaller(Constructor.java:499)
	at java.base/java.lang.reflect.Constructor.newInstance(Constructor.java:483)
	at org.openqa.selenium.remote.codec.w3c.W3CHttpResponseCodec.createException(W3CHttpResponseCodec.java:200)
	at org.openqa.selenium.remote.codec.w3c.W3CHttpResponseCodec.decode(W3CHttpResponseCodec.java:133)
	at org.openqa.selenium.remote.codec.w3c.W3CHttpResponseCodec.decode(W3CHttpResponseCodec.java:53)
	at org.openqa.selenium.remote.HttpCommandExecutor.execute(HttpCommandExecutor.java:184)
	at org.openqa.selenium.remote.service.DriverCommandExecutor.invokeExecute(DriverCommandExecutor.java:167)
	at org.openqa.selenium.remote.service.DriverCommandExecutor.execute(DriverCommandExecutor.java:142)
	at org.openqa.selenium.remote.RemoteWebDriver.execute(RemoteWebDriver.java:547)
	at org.openqa.selenium.remote.ElementLocation$ElementFinder$2.findElement(ElementLocation.java:162)
	at org.openqa.selenium.remote.ElementLocation.findElement(ElementLocation.java:60)
	at org.openqa.selenium.remote.RemoteWebDriver.findElement(RemoteWebDriver.java:365)
	at org.openqa.selenium.remote.RemoteWebDriver.findElement(RemoteWebDriver.java:357)
	at org.openqa.selenium.support.pagefactory.DefaultElementLocator.findElement(DefaultElementLocator.java:70)
	at org.openqa.selenium.support.pagefactory.internal.LocatingElementHandler.invoke(LocatingElementHandler.java:39)
	at jdk.proxy2/jdk.proxy2.$Proxy33.isDisplayed(Unknown Source)
	at org.openqa.selenium.support.ui.ExpectedConditions.elementIfVisible(ExpectedConditions.java:307)
	at org.openqa.selenium.support.ui.ExpectedConditions.access$000(ExpectedConditions.java:40)
	at org.openqa.selenium.support.ui.ExpectedConditions$10.apply(ExpectedConditions.java:293)
	at org.openqa.selenium.support.ui.ExpectedConditions$10.apply(ExpectedConditions.java:290)
	at org.openqa.selenium.support.ui.FluentWait.until(FluentWait.java:208)
	at base.GenericFunctions.waitForElementToBeVisible(GenericFunctions.java:33)
	at pageObject.Upgrade_Registration_SignIn_page.verifyChooseTradeOption(Upgrade_Registration_SignIn_page.java:50)
	at stepDef.Upgrade_Registration_SignIn_steps.theUserCreatesAnNewProfileInUP(Upgrade_Registration_SignIn_steps.java:87)
	at java.base/jdk.internal.reflect.DirectMethodHandleAccessor.invoke(DirectMethodHandleAccessor.java:104)
	at java.base/java.lang.reflect.Method.invoke(Method.java:577)
	at io.cucumber.java.Invoker.doInvoke(Invoker.java:66)
	at io.cucumber.java.Invoker.invoke(Invoker.java:24)
	at io.cucumber.java.AbstractGlueDefinition.invokeMethod(AbstractGlueDefinition.java:47)
	at io.cucumber.java.JavaStepDefinition.execute(JavaStepDefinition.java:29)
	at io.cucumber.core.runner.CoreStepDefinition.execute(CoreStepDefinition.java:66)
	at io.cucumber.core.runner.PickleStepDefinitionMatch.runStep(PickleStepDefinitionMatch.java:63)
	at io.cucumber.core.runner.ExecutionMode$1.execute(ExecutionMode.java:10)
	at io.cucumber.core.runner.TestStep.executeStep(TestStep.java:85)
	at io.cucumber.core.runner.TestStep.run(TestStep.java:57)
	at io.cucumber.core.runner.PickleStepTestStep.run(PickleStepTestStep.java:51)
	at io.cucumber.core.runner.TestCase.run(TestCase.java:84)
	at io.cucumber.core.runner.Runner.runPickle(Runner.java:75)
	at io.cucumber.testng.TestNGCucumberRunner.lambda$runScenario$1(TestNGCucumberRunner.java:132)
	at io.cucumber.core.runtime.CucumberExecutionContext.lambda$runTestCase$5(CucumberExecutionContext.java:129)
	at io.cucumber.core.runtime.RethrowingThrowableCollector.executeAndThrow(RethrowingThrowableCollector.java:23)
	at io.cucumber.core.runtime.CucumberExecutionContext.runTestCase(CucumberExecutionContext.java:129)
	at io.cucumber.testng.TestNGCucumberRunner.runScenario(TestNGCucumberRunner.java:129)
	at io.cucumber.testng.AbstractTestNGCucumberTests.runScenario(AbstractTestNGCucumberTests.java:35)
	at java.base/jdk.internal.reflect.DirectMethodHandleAccessor.invoke(DirectMethodHandleAccessor.java:104)
	at java.base/java.lang.reflect.Method.invoke(Method.java:577)
	at org.testng.internal.invokers.MethodInvocationHelper.invokeMethod(MethodInvocationHelper.java:139)
	at org.testng.internal.invokers.TestInvoker.invokeMethod(TestInvoker.java:677)
	at org.testng.internal.invokers.TestInvoker.invokeTestMethod(TestInvoker.java:221)
	at org.testng.internal.invokers.TestMethodWithDataProviderMethodWorker.call(TestMethodWithDataProviderMethodWorker.java:80)
	at org.testng.internal.invokers.TestMethodWithDataProviderMethodWorker.call(TestMethodWithDataProviderMethodWorker.java:17)
	at java.base/java.util.concurrent.FutureTask.run(FutureTask.java:264)
	at java.base/java.util.concurrent.Executors$RunnableAdapter.call(Executors.java:539)
	at java.base/java.util.concurrent.FutureTask.run(FutureTask.java:264)
	at java.base/java.util.concurrent.ThreadPoolExecutor.runWorker(ThreadPoolExecutor.java:1136)
	at java.base/java.util.concurrent.ThreadPoolExecutor$Worker.run(ThreadPoolExecutor.java:635)
	at java.base/java.lang.Thread.run(Thread.java:833)
&amp#27;[0m
  &amp#27;[36mAnd &amp#27;[0m&amp#27;[36mthe Upgrade user clicks on value trade via the hamburger menu&amp#27;[0m                       &amp#27;[90m# stepDef.Upgrade_Trades_steps.theUpgradeUserClicksOnValueTradeViaHamburgerMenu()&amp#27;[0m
  &amp#27;[36mThen &amp#27;[0m&amp#27;[36mthe Upgrade user lands on to choose a trade option page&amp#27;[0m                            &amp#27;[90m# stepDef.Upgrade_Trades_steps.theUpgradeUserLandsOnChooseATradeOptionPage()&amp#27;[0m
  &amp#27;[36mWhen &amp#27;[0m&amp#27;[36mthe Upgrade user clicks the Return a Lease button&amp#27;[0m                                  &amp#27;[90m# stepDef.Upgrade_Trades_steps.theUpgradeUserClicksTheReturnALeaseButton()&amp#27;[0m
  &amp#27;[36mAnd &amp#27;[0m&amp#27;[36mthe Upgrade user submits a VIN&amp#27;[0m                                                      &amp#27;[90m# stepDef.Upgrade_Trades_steps.theUpgradeUserSubmitsAVIN()&amp#27;[0m
  &amp#27;[36mAnd &amp#27;[0m&amp#27;[36mthe Upgrade user submits lease vehicle information&amp#27;[0m                                  &amp#27;[90m# stepDef.Upgrade_Trades_steps.theUpgradeUserSubmitsLeaseVehicleInformation()&amp#27;[0m
  &amp#27;[36mAnd &amp#27;[0m&amp#27;[36mthe Upgrade user's information is submitted&amp#27;[0m                                         &amp#27;[90m# stepDef.Upgrade_Trades_steps.theUpgradeUserSInformationIsSubmitted()&amp#27;[0m
  &amp#27;[36mAnd &amp#27;[0m&amp#27;[36mthe Upgrade user's current payment information is submitted&amp#27;[0m                         &amp#27;[90m# stepDef.Upgrade_Trades_steps.theUpgradeUserSCurrentPaymentInformationIsSubmitted()&amp#27;[0m
  &amp#27;[36mAnd &amp#27;[0m&amp#27;[36mthe Upgrade user's Finance Company is submitted&amp#27;[0m                                     &amp#27;[90m# stepDef.Upgrade_Trades_steps.theUpgradeUserSFinanceCompanyIsSubmitted()&amp#27;[0m
  &amp#27;[36mAnd &amp#27;[0m&amp#27;[36mthe Upgrade user clicks on enter payoff information button&amp#27;[0m                          &amp#27;[90m# stepDef.Upgrade_Trades_steps.theUpgradeUserClicksOnEnterPayoffInformationButton()&amp#27;[0m
  &amp#27;[36mAnd &amp#27;[0m&amp#27;[36mthe Upgrade user submits all payoff information&amp#27;[0m                                     &amp#27;[90m# stepDef.Upgrade_Trades_steps.theUpgradeUserSubmitsAllPayoffInformation()&amp#27;[0m
  &amp#27;[36mAnd &amp#27;[0m&amp#27;[36mthe Upgrade user clicks on the view offers button&amp#27;[0m                                   &amp#27;[90m# stepDef.Upgrade_Trades_steps.theUpgradeUserClicksOnViewOffersButton()&amp#27;[0m
  &amp#27;[36mAnd &amp#27;[0m&amp#27;[36mthe Upgrade user clicks on the view vehicles button for the upgrade&amp#27;[0m                 &amp#27;[90m# stepDef.Upgrade_Trades_steps.theUpgradeUserClicksOnViewVehiclesButtonAndClicksOnTheVehicleForUpgrade()&amp#27;[0m
  &amp#27;[36mAnd &amp#27;[0m&amp#27;[36mthe Upgrade user clicks on the vehicle details after returning to my trades page&amp#27;[0m    &amp#27;[90m# stepDef.Upgrade_Trades_steps.theUpgradeUserReturnsToMyTradesPage()&amp#27;[0m
  &amp#27;[36mThen &amp#27;[0m&amp#27;[36mthe Upgrade user can see Incomplete as the offer price&amp#27;[0m                             &amp#27;[90m# stepDef.Upgrade_Trades_steps.theUpgradeUserCanSeeIncompleteAsTheOfferPrice()&amp#27;[0m

    Embedding Ensure Upgrade user can return a leased vehicle via entering payoff information [image/png 153495 bytes]

]]></system-out>
    <system-err><![CDATA[ChromeDriver was started successfully.
Sep 28, 2022 8:49:33 PM org.openqa.selenium.remote.ProtocolHandshake createSession
INFO: Detected upstream dialect: W3C
Sep 28, 2022 8:49:33 PM org.openqa.selenium.devtools.CdpVersionFinder findNearestMatch
WARNING: Unable to find an exact match for CDP version 105, so returning the closest version found: 104
Sep 28, 2022 8:49:33 PM org.openqa.selenium.devtools.CdpVersionFinder findNearestMatch
INFO: Found CDP implementation for version 105 of 104
]]></system-err>
  </testcase>
  <testcase name="runScenario" classname="RunCucumberTest" time="67.416">
    <failure message="Expected condition failed: waiting for visibility of Proxy element for: DefaultElementLocator &apos;By.xpath: //h1[contains(text(),&apos;Choose Trade Option&apos;)]&apos; (tried for 20 second(s) with 500 milliseconds interval)" type="org.openqa.selenium.TimeoutException">org.openqa.selenium.TimeoutException: Expected condition failed: waiting for visibility of Proxy element for: DefaultElementLocator 'By.xpath: //h1[contains(text(),'Choose Trade Option')]' (tried for 20 second(s) with 500 milliseconds interval)
Caused by: org.openqa.selenium.NoSuchElementException: 
no such element: Unable to locate element: {"method":"xpath","selector":"//h1[contains(text(),'Choose Trade Option')]"}
  (Session info: chrome=105.0.5195.125)
For documentation on this error, please visit: https://selenium.dev/exceptions/#no_such_element
Build info: version: '4.4.0', revision: 'e5c75ed026a'
System info: host: 'SF-LAP-412.local', ip: 'fe80:0:0:0:eb:c8fe:5a40:5798%en0', os.name: 'Mac OS X', os.arch: 'aarch64', os.version: '12.6', java.version: '18.0.2.1'
Driver info: org.openqa.selenium.chrome.ChromeDriver
Command: [5062f5f11b6164c00d3ec3f3a7716a21, findElement {using=xpath, value=//h1[contains(text(),'Choose Trade Option')]}]
Capabilities {acceptInsecureCerts: false, browserName: chrome, browserVersion: 105.0.5195.125, chrome: {chromedriverVersion: 105.0.5195.52 (412c95e51883..., userDataDir: /var/folders/th/f4yf398x0lb...}, goog:chromeOptions: {debuggerAddress: localhost:57137}, networkConnectionEnabled: false, pageLoadStrategy: normal, platformName: MAC, proxy: Proxy(), se:cdp: ws://localhost:57137/devtoo..., se:cdpVersion: 105.0.5195.125, setWindowRect: true, strictFileInteractability: false, timeouts: {implicit: 0, pageLoad: 300000, script: 30000}, unhandledPromptBehavior: dismiss and notify, webauthn:extension:credBlob: true, webauthn:extension:largeBlob: true, webauthn:virtualAuthenticators: true}
Session ID: 5062f5f11b6164c00d3ec3f3a7716a21
</failure>
    <system-out><![CDATA[
@UP @UP_garage @myTrades @return_Lease @regression @smoke
Scenario: Ensure Upgrade user can finish filling out leased vehicle information &amp#27;[90m# src/test/java/features/Upgrade/returnLease.feature:40&amp#27;[0m
  &amp#27;[32mGiven &amp#27;[0m&amp#27;[32mthe Upgrade user navigates to the homepage&amp#27;[0m                              &amp#27;[90m# stepDef.Upgrade_Registration_SignIn_steps.theUserNavigatesToTheUpgradeHomePage()&amp#27;[0m
  &amp#27;[32mWhen &amp#27;[0m&amp#27;[32mthe Upgrade user clicks on the &amp#27;[0m&amp#27;[32m&amp#27;[1m"Sign in here"&amp#27;[0m&amp#27;[32m link from the top nav&amp#27;[0m      &amp#27;[90m# stepDef.Upgrade_Registration_SignIn_steps.theUpgradeUserClicksOnTheLinkFromTheTopNav(java.lang.String)&amp#27;[0m
  &amp#27;[31mAnd &amp#27;[0m&amp#27;[31mthe Upgrade user creates a new profile&amp#27;[0m                                    &amp#27;[90m# stepDef.Upgrade_Registration_SignIn_steps.theUserCreatesAnNewProfileInUP()&amp#27;[0m
      &amp#27;[31morg.openqa.selenium.TimeoutException: Expected condition failed: waiting for visibility of Proxy element for: DefaultElementLocator 'By.xpath: //h1[contains(text(),'Choose Trade Option')]' (tried for 20 second(s) with 500 milliseconds interval)
	at org.openqa.selenium.support.ui.WebDriverWait.timeoutException(WebDriverWait.java:87)
	at org.openqa.selenium.support.ui.FluentWait.until(FluentWait.java:231)
	at base.GenericFunctions.waitForElementToBeVisible(GenericFunctions.java:33)
	at pageObject.Upgrade_Registration_SignIn_page.verifyChooseTradeOption(Upgrade_Registration_SignIn_page.java:50)
	at stepDef.Upgrade_Registration_SignIn_steps.theUserCreatesAnNewProfileInUP(Upgrade_Registration_SignIn_steps.java:87)
	at ✽.the Upgrade user creates a new profile(file:///Users/manav/Documents/QATest/qa-automation-tests/src/test/java/features/Upgrade/returnLease.feature:6)
Caused by: org.openqa.selenium.NoSuchElementException: no such element: Unable to locate element: {"method":"xpath","selector":"//h1[contains(text(),'Choose Trade Option')]"}
  (Session info: chrome=105.0.5195.125)
For documentation on this error, please visit: https://selenium.dev/exceptions/#no_such_element
Build info: version: '4.4.0', revision: 'e5c75ed026a'
System info: host: 'SF-LAP-412.local', ip: 'fe80:0:0:0:eb:c8fe:5a40:5798%en0', os.name: 'Mac OS X', os.arch: 'aarch64', os.version: '12.6', java.version: '18.0.2.1'
Driver info: org.openqa.selenium.chrome.ChromeDriver
Command: [5062f5f11b6164c00d3ec3f3a7716a21, findElement {using=xpath, value=//h1[contains(text(),'Choose Trade Option')]}]
Capabilities {acceptInsecureCerts: false, browserName: chrome, browserVersion: 105.0.5195.125, chrome: {chromedriverVersion: 105.0.5195.52 (412c95e51883..., userDataDir: /var/folders/th/f4yf398x0lb...}, goog:chromeOptions: {debuggerAddress: localhost:57137}, networkConnectionEnabled: false, pageLoadStrategy: normal, platformName: MAC, proxy: Proxy(), se:cdp: ws://localhost:57137/devtoo..., se:cdpVersion: 105.0.5195.125, setWindowRect: true, strictFileInteractability: false, timeouts: {implicit: 0, pageLoad: 300000, script: 30000}, unhandledPromptBehavior: dismiss and notify, webauthn:extension:credBlob: true, webauthn:extension:largeBlob: true, webauthn:virtualAuthenticators: true}
Session ID: 5062f5f11b6164c00d3ec3f3a7716a21
	at java.base/jdk.internal.reflect.DirectConstructorHandleAccessor.newInstance(DirectConstructorHandleAccessor.java:67)
	at java.base/java.lang.reflect.Constructor.newInstanceWithCaller(Constructor.java:499)
	at java.base/java.lang.reflect.Constructor.newInstance(Constructor.java:483)
	at org.openqa.selenium.remote.codec.w3c.W3CHttpResponseCodec.createException(W3CHttpResponseCodec.java:200)
	at org.openqa.selenium.remote.codec.w3c.W3CHttpResponseCodec.decode(W3CHttpResponseCodec.java:133)
	at org.openqa.selenium.remote.codec.w3c.W3CHttpResponseCodec.decode(W3CHttpResponseCodec.java:53)
	at org.openqa.selenium.remote.HttpCommandExecutor.execute(HttpCommandExecutor.java:184)
	at org.openqa.selenium.remote.service.DriverCommandExecutor.invokeExecute(DriverCommandExecutor.java:167)
	at org.openqa.selenium.remote.service.DriverCommandExecutor.execute(DriverCommandExecutor.java:142)
	at org.openqa.selenium.remote.RemoteWebDriver.execute(RemoteWebDriver.java:547)
	at org.openqa.selenium.remote.ElementLocation$ElementFinder$2.findElement(ElementLocation.java:162)
	at org.openqa.selenium.remote.ElementLocation.findElement(ElementLocation.java:60)
	at org.openqa.selenium.remote.RemoteWebDriver.findElement(RemoteWebDriver.java:365)
	at org.openqa.selenium.remote.RemoteWebDriver.findElement(RemoteWebDriver.java:357)
	at org.openqa.selenium.support.pagefactory.DefaultElementLocator.findElement(DefaultElementLocator.java:70)
	at org.openqa.selenium.support.pagefactory.internal.LocatingElementHandler.invoke(LocatingElementHandler.java:39)
	at jdk.proxy2/jdk.proxy2.$Proxy33.isDisplayed(Unknown Source)
	at org.openqa.selenium.support.ui.ExpectedConditions.elementIfVisible(ExpectedConditions.java:307)
	at org.openqa.selenium.support.ui.ExpectedConditions.access$000(ExpectedConditions.java:40)
	at org.openqa.selenium.support.ui.ExpectedConditions$10.apply(ExpectedConditions.java:293)
	at org.openqa.selenium.support.ui.ExpectedConditions$10.apply(ExpectedConditions.java:290)
	at org.openqa.selenium.support.ui.FluentWait.until(FluentWait.java:208)
	at base.GenericFunctions.waitForElementToBeVisible(GenericFunctions.java:33)
	at pageObject.Upgrade_Registration_SignIn_page.verifyChooseTradeOption(Upgrade_Registration_SignIn_page.java:50)
	at stepDef.Upgrade_Registration_SignIn_steps.theUserCreatesAnNewProfileInUP(Upgrade_Registration_SignIn_steps.java:87)
	at java.base/jdk.internal.reflect.DirectMethodHandleAccessor.invoke(DirectMethodHandleAccessor.java:104)
	at java.base/java.lang.reflect.Method.invoke(Method.java:577)
	at io.cucumber.java.Invoker.doInvoke(Invoker.java:66)
	at io.cucumber.java.Invoker.invoke(Invoker.java:24)
	at io.cucumber.java.AbstractGlueDefinition.invokeMethod(AbstractGlueDefinition.java:47)
	at io.cucumber.java.JavaStepDefinition.execute(JavaStepDefinition.java:29)
	at io.cucumber.core.runner.CoreStepDefinition.execute(CoreStepDefinition.java:66)
	at io.cucumber.core.runner.PickleStepDefinitionMatch.runStep(PickleStepDefinitionMatch.java:63)
	at io.cucumber.core.runner.ExecutionMode$1.execute(ExecutionMode.java:10)
	at io.cucumber.core.runner.TestStep.executeStep(TestStep.java:85)
	at io.cucumber.core.runner.TestStep.run(TestStep.java:57)
	at io.cucumber.core.runner.PickleStepTestStep.run(PickleStepTestStep.java:51)
	at io.cucumber.core.runner.TestCase.run(TestCase.java:84)
	at io.cucumber.core.runner.Runner.runPickle(Runner.java:75)
	at io.cucumber.testng.TestNGCucumberRunner.lambda$runScenario$1(TestNGCucumberRunner.java:132)
	at io.cucumber.core.runtime.CucumberExecutionContext.lambda$runTestCase$5(CucumberExecutionContext.java:129)
	at io.cucumber.core.runtime.RethrowingThrowableCollector.executeAndThrow(RethrowingThrowableCollector.java:23)
	at io.cucumber.core.runtime.CucumberExecutionContext.runTestCase(CucumberExecutionContext.java:129)
	at io.cucumber.testng.TestNGCucumberRunner.runScenario(TestNGCucumberRunner.java:129)
	at io.cucumber.testng.AbstractTestNGCucumberTests.runScenario(AbstractTestNGCucumberTests.java:35)
	at java.base/jdk.internal.reflect.DirectMethodHandleAccessor.invoke(DirectMethodHandleAccessor.java:104)
	at java.base/java.lang.reflect.Method.invoke(Method.java:577)
	at org.testng.internal.invokers.MethodInvocationHelper.invokeMethod(MethodInvocationHelper.java:139)
	at org.testng.internal.invokers.TestInvoker.invokeMethod(TestInvoker.java:677)
	at org.testng.internal.invokers.TestInvoker.invokeTestMethod(TestInvoker.java:221)
	at org.testng.internal.invokers.TestMethodWithDataProviderMethodWorker.call(TestMethodWithDataProviderMethodWorker.java:80)
	at org.testng.internal.invokers.TestMethodWithDataProviderMethodWorker.call(TestMethodWithDataProviderMethodWorker.java:17)
	at java.base/java.util.concurrent.FutureTask.run(FutureTask.java:264)
	at java.base/java.util.concurrent.Executors$RunnableAdapter.call(Executors.java:539)
	at java.base/java.util.concurrent.FutureTask.run(FutureTask.java:264)
	at java.base/java.util.concurrent.ThreadPoolExecutor.runWorker(ThreadPoolExecutor.java:1136)
	at java.base/java.util.concurrent.ThreadPoolExecutor$Worker.run(ThreadPoolExecutor.java:635)
	at java.base/java.lang.Thread.run(Thread.java:833)
&amp#27;[0m
  &amp#27;[36mAnd &amp#27;[0m&amp#27;[36mthe Upgrade user clicks on value trade via the hamburger menu&amp#27;[0m             &amp#27;[90m# stepDef.Upgrade_Trades_steps.theUpgradeUserClicksOnValueTradeViaHamburgerMenu()&amp#27;[0m
  &amp#27;[36mThen &amp#27;[0m&amp#27;[36mthe Upgrade user lands on to choose a trade option page&amp#27;[0m                  &amp#27;[90m# stepDef.Upgrade_Trades_steps.theUpgradeUserLandsOnChooseATradeOptionPage()&amp#27;[0m
  &amp#27;[36mWhen &amp#27;[0m&amp#27;[36mthe Upgrade user submits a lease vehicle trade-in&amp#27;[0m                        &amp#27;[90m# stepDef.Upgrade_Trades_steps.theUpgradeUserSubmitsALeaseVehicleTradeIn()&amp#27;[0m
  &amp#27;[36mAnd &amp#27;[0m&amp#27;[36mthe Upgrade user clicks on the view offers button&amp#27;[0m                         &amp#27;[90m# stepDef.Upgrade_Trades_steps.theUpgradeUserClicksOnViewOffersButton()&amp#27;[0m
  &amp#27;[36mAnd &amp#27;[0m&amp#27;[36mthe Upgrade user views the vehicle after returning to my trades page&amp#27;[0m      &amp#27;[90m# stepDef.Upgrade_Trades_steps.theUpgradeUserViewsToVehicleAfterReturningToMyTradesPage()&amp#27;[0m
  &amp#27;[36mAnd &amp#27;[0m&amp#27;[36mthe new trade-in vehicle is present on the My Trades page&amp#27;[0m                 &amp#27;[90m# stepDef.CSE_Garage_My_Trades_steps.theNewTradeInVehicleIsPresentOnTheMyTrades()&amp#27;[0m
  &amp#27;[36mAnd &amp#27;[0m&amp#27;[36mthe Upgrade user clicks the Complete Trade Offer button&amp#27;[0m                   &amp#27;[90m# stepDef.Upgrade_Trades_steps.theUpgradeUserClicksTheCompleteTradeOfferButton()&amp#27;[0m
  &amp#27;[36mAnd &amp#27;[0m&amp#27;[36mthe Upgrade user re-submits all vehicle information&amp#27;[0m                       &amp#27;[90m# stepDef.Upgrade_Trades_steps.theUpgradeUserResubmitAllVehicleInformation()&amp#27;[0m
  &amp#27;[36mThen &amp#27;[0m&amp#27;[36mthe new trade-in vehicle is present on the My Trades page&amp#27;[0m                &amp#27;[90m# stepDef.CSE_Garage_My_Trades_steps.theNewTradeInVehicleIsPresentOnTheMyTrades()&amp#27;[0m
  &amp#27;[36mAnd &amp#27;[0m&amp#27;[36mthe Complete Trade Offer button is not present&amp#27;[0m                            &amp#27;[90m# stepDef.CSE_Garage_My_Trades_steps.theCompleteTradeOfferButtonIsNotPresent()&amp#27;[0m
  &amp#27;[36mWhen &amp#27;[0m&amp#27;[36mthe Upgrade user clicks on view offers&amp#27;[0m                                   &amp#27;[90m# stepDef.Upgrade_Trades_steps.theUpgradeUserClicksOnViewOffers()&amp#27;[0m
  &amp#27;[36mThen &amp#27;[0m&amp#27;[36mthe Upgrade user can see the offer price no longer says Incomplete&amp#27;[0m       &amp#27;[90m# stepDef.Upgrade_Trades_steps.theUpgradeUserCanSeeTheOfferPriceNoLongerSaysIncomplete()&amp#27;[0m

    Embedding Ensure Upgrade user can finish filling out leased vehicle information [image/png 153495 bytes]

]]></system-out>
    <system-err><![CDATA[ChromeDriver was started successfully.
Sep 28, 2022 8:50:43 PM org.openqa.selenium.remote.ProtocolHandshake createSession
INFO: Detected upstream dialect: W3C
Sep 28, 2022 8:50:43 PM org.openqa.selenium.devtools.CdpVersionFinder findNearestMatch
WARNING: Unable to find an exact match for CDP version 105, so returning the closest version found: 104
Sep 28, 2022 8:50:43 PM org.openqa.selenium.devtools.CdpVersionFinder findNearestMatch
INFO: Found CDP implementation for version 105 of 104
]]></system-err>
  </testcase>
  <testcase name="runScenario" classname="RunCucumberTest" time="67.565">
    <failure message="Expected condition failed: waiting for visibility of Proxy element for: DefaultElementLocator &apos;By.xpath: //h1[contains(text(),&apos;Choose Trade Option&apos;)]&apos; (tried for 20 second(s) with 500 milliseconds interval)" type="org.openqa.selenium.TimeoutException">org.openqa.selenium.TimeoutException: Expected condition failed: waiting for visibility of Proxy element for: DefaultElementLocator 'By.xpath: //h1[contains(text(),'Choose Trade Option')]' (tried for 20 second(s) with 500 milliseconds interval)
Caused by: org.openqa.selenium.NoSuchElementException: 
no such element: Unable to locate element: {"method":"xpath","selector":"//h1[contains(text(),'Choose Trade Option')]"}
  (Session info: chrome=105.0.5195.125)
For documentation on this error, please visit: https://selenium.dev/exceptions/#no_such_element
Build info: version: '4.4.0', revision: 'e5c75ed026a'
System info: host: 'SF-LAP-412.local', ip: 'fe80:0:0:0:eb:c8fe:5a40:5798%en0', os.name: 'Mac OS X', os.arch: 'aarch64', os.version: '12.6', java.version: '18.0.2.1'
Driver info: org.openqa.selenium.chrome.ChromeDriver
Command: [2ad96204d5968bda71868cd80c134412, findElement {using=xpath, value=//h1[contains(text(),'Choose Trade Option')]}]
Capabilities {acceptInsecureCerts: false, browserName: chrome, browserVersion: 105.0.5195.125, chrome: {chromedriverVersion: 105.0.5195.52 (412c95e51883..., userDataDir: /var/folders/th/f4yf398x0lb...}, goog:chromeOptions: {debuggerAddress: localhost:57463}, networkConnectionEnabled: false, pageLoadStrategy: normal, platformName: MAC, proxy: Proxy(), se:cdp: ws://localhost:57463/devtoo..., se:cdpVersion: 105.0.5195.125, setWindowRect: true, strictFileInteractability: false, timeouts: {implicit: 0, pageLoad: 300000, script: 30000}, unhandledPromptBehavior: dismiss and notify, webauthn:extension:credBlob: true, webauthn:extension:largeBlob: true, webauthn:virtualAuthenticators: true}
Session ID: 2ad96204d5968bda71868cd80c134412
</failure>
    <system-out><![CDATA[
@UP @UP_garage @saved_Deals @regression @smoke
Scenario: Ensure the Upgrade user doesn't see any vehicle in the saved deals after creating a new account &amp#27;[90m# src/test/java/features/Upgrade/savedDeals.feature:9&amp#27;[0m
  &amp#27;[32mGiven &amp#27;[0m&amp#27;[32mthe Upgrade user navigates to the homepage&amp#27;[0m                                                        &amp#27;[90m# stepDef.Upgrade_Registration_SignIn_steps.theUserNavigatesToTheUpgradeHomePage()&amp#27;[0m
  &amp#27;[32mAnd &amp#27;[0m&amp#27;[32mthe Upgrade user clicks on the &amp#27;[0m&amp#27;[32m&amp#27;[1m"Sign in here"&amp#27;[0m&amp#27;[32m link from the top nav&amp#27;[0m                                 &amp#27;[90m# stepDef.Upgrade_Registration_SignIn_steps.theUpgradeUserClicksOnTheLinkFromTheTopNav(java.lang.String)&amp#27;[0m
  &amp#27;[31mAnd &amp#27;[0m&amp#27;[31mthe Upgrade user creates a new profile&amp#27;[0m                                                              &amp#27;[90m# stepDef.Upgrade_Registration_SignIn_steps.theUserCreatesAnNewProfileInUP()&amp#27;[0m
      &amp#27;[31morg.openqa.selenium.TimeoutException: Expected condition failed: waiting for visibility of Proxy element for: DefaultElementLocator 'By.xpath: //h1[contains(text(),'Choose Trade Option')]' (tried for 20 second(s) with 500 milliseconds interval)
	at org.openqa.selenium.support.ui.WebDriverWait.timeoutException(WebDriverWait.java:87)
	at org.openqa.selenium.support.ui.FluentWait.until(FluentWait.java:231)
	at base.GenericFunctions.waitForElementToBeVisible(GenericFunctions.java:33)
	at pageObject.Upgrade_Registration_SignIn_page.verifyChooseTradeOption(Upgrade_Registration_SignIn_page.java:50)
	at stepDef.Upgrade_Registration_SignIn_steps.theUserCreatesAnNewProfileInUP(Upgrade_Registration_SignIn_steps.java:87)
	at ✽.the Upgrade user creates a new profile(file:///Users/manav/Documents/QATest/qa-automation-tests/src/test/java/features/Upgrade/savedDeals.feature:6)
Caused by: org.openqa.selenium.NoSuchElementException: no such element: Unable to locate element: {"method":"xpath","selector":"//h1[contains(text(),'Choose Trade Option')]"}
  (Session info: chrome=105.0.5195.125)
For documentation on this error, please visit: https://selenium.dev/exceptions/#no_such_element
Build info: version: '4.4.0', revision: 'e5c75ed026a'
System info: host: 'SF-LAP-412.local', ip: 'fe80:0:0:0:eb:c8fe:5a40:5798%en0', os.name: 'Mac OS X', os.arch: 'aarch64', os.version: '12.6', java.version: '18.0.2.1'
Driver info: org.openqa.selenium.chrome.ChromeDriver
Command: [2ad96204d5968bda71868cd80c134412, findElement {using=xpath, value=//h1[contains(text(),'Choose Trade Option')]}]
Capabilities {acceptInsecureCerts: false, browserName: chrome, browserVersion: 105.0.5195.125, chrome: {chromedriverVersion: 105.0.5195.52 (412c95e51883..., userDataDir: /var/folders/th/f4yf398x0lb...}, goog:chromeOptions: {debuggerAddress: localhost:57463}, networkConnectionEnabled: false, pageLoadStrategy: normal, platformName: MAC, proxy: Proxy(), se:cdp: ws://localhost:57463/devtoo..., se:cdpVersion: 105.0.5195.125, setWindowRect: true, strictFileInteractability: false, timeouts: {implicit: 0, pageLoad: 300000, script: 30000}, unhandledPromptBehavior: dismiss and notify, webauthn:extension:credBlob: true, webauthn:extension:largeBlob: true, webauthn:virtualAuthenticators: true}
Session ID: 2ad96204d5968bda71868cd80c134412
	at java.base/jdk.internal.reflect.DirectConstructorHandleAccessor.newInstance(DirectConstructorHandleAccessor.java:67)
	at java.base/java.lang.reflect.Constructor.newInstanceWithCaller(Constructor.java:499)
	at java.base/java.lang.reflect.Constructor.newInstance(Constructor.java:483)
	at org.openqa.selenium.remote.codec.w3c.W3CHttpResponseCodec.createException(W3CHttpResponseCodec.java:200)
	at org.openqa.selenium.remote.codec.w3c.W3CHttpResponseCodec.decode(W3CHttpResponseCodec.java:133)
	at org.openqa.selenium.remote.codec.w3c.W3CHttpResponseCodec.decode(W3CHttpResponseCodec.java:53)
	at org.openqa.selenium.remote.HttpCommandExecutor.execute(HttpCommandExecutor.java:184)
	at org.openqa.selenium.remote.service.DriverCommandExecutor.invokeExecute(DriverCommandExecutor.java:167)
	at org.openqa.selenium.remote.service.DriverCommandExecutor.execute(DriverCommandExecutor.java:142)
	at org.openqa.selenium.remote.RemoteWebDriver.execute(RemoteWebDriver.java:547)
	at org.openqa.selenium.remote.ElementLocation$ElementFinder$2.findElement(ElementLocation.java:162)
	at org.openqa.selenium.remote.ElementLocation.findElement(ElementLocation.java:60)
	at org.openqa.selenium.remote.RemoteWebDriver.findElement(RemoteWebDriver.java:365)
	at org.openqa.selenium.remote.RemoteWebDriver.findElement(RemoteWebDriver.java:357)
	at org.openqa.selenium.support.pagefactory.DefaultElementLocator.findElement(DefaultElementLocator.java:70)
	at org.openqa.selenium.support.pagefactory.internal.LocatingElementHandler.invoke(LocatingElementHandler.java:39)
	at jdk.proxy2/jdk.proxy2.$Proxy33.isDisplayed(Unknown Source)
	at org.openqa.selenium.support.ui.ExpectedConditions.elementIfVisible(ExpectedConditions.java:307)
	at org.openqa.selenium.support.ui.ExpectedConditions.access$000(ExpectedConditions.java:40)
	at org.openqa.selenium.support.ui.ExpectedConditions$10.apply(ExpectedConditions.java:293)
	at org.openqa.selenium.support.ui.ExpectedConditions$10.apply(ExpectedConditions.java:290)
	at org.openqa.selenium.support.ui.FluentWait.until(FluentWait.java:208)
	at base.GenericFunctions.waitForElementToBeVisible(GenericFunctions.java:33)
	at pageObject.Upgrade_Registration_SignIn_page.verifyChooseTradeOption(Upgrade_Registration_SignIn_page.java:50)
	at stepDef.Upgrade_Registration_SignIn_steps.theUserCreatesAnNewProfileInUP(Upgrade_Registration_SignIn_steps.java:87)
	at java.base/jdk.internal.reflect.DirectMethodHandleAccessor.invoke(DirectMethodHandleAccessor.java:104)
	at java.base/java.lang.reflect.Method.invoke(Method.java:577)
	at io.cucumber.java.Invoker.doInvoke(Invoker.java:66)
	at io.cucumber.java.Invoker.invoke(Invoker.java:24)
	at io.cucumber.java.AbstractGlueDefinition.invokeMethod(AbstractGlueDefinition.java:47)
	at io.cucumber.java.JavaStepDefinition.execute(JavaStepDefinition.java:29)
	at io.cucumber.core.runner.CoreStepDefinition.execute(CoreStepDefinition.java:66)
	at io.cucumber.core.runner.PickleStepDefinitionMatch.runStep(PickleStepDefinitionMatch.java:63)
	at io.cucumber.core.runner.ExecutionMode$1.execute(ExecutionMode.java:10)
	at io.cucumber.core.runner.TestStep.executeStep(TestStep.java:85)
	at io.cucumber.core.runner.TestStep.run(TestStep.java:57)
	at io.cucumber.core.runner.PickleStepTestStep.run(PickleStepTestStep.java:51)
	at io.cucumber.core.runner.TestCase.run(TestCase.java:84)
	at io.cucumber.core.runner.Runner.runPickle(Runner.java:75)
	at io.cucumber.testng.TestNGCucumberRunner.lambda$runScenario$1(TestNGCucumberRunner.java:132)
	at io.cucumber.core.runtime.CucumberExecutionContext.lambda$runTestCase$5(CucumberExecutionContext.java:129)
	at io.cucumber.core.runtime.RethrowingThrowableCollector.executeAndThrow(RethrowingThrowableCollector.java:23)
	at io.cucumber.core.runtime.CucumberExecutionContext.runTestCase(CucumberExecutionContext.java:129)
	at io.cucumber.testng.TestNGCucumberRunner.runScenario(TestNGCucumberRunner.java:129)
	at io.cucumber.testng.AbstractTestNGCucumberTests.runScenario(AbstractTestNGCucumberTests.java:35)
	at java.base/jdk.internal.reflect.DirectMethodHandleAccessor.invoke(DirectMethodHandleAccessor.java:104)
	at java.base/java.lang.reflect.Method.invoke(Method.java:577)
	at org.testng.internal.invokers.MethodInvocationHelper.invokeMethod(MethodInvocationHelper.java:139)
	at org.testng.internal.invokers.TestInvoker.invokeMethod(TestInvoker.java:677)
	at org.testng.internal.invokers.TestInvoker.invokeTestMethod(TestInvoker.java:221)
	at org.testng.internal.invokers.TestMethodWithDataProviderMethodWorker.call(TestMethodWithDataProviderMethodWorker.java:80)
	at org.testng.internal.invokers.TestMethodWithDataProviderMethodWorker.call(TestMethodWithDataProviderMethodWorker.java:17)
	at java.base/java.util.concurrent.FutureTask.run(FutureTask.java:264)
	at java.base/java.util.concurrent.Executors$RunnableAdapter.call(Executors.java:539)
	at java.base/java.util.concurrent.FutureTask.run(FutureTask.java:264)
	at java.base/java.util.concurrent.ThreadPoolExecutor.runWorker(ThreadPoolExecutor.java:1136)
	at java.base/java.util.concurrent.ThreadPoolExecutor$Worker.run(ThreadPoolExecutor.java:635)
	at java.base/java.lang.Thread.run(Thread.java:833)
&amp#27;[0m
  &amp#27;[36mWhen &amp#27;[0m&amp#27;[36mthe Upgrade user clicks on my garage from the hamburger menu&amp#27;[0m                                       &amp#27;[90m# stepDef.Upgrade_Appointment_steps.theUserClicksOnMyGarageFromHamburgerMenu()&amp#27;[0m
  &amp#27;[36mAnd &amp#27;[0m&amp#27;[36mthe Upgrade clicks on the Saved Deals page button&amp#27;[0m                                                   &amp#27;[90m# stepDef.Upgrade_SavedDeals_steps.theUpgradeClicksOnTheSavedDealsButton()&amp#27;[0m
  &amp#27;[36mThen &amp#27;[0m&amp#27;[36mthe Upgrade user doesn't see any vehicle in the Saved Deals&amp#27;[0m                                        &amp#27;[90m# stepDef.Upgrade_SavedDeals_steps.theUpgradeUserLandsOnTheSavedDealsPage()&amp#27;[0m

    Embedding Ensure the Upgrade user doesn't see any vehicle in the saved deals after creating a new account [image/png 153495 bytes]

]]></system-out>
    <system-err><![CDATA[ChromeDriver was started successfully.
Sep 28, 2022 8:51:50 PM org.openqa.selenium.remote.ProtocolHandshake createSession
INFO: Detected upstream dialect: W3C
Sep 28, 2022 8:51:50 PM org.openqa.selenium.devtools.CdpVersionFinder findNearestMatch
WARNING: Unable to find an exact match for CDP version 105, so returning the closest version found: 104
Sep 28, 2022 8:51:50 PM org.openqa.selenium.devtools.CdpVersionFinder findNearestMatch
INFO: Found CDP implementation for version 105 of 104
]]></system-err>
  </testcase>
  <testcase name="runScenario" classname="RunCucumberTest" time="70.509">
    <failure message="Expected condition failed: waiting for visibility of Proxy element for: DefaultElementLocator &apos;By.xpath: //h1[contains(text(),&apos;Choose Trade Option&apos;)]&apos; (tried for 20 second(s) with 500 milliseconds interval)" type="org.openqa.selenium.TimeoutException">org.openqa.selenium.TimeoutException: Expected condition failed: waiting for visibility of Proxy element for: DefaultElementLocator 'By.xpath: //h1[contains(text(),'Choose Trade Option')]' (tried for 20 second(s) with 500 milliseconds interval)
Caused by: org.openqa.selenium.NoSuchElementException: 
no such element: Unable to locate element: {"method":"xpath","selector":"//h1[contains(text(),'Choose Trade Option')]"}
  (Session info: chrome=105.0.5195.125)
For documentation on this error, please visit: https://selenium.dev/exceptions/#no_such_element
Build info: version: '4.4.0', revision: 'e5c75ed026a'
System info: host: 'SF-LAP-412.local', ip: 'fe80:0:0:0:eb:c8fe:5a40:5798%en0', os.name: 'Mac OS X', os.arch: 'aarch64', os.version: '12.6', java.version: '18.0.2.1'
Driver info: org.openqa.selenium.chrome.ChromeDriver
Command: [efb2c6d4b3d3abaa455a8a5e3f3dbf5f, findElement {using=xpath, value=//h1[contains(text(),'Choose Trade Option')]}]
Capabilities {acceptInsecureCerts: false, browserName: chrome, browserVersion: 105.0.5195.125, chrome: {chromedriverVersion: 105.0.5195.52 (412c95e51883..., userDataDir: /var/folders/th/f4yf398x0lb...}, goog:chromeOptions: {debuggerAddress: localhost:57798}, networkConnectionEnabled: false, pageLoadStrategy: normal, platformName: MAC, proxy: Proxy(), se:cdp: ws://localhost:57798/devtoo..., se:cdpVersion: 105.0.5195.125, setWindowRect: true, strictFileInteractability: false, timeouts: {implicit: 0, pageLoad: 300000, script: 30000}, unhandledPromptBehavior: dismiss and notify, webauthn:extension:credBlob: true, webauthn:extension:largeBlob: true, webauthn:virtualAuthenticators: true}
Session ID: efb2c6d4b3d3abaa455a8a5e3f3dbf5f
</failure>
    <system-out><![CDATA[
@UP @UP_garage @saved_Deals @regression @smoke
Scenario: Ensure the Upgrade user can save a deal                                    &amp#27;[90m# src/test/java/features/Upgrade/savedDeals.feature:15&amp#27;[0m
  &amp#27;[32mGiven &amp#27;[0m&amp#27;[32mthe Upgrade user navigates to the homepage&amp#27;[0m                                   &amp#27;[90m# stepDef.Upgrade_Registration_SignIn_steps.theUserNavigatesToTheUpgradeHomePage()&amp#27;[0m
  &amp#27;[32mAnd &amp#27;[0m&amp#27;[32mthe Upgrade user clicks on the &amp#27;[0m&amp#27;[32m&amp#27;[1m"Sign in here"&amp#27;[0m&amp#27;[32m link from the top nav&amp#27;[0m            &amp#27;[90m# stepDef.Upgrade_Registration_SignIn_steps.theUpgradeUserClicksOnTheLinkFromTheTopNav(java.lang.String)&amp#27;[0m
  &amp#27;[31mAnd &amp#27;[0m&amp#27;[31mthe Upgrade user creates a new profile&amp#27;[0m                                         &amp#27;[90m# stepDef.Upgrade_Registration_SignIn_steps.theUserCreatesAnNewProfileInUP()&amp#27;[0m
      &amp#27;[31morg.openqa.selenium.TimeoutException: Expected condition failed: waiting for visibility of Proxy element for: DefaultElementLocator 'By.xpath: //h1[contains(text(),'Choose Trade Option')]' (tried for 20 second(s) with 500 milliseconds interval)
	at org.openqa.selenium.support.ui.WebDriverWait.timeoutException(WebDriverWait.java:87)
	at org.openqa.selenium.support.ui.FluentWait.until(FluentWait.java:231)
	at base.GenericFunctions.waitForElementToBeVisible(GenericFunctions.java:33)
	at pageObject.Upgrade_Registration_SignIn_page.verifyChooseTradeOption(Upgrade_Registration_SignIn_page.java:50)
	at stepDef.Upgrade_Registration_SignIn_steps.theUserCreatesAnNewProfileInUP(Upgrade_Registration_SignIn_steps.java:87)
	at ✽.the Upgrade user creates a new profile(file:///Users/manav/Documents/QATest/qa-automation-tests/src/test/java/features/Upgrade/savedDeals.feature:6)
Caused by: org.openqa.selenium.NoSuchElementException: no such element: Unable to locate element: {"method":"xpath","selector":"//h1[contains(text(),'Choose Trade Option')]"}
  (Session info: chrome=105.0.5195.125)
For documentation on this error, please visit: https://selenium.dev/exceptions/#no_such_element
Build info: version: '4.4.0', revision: 'e5c75ed026a'
System info: host: 'SF-LAP-412.local', ip: 'fe80:0:0:0:eb:c8fe:5a40:5798%en0', os.name: 'Mac OS X', os.arch: 'aarch64', os.version: '12.6', java.version: '18.0.2.1'
Driver info: org.openqa.selenium.chrome.ChromeDriver
Command: [efb2c6d4b3d3abaa455a8a5e3f3dbf5f, findElement {using=xpath, value=//h1[contains(text(),'Choose Trade Option')]}]
Capabilities {acceptInsecureCerts: false, browserName: chrome, browserVersion: 105.0.5195.125, chrome: {chromedriverVersion: 105.0.5195.52 (412c95e51883..., userDataDir: /var/folders/th/f4yf398x0lb...}, goog:chromeOptions: {debuggerAddress: localhost:57798}, networkConnectionEnabled: false, pageLoadStrategy: normal, platformName: MAC, proxy: Proxy(), se:cdp: ws://localhost:57798/devtoo..., se:cdpVersion: 105.0.5195.125, setWindowRect: true, strictFileInteractability: false, timeouts: {implicit: 0, pageLoad: 300000, script: 30000}, unhandledPromptBehavior: dismiss and notify, webauthn:extension:credBlob: true, webauthn:extension:largeBlob: true, webauthn:virtualAuthenticators: true}
Session ID: efb2c6d4b3d3abaa455a8a5e3f3dbf5f
	at java.base/jdk.internal.reflect.DirectConstructorHandleAccessor.newInstance(DirectConstructorHandleAccessor.java:67)
	at java.base/java.lang.reflect.Constructor.newInstanceWithCaller(Constructor.java:499)
	at java.base/java.lang.reflect.Constructor.newInstance(Constructor.java:483)
	at org.openqa.selenium.remote.codec.w3c.W3CHttpResponseCodec.createException(W3CHttpResponseCodec.java:200)
	at org.openqa.selenium.remote.codec.w3c.W3CHttpResponseCodec.decode(W3CHttpResponseCodec.java:133)
	at org.openqa.selenium.remote.codec.w3c.W3CHttpResponseCodec.decode(W3CHttpResponseCodec.java:53)
	at org.openqa.selenium.remote.HttpCommandExecutor.execute(HttpCommandExecutor.java:184)
	at org.openqa.selenium.remote.service.DriverCommandExecutor.invokeExecute(DriverCommandExecutor.java:167)
	at org.openqa.selenium.remote.service.DriverCommandExecutor.execute(DriverCommandExecutor.java:142)
	at org.openqa.selenium.remote.RemoteWebDriver.execute(RemoteWebDriver.java:547)
	at org.openqa.selenium.remote.ElementLocation$ElementFinder$2.findElement(ElementLocation.java:162)
	at org.openqa.selenium.remote.ElementLocation.findElement(ElementLocation.java:60)
	at org.openqa.selenium.remote.RemoteWebDriver.findElement(RemoteWebDriver.java:365)
	at org.openqa.selenium.remote.RemoteWebDriver.findElement(RemoteWebDriver.java:357)
	at org.openqa.selenium.support.pagefactory.DefaultElementLocator.findElement(DefaultElementLocator.java:70)
	at org.openqa.selenium.support.pagefactory.internal.LocatingElementHandler.invoke(LocatingElementHandler.java:39)
	at jdk.proxy2/jdk.proxy2.$Proxy33.isDisplayed(Unknown Source)
	at org.openqa.selenium.support.ui.ExpectedConditions.elementIfVisible(ExpectedConditions.java:307)
	at org.openqa.selenium.support.ui.ExpectedConditions.access$000(ExpectedConditions.java:40)
	at org.openqa.selenium.support.ui.ExpectedConditions$10.apply(ExpectedConditions.java:293)
	at org.openqa.selenium.support.ui.ExpectedConditions$10.apply(ExpectedConditions.java:290)
	at org.openqa.selenium.support.ui.FluentWait.until(FluentWait.java:208)
	at base.GenericFunctions.waitForElementToBeVisible(GenericFunctions.java:33)
	at pageObject.Upgrade_Registration_SignIn_page.verifyChooseTradeOption(Upgrade_Registration_SignIn_page.java:50)
	at stepDef.Upgrade_Registration_SignIn_steps.theUserCreatesAnNewProfileInUP(Upgrade_Registration_SignIn_steps.java:87)
	at java.base/jdk.internal.reflect.DirectMethodHandleAccessor.invoke(DirectMethodHandleAccessor.java:104)
	at java.base/java.lang.reflect.Method.invoke(Method.java:577)
	at io.cucumber.java.Invoker.doInvoke(Invoker.java:66)
	at io.cucumber.java.Invoker.invoke(Invoker.java:24)
	at io.cucumber.java.AbstractGlueDefinition.invokeMethod(AbstractGlueDefinition.java:47)
	at io.cucumber.java.JavaStepDefinition.execute(JavaStepDefinition.java:29)
	at io.cucumber.core.runner.CoreStepDefinition.execute(CoreStepDefinition.java:66)
	at io.cucumber.core.runner.PickleStepDefinitionMatch.runStep(PickleStepDefinitionMatch.java:63)
	at io.cucumber.core.runner.ExecutionMode$1.execute(ExecutionMode.java:10)
	at io.cucumber.core.runner.TestStep.executeStep(TestStep.java:85)
	at io.cucumber.core.runner.TestStep.run(TestStep.java:57)
	at io.cucumber.core.runner.PickleStepTestStep.run(PickleStepTestStep.java:51)
	at io.cucumber.core.runner.TestCase.run(TestCase.java:84)
	at io.cucumber.core.runner.Runner.runPickle(Runner.java:75)
	at io.cucumber.testng.TestNGCucumberRunner.lambda$runScenario$1(TestNGCucumberRunner.java:132)
	at io.cucumber.core.runtime.CucumberExecutionContext.lambda$runTestCase$5(CucumberExecutionContext.java:129)
	at io.cucumber.core.runtime.RethrowingThrowableCollector.executeAndThrow(RethrowingThrowableCollector.java:23)
	at io.cucumber.core.runtime.CucumberExecutionContext.runTestCase(CucumberExecutionContext.java:129)
	at io.cucumber.testng.TestNGCucumberRunner.runScenario(TestNGCucumberRunner.java:129)
	at io.cucumber.testng.AbstractTestNGCucumberTests.runScenario(AbstractTestNGCucumberTests.java:35)
	at java.base/jdk.internal.reflect.DirectMethodHandleAccessor.invoke(DirectMethodHandleAccessor.java:104)
	at java.base/java.lang.reflect.Method.invoke(Method.java:577)
	at org.testng.internal.invokers.MethodInvocationHelper.invokeMethod(MethodInvocationHelper.java:139)
	at org.testng.internal.invokers.TestInvoker.invokeMethod(TestInvoker.java:677)
	at org.testng.internal.invokers.TestInvoker.invokeTestMethod(TestInvoker.java:221)
	at org.testng.internal.invokers.TestMethodWithDataProviderMethodWorker.call(TestMethodWithDataProviderMethodWorker.java:80)
	at org.testng.internal.invokers.TestMethodWithDataProviderMethodWorker.call(TestMethodWithDataProviderMethodWorker.java:17)
	at java.base/java.util.concurrent.FutureTask.run(FutureTask.java:264)
	at java.base/java.util.concurrent.Executors$RunnableAdapter.call(Executors.java:539)
	at java.base/java.util.concurrent.FutureTask.run(FutureTask.java:264)
	at java.base/java.util.concurrent.ThreadPoolExecutor.runWorker(ThreadPoolExecutor.java:1136)
	at java.base/java.util.concurrent.ThreadPoolExecutor$Worker.run(ThreadPoolExecutor.java:635)
	at java.base/java.lang.Thread.run(Thread.java:833)
&amp#27;[0m
  &amp#27;[36mWhen &amp#27;[0m&amp#27;[36mthe Upgrade user clicks on shop new cars to select a vehicle to save&amp#27;[0m          &amp#27;[90m# stepDef.Upgrade_SavedDeals_steps.theUpgradeUserClicksOnShopNewCarsToSelectsAVehicleToSave()&amp#27;[0m
  &amp#27;[36mAnd &amp#27;[0m&amp#27;[36mthe Upgrade user clicks on the Save button&amp#27;[0m                                     &amp#27;[90m# stepDef.Upgrade_SavedDeals_steps.theUpgradeUserClicksOnTheSaveButton()&amp#27;[0m
  &amp#27;[36mThen &amp#27;[0m&amp#27;[36mthe Upgrade user confirms to save the vehicle&amp#27;[0m                                 &amp#27;[90m# stepDef.Upgrade_SavedDeals_steps.theUpgradeUserConfirmsToSaveVehicle()&amp#27;[0m
  &amp#27;[36mWhen &amp#27;[0m&amp#27;[36mthe Upgrade user clicks on my garage to navigate back to the Saved Deals page&amp#27;[0m &amp#27;[90m# stepDef.Upgrade_SavedDeals_steps.theUpgradeUserClicksOnMyGarageToNavigateBackToSavedDealsPage()&amp#27;[0m
  &amp#27;[36mThen &amp#27;[0m&amp#27;[36mthe Upgrade user verifies the saved vehicle&amp#27;[0m                                   &amp#27;[90m# stepDef.Upgrade_SavedDeals_steps.theUpgradeUserVerifiesTheSavedVehicle()&amp#27;[0m
  &amp#27;[36mWhen &amp#27;[0m&amp#27;[36mthe Upgrade user clicks on the View Deal button&amp#27;[0m                               &amp#27;[90m# stepDef.Upgrade_SavedDeals_steps.theUpgradeUserClicksOnTheViewDealButton()&amp#27;[0m
  &amp#27;[36mThen &amp#27;[0m&amp#27;[36mthe Upgrade user lands on the Deal page&amp#27;[0m                                       &amp#27;[90m# stepDef.Upgrade_SavedDeals_steps.theUpgradeUserLandsOnTheDealPage()&amp#27;[0m

    Embedding Ensure the Upgrade user can save a deal [image/png 153495 bytes]

]]></system-out>
    <system-err><![CDATA[ChromeDriver was started successfully.
Sep 28, 2022 8:52:58 PM org.openqa.selenium.remote.ProtocolHandshake createSession
INFO: Detected upstream dialect: W3C
Sep 28, 2022 8:52:58 PM org.openqa.selenium.devtools.CdpVersionFinder findNearestMatch
WARNING: Unable to find an exact match for CDP version 105, so returning the closest version found: 104
Sep 28, 2022 8:52:58 PM org.openqa.selenium.devtools.CdpVersionFinder findNearestMatch
INFO: Found CDP implementation for version 105 of 104
]]></system-err>
  </testcase>
  <testcase name="runScenario" classname="RunCucumberTest" time="68.665">
    <failure message="Expected condition failed: waiting for visibility of Proxy element for: DefaultElementLocator &apos;By.xpath: //h1[contains(text(),&apos;Choose Trade Option&apos;)]&apos; (tried for 20 second(s) with 500 milliseconds interval)" type="org.openqa.selenium.TimeoutException">org.openqa.selenium.TimeoutException: Expected condition failed: waiting for visibility of Proxy element for: DefaultElementLocator 'By.xpath: //h1[contains(text(),'Choose Trade Option')]' (tried for 20 second(s) with 500 milliseconds interval)
Caused by: org.openqa.selenium.NoSuchElementException: 
no such element: Unable to locate element: {"method":"xpath","selector":"//h1[contains(text(),'Choose Trade Option')]"}
  (Session info: chrome=105.0.5195.125)
For documentation on this error, please visit: https://selenium.dev/exceptions/#no_such_element
Build info: version: '4.4.0', revision: 'e5c75ed026a'
System info: host: 'SF-LAP-412.local', ip: 'fe80:0:0:0:eb:c8fe:5a40:5798%en0', os.name: 'Mac OS X', os.arch: 'aarch64', os.version: '12.6', java.version: '18.0.2.1'
Driver info: org.openqa.selenium.chrome.ChromeDriver
Command: [9724fd71de8b7a95dee0b98920889afc, findElement {using=xpath, value=//h1[contains(text(),'Choose Trade Option')]}]
Capabilities {acceptInsecureCerts: false, browserName: chrome, browserVersion: 105.0.5195.125, chrome: {chromedriverVersion: 105.0.5195.52 (412c95e51883..., userDataDir: /var/folders/th/f4yf398x0lb...}, goog:chromeOptions: {debuggerAddress: localhost:58141}, networkConnectionEnabled: false, pageLoadStrategy: normal, platformName: MAC, proxy: Proxy(), se:cdp: ws://localhost:58141/devtoo..., se:cdpVersion: 105.0.5195.125, setWindowRect: true, strictFileInteractability: false, timeouts: {implicit: 0, pageLoad: 300000, script: 30000}, unhandledPromptBehavior: dismiss and notify, webauthn:extension:credBlob: true, webauthn:extension:largeBlob: true, webauthn:virtualAuthenticators: true}
Session ID: 9724fd71de8b7a95dee0b98920889afc
</failure>
    <system-out><![CDATA[
@UP @UP_garage @saved_Deals @regression @smoke
Scenario: Ensure the Upgrade user can save multiple deals                           &amp#27;[90m# src/test/java/features/Upgrade/savedDeals.feature:25&amp#27;[0m
  &amp#27;[32mGiven &amp#27;[0m&amp#27;[32mthe Upgrade user navigates to the homepage&amp#27;[0m                                  &amp#27;[90m# stepDef.Upgrade_Registration_SignIn_steps.theUserNavigatesToTheUpgradeHomePage()&amp#27;[0m
  &amp#27;[32mAnd &amp#27;[0m&amp#27;[32mthe Upgrade user clicks on the &amp#27;[0m&amp#27;[32m&amp#27;[1m"Sign in here"&amp#27;[0m&amp#27;[32m link from the top nav&amp#27;[0m           &amp#27;[90m# stepDef.Upgrade_Registration_SignIn_steps.theUpgradeUserClicksOnTheLinkFromTheTopNav(java.lang.String)&amp#27;[0m
  &amp#27;[31mAnd &amp#27;[0m&amp#27;[31mthe Upgrade user creates a new profile&amp#27;[0m                                        &amp#27;[90m# stepDef.Upgrade_Registration_SignIn_steps.theUserCreatesAnNewProfileInUP()&amp#27;[0m
      &amp#27;[31morg.openqa.selenium.TimeoutException: Expected condition failed: waiting for visibility of Proxy element for: DefaultElementLocator 'By.xpath: //h1[contains(text(),'Choose Trade Option')]' (tried for 20 second(s) with 500 milliseconds interval)
	at org.openqa.selenium.support.ui.WebDriverWait.timeoutException(WebDriverWait.java:87)
	at org.openqa.selenium.support.ui.FluentWait.until(FluentWait.java:231)
	at base.GenericFunctions.waitForElementToBeVisible(GenericFunctions.java:33)
	at pageObject.Upgrade_Registration_SignIn_page.verifyChooseTradeOption(Upgrade_Registration_SignIn_page.java:50)
	at stepDef.Upgrade_Registration_SignIn_steps.theUserCreatesAnNewProfileInUP(Upgrade_Registration_SignIn_steps.java:87)
	at ✽.the Upgrade user creates a new profile(file:///Users/manav/Documents/QATest/qa-automation-tests/src/test/java/features/Upgrade/savedDeals.feature:6)
Caused by: org.openqa.selenium.NoSuchElementException: no such element: Unable to locate element: {"method":"xpath","selector":"//h1[contains(text(),'Choose Trade Option')]"}
  (Session info: chrome=105.0.5195.125)
For documentation on this error, please visit: https://selenium.dev/exceptions/#no_such_element
Build info: version: '4.4.0', revision: 'e5c75ed026a'
System info: host: 'SF-LAP-412.local', ip: 'fe80:0:0:0:eb:c8fe:5a40:5798%en0', os.name: 'Mac OS X', os.arch: 'aarch64', os.version: '12.6', java.version: '18.0.2.1'
Driver info: org.openqa.selenium.chrome.ChromeDriver
Command: [9724fd71de8b7a95dee0b98920889afc, findElement {using=xpath, value=//h1[contains(text(),'Choose Trade Option')]}]
Capabilities {acceptInsecureCerts: false, browserName: chrome, browserVersion: 105.0.5195.125, chrome: {chromedriverVersion: 105.0.5195.52 (412c95e51883..., userDataDir: /var/folders/th/f4yf398x0lb...}, goog:chromeOptions: {debuggerAddress: localhost:58141}, networkConnectionEnabled: false, pageLoadStrategy: normal, platformName: MAC, proxy: Proxy(), se:cdp: ws://localhost:58141/devtoo..., se:cdpVersion: 105.0.5195.125, setWindowRect: true, strictFileInteractability: false, timeouts: {implicit: 0, pageLoad: 300000, script: 30000}, unhandledPromptBehavior: dismiss and notify, webauthn:extension:credBlob: true, webauthn:extension:largeBlob: true, webauthn:virtualAuthenticators: true}
Session ID: 9724fd71de8b7a95dee0b98920889afc
	at java.base/jdk.internal.reflect.DirectConstructorHandleAccessor.newInstance(DirectConstructorHandleAccessor.java:67)
	at java.base/java.lang.reflect.Constructor.newInstanceWithCaller(Constructor.java:499)
	at java.base/java.lang.reflect.Constructor.newInstance(Constructor.java:483)
	at org.openqa.selenium.remote.codec.w3c.W3CHttpResponseCodec.createException(W3CHttpResponseCodec.java:200)
	at org.openqa.selenium.remote.codec.w3c.W3CHttpResponseCodec.decode(W3CHttpResponseCodec.java:133)
	at org.openqa.selenium.remote.codec.w3c.W3CHttpResponseCodec.decode(W3CHttpResponseCodec.java:53)
	at org.openqa.selenium.remote.HttpCommandExecutor.execute(HttpCommandExecutor.java:184)
	at org.openqa.selenium.remote.service.DriverCommandExecutor.invokeExecute(DriverCommandExecutor.java:167)
	at org.openqa.selenium.remote.service.DriverCommandExecutor.execute(DriverCommandExecutor.java:142)
	at org.openqa.selenium.remote.RemoteWebDriver.execute(RemoteWebDriver.java:547)
	at org.openqa.selenium.remote.ElementLocation$ElementFinder$2.findElement(ElementLocation.java:162)
	at org.openqa.selenium.remote.ElementLocation.findElement(ElementLocation.java:60)
	at org.openqa.selenium.remote.RemoteWebDriver.findElement(RemoteWebDriver.java:365)
	at org.openqa.selenium.remote.RemoteWebDriver.findElement(RemoteWebDriver.java:357)
	at org.openqa.selenium.support.pagefactory.DefaultElementLocator.findElement(DefaultElementLocator.java:70)
	at org.openqa.selenium.support.pagefactory.internal.LocatingElementHandler.invoke(LocatingElementHandler.java:39)
	at jdk.proxy2/jdk.proxy2.$Proxy33.isDisplayed(Unknown Source)
	at org.openqa.selenium.support.ui.ExpectedConditions.elementIfVisible(ExpectedConditions.java:307)
	at org.openqa.selenium.support.ui.ExpectedConditions.access$000(ExpectedConditions.java:40)
	at org.openqa.selenium.support.ui.ExpectedConditions$10.apply(ExpectedConditions.java:293)
	at org.openqa.selenium.support.ui.ExpectedConditions$10.apply(ExpectedConditions.java:290)
	at org.openqa.selenium.support.ui.FluentWait.until(FluentWait.java:208)
	at base.GenericFunctions.waitForElementToBeVisible(GenericFunctions.java:33)
	at pageObject.Upgrade_Registration_SignIn_page.verifyChooseTradeOption(Upgrade_Registration_SignIn_page.java:50)
	at stepDef.Upgrade_Registration_SignIn_steps.theUserCreatesAnNewProfileInUP(Upgrade_Registration_SignIn_steps.java:87)
	at java.base/jdk.internal.reflect.DirectMethodHandleAccessor.invoke(DirectMethodHandleAccessor.java:104)
	at java.base/java.lang.reflect.Method.invoke(Method.java:577)
	at io.cucumber.java.Invoker.doInvoke(Invoker.java:66)
	at io.cucumber.java.Invoker.invoke(Invoker.java:24)
	at io.cucumber.java.AbstractGlueDefinition.invokeMethod(AbstractGlueDefinition.java:47)
	at io.cucumber.java.JavaStepDefinition.execute(JavaStepDefinition.java:29)
	at io.cucumber.core.runner.CoreStepDefinition.execute(CoreStepDefinition.java:66)
	at io.cucumber.core.runner.PickleStepDefinitionMatch.runStep(PickleStepDefinitionMatch.java:63)
	at io.cucumber.core.runner.ExecutionMode$1.execute(ExecutionMode.java:10)
	at io.cucumber.core.runner.TestStep.executeStep(TestStep.java:85)
	at io.cucumber.core.runner.TestStep.run(TestStep.java:57)
	at io.cucumber.core.runner.PickleStepTestStep.run(PickleStepTestStep.java:51)
	at io.cucumber.core.runner.TestCase.run(TestCase.java:84)
	at io.cucumber.core.runner.Runner.runPickle(Runner.java:75)
	at io.cucumber.testng.TestNGCucumberRunner.lambda$runScenario$1(TestNGCucumberRunner.java:132)
	at io.cucumber.core.runtime.CucumberExecutionContext.lambda$runTestCase$5(CucumberExecutionContext.java:129)
	at io.cucumber.core.runtime.RethrowingThrowableCollector.executeAndThrow(RethrowingThrowableCollector.java:23)
	at io.cucumber.core.runtime.CucumberExecutionContext.runTestCase(CucumberExecutionContext.java:129)
	at io.cucumber.testng.TestNGCucumberRunner.runScenario(TestNGCucumberRunner.java:129)
	at io.cucumber.testng.AbstractTestNGCucumberTests.runScenario(AbstractTestNGCucumberTests.java:35)
	at java.base/jdk.internal.reflect.DirectMethodHandleAccessor.invoke(DirectMethodHandleAccessor.java:104)
	at java.base/java.lang.reflect.Method.invoke(Method.java:577)
	at org.testng.internal.invokers.MethodInvocationHelper.invokeMethod(MethodInvocationHelper.java:139)
	at org.testng.internal.invokers.TestInvoker.invokeMethod(TestInvoker.java:677)
	at org.testng.internal.invokers.TestInvoker.invokeTestMethod(TestInvoker.java:221)
	at org.testng.internal.invokers.TestMethodWithDataProviderMethodWorker.call(TestMethodWithDataProviderMethodWorker.java:80)
	at org.testng.internal.invokers.TestMethodWithDataProviderMethodWorker.call(TestMethodWithDataProviderMethodWorker.java:17)
	at java.base/java.util.concurrent.FutureTask.run(FutureTask.java:264)
	at java.base/java.util.concurrent.Executors$RunnableAdapter.call(Executors.java:539)
	at java.base/java.util.concurrent.FutureTask.run(FutureTask.java:264)
	at java.base/java.util.concurrent.ThreadPoolExecutor.runWorker(ThreadPoolExecutor.java:1136)
	at java.base/java.util.concurrent.ThreadPoolExecutor$Worker.run(ThreadPoolExecutor.java:635)
	at java.base/java.lang.Thread.run(Thread.java:833)
&amp#27;[0m
  &amp#27;[36mWhen &amp#27;[0m&amp#27;[36mthe Upgrade user clicks on shop new cars to select a vehicle to save&amp#27;[0m         &amp#27;[90m# stepDef.Upgrade_SavedDeals_steps.theUpgradeUserClicksOnShopNewCarsToSelectsAVehicleToSave()&amp#27;[0m
  &amp#27;[36mAnd &amp#27;[0m&amp#27;[36mthe Upgrade user clicks on the Save button&amp#27;[0m                                    &amp#27;[90m# stepDef.Upgrade_SavedDeals_steps.theUpgradeUserClicksOnTheSaveButton()&amp#27;[0m
  &amp#27;[36mThen &amp#27;[0m&amp#27;[36mthe Upgrade user confirms to save the vehicle&amp#27;[0m                                &amp#27;[90m# stepDef.Upgrade_SavedDeals_steps.theUpgradeUserConfirmsToSaveVehicle()&amp#27;[0m
  &amp#27;[36mWhen &amp#27;[0m&amp#27;[36mthe Upgrade user clicks on shop new cars to select another vehicle to save&amp#27;[0m   &amp#27;[90m# stepDef.Upgrade_SavedDeals_steps.theUpgradeUserClicksOnShopNewCarsToSelectAnotherVehicleToSave()&amp#27;[0m
  &amp#27;[36mAnd &amp#27;[0m&amp#27;[36mthe Upgrade user clicks on my garage to navigate back to the Saved Deals page&amp#27;[0m &amp#27;[90m# stepDef.Upgrade_SavedDeals_steps.theUpgradeUserClicksOnMyGarageToNavigateBackToSavedDealsPage()&amp#27;[0m
  &amp#27;[36mThen &amp#27;[0m&amp#27;[36mthe Upgrade user verifies multiple saved deals&amp#27;[0m                               &amp#27;[90m# stepDef.Upgrade_SavedDeals_steps.theUpgradeUserVerifiesMultipleSavedDeals()&amp#27;[0m

    Embedding Ensure the Upgrade user can save multiple deals [image/png 156547 bytes]

]]></system-out>
    <system-err><![CDATA[ChromeDriver was started successfully.
Sep 28, 2022 8:54:08 PM org.openqa.selenium.remote.ProtocolHandshake createSession
INFO: Detected upstream dialect: W3C
Sep 28, 2022 8:54:08 PM org.openqa.selenium.devtools.CdpVersionFinder findNearestMatch
WARNING: Unable to find an exact match for CDP version 105, so returning the closest version found: 104
Sep 28, 2022 8:54:08 PM org.openqa.selenium.devtools.CdpVersionFinder findNearestMatch
INFO: Found CDP implementation for version 105 of 104
]]></system-err>
  </testcase>
  <testcase name="runScenario" classname="RunCucumberTest" time="69.754">
    <failure message="Expected condition failed: waiting for visibility of Proxy element for: DefaultElementLocator &apos;By.xpath: //h1[contains(text(),&apos;Choose Trade Option&apos;)]&apos; (tried for 20 second(s) with 500 milliseconds interval)" type="org.openqa.selenium.TimeoutException">org.openqa.selenium.TimeoutException: Expected condition failed: waiting for visibility of Proxy element for: DefaultElementLocator 'By.xpath: //h1[contains(text(),'Choose Trade Option')]' (tried for 20 second(s) with 500 milliseconds interval)
Caused by: org.openqa.selenium.NoSuchElementException: 
no such element: Unable to locate element: {"method":"xpath","selector":"//h1[contains(text(),'Choose Trade Option')]"}
  (Session info: chrome=105.0.5195.125)
For documentation on this error, please visit: https://selenium.dev/exceptions/#no_such_element
Build info: version: '4.4.0', revision: 'e5c75ed026a'
System info: host: 'SF-LAP-412.local', ip: 'fe80:0:0:0:eb:c8fe:5a40:5798%en0', os.name: 'Mac OS X', os.arch: 'aarch64', os.version: '12.6', java.version: '18.0.2.1'
Driver info: org.openqa.selenium.chrome.ChromeDriver
Command: [5267b638ece0c4028da8d431feef6a8b, findElement {using=xpath, value=//h1[contains(text(),'Choose Trade Option')]}]
Capabilities {acceptInsecureCerts: false, browserName: chrome, browserVersion: 105.0.5195.125, chrome: {chromedriverVersion: 105.0.5195.52 (412c95e51883..., userDataDir: /var/folders/th/f4yf398x0lb...}, goog:chromeOptions: {debuggerAddress: localhost:58474}, networkConnectionEnabled: false, pageLoadStrategy: normal, platformName: MAC, proxy: Proxy(), se:cdp: ws://localhost:58474/devtoo..., se:cdpVersion: 105.0.5195.125, setWindowRect: true, strictFileInteractability: false, timeouts: {implicit: 0, pageLoad: 300000, script: 30000}, unhandledPromptBehavior: dismiss and notify, webauthn:extension:credBlob: true, webauthn:extension:largeBlob: true, webauthn:virtualAuthenticators: true}
Session ID: 5267b638ece0c4028da8d431feef6a8b
</failure>
    <system-out><![CDATA[
@UP @UP_garage @saved_Deals @regression @smoke
Scenario: Ensure the Upgrade user can add changes to the saved deals                 &amp#27;[90m# src/test/java/features/Upgrade/savedDeals.feature:34&amp#27;[0m
  &amp#27;[32mGiven &amp#27;[0m&amp#27;[32mthe Upgrade user navigates to the homepage&amp#27;[0m                                   &amp#27;[90m# stepDef.Upgrade_Registration_SignIn_steps.theUserNavigatesToTheUpgradeHomePage()&amp#27;[0m
  &amp#27;[32mAnd &amp#27;[0m&amp#27;[32mthe Upgrade user clicks on the &amp#27;[0m&amp#27;[32m&amp#27;[1m"Sign in here"&amp#27;[0m&amp#27;[32m link from the top nav&amp#27;[0m            &amp#27;[90m# stepDef.Upgrade_Registration_SignIn_steps.theUpgradeUserClicksOnTheLinkFromTheTopNav(java.lang.String)&amp#27;[0m
  &amp#27;[31mAnd &amp#27;[0m&amp#27;[31mthe Upgrade user creates a new profile&amp#27;[0m                                         &amp#27;[90m# stepDef.Upgrade_Registration_SignIn_steps.theUserCreatesAnNewProfileInUP()&amp#27;[0m
      &amp#27;[31morg.openqa.selenium.TimeoutException: Expected condition failed: waiting for visibility of Proxy element for: DefaultElementLocator 'By.xpath: //h1[contains(text(),'Choose Trade Option')]' (tried for 20 second(s) with 500 milliseconds interval)
	at org.openqa.selenium.support.ui.WebDriverWait.timeoutException(WebDriverWait.java:87)
	at org.openqa.selenium.support.ui.FluentWait.until(FluentWait.java:231)
	at base.GenericFunctions.waitForElementToBeVisible(GenericFunctions.java:33)
	at pageObject.Upgrade_Registration_SignIn_page.verifyChooseTradeOption(Upgrade_Registration_SignIn_page.java:50)
	at stepDef.Upgrade_Registration_SignIn_steps.theUserCreatesAnNewProfileInUP(Upgrade_Registration_SignIn_steps.java:87)
	at ✽.the Upgrade user creates a new profile(file:///Users/manav/Documents/QATest/qa-automation-tests/src/test/java/features/Upgrade/savedDeals.feature:6)
Caused by: org.openqa.selenium.NoSuchElementException: no such element: Unable to locate element: {"method":"xpath","selector":"//h1[contains(text(),'Choose Trade Option')]"}
  (Session info: chrome=105.0.5195.125)
For documentation on this error, please visit: https://selenium.dev/exceptions/#no_such_element
Build info: version: '4.4.0', revision: 'e5c75ed026a'
System info: host: 'SF-LAP-412.local', ip: 'fe80:0:0:0:eb:c8fe:5a40:5798%en0', os.name: 'Mac OS X', os.arch: 'aarch64', os.version: '12.6', java.version: '18.0.2.1'
Driver info: org.openqa.selenium.chrome.ChromeDriver
Command: [5267b638ece0c4028da8d431feef6a8b, findElement {using=xpath, value=//h1[contains(text(),'Choose Trade Option')]}]
Capabilities {acceptInsecureCerts: false, browserName: chrome, browserVersion: 105.0.5195.125, chrome: {chromedriverVersion: 105.0.5195.52 (412c95e51883..., userDataDir: /var/folders/th/f4yf398x0lb...}, goog:chromeOptions: {debuggerAddress: localhost:58474}, networkConnectionEnabled: false, pageLoadStrategy: normal, platformName: MAC, proxy: Proxy(), se:cdp: ws://localhost:58474/devtoo..., se:cdpVersion: 105.0.5195.125, setWindowRect: true, strictFileInteractability: false, timeouts: {implicit: 0, pageLoad: 300000, script: 30000}, unhandledPromptBehavior: dismiss and notify, webauthn:extension:credBlob: true, webauthn:extension:largeBlob: true, webauthn:virtualAuthenticators: true}
Session ID: 5267b638ece0c4028da8d431feef6a8b
	at java.base/jdk.internal.reflect.DirectConstructorHandleAccessor.newInstance(DirectConstructorHandleAccessor.java:67)
	at java.base/java.lang.reflect.Constructor.newInstanceWithCaller(Constructor.java:499)
	at java.base/java.lang.reflect.Constructor.newInstance(Constructor.java:483)
	at org.openqa.selenium.remote.codec.w3c.W3CHttpResponseCodec.createException(W3CHttpResponseCodec.java:200)
	at org.openqa.selenium.remote.codec.w3c.W3CHttpResponseCodec.decode(W3CHttpResponseCodec.java:133)
	at org.openqa.selenium.remote.codec.w3c.W3CHttpResponseCodec.decode(W3CHttpResponseCodec.java:53)
	at org.openqa.selenium.remote.HttpCommandExecutor.execute(HttpCommandExecutor.java:184)
	at org.openqa.selenium.remote.service.DriverCommandExecutor.invokeExecute(DriverCommandExecutor.java:167)
	at org.openqa.selenium.remote.service.DriverCommandExecutor.execute(DriverCommandExecutor.java:142)
	at org.openqa.selenium.remote.RemoteWebDriver.execute(RemoteWebDriver.java:547)
	at org.openqa.selenium.remote.ElementLocation$ElementFinder$2.findElement(ElementLocation.java:162)
	at org.openqa.selenium.remote.ElementLocation.findElement(ElementLocation.java:60)
	at org.openqa.selenium.remote.RemoteWebDriver.findElement(RemoteWebDriver.java:365)
	at org.openqa.selenium.remote.RemoteWebDriver.findElement(RemoteWebDriver.java:357)
	at org.openqa.selenium.support.pagefactory.DefaultElementLocator.findElement(DefaultElementLocator.java:70)
	at org.openqa.selenium.support.pagefactory.internal.LocatingElementHandler.invoke(LocatingElementHandler.java:39)
	at jdk.proxy2/jdk.proxy2.$Proxy33.isDisplayed(Unknown Source)
	at org.openqa.selenium.support.ui.ExpectedConditions.elementIfVisible(ExpectedConditions.java:307)
	at org.openqa.selenium.support.ui.ExpectedConditions.access$000(ExpectedConditions.java:40)
	at org.openqa.selenium.support.ui.ExpectedConditions$10.apply(ExpectedConditions.java:293)
	at org.openqa.selenium.support.ui.ExpectedConditions$10.apply(ExpectedConditions.java:290)
	at org.openqa.selenium.support.ui.FluentWait.until(FluentWait.java:208)
	at base.GenericFunctions.waitForElementToBeVisible(GenericFunctions.java:33)
	at pageObject.Upgrade_Registration_SignIn_page.verifyChooseTradeOption(Upgrade_Registration_SignIn_page.java:50)
	at stepDef.Upgrade_Registration_SignIn_steps.theUserCreatesAnNewProfileInUP(Upgrade_Registration_SignIn_steps.java:87)
	at java.base/jdk.internal.reflect.DirectMethodHandleAccessor.invoke(DirectMethodHandleAccessor.java:104)
	at java.base/java.lang.reflect.Method.invoke(Method.java:577)
	at io.cucumber.java.Invoker.doInvoke(Invoker.java:66)
	at io.cucumber.java.Invoker.invoke(Invoker.java:24)
	at io.cucumber.java.AbstractGlueDefinition.invokeMethod(AbstractGlueDefinition.java:47)
	at io.cucumber.java.JavaStepDefinition.execute(JavaStepDefinition.java:29)
	at io.cucumber.core.runner.CoreStepDefinition.execute(CoreStepDefinition.java:66)
	at io.cucumber.core.runner.PickleStepDefinitionMatch.runStep(PickleStepDefinitionMatch.java:63)
	at io.cucumber.core.runner.ExecutionMode$1.execute(ExecutionMode.java:10)
	at io.cucumber.core.runner.TestStep.executeStep(TestStep.java:85)
	at io.cucumber.core.runner.TestStep.run(TestStep.java:57)
	at io.cucumber.core.runner.PickleStepTestStep.run(PickleStepTestStep.java:51)
	at io.cucumber.core.runner.TestCase.run(TestCase.java:84)
	at io.cucumber.core.runner.Runner.runPickle(Runner.java:75)
	at io.cucumber.testng.TestNGCucumberRunner.lambda$runScenario$1(TestNGCucumberRunner.java:132)
	at io.cucumber.core.runtime.CucumberExecutionContext.lambda$runTestCase$5(CucumberExecutionContext.java:129)
	at io.cucumber.core.runtime.RethrowingThrowableCollector.executeAndThrow(RethrowingThrowableCollector.java:23)
	at io.cucumber.core.runtime.CucumberExecutionContext.runTestCase(CucumberExecutionContext.java:129)
	at io.cucumber.testng.TestNGCucumberRunner.runScenario(TestNGCucumberRunner.java:129)
	at io.cucumber.testng.AbstractTestNGCucumberTests.runScenario(AbstractTestNGCucumberTests.java:35)
	at java.base/jdk.internal.reflect.DirectMethodHandleAccessor.invoke(DirectMethodHandleAccessor.java:104)
	at java.base/java.lang.reflect.Method.invoke(Method.java:577)
	at org.testng.internal.invokers.MethodInvocationHelper.invokeMethod(MethodInvocationHelper.java:139)
	at org.testng.internal.invokers.TestInvoker.invokeMethod(TestInvoker.java:677)
	at org.testng.internal.invokers.TestInvoker.invokeTestMethod(TestInvoker.java:221)
	at org.testng.internal.invokers.TestMethodWithDataProviderMethodWorker.call(TestMethodWithDataProviderMethodWorker.java:80)
	at org.testng.internal.invokers.TestMethodWithDataProviderMethodWorker.call(TestMethodWithDataProviderMethodWorker.java:17)
	at java.base/java.util.concurrent.FutureTask.run(FutureTask.java:264)
	at java.base/java.util.concurrent.Executors$RunnableAdapter.call(Executors.java:539)
	at java.base/java.util.concurrent.FutureTask.run(FutureTask.java:264)
	at java.base/java.util.concurrent.ThreadPoolExecutor.runWorker(ThreadPoolExecutor.java:1136)
	at java.base/java.util.concurrent.ThreadPoolExecutor$Worker.run(ThreadPoolExecutor.java:635)
	at java.base/java.lang.Thread.run(Thread.java:833)
&amp#27;[0m
  &amp#27;[36mWhen &amp#27;[0m&amp#27;[36mthe Upgrade user shop new cars to save and confirm deal&amp#27;[0m                       &amp#27;[90m# stepDef.Upgrade_SavedDeals_steps.theUpgradeUserClicksOnTheSaveButtonToConfirmSave()&amp#27;[0m
  &amp#27;[36mAnd &amp#27;[0m&amp#27;[36mthe Upgrade user clicks on my garage to navigate back to the Saved Deals page&amp#27;[0m  &amp#27;[90m# stepDef.Upgrade_SavedDeals_steps.theUpgradeUserClicksOnMyGarageToNavigateBackToSavedDealsPage()&amp#27;[0m
  &amp#27;[36mThen &amp#27;[0m&amp#27;[36mthe Upgrade user verifies the saved vehicle to clicks on the View Deal button&amp#27;[0m &amp#27;[90m# stepDef.Upgrade_SavedDeals_steps.theUpgradeUserVerifiesTheSavedVehicleToClicksOnTheViewDealButton()&amp#27;[0m
  &amp#27;[36mWhen &amp#27;[0m&amp#27;[36mthe Upgrade user changes the mileage per year&amp#27;[0m                                 &amp#27;[90m# stepDef.Upgrade_SavedDeals_steps.theUpgradeUserChangesTheMileagePerYear()&amp#27;[0m
  &amp#27;[36mAnd &amp#27;[0m&amp#27;[36mthe Upgrade user clicks on the Save Changes button&amp#27;[0m                             &amp#27;[90m# stepDef.Upgrade_SavedDeals_steps.theUpgradeUserClicksOnTheSaveChangesButton()&amp#27;[0m
  &amp#27;[36mAnd &amp#27;[0m&amp#27;[36mthe Upgrade user clicks on my garage to navigate to Saved Deal page&amp#27;[0m            &amp#27;[90m# stepDef.Upgrade_SavedDeals_steps.theUpgradeUserClicksOnMyGarageToNavigateToSavedDealPage()&amp#27;[0m
  &amp#27;[36mThen &amp#27;[0m&amp#27;[36mthe Upgrade user lands on the Deal page&amp#27;[0m                                       &amp#27;[90m# stepDef.Upgrade_SavedDeals_steps.theUpgradeUserLandsOnTheDealPage()&amp#27;[0m

    Embedding Ensure the Upgrade user can add changes to the saved deals [image/png 153495 bytes]

]]></system-out>
    <system-err><![CDATA[ChromeDriver was started successfully.
Sep 28, 2022 8:55:17 PM org.openqa.selenium.remote.ProtocolHandshake createSession
INFO: Detected upstream dialect: W3C
Sep 28, 2022 8:55:17 PM org.openqa.selenium.devtools.CdpVersionFinder findNearestMatch
WARNING: Unable to find an exact match for CDP version 105, so returning the closest version found: 104
Sep 28, 2022 8:55:17 PM org.openqa.selenium.devtools.CdpVersionFinder findNearestMatch
INFO: Found CDP implementation for version 105 of 104
]]></system-err>
  </testcase>
  <testcase name="runScenario" classname="RunCucumberTest" time="68.641">
    <failure message="Expected condition failed: waiting for visibility of Proxy element for: DefaultElementLocator &apos;By.xpath: //h1[contains(text(),&apos;Choose Trade Option&apos;)]&apos; (tried for 20 second(s) with 500 milliseconds interval)" type="org.openqa.selenium.TimeoutException">org.openqa.selenium.TimeoutException: Expected condition failed: waiting for visibility of Proxy element for: DefaultElementLocator 'By.xpath: //h1[contains(text(),'Choose Trade Option')]' (tried for 20 second(s) with 500 milliseconds interval)
Caused by: org.openqa.selenium.NoSuchElementException: 
no such element: Unable to locate element: {"method":"xpath","selector":"//h1[contains(text(),'Choose Trade Option')]"}
  (Session info: chrome=105.0.5195.125)
For documentation on this error, please visit: https://selenium.dev/exceptions/#no_such_element
Build info: version: '4.4.0', revision: 'e5c75ed026a'
System info: host: 'SF-LAP-412.local', ip: 'fe80:0:0:0:eb:c8fe:5a40:5798%en0', os.name: 'Mac OS X', os.arch: 'aarch64', os.version: '12.6', java.version: '18.0.2.1'
Driver info: org.openqa.selenium.chrome.ChromeDriver
Command: [1d7bfdad97c0e37bbcaf4b4d3b7d58de, findElement {using=xpath, value=//h1[contains(text(),'Choose Trade Option')]}]
Capabilities {acceptInsecureCerts: false, browserName: chrome, browserVersion: 105.0.5195.125, chrome: {chromedriverVersion: 105.0.5195.52 (412c95e51883..., userDataDir: /var/folders/th/f4yf398x0lb...}, goog:chromeOptions: {debuggerAddress: localhost:58810}, networkConnectionEnabled: false, pageLoadStrategy: normal, platformName: MAC, proxy: Proxy(), se:cdp: ws://localhost:58810/devtoo..., se:cdpVersion: 105.0.5195.125, setWindowRect: true, strictFileInteractability: false, timeouts: {implicit: 0, pageLoad: 300000, script: 30000}, unhandledPromptBehavior: dismiss and notify, webauthn:extension:credBlob: true, webauthn:extension:largeBlob: true, webauthn:virtualAuthenticators: true}
Session ID: 1d7bfdad97c0e37bbcaf4b4d3b7d58de
</failure>
    <system-out><![CDATA[
@UP @UP_garage @saved_Deals @regression @smoke
Scenario: Ensure Upgrade user can delete a deal                                     &amp#27;[90m# src/test/java/features/Upgrade/savedDeals.feature:44&amp#27;[0m
  &amp#27;[32mGiven &amp#27;[0m&amp#27;[32mthe Upgrade user navigates to the homepage&amp#27;[0m                                  &amp#27;[90m# stepDef.Upgrade_Registration_SignIn_steps.theUserNavigatesToTheUpgradeHomePage()&amp#27;[0m
  &amp#27;[32mAnd &amp#27;[0m&amp#27;[32mthe Upgrade user clicks on the &amp#27;[0m&amp#27;[32m&amp#27;[1m"Sign in here"&amp#27;[0m&amp#27;[32m link from the top nav&amp#27;[0m           &amp#27;[90m# stepDef.Upgrade_Registration_SignIn_steps.theUpgradeUserClicksOnTheLinkFromTheTopNav(java.lang.String)&amp#27;[0m
  &amp#27;[31mAnd &amp#27;[0m&amp#27;[31mthe Upgrade user creates a new profile&amp#27;[0m                                        &amp#27;[90m# stepDef.Upgrade_Registration_SignIn_steps.theUserCreatesAnNewProfileInUP()&amp#27;[0m
      &amp#27;[31morg.openqa.selenium.TimeoutException: Expected condition failed: waiting for visibility of Proxy element for: DefaultElementLocator 'By.xpath: //h1[contains(text(),'Choose Trade Option')]' (tried for 20 second(s) with 500 milliseconds interval)
	at org.openqa.selenium.support.ui.WebDriverWait.timeoutException(WebDriverWait.java:87)
	at org.openqa.selenium.support.ui.FluentWait.until(FluentWait.java:231)
	at base.GenericFunctions.waitForElementToBeVisible(GenericFunctions.java:33)
	at pageObject.Upgrade_Registration_SignIn_page.verifyChooseTradeOption(Upgrade_Registration_SignIn_page.java:50)
	at stepDef.Upgrade_Registration_SignIn_steps.theUserCreatesAnNewProfileInUP(Upgrade_Registration_SignIn_steps.java:87)
	at ✽.the Upgrade user creates a new profile(file:///Users/manav/Documents/QATest/qa-automation-tests/src/test/java/features/Upgrade/savedDeals.feature:6)
Caused by: org.openqa.selenium.NoSuchElementException: no such element: Unable to locate element: {"method":"xpath","selector":"//h1[contains(text(),'Choose Trade Option')]"}
  (Session info: chrome=105.0.5195.125)
For documentation on this error, please visit: https://selenium.dev/exceptions/#no_such_element
Build info: version: '4.4.0', revision: 'e5c75ed026a'
System info: host: 'SF-LAP-412.local', ip: 'fe80:0:0:0:eb:c8fe:5a40:5798%en0', os.name: 'Mac OS X', os.arch: 'aarch64', os.version: '12.6', java.version: '18.0.2.1'
Driver info: org.openqa.selenium.chrome.ChromeDriver
Command: [1d7bfdad97c0e37bbcaf4b4d3b7d58de, findElement {using=xpath, value=//h1[contains(text(),'Choose Trade Option')]}]
Capabilities {acceptInsecureCerts: false, browserName: chrome, browserVersion: 105.0.5195.125, chrome: {chromedriverVersion: 105.0.5195.52 (412c95e51883..., userDataDir: /var/folders/th/f4yf398x0lb...}, goog:chromeOptions: {debuggerAddress: localhost:58810}, networkConnectionEnabled: false, pageLoadStrategy: normal, platformName: MAC, proxy: Proxy(), se:cdp: ws://localhost:58810/devtoo..., se:cdpVersion: 105.0.5195.125, setWindowRect: true, strictFileInteractability: false, timeouts: {implicit: 0, pageLoad: 300000, script: 30000}, unhandledPromptBehavior: dismiss and notify, webauthn:extension:credBlob: true, webauthn:extension:largeBlob: true, webauthn:virtualAuthenticators: true}
Session ID: 1d7bfdad97c0e37bbcaf4b4d3b7d58de
	at java.base/jdk.internal.reflect.DirectConstructorHandleAccessor.newInstance(DirectConstructorHandleAccessor.java:67)
	at java.base/java.lang.reflect.Constructor.newInstanceWithCaller(Constructor.java:499)
	at java.base/java.lang.reflect.Constructor.newInstance(Constructor.java:483)
	at org.openqa.selenium.remote.codec.w3c.W3CHttpResponseCodec.createException(W3CHttpResponseCodec.java:200)
	at org.openqa.selenium.remote.codec.w3c.W3CHttpResponseCodec.decode(W3CHttpResponseCodec.java:133)
	at org.openqa.selenium.remote.codec.w3c.W3CHttpResponseCodec.decode(W3CHttpResponseCodec.java:53)
	at org.openqa.selenium.remote.HttpCommandExecutor.execute(HttpCommandExecutor.java:184)
	at org.openqa.selenium.remote.service.DriverCommandExecutor.invokeExecute(DriverCommandExecutor.java:167)
	at org.openqa.selenium.remote.service.DriverCommandExecutor.execute(DriverCommandExecutor.java:142)
	at org.openqa.selenium.remote.RemoteWebDriver.execute(RemoteWebDriver.java:547)
	at org.openqa.selenium.remote.ElementLocation$ElementFinder$2.findElement(ElementLocation.java:162)
	at org.openqa.selenium.remote.ElementLocation.findElement(ElementLocation.java:60)
	at org.openqa.selenium.remote.RemoteWebDriver.findElement(RemoteWebDriver.java:365)
	at org.openqa.selenium.remote.RemoteWebDriver.findElement(RemoteWebDriver.java:357)
	at org.openqa.selenium.support.pagefactory.DefaultElementLocator.findElement(DefaultElementLocator.java:70)
	at org.openqa.selenium.support.pagefactory.internal.LocatingElementHandler.invoke(LocatingElementHandler.java:39)
	at jdk.proxy2/jdk.proxy2.$Proxy33.isDisplayed(Unknown Source)
	at org.openqa.selenium.support.ui.ExpectedConditions.elementIfVisible(ExpectedConditions.java:307)
	at org.openqa.selenium.support.ui.ExpectedConditions.access$000(ExpectedConditions.java:40)
	at org.openqa.selenium.support.ui.ExpectedConditions$10.apply(ExpectedConditions.java:293)
	at org.openqa.selenium.support.ui.ExpectedConditions$10.apply(ExpectedConditions.java:290)
	at org.openqa.selenium.support.ui.FluentWait.until(FluentWait.java:208)
	at base.GenericFunctions.waitForElementToBeVisible(GenericFunctions.java:33)
	at pageObject.Upgrade_Registration_SignIn_page.verifyChooseTradeOption(Upgrade_Registration_SignIn_page.java:50)
	at stepDef.Upgrade_Registration_SignIn_steps.theUserCreatesAnNewProfileInUP(Upgrade_Registration_SignIn_steps.java:87)
	at java.base/jdk.internal.reflect.DirectMethodHandleAccessor.invoke(DirectMethodHandleAccessor.java:104)
	at java.base/java.lang.reflect.Method.invoke(Method.java:577)
	at io.cucumber.java.Invoker.doInvoke(Invoker.java:66)
	at io.cucumber.java.Invoker.invoke(Invoker.java:24)
	at io.cucumber.java.AbstractGlueDefinition.invokeMethod(AbstractGlueDefinition.java:47)
	at io.cucumber.java.JavaStepDefinition.execute(JavaStepDefinition.java:29)
	at io.cucumber.core.runner.CoreStepDefinition.execute(CoreStepDefinition.java:66)
	at io.cucumber.core.runner.PickleStepDefinitionMatch.runStep(PickleStepDefinitionMatch.java:63)
	at io.cucumber.core.runner.ExecutionMode$1.execute(ExecutionMode.java:10)
	at io.cucumber.core.runner.TestStep.executeStep(TestStep.java:85)
	at io.cucumber.core.runner.TestStep.run(TestStep.java:57)
	at io.cucumber.core.runner.PickleStepTestStep.run(PickleStepTestStep.java:51)
	at io.cucumber.core.runner.TestCase.run(TestCase.java:84)
	at io.cucumber.core.runner.Runner.runPickle(Runner.java:75)
	at io.cucumber.testng.TestNGCucumberRunner.lambda$runScenario$1(TestNGCucumberRunner.java:132)
	at io.cucumber.core.runtime.CucumberExecutionContext.lambda$runTestCase$5(CucumberExecutionContext.java:129)
	at io.cucumber.core.runtime.RethrowingThrowableCollector.executeAndThrow(RethrowingThrowableCollector.java:23)
	at io.cucumber.core.runtime.CucumberExecutionContext.runTestCase(CucumberExecutionContext.java:129)
	at io.cucumber.testng.TestNGCucumberRunner.runScenario(TestNGCucumberRunner.java:129)
	at io.cucumber.testng.AbstractTestNGCucumberTests.runScenario(AbstractTestNGCucumberTests.java:35)
	at java.base/jdk.internal.reflect.DirectMethodHandleAccessor.invoke(DirectMethodHandleAccessor.java:104)
	at java.base/java.lang.reflect.Method.invoke(Method.java:577)
	at org.testng.internal.invokers.MethodInvocationHelper.invokeMethod(MethodInvocationHelper.java:139)
	at org.testng.internal.invokers.TestInvoker.invokeMethod(TestInvoker.java:677)
	at org.testng.internal.invokers.TestInvoker.invokeTestMethod(TestInvoker.java:221)
	at org.testng.internal.invokers.TestMethodWithDataProviderMethodWorker.call(TestMethodWithDataProviderMethodWorker.java:80)
	at org.testng.internal.invokers.TestMethodWithDataProviderMethodWorker.call(TestMethodWithDataProviderMethodWorker.java:17)
	at java.base/java.util.concurrent.FutureTask.run(FutureTask.java:264)
	at java.base/java.util.concurrent.Executors$RunnableAdapter.call(Executors.java:539)
	at java.base/java.util.concurrent.FutureTask.run(FutureTask.java:264)
	at java.base/java.util.concurrent.ThreadPoolExecutor.runWorker(ThreadPoolExecutor.java:1136)
	at java.base/java.util.concurrent.ThreadPoolExecutor$Worker.run(ThreadPoolExecutor.java:635)
	at java.base/java.lang.Thread.run(Thread.java:833)
&amp#27;[0m
  &amp#27;[36mWhen &amp#27;[0m&amp#27;[36mthe Upgrade user shop new cars to save and confirm deal&amp#27;[0m                      &amp#27;[90m# stepDef.Upgrade_SavedDeals_steps.theUpgradeUserClicksOnTheSaveButtonToConfirmSave()&amp#27;[0m
  &amp#27;[36mAnd &amp#27;[0m&amp#27;[36mthe Upgrade user clicks on my garage to navigate back to the Saved Deals page&amp#27;[0m &amp#27;[90m# stepDef.Upgrade_SavedDeals_steps.theUpgradeUserClicksOnMyGarageToNavigateBackToSavedDealsPage()&amp#27;[0m
  &amp#27;[36mAnd &amp#27;[0m&amp#27;[36mthe Upgrade user deletes the saved deal&amp#27;[0m                                       &amp#27;[90m# stepDef.Upgrade_SavedDeals_steps.theUpgradeUserDeletesTheSavedDeal()&amp#27;[0m
  &amp#27;[36mThen &amp#27;[0m&amp#27;[36mthe Upgrade user is no longer present with a saved deal&amp#27;[0m                      &amp#27;[90m# stepDef.Upgrade_SavedDeals_steps.theUpgradeUserIsNoLongerPresentWithASavedDeal()&amp#27;[0m

    Embedding Ensure Upgrade user can delete a deal [image/png 153495 bytes]

]]></system-out>
    <system-err><![CDATA[ChromeDriver was started successfully.
Sep 28, 2022 8:56:27 PM org.openqa.selenium.remote.ProtocolHandshake createSession
INFO: Detected upstream dialect: W3C
Sep 28, 2022 8:56:27 PM org.openqa.selenium.devtools.CdpVersionFinder findNearestMatch
WARNING: Unable to find an exact match for CDP version 105, so returning the closest version found: 104
Sep 28, 2022 8:56:27 PM org.openqa.selenium.devtools.CdpVersionFinder findNearestMatch
INFO: Found CDP implementation for version 105 of 104
]]></system-err>
  </testcase>
  <testcase name="runScenario" classname="RunCucumberTest" time="65.513">
    <failure message="Expected condition failed: waiting for visibility of Proxy element for: DefaultElementLocator &apos;By.xpath: //h1[contains(text(),&apos;Choose Trade Option&apos;)]&apos; (tried for 20 second(s) with 500 milliseconds interval)" type="org.openqa.selenium.TimeoutException">org.openqa.selenium.TimeoutException: Expected condition failed: waiting for visibility of Proxy element for: DefaultElementLocator 'By.xpath: //h1[contains(text(),'Choose Trade Option')]' (tried for 20 second(s) with 500 milliseconds interval)
Caused by: org.openqa.selenium.NoSuchElementException: 
no such element: Unable to locate element: {"method":"xpath","selector":"//h1[contains(text(),'Choose Trade Option')]"}
  (Session info: chrome=105.0.5195.125)
For documentation on this error, please visit: https://selenium.dev/exceptions/#no_such_element
Build info: version: '4.4.0', revision: 'e5c75ed026a'
System info: host: 'SF-LAP-412.local', ip: 'fe80:0:0:0:eb:c8fe:5a40:5798%en0', os.name: 'Mac OS X', os.arch: 'aarch64', os.version: '12.6', java.version: '18.0.2.1'
Driver info: org.openqa.selenium.chrome.ChromeDriver
Command: [e9e65e3377017146104c66a0043e34c9, findElement {using=xpath, value=//h1[contains(text(),'Choose Trade Option')]}]
Capabilities {acceptInsecureCerts: false, browserName: chrome, browserVersion: 105.0.5195.125, chrome: {chromedriverVersion: 105.0.5195.52 (412c95e51883..., userDataDir: /var/folders/th/f4yf398x0lb...}, goog:chromeOptions: {debuggerAddress: localhost:59144}, networkConnectionEnabled: false, pageLoadStrategy: normal, platformName: MAC, proxy: Proxy(), se:cdp: ws://localhost:59144/devtoo..., se:cdpVersion: 105.0.5195.125, setWindowRect: true, strictFileInteractability: false, timeouts: {implicit: 0, pageLoad: 300000, script: 30000}, unhandledPromptBehavior: dismiss and notify, webauthn:extension:credBlob: true, webauthn:extension:largeBlob: true, webauthn:virtualAuthenticators: true}
Session ID: e9e65e3377017146104c66a0043e34c9
</failure>
    <system-out><![CDATA[
@UP @UP_signIn @regression @smoke
Scenario: Ensure existing profile user can login in Upgrade                         &amp#27;[90m# src/test/java/features/Upgrade/signIn.feature:7&amp#27;[0m
  &amp#27;[32mGiven &amp#27;[0m&amp#27;[32mthe Upgrade user navigates to the homepage&amp#27;[0m                                  &amp#27;[90m# stepDef.Upgrade_Registration_SignIn_steps.theUserNavigatesToTheUpgradeHomePage()&amp#27;[0m
  &amp#27;[31mAnd &amp#27;[0m&amp#27;[31mthe Upgrade user creates a new profile&amp#27;[0m                                        &amp#27;[90m# stepDef.Upgrade_Registration_SignIn_steps.theUserCreatesAnNewProfileInUP()&amp#27;[0m
      &amp#27;[31morg.openqa.selenium.TimeoutException: Expected condition failed: waiting for visibility of Proxy element for: DefaultElementLocator 'By.xpath: //h1[contains(text(),'Choose Trade Option')]' (tried for 20 second(s) with 500 milliseconds interval)
	at org.openqa.selenium.support.ui.WebDriverWait.timeoutException(WebDriverWait.java:87)
	at org.openqa.selenium.support.ui.FluentWait.until(FluentWait.java:231)
	at base.GenericFunctions.waitForElementToBeVisible(GenericFunctions.java:33)
	at pageObject.Upgrade_Registration_SignIn_page.verifyChooseTradeOption(Upgrade_Registration_SignIn_page.java:50)
	at stepDef.Upgrade_Registration_SignIn_steps.theUserCreatesAnNewProfileInUP(Upgrade_Registration_SignIn_steps.java:87)
	at ✽.the Upgrade user creates a new profile(file:///Users/manav/Documents/QATest/qa-automation-tests/src/test/java/features/Upgrade/signIn.feature:8)
Caused by: org.openqa.selenium.NoSuchElementException: no such element: Unable to locate element: {"method":"xpath","selector":"//h1[contains(text(),'Choose Trade Option')]"}
  (Session info: chrome=105.0.5195.125)
For documentation on this error, please visit: https://selenium.dev/exceptions/#no_such_element
Build info: version: '4.4.0', revision: 'e5c75ed026a'
System info: host: 'SF-LAP-412.local', ip: 'fe80:0:0:0:eb:c8fe:5a40:5798%en0', os.name: 'Mac OS X', os.arch: 'aarch64', os.version: '12.6', java.version: '18.0.2.1'
Driver info: org.openqa.selenium.chrome.ChromeDriver
Command: [e9e65e3377017146104c66a0043e34c9, findElement {using=xpath, value=//h1[contains(text(),'Choose Trade Option')]}]
Capabilities {acceptInsecureCerts: false, browserName: chrome, browserVersion: 105.0.5195.125, chrome: {chromedriverVersion: 105.0.5195.52 (412c95e51883..., userDataDir: /var/folders/th/f4yf398x0lb...}, goog:chromeOptions: {debuggerAddress: localhost:59144}, networkConnectionEnabled: false, pageLoadStrategy: normal, platformName: MAC, proxy: Proxy(), se:cdp: ws://localhost:59144/devtoo..., se:cdpVersion: 105.0.5195.125, setWindowRect: true, strictFileInteractability: false, timeouts: {implicit: 0, pageLoad: 300000, script: 30000}, unhandledPromptBehavior: dismiss and notify, webauthn:extension:credBlob: true, webauthn:extension:largeBlob: true, webauthn:virtualAuthenticators: true}
Session ID: e9e65e3377017146104c66a0043e34c9
	at java.base/jdk.internal.reflect.DirectConstructorHandleAccessor.newInstance(DirectConstructorHandleAccessor.java:67)
	at java.base/java.lang.reflect.Constructor.newInstanceWithCaller(Constructor.java:499)
	at java.base/java.lang.reflect.Constructor.newInstance(Constructor.java:483)
	at org.openqa.selenium.remote.codec.w3c.W3CHttpResponseCodec.createException(W3CHttpResponseCodec.java:200)
	at org.openqa.selenium.remote.codec.w3c.W3CHttpResponseCodec.decode(W3CHttpResponseCodec.java:133)
	at org.openqa.selenium.remote.codec.w3c.W3CHttpResponseCodec.decode(W3CHttpResponseCodec.java:53)
	at org.openqa.selenium.remote.HttpCommandExecutor.execute(HttpCommandExecutor.java:184)
	at org.openqa.selenium.remote.service.DriverCommandExecutor.invokeExecute(DriverCommandExecutor.java:167)
	at org.openqa.selenium.remote.service.DriverCommandExecutor.execute(DriverCommandExecutor.java:142)
	at org.openqa.selenium.remote.RemoteWebDriver.execute(RemoteWebDriver.java:547)
	at org.openqa.selenium.remote.ElementLocation$ElementFinder$2.findElement(ElementLocation.java:162)
	at org.openqa.selenium.remote.ElementLocation.findElement(ElementLocation.java:60)
	at org.openqa.selenium.remote.RemoteWebDriver.findElement(RemoteWebDriver.java:365)
	at org.openqa.selenium.remote.RemoteWebDriver.findElement(RemoteWebDriver.java:357)
	at org.openqa.selenium.support.pagefactory.DefaultElementLocator.findElement(DefaultElementLocator.java:70)
	at org.openqa.selenium.support.pagefactory.internal.LocatingElementHandler.invoke(LocatingElementHandler.java:39)
	at jdk.proxy2/jdk.proxy2.$Proxy33.isDisplayed(Unknown Source)
	at org.openqa.selenium.support.ui.ExpectedConditions.elementIfVisible(ExpectedConditions.java:307)
	at org.openqa.selenium.support.ui.ExpectedConditions.access$000(ExpectedConditions.java:40)
	at org.openqa.selenium.support.ui.ExpectedConditions$10.apply(ExpectedConditions.java:293)
	at org.openqa.selenium.support.ui.ExpectedConditions$10.apply(ExpectedConditions.java:290)
	at org.openqa.selenium.support.ui.FluentWait.until(FluentWait.java:208)
	at base.GenericFunctions.waitForElementToBeVisible(GenericFunctions.java:33)
	at pageObject.Upgrade_Registration_SignIn_page.verifyChooseTradeOption(Upgrade_Registration_SignIn_page.java:50)
	at stepDef.Upgrade_Registration_SignIn_steps.theUserCreatesAnNewProfileInUP(Upgrade_Registration_SignIn_steps.java:87)
	at java.base/jdk.internal.reflect.DirectMethodHandleAccessor.invoke(DirectMethodHandleAccessor.java:104)
	at java.base/java.lang.reflect.Method.invoke(Method.java:577)
	at io.cucumber.java.Invoker.doInvoke(Invoker.java:66)
	at io.cucumber.java.Invoker.invoke(Invoker.java:24)
	at io.cucumber.java.AbstractGlueDefinition.invokeMethod(AbstractGlueDefinition.java:47)
	at io.cucumber.java.JavaStepDefinition.execute(JavaStepDefinition.java:29)
	at io.cucumber.core.runner.CoreStepDefinition.execute(CoreStepDefinition.java:66)
	at io.cucumber.core.runner.PickleStepDefinitionMatch.runStep(PickleStepDefinitionMatch.java:63)
	at io.cucumber.core.runner.ExecutionMode$1.execute(ExecutionMode.java:10)
	at io.cucumber.core.runner.TestStep.executeStep(TestStep.java:85)
	at io.cucumber.core.runner.TestStep.run(TestStep.java:57)
	at io.cucumber.core.runner.PickleStepTestStep.run(PickleStepTestStep.java:51)
	at io.cucumber.core.runner.TestCase.run(TestCase.java:84)
	at io.cucumber.core.runner.Runner.runPickle(Runner.java:75)
	at io.cucumber.testng.TestNGCucumberRunner.lambda$runScenario$1(TestNGCucumberRunner.java:132)
	at io.cucumber.core.runtime.CucumberExecutionContext.lambda$runTestCase$5(CucumberExecutionContext.java:129)
	at io.cucumber.core.runtime.RethrowingThrowableCollector.executeAndThrow(RethrowingThrowableCollector.java:23)
	at io.cucumber.core.runtime.CucumberExecutionContext.runTestCase(CucumberExecutionContext.java:129)
	at io.cucumber.testng.TestNGCucumberRunner.runScenario(TestNGCucumberRunner.java:129)
	at io.cucumber.testng.AbstractTestNGCucumberTests.runScenario(AbstractTestNGCucumberTests.java:35)
	at java.base/jdk.internal.reflect.DirectMethodHandleAccessor.invoke(DirectMethodHandleAccessor.java:104)
	at java.base/java.lang.reflect.Method.invoke(Method.java:577)
	at org.testng.internal.invokers.MethodInvocationHelper.invokeMethod(MethodInvocationHelper.java:139)
	at org.testng.internal.invokers.TestInvoker.invokeMethod(TestInvoker.java:677)
	at org.testng.internal.invokers.TestInvoker.invokeTestMethod(TestInvoker.java:221)
	at org.testng.internal.invokers.TestMethodWithDataProviderMethodWorker.call(TestMethodWithDataProviderMethodWorker.java:80)
	at org.testng.internal.invokers.TestMethodWithDataProviderMethodWorker.call(TestMethodWithDataProviderMethodWorker.java:17)
	at java.base/java.util.concurrent.FutureTask.run(FutureTask.java:264)
	at java.base/java.util.concurrent.Executors$RunnableAdapter.call(Executors.java:539)
	at java.base/java.util.concurrent.FutureTask.run(FutureTask.java:264)
	at java.base/java.util.concurrent.ThreadPoolExecutor.runWorker(ThreadPoolExecutor.java:1136)
	at java.base/java.util.concurrent.ThreadPoolExecutor$Worker.run(ThreadPoolExecutor.java:635)
	at java.base/java.lang.Thread.run(Thread.java:833)
&amp#27;[0m
  &amp#27;[36mAnd &amp#27;[0m&amp#27;[36mthe Upgrade user signs out via the hamburger menu&amp#27;[0m                             &amp#27;[90m# stepDef.Upgrade_Registration_SignIn_steps.userSignsOutFromTheUP()&amp#27;[0m
  &amp#27;[36mAnd &amp#27;[0m&amp#27;[36mthe Upgrade user clicks on the &amp#27;[0m&amp#27;[36m&amp#27;[1m"Sign in here"&amp#27;[0m&amp#27;[36m link from the top nav&amp#27;[0m           &amp#27;[90m# stepDef.Upgrade_Registration_SignIn_steps.theUpgradeUserClicksOnTheLinkFromTheTopNav(java.lang.String)&amp#27;[0m
  &amp#27;[36mWhen &amp#27;[0m&amp#27;[36mthe Upgrade user login to the account&amp#27;[0m                                        &amp#27;[90m# stepDef.Upgrade_Appointment_steps.theUserSignIntoUP()&amp#27;[0m
  &amp#27;[36mThen &amp#27;[0m&amp#27;[36mthe user should see the Welcome Back Message along with hardcoded first name&amp#27;[0m &amp#27;[90m# stepDef.Upgrade_Registration_SignIn_steps.theUserShouldSeeTheWelcomeBackPageWithHardCodedFirstName()&amp#27;[0m

    Embedding Ensure existing profile user can login in Upgrade [image/png 153495 bytes]

]]></system-out>
    <system-err><![CDATA[ChromeDriver was started successfully.
Sep 28, 2022 8:57:36 PM org.openqa.selenium.remote.ProtocolHandshake createSession
INFO: Detected upstream dialect: W3C
Sep 28, 2022 8:57:36 PM org.openqa.selenium.devtools.CdpVersionFinder findNearestMatch
WARNING: Unable to find an exact match for CDP version 105, so returning the closest version found: 104
Sep 28, 2022 8:57:36 PM org.openqa.selenium.devtools.CdpVersionFinder findNearestMatch
INFO: Found CDP implementation for version 105 of 104
]]></system-err>
  </testcase>
  <testcase name="runScenario" classname="RunCucumberTest" time="66.692">
    <failure message="Expected condition failed: waiting for visibility of Proxy element for: DefaultElementLocator &apos;By.xpath: //*/text()[normalize-space(.)=&apos;Sign Out&apos;]/parent::*&apos; (tried for 20 second(s) with 500 milliseconds interval)" type="org.openqa.selenium.TimeoutException">org.openqa.selenium.TimeoutException: Expected condition failed: waiting for visibility of Proxy element for: DefaultElementLocator 'By.xpath: //*/text()[normalize-space(.)='Sign Out']/parent::*' (tried for 20 second(s) with 500 milliseconds interval)
Caused by: org.openqa.selenium.NoSuchElementException: 
no such element: Unable to locate element: {"method":"xpath","selector":"//*/text()[normalize-space(.)='Sign Out']/parent::*"}
  (Session info: chrome=105.0.5195.125)
For documentation on this error, please visit: https://selenium.dev/exceptions/#no_such_element
Build info: version: '4.4.0', revision: 'e5c75ed026a'
System info: host: 'SF-LAP-412.local', ip: 'fe80:0:0:0:eb:c8fe:5a40:5798%en0', os.name: 'Mac OS X', os.arch: 'aarch64', os.version: '12.6', java.version: '18.0.2.1'
Driver info: org.openqa.selenium.chrome.ChromeDriver
Command: [2dd46476f6e0bea28f8c4ef32c87c003, findElement {using=xpath, value=//*/text()[normalize-space(.)='Sign Out']/parent::*}]
Capabilities {acceptInsecureCerts: false, browserName: chrome, browserVersion: 105.0.5195.125, chrome: {chromedriverVersion: 105.0.5195.52 (412c95e51883..., userDataDir: /var/folders/th/f4yf398x0lb...}, goog:chromeOptions: {debuggerAddress: localhost:59473}, networkConnectionEnabled: false, pageLoadStrategy: normal, platformName: MAC, proxy: Proxy(), se:cdp: ws://localhost:59473/devtoo..., se:cdpVersion: 105.0.5195.125, setWindowRect: true, strictFileInteractability: false, timeouts: {implicit: 0, pageLoad: 300000, script: 30000}, unhandledPromptBehavior: dismiss and notify, webauthn:extension:credBlob: true, webauthn:extension:largeBlob: true, webauthn:virtualAuthenticators: true}
Session ID: 2dd46476f6e0bea28f8c4ef32c87c003
</failure>
    <system-out><![CDATA[
@UP @UP_signIn @regression @smoke
Scenario: Ensure existing profile user can logout from Upgrade     &amp#27;[90m# src/test/java/features/Upgrade/signIn.feature:15&amp#27;[0m
  &amp#27;[32mGiven &amp#27;[0m&amp#27;[32mthe Upgrade user navigates to the homepage&amp#27;[0m                 &amp#27;[90m# stepDef.Upgrade_Registration_SignIn_steps.theUserNavigatesToTheUpgradeHomePage()&amp#27;[0m
Page has loaded
  &amp#27;[32mAnd &amp#27;[0m&amp#27;[32mthe Upgrade user login to the account&amp#27;[0m                        &amp#27;[90m# stepDef.Upgrade_Appointment_steps.theUserSignIntoUP()&amp#27;[0m
  &amp#27;[31mWhen &amp#27;[0m&amp#27;[31mthe Upgrade user signs out via the hamburger menu&amp#27;[0m           &amp#27;[90m# stepDef.Upgrade_Registration_SignIn_steps.userSignsOutFromTheUP()&amp#27;[0m
      &amp#27;[31morg.openqa.selenium.TimeoutException: Expected condition failed: waiting for visibility of Proxy element for: DefaultElementLocator 'By.xpath: //*/text()[normalize-space(.)='Sign Out']/parent::*' (tried for 20 second(s) with 500 milliseconds interval)
	at org.openqa.selenium.support.ui.WebDriverWait.timeoutException(WebDriverWait.java:87)
	at org.openqa.selenium.support.ui.FluentWait.until(FluentWait.java:231)
	at base.GenericFunctions.waitForElementToBeVisible(GenericFunctions.java:33)
	at pageObject.Upgrade_Registration_SignIn_page.upSignOut(Upgrade_Registration_SignIn_page.java:127)
	at stepDef.Upgrade_Registration_SignIn_steps.userSignsOutFromTheUP(Upgrade_Registration_SignIn_steps.java:92)
	at ✽.the Upgrade user signs out via the hamburger menu(file:///Users/manav/Documents/QATest/qa-automation-tests/src/test/java/features/Upgrade/signIn.feature:17)
Caused by: org.openqa.selenium.NoSuchElementException: no such element: Unable to locate element: {"method":"xpath","selector":"//*/text()[normalize-space(.)='Sign Out']/parent::*"}
  (Session info: chrome=105.0.5195.125)
For documentation on this error, please visit: https://selenium.dev/exceptions/#no_such_element
Build info: version: '4.4.0', revision: 'e5c75ed026a'
System info: host: 'SF-LAP-412.local', ip: 'fe80:0:0:0:eb:c8fe:5a40:5798%en0', os.name: 'Mac OS X', os.arch: 'aarch64', os.version: '12.6', java.version: '18.0.2.1'
Driver info: org.openqa.selenium.chrome.ChromeDriver
Command: [2dd46476f6e0bea28f8c4ef32c87c003, findElement {using=xpath, value=//*/text()[normalize-space(.)='Sign Out']/parent::*}]
Capabilities {acceptInsecureCerts: false, browserName: chrome, browserVersion: 105.0.5195.125, chrome: {chromedriverVersion: 105.0.5195.52 (412c95e51883..., userDataDir: /var/folders/th/f4yf398x0lb...}, goog:chromeOptions: {debuggerAddress: localhost:59473}, networkConnectionEnabled: false, pageLoadStrategy: normal, platformName: MAC, proxy: Proxy(), se:cdp: ws://localhost:59473/devtoo..., se:cdpVersion: 105.0.5195.125, setWindowRect: true, strictFileInteractability: false, timeouts: {implicit: 0, pageLoad: 300000, script: 30000}, unhandledPromptBehavior: dismiss and notify, webauthn:extension:credBlob: true, webauthn:extension:largeBlob: true, webauthn:virtualAuthenticators: true}
Session ID: 2dd46476f6e0bea28f8c4ef32c87c003
	at java.base/jdk.internal.reflect.DirectConstructorHandleAccessor.newInstance(DirectConstructorHandleAccessor.java:67)
	at java.base/java.lang.reflect.Constructor.newInstanceWithCaller(Constructor.java:499)
	at java.base/java.lang.reflect.Constructor.newInstance(Constructor.java:483)
	at org.openqa.selenium.remote.codec.w3c.W3CHttpResponseCodec.createException(W3CHttpResponseCodec.java:200)
	at org.openqa.selenium.remote.codec.w3c.W3CHttpResponseCodec.decode(W3CHttpResponseCodec.java:133)
	at org.openqa.selenium.remote.codec.w3c.W3CHttpResponseCodec.decode(W3CHttpResponseCodec.java:53)
	at org.openqa.selenium.remote.HttpCommandExecutor.execute(HttpCommandExecutor.java:184)
	at org.openqa.selenium.remote.service.DriverCommandExecutor.invokeExecute(DriverCommandExecutor.java:167)
	at org.openqa.selenium.remote.service.DriverCommandExecutor.execute(DriverCommandExecutor.java:142)
	at org.openqa.selenium.remote.RemoteWebDriver.execute(RemoteWebDriver.java:547)
	at org.openqa.selenium.remote.ElementLocation$ElementFinder$2.findElement(ElementLocation.java:162)
	at org.openqa.selenium.remote.ElementLocation.findElement(ElementLocation.java:60)
	at org.openqa.selenium.remote.RemoteWebDriver.findElement(RemoteWebDriver.java:365)
	at org.openqa.selenium.remote.RemoteWebDriver.findElement(RemoteWebDriver.java:357)
	at org.openqa.selenium.support.pagefactory.DefaultElementLocator.findElement(DefaultElementLocator.java:70)
	at org.openqa.selenium.support.pagefactory.internal.LocatingElementHandler.invoke(LocatingElementHandler.java:39)
	at jdk.proxy2/jdk.proxy2.$Proxy33.isDisplayed(Unknown Source)
	at org.openqa.selenium.support.ui.ExpectedConditions.elementIfVisible(ExpectedConditions.java:307)
	at org.openqa.selenium.support.ui.ExpectedConditions.access$000(ExpectedConditions.java:40)
	at org.openqa.selenium.support.ui.ExpectedConditions$10.apply(ExpectedConditions.java:293)
	at org.openqa.selenium.support.ui.ExpectedConditions$10.apply(ExpectedConditions.java:290)
	at org.openqa.selenium.support.ui.FluentWait.until(FluentWait.java:208)
	at base.GenericFunctions.waitForElementToBeVisible(GenericFunctions.java:33)
	at pageObject.Upgrade_Registration_SignIn_page.upSignOut(Upgrade_Registration_SignIn_page.java:127)
	at stepDef.Upgrade_Registration_SignIn_steps.userSignsOutFromTheUP(Upgrade_Registration_SignIn_steps.java:92)
	at java.base/jdk.internal.reflect.DirectMethodHandleAccessor.invoke(DirectMethodHandleAccessor.java:104)
	at java.base/java.lang.reflect.Method.invoke(Method.java:577)
	at io.cucumber.java.Invoker.doInvoke(Invoker.java:66)
	at io.cucumber.java.Invoker.invoke(Invoker.java:24)
	at io.cucumber.java.AbstractGlueDefinition.invokeMethod(AbstractGlueDefinition.java:47)
	at io.cucumber.java.JavaStepDefinition.execute(JavaStepDefinition.java:29)
	at io.cucumber.core.runner.CoreStepDefinition.execute(CoreStepDefinition.java:66)
	at io.cucumber.core.runner.PickleStepDefinitionMatch.runStep(PickleStepDefinitionMatch.java:63)
	at io.cucumber.core.runner.ExecutionMode$1.execute(ExecutionMode.java:10)
	at io.cucumber.core.runner.TestStep.executeStep(TestStep.java:85)
	at io.cucumber.core.runner.TestStep.run(TestStep.java:57)
	at io.cucumber.core.runner.PickleStepTestStep.run(PickleStepTestStep.java:51)
	at io.cucumber.core.runner.TestCase.run(TestCase.java:84)
	at io.cucumber.core.runner.Runner.runPickle(Runner.java:75)
	at io.cucumber.testng.TestNGCucumberRunner.lambda$runScenario$1(TestNGCucumberRunner.java:132)
	at io.cucumber.core.runtime.CucumberExecutionContext.lambda$runTestCase$5(CucumberExecutionContext.java:129)
	at io.cucumber.core.runtime.RethrowingThrowableCollector.executeAndThrow(RethrowingThrowableCollector.java:23)
	at io.cucumber.core.runtime.CucumberExecutionContext.runTestCase(CucumberExecutionContext.java:129)
	at io.cucumber.testng.TestNGCucumberRunner.runScenario(TestNGCucumberRunner.java:129)
	at io.cucumber.testng.AbstractTestNGCucumberTests.runScenario(AbstractTestNGCucumberTests.java:35)
	at java.base/jdk.internal.reflect.DirectMethodHandleAccessor.invoke(DirectMethodHandleAccessor.java:104)
	at java.base/java.lang.reflect.Method.invoke(Method.java:577)
	at org.testng.internal.invokers.MethodInvocationHelper.invokeMethod(MethodInvocationHelper.java:139)
	at org.testng.internal.invokers.TestInvoker.invokeMethod(TestInvoker.java:677)
	at org.testng.internal.invokers.TestInvoker.invokeTestMethod(TestInvoker.java:221)
	at org.testng.internal.invokers.TestMethodWithDataProviderMethodWorker.call(TestMethodWithDataProviderMethodWorker.java:80)
	at org.testng.internal.invokers.TestMethodWithDataProviderMethodWorker.call(TestMethodWithDataProviderMethodWorker.java:17)
	at java.base/java.util.concurrent.FutureTask.run(FutureTask.java:264)
	at java.base/java.util.concurrent.Executors$RunnableAdapter.call(Executors.java:539)
	at java.base/java.util.concurrent.FutureTask.run(FutureTask.java:264)
	at java.base/java.util.concurrent.ThreadPoolExecutor.runWorker(ThreadPoolExecutor.java:1136)
	at java.base/java.util.concurrent.ThreadPoolExecutor$Worker.run(ThreadPoolExecutor.java:635)
	at java.base/java.lang.Thread.run(Thread.java:833)
&amp#27;[0m
  &amp#27;[36mThen &amp#27;[0m&amp#27;[36mthe Upgrade user should successfully return to the homepage&amp#27;[0m &amp#27;[90m# stepDef.Upgrade_Registration_SignIn_steps.theUserShouldReturnsToUpgradeHomepage()&amp#27;[0m

    Embedding Ensure existing profile user can logout from Upgrade [image/png 1681312 bytes]

]]></system-out>
    <system-err><![CDATA[ChromeDriver was started successfully.
Sep 28, 2022 8:58:41 PM org.openqa.selenium.remote.ProtocolHandshake createSession
INFO: Detected upstream dialect: W3C
Sep 28, 2022 8:58:41 PM org.openqa.selenium.devtools.CdpVersionFinder findNearestMatch
WARNING: Unable to find an exact match for CDP version 105, so returning the closest version found: 104
Sep 28, 2022 8:58:41 PM org.openqa.selenium.devtools.CdpVersionFinder findNearestMatch
INFO: Found CDP implementation for version 105 of 104
]]></system-err>
  </testcase>
  <testcase name="runScenario" classname="RunCucumberTest" time="24.082"/>
  <testcase name="runScenario" classname="RunCucumberTest" time="70.98">
    <failure message="Expected condition failed: waiting for visibility of Proxy element for: DefaultElementLocator &apos;By.xpath: //span[contains(text(),&apos;My Garage&apos;)]&apos; (tried for 20 second(s) with 500 milliseconds interval)" type="org.openqa.selenium.TimeoutException">org.openqa.selenium.TimeoutException: Expected condition failed: waiting for visibility of Proxy element for: DefaultElementLocator 'By.xpath: //span[contains(text(),'My Garage')]' (tried for 20 second(s) with 500 milliseconds interval)
Caused by: org.openqa.selenium.NoSuchElementException: 
no such element: Unable to locate element: {"method":"xpath","selector":"//span[contains(text(),'My Garage')]"}
  (Session info: chrome=105.0.5195.125)
For documentation on this error, please visit: https://selenium.dev/exceptions/#no_such_element
Build info: version: '4.4.0', revision: 'e5c75ed026a'
System info: host: 'SF-LAP-412.local', ip: 'fe80:0:0:0:eb:c8fe:5a40:5798%en0', os.name: 'Mac OS X', os.arch: 'aarch64', os.version: '12.6', java.version: '18.0.2.1'
Driver info: org.openqa.selenium.chrome.ChromeDriver
Command: [98fe5d3025159c03c1f0b7ef9f7b1920, findElement {using=xpath, value=//span[contains(text(),'My Garage')]}]
Capabilities {acceptInsecureCerts: false, browserName: chrome, browserVersion: 105.0.5195.125, chrome: {chromedriverVersion: 105.0.5195.52 (412c95e51883..., userDataDir: /var/folders/th/f4yf398x0lb...}, goog:chromeOptions: {debuggerAddress: localhost:59940}, networkConnectionEnabled: false, pageLoadStrategy: normal, platformName: MAC, proxy: Proxy(), se:cdp: ws://localhost:59940/devtoo..., se:cdpVersion: 105.0.5195.125, setWindowRect: true, strictFileInteractability: false, timeouts: {implicit: 0, pageLoad: 300000, script: 30000}, unhandledPromptBehavior: dismiss and notify, webauthn:extension:credBlob: true, webauthn:extension:largeBlob: true, webauthn:virtualAuthenticators: true}
Session ID: 98fe5d3025159c03c1f0b7ef9f7b1920
</failure>
    <system-out><![CDATA[
@UP @UP_garage @UP_signOut @regression
Scenario: Ensure when the Upgrade user clicks the Sign Out link in the left nav it takes them to the home page &amp#27;[90m# src/test/java/features/Upgrade/signOut.feature:9&amp#27;[0m
  &amp#27;[32mGiven &amp#27;[0m&amp#27;[32mthe Upgrade user navigates to the homepage&amp#27;[0m                                                             &amp#27;[90m# stepDef.Upgrade_Registration_SignIn_steps.theUserNavigatesToTheUpgradeHomePage()&amp#27;[0m
  &amp#27;[32mAnd &amp#27;[0m&amp#27;[32mthe Upgrade user clicks on the &amp#27;[0m&amp#27;[32m&amp#27;[1m"Sign in here"&amp#27;[0m&amp#27;[32m link from the top nav&amp#27;[0m                                      &amp#27;[90m# stepDef.Upgrade_Registration_SignIn_steps.theUpgradeUserClicksOnTheLinkFromTheTopNav(java.lang.String)&amp#27;[0m
Page has loaded
  &amp#27;[32mAnd &amp#27;[0m&amp#27;[32mthe Upgrade user login to the account&amp#27;[0m                                                                    &amp#27;[90m# stepDef.Upgrade_Appointment_steps.theUserSignIntoUP()&amp#27;[0m
  &amp#27;[31mAnd &amp#27;[0m&amp#27;[31mthe Upgrade user clicks on my garage from the hamburger menu&amp#27;[0m                                             &amp#27;[90m# stepDef.Upgrade_Appointment_steps.theUserClicksOnMyGarageFromHamburgerMenu()&amp#27;[0m
      &amp#27;[31morg.openqa.selenium.TimeoutException: Expected condition failed: waiting for visibility of Proxy element for: DefaultElementLocator 'By.xpath: //span[contains(text(),'My Garage')]' (tried for 20 second(s) with 500 milliseconds interval)
	at org.openqa.selenium.support.ui.WebDriverWait.timeoutException(WebDriverWait.java:87)
	at org.openqa.selenium.support.ui.FluentWait.until(FluentWait.java:231)
	at base.GenericFunctions.waitForElementToBeVisible(GenericFunctions.java:33)
	at pageObject.Upgrade_Appointments_page.upMyGarageHamburgerBtn(Upgrade_Appointments_page.java:127)
	at stepDef.Upgrade_Appointment_steps.theUserClicksOnMyGarageFromHamburgerMenu(Upgrade_Appointment_steps.java:60)
	at ✽.the Upgrade user clicks on my garage from the hamburger menu(file:///Users/manav/Documents/QATest/qa-automation-tests/src/test/java/features/Upgrade/signOut.feature:10)
Caused by: org.openqa.selenium.NoSuchElementException: no such element: Unable to locate element: {"method":"xpath","selector":"//span[contains(text(),'My Garage')]"}
  (Session info: chrome=105.0.5195.125)
For documentation on this error, please visit: https://selenium.dev/exceptions/#no_such_element
Build info: version: '4.4.0', revision: 'e5c75ed026a'
System info: host: 'SF-LAP-412.local', ip: 'fe80:0:0:0:eb:c8fe:5a40:5798%en0', os.name: 'Mac OS X', os.arch: 'aarch64', os.version: '12.6', java.version: '18.0.2.1'
Driver info: org.openqa.selenium.chrome.ChromeDriver
Command: [98fe5d3025159c03c1f0b7ef9f7b1920, findElement {using=xpath, value=//span[contains(text(),'My Garage')]}]
Capabilities {acceptInsecureCerts: false, browserName: chrome, browserVersion: 105.0.5195.125, chrome: {chromedriverVersion: 105.0.5195.52 (412c95e51883..., userDataDir: /var/folders/th/f4yf398x0lb...}, goog:chromeOptions: {debuggerAddress: localhost:59940}, networkConnectionEnabled: false, pageLoadStrategy: normal, platformName: MAC, proxy: Proxy(), se:cdp: ws://localhost:59940/devtoo..., se:cdpVersion: 105.0.5195.125, setWindowRect: true, strictFileInteractability: false, timeouts: {implicit: 0, pageLoad: 300000, script: 30000}, unhandledPromptBehavior: dismiss and notify, webauthn:extension:credBlob: true, webauthn:extension:largeBlob: true, webauthn:virtualAuthenticators: true}
Session ID: 98fe5d3025159c03c1f0b7ef9f7b1920
	at java.base/jdk.internal.reflect.DirectConstructorHandleAccessor.newInstance(DirectConstructorHandleAccessor.java:67)
	at java.base/java.lang.reflect.Constructor.newInstanceWithCaller(Constructor.java:499)
	at java.base/java.lang.reflect.Constructor.newInstance(Constructor.java:483)
	at org.openqa.selenium.remote.codec.w3c.W3CHttpResponseCodec.createException(W3CHttpResponseCodec.java:200)
	at org.openqa.selenium.remote.codec.w3c.W3CHttpResponseCodec.decode(W3CHttpResponseCodec.java:133)
	at org.openqa.selenium.remote.codec.w3c.W3CHttpResponseCodec.decode(W3CHttpResponseCodec.java:53)
	at org.openqa.selenium.remote.HttpCommandExecutor.execute(HttpCommandExecutor.java:184)
	at org.openqa.selenium.remote.service.DriverCommandExecutor.invokeExecute(DriverCommandExecutor.java:167)
	at org.openqa.selenium.remote.service.DriverCommandExecutor.execute(DriverCommandExecutor.java:142)
	at org.openqa.selenium.remote.RemoteWebDriver.execute(RemoteWebDriver.java:547)
	at org.openqa.selenium.remote.ElementLocation$ElementFinder$2.findElement(ElementLocation.java:162)
	at org.openqa.selenium.remote.ElementLocation.findElement(ElementLocation.java:60)
	at org.openqa.selenium.remote.RemoteWebDriver.findElement(RemoteWebDriver.java:365)
	at org.openqa.selenium.remote.RemoteWebDriver.findElement(RemoteWebDriver.java:357)
	at org.openqa.selenium.support.pagefactory.DefaultElementLocator.findElement(DefaultElementLocator.java:70)
	at org.openqa.selenium.support.pagefactory.internal.LocatingElementHandler.invoke(LocatingElementHandler.java:39)
	at jdk.proxy2/jdk.proxy2.$Proxy33.isDisplayed(Unknown Source)
	at org.openqa.selenium.support.ui.ExpectedConditions.elementIfVisible(ExpectedConditions.java:307)
	at org.openqa.selenium.support.ui.ExpectedConditions.access$000(ExpectedConditions.java:40)
	at org.openqa.selenium.support.ui.ExpectedConditions$10.apply(ExpectedConditions.java:293)
	at org.openqa.selenium.support.ui.ExpectedConditions$10.apply(ExpectedConditions.java:290)
	at org.openqa.selenium.support.ui.FluentWait.until(FluentWait.java:208)
	at base.GenericFunctions.waitForElementToBeVisible(GenericFunctions.java:33)
	at pageObject.Upgrade_Appointments_page.upMyGarageHamburgerBtn(Upgrade_Appointments_page.java:127)
	at stepDef.Upgrade_Appointment_steps.theUserClicksOnMyGarageFromHamburgerMenu(Upgrade_Appointment_steps.java:60)
	at java.base/jdk.internal.reflect.DirectMethodHandleAccessor.invoke(DirectMethodHandleAccessor.java:104)
	at java.base/java.lang.reflect.Method.invoke(Method.java:577)
	at io.cucumber.java.Invoker.doInvoke(Invoker.java:66)
	at io.cucumber.java.Invoker.invoke(Invoker.java:24)
	at io.cucumber.java.AbstractGlueDefinition.invokeMethod(AbstractGlueDefinition.java:47)
	at io.cucumber.java.JavaStepDefinition.execute(JavaStepDefinition.java:29)
	at io.cucumber.core.runner.CoreStepDefinition.execute(CoreStepDefinition.java:66)
	at io.cucumber.core.runner.PickleStepDefinitionMatch.runStep(PickleStepDefinitionMatch.java:63)
	at io.cucumber.core.runner.ExecutionMode$1.execute(ExecutionMode.java:10)
	at io.cucumber.core.runner.TestStep.executeStep(TestStep.java:85)
	at io.cucumber.core.runner.TestStep.run(TestStep.java:57)
	at io.cucumber.core.runner.PickleStepTestStep.run(PickleStepTestStep.java:51)
	at io.cucumber.core.runner.TestCase.run(TestCase.java:84)
	at io.cucumber.core.runner.Runner.runPickle(Runner.java:75)
	at io.cucumber.testng.TestNGCucumberRunner.lambda$runScenario$1(TestNGCucumberRunner.java:132)
	at io.cucumber.core.runtime.CucumberExecutionContext.lambda$runTestCase$5(CucumberExecutionContext.java:129)
	at io.cucumber.core.runtime.RethrowingThrowableCollector.executeAndThrow(RethrowingThrowableCollector.java:23)
	at io.cucumber.core.runtime.CucumberExecutionContext.runTestCase(CucumberExecutionContext.java:129)
	at io.cucumber.testng.TestNGCucumberRunner.runScenario(TestNGCucumberRunner.java:129)
	at io.cucumber.testng.AbstractTestNGCucumberTests.runScenario(AbstractTestNGCucumberTests.java:35)
	at java.base/jdk.internal.reflect.DirectMethodHandleAccessor.invoke(DirectMethodHandleAccessor.java:104)
	at java.base/java.lang.reflect.Method.invoke(Method.java:577)
	at org.testng.internal.invokers.MethodInvocationHelper.invokeMethod(MethodInvocationHelper.java:139)
	at org.testng.internal.invokers.TestInvoker.invokeMethod(TestInvoker.java:677)
	at org.testng.internal.invokers.TestInvoker.invokeTestMethod(TestInvoker.java:221)
	at org.testng.internal.invokers.TestMethodWithDataProviderMethodWorker.call(TestMethodWithDataProviderMethodWorker.java:80)
	at org.testng.internal.invokers.TestMethodWithDataProviderMethodWorker.call(TestMethodWithDataProviderMethodWorker.java:17)
	at java.base/java.util.concurrent.FutureTask.run(FutureTask.java:264)
	at java.base/java.util.concurrent.Executors$RunnableAdapter.call(Executors.java:539)
	at java.base/java.util.concurrent.FutureTask.run(FutureTask.java:264)
	at java.base/java.util.concurrent.ThreadPoolExecutor.runWorker(ThreadPoolExecutor.java:1136)
	at java.base/java.util.concurrent.ThreadPoolExecutor$Worker.run(ThreadPoolExecutor.java:635)
	at java.base/java.lang.Thread.run(Thread.java:833)
&amp#27;[0m
  &amp#27;[36mWhen &amp#27;[0m&amp#27;[36mthe Upgrade user clicks on the &amp#27;[0m&amp#27;[36m&amp#27;[1m"Sign Out"&amp#27;[0m&amp#27;[36m link from the left nav&amp#27;[0m                                        &amp#27;[90m# stepDef.Upgrade_SignOut_steps.theUpgradeUserClicksOnTheLinkFromTheLeftNav(java.lang.String)&amp#27;[0m
  &amp#27;[36mThen &amp#27;[0m&amp#27;[36mthe Upgrade user should successfully return to the homepage&amp#27;[0m                                             &amp#27;[90m# stepDef.Upgrade_Registration_SignIn_steps.theUserShouldReturnsToUpgradeHomepage()&amp#27;[0m

    Embedding Ensure when the Upgrade user clicks the Sign Out link in the left nav it takes them to the home page [image/png 1681303 bytes]

]]></system-out>
    <system-err><![CDATA[ChromeDriver was started successfully.
Sep 28, 2022 9:00:12 PM org.openqa.selenium.remote.ProtocolHandshake createSession
INFO: Detected upstream dialect: W3C
Sep 28, 2022 9:00:12 PM org.openqa.selenium.devtools.CdpVersionFinder findNearestMatch
WARNING: Unable to find an exact match for CDP version 105, so returning the closest version found: 104
Sep 28, 2022 9:00:12 PM org.openqa.selenium.devtools.CdpVersionFinder findNearestMatch
INFO: Found CDP implementation for version 105 of 104
]]></system-err>
  </testcase>
  <testcase name="runScenario" classname="RunCucumberTest" time="70.813">
    <failure message="Expected condition failed: waiting for visibility of Proxy element for: DefaultElementLocator &apos;By.xpath: //*/text()[normalize-space(.)=&apos;Sign Out&apos;]/parent::*&apos; (tried for 20 second(s) with 500 milliseconds interval)" type="org.openqa.selenium.TimeoutException">org.openqa.selenium.TimeoutException: Expected condition failed: waiting for visibility of Proxy element for: DefaultElementLocator 'By.xpath: //*/text()[normalize-space(.)='Sign Out']/parent::*' (tried for 20 second(s) with 500 milliseconds interval)
Caused by: org.openqa.selenium.NoSuchElementException: 
no such element: Unable to locate element: {"method":"xpath","selector":"//*/text()[normalize-space(.)='Sign Out']/parent::*"}
  (Session info: chrome=105.0.5195.125)
For documentation on this error, please visit: https://selenium.dev/exceptions/#no_such_element
Build info: version: '4.4.0', revision: 'e5c75ed026a'
System info: host: 'SF-LAP-412.local', ip: 'fe80:0:0:0:eb:c8fe:5a40:5798%en0', os.name: 'Mac OS X', os.arch: 'aarch64', os.version: '12.6', java.version: '18.0.2.1'
Driver info: org.openqa.selenium.chrome.ChromeDriver
Command: [63ce973717817128475b7f20bf67b44e, findElement {using=xpath, value=//*/text()[normalize-space(.)='Sign Out']/parent::*}]
Capabilities {acceptInsecureCerts: false, browserName: chrome, browserVersion: 105.0.5195.125, chrome: {chromedriverVersion: 105.0.5195.52 (412c95e51883..., userDataDir: /var/folders/th/f4yf398x0lb...}, goog:chromeOptions: {debuggerAddress: localhost:60283}, networkConnectionEnabled: false, pageLoadStrategy: normal, platformName: MAC, proxy: Proxy(), se:cdp: ws://localhost:60283/devtoo..., se:cdpVersion: 105.0.5195.125, setWindowRect: true, strictFileInteractability: false, timeouts: {implicit: 0, pageLoad: 300000, script: 30000}, unhandledPromptBehavior: dismiss and notify, webauthn:extension:credBlob: true, webauthn:extension:largeBlob: true, webauthn:virtualAuthenticators: true}
Session ID: 63ce973717817128475b7f20bf67b44e
</failure>
    <system-out><![CDATA[
@UP @UP_garage @UP_signOut @regression @smoke
Scenario: Ensure when the Upgrade user clicks the Sign Out link in the hamburger menu it takes them to the home page &amp#27;[90m# src/test/java/features/Upgrade/signOut.feature:15&amp#27;[0m
  &amp#27;[32mGiven &amp#27;[0m&amp#27;[32mthe Upgrade user navigates to the homepage&amp#27;[0m                                                                   &amp#27;[90m# stepDef.Upgrade_Registration_SignIn_steps.theUserNavigatesToTheUpgradeHomePage()&amp#27;[0m
  &amp#27;[32mAnd &amp#27;[0m&amp#27;[32mthe Upgrade user clicks on the &amp#27;[0m&amp#27;[32m&amp#27;[1m"Sign in here"&amp#27;[0m&amp#27;[32m link from the top nav&amp#27;[0m                                            &amp#27;[90m# stepDef.Upgrade_Registration_SignIn_steps.theUpgradeUserClicksOnTheLinkFromTheTopNav(java.lang.String)&amp#27;[0m
Page has loaded
  &amp#27;[32mAnd &amp#27;[0m&amp#27;[32mthe Upgrade user login to the account&amp#27;[0m                                                                          &amp#27;[90m# stepDef.Upgrade_Appointment_steps.theUserSignIntoUP()&amp#27;[0m
  &amp#27;[31mWhen &amp#27;[0m&amp#27;[31mthe Upgrade user signs out via the hamburger menu&amp#27;[0m                                                             &amp#27;[90m# stepDef.Upgrade_Registration_SignIn_steps.userSignsOutFromTheUP()&amp#27;[0m
      &amp#27;[31morg.openqa.selenium.TimeoutException: Expected condition failed: waiting for visibility of Proxy element for: DefaultElementLocator 'By.xpath: //*/text()[normalize-space(.)='Sign Out']/parent::*' (tried for 20 second(s) with 500 milliseconds interval)
	at org.openqa.selenium.support.ui.WebDriverWait.timeoutException(WebDriverWait.java:87)
	at org.openqa.selenium.support.ui.FluentWait.until(FluentWait.java:231)
	at base.GenericFunctions.waitForElementToBeVisible(GenericFunctions.java:33)
	at pageObject.Upgrade_Registration_SignIn_page.upSignOut(Upgrade_Registration_SignIn_page.java:127)
	at stepDef.Upgrade_Registration_SignIn_steps.userSignsOutFromTheUP(Upgrade_Registration_SignIn_steps.java:92)
	at ✽.the Upgrade user signs out via the hamburger menu(file:///Users/manav/Documents/QATest/qa-automation-tests/src/test/java/features/Upgrade/signOut.feature:16)
Caused by: org.openqa.selenium.NoSuchElementException: no such element: Unable to locate element: {"method":"xpath","selector":"//*/text()[normalize-space(.)='Sign Out']/parent::*"}
  (Session info: chrome=105.0.5195.125)
For documentation on this error, please visit: https://selenium.dev/exceptions/#no_such_element
Build info: version: '4.4.0', revision: 'e5c75ed026a'
System info: host: 'SF-LAP-412.local', ip: 'fe80:0:0:0:eb:c8fe:5a40:5798%en0', os.name: 'Mac OS X', os.arch: 'aarch64', os.version: '12.6', java.version: '18.0.2.1'
Driver info: org.openqa.selenium.chrome.ChromeDriver
Command: [63ce973717817128475b7f20bf67b44e, findElement {using=xpath, value=//*/text()[normalize-space(.)='Sign Out']/parent::*}]
Capabilities {acceptInsecureCerts: false, browserName: chrome, browserVersion: 105.0.5195.125, chrome: {chromedriverVersion: 105.0.5195.52 (412c95e51883..., userDataDir: /var/folders/th/f4yf398x0lb...}, goog:chromeOptions: {debuggerAddress: localhost:60283}, networkConnectionEnabled: false, pageLoadStrategy: normal, platformName: MAC, proxy: Proxy(), se:cdp: ws://localhost:60283/devtoo..., se:cdpVersion: 105.0.5195.125, setWindowRect: true, strictFileInteractability: false, timeouts: {implicit: 0, pageLoad: 300000, script: 30000}, unhandledPromptBehavior: dismiss and notify, webauthn:extension:credBlob: true, webauthn:extension:largeBlob: true, webauthn:virtualAuthenticators: true}
Session ID: 63ce973717817128475b7f20bf67b44e
	at java.base/jdk.internal.reflect.DirectConstructorHandleAccessor.newInstance(DirectConstructorHandleAccessor.java:67)
	at java.base/java.lang.reflect.Constructor.newInstanceWithCaller(Constructor.java:499)
	at java.base/java.lang.reflect.Constructor.newInstance(Constructor.java:483)
	at org.openqa.selenium.remote.codec.w3c.W3CHttpResponseCodec.createException(W3CHttpResponseCodec.java:200)
	at org.openqa.selenium.remote.codec.w3c.W3CHttpResponseCodec.decode(W3CHttpResponseCodec.java:133)
	at org.openqa.selenium.remote.codec.w3c.W3CHttpResponseCodec.decode(W3CHttpResponseCodec.java:53)
	at org.openqa.selenium.remote.HttpCommandExecutor.execute(HttpCommandExecutor.java:184)
	at org.openqa.selenium.remote.service.DriverCommandExecutor.invokeExecute(DriverCommandExecutor.java:167)
	at org.openqa.selenium.remote.service.DriverCommandExecutor.execute(DriverCommandExecutor.java:142)
	at org.openqa.selenium.remote.RemoteWebDriver.execute(RemoteWebDriver.java:547)
	at org.openqa.selenium.remote.ElementLocation$ElementFinder$2.findElement(ElementLocation.java:162)
	at org.openqa.selenium.remote.ElementLocation.findElement(ElementLocation.java:60)
	at org.openqa.selenium.remote.RemoteWebDriver.findElement(RemoteWebDriver.java:365)
	at org.openqa.selenium.remote.RemoteWebDriver.findElement(RemoteWebDriver.java:357)
	at org.openqa.selenium.support.pagefactory.DefaultElementLocator.findElement(DefaultElementLocator.java:70)
	at org.openqa.selenium.support.pagefactory.internal.LocatingElementHandler.invoke(LocatingElementHandler.java:39)
	at jdk.proxy2/jdk.proxy2.$Proxy33.isDisplayed(Unknown Source)
	at org.openqa.selenium.support.ui.ExpectedConditions.elementIfVisible(ExpectedConditions.java:307)
	at org.openqa.selenium.support.ui.ExpectedConditions.access$000(ExpectedConditions.java:40)
	at org.openqa.selenium.support.ui.ExpectedConditions$10.apply(ExpectedConditions.java:293)
	at org.openqa.selenium.support.ui.ExpectedConditions$10.apply(ExpectedConditions.java:290)
	at org.openqa.selenium.support.ui.FluentWait.until(FluentWait.java:208)
	at base.GenericFunctions.waitForElementToBeVisible(GenericFunctions.java:33)
	at pageObject.Upgrade_Registration_SignIn_page.upSignOut(Upgrade_Registration_SignIn_page.java:127)
	at stepDef.Upgrade_Registration_SignIn_steps.userSignsOutFromTheUP(Upgrade_Registration_SignIn_steps.java:92)
	at java.base/jdk.internal.reflect.DirectMethodHandleAccessor.invoke(DirectMethodHandleAccessor.java:104)
	at java.base/java.lang.reflect.Method.invoke(Method.java:577)
	at io.cucumber.java.Invoker.doInvoke(Invoker.java:66)
	at io.cucumber.java.Invoker.invoke(Invoker.java:24)
	at io.cucumber.java.AbstractGlueDefinition.invokeMethod(AbstractGlueDefinition.java:47)
	at io.cucumber.java.JavaStepDefinition.execute(JavaStepDefinition.java:29)
	at io.cucumber.core.runner.CoreStepDefinition.execute(CoreStepDefinition.java:66)
	at io.cucumber.core.runner.PickleStepDefinitionMatch.runStep(PickleStepDefinitionMatch.java:63)
	at io.cucumber.core.runner.ExecutionMode$1.execute(ExecutionMode.java:10)
	at io.cucumber.core.runner.TestStep.executeStep(TestStep.java:85)
	at io.cucumber.core.runner.TestStep.run(TestStep.java:57)
	at io.cucumber.core.runner.PickleStepTestStep.run(PickleStepTestStep.java:51)
	at io.cucumber.core.runner.TestCase.run(TestCase.java:84)
	at io.cucumber.core.runner.Runner.runPickle(Runner.java:75)
	at io.cucumber.testng.TestNGCucumberRunner.lambda$runScenario$1(TestNGCucumberRunner.java:132)
	at io.cucumber.core.runtime.CucumberExecutionContext.lambda$runTestCase$5(CucumberExecutionContext.java:129)
	at io.cucumber.core.runtime.RethrowingThrowableCollector.executeAndThrow(RethrowingThrowableCollector.java:23)
	at io.cucumber.core.runtime.CucumberExecutionContext.runTestCase(CucumberExecutionContext.java:129)
	at io.cucumber.testng.TestNGCucumberRunner.runScenario(TestNGCucumberRunner.java:129)
	at io.cucumber.testng.AbstractTestNGCucumberTests.runScenario(AbstractTestNGCucumberTests.java:35)
	at java.base/jdk.internal.reflect.DirectMethodHandleAccessor.invoke(DirectMethodHandleAccessor.java:104)
	at java.base/java.lang.reflect.Method.invoke(Method.java:577)
	at org.testng.internal.invokers.MethodInvocationHelper.invokeMethod(MethodInvocationHelper.java:139)
	at org.testng.internal.invokers.TestInvoker.invokeMethod(TestInvoker.java:677)
	at org.testng.internal.invokers.TestInvoker.invokeTestMethod(TestInvoker.java:221)
	at org.testng.internal.invokers.TestMethodWithDataProviderMethodWorker.call(TestMethodWithDataProviderMethodWorker.java:80)
	at org.testng.internal.invokers.TestMethodWithDataProviderMethodWorker.call(TestMethodWithDataProviderMethodWorker.java:17)
	at java.base/java.util.concurrent.FutureTask.run(FutureTask.java:264)
	at java.base/java.util.concurrent.Executors$RunnableAdapter.call(Executors.java:539)
	at java.base/java.util.concurrent.FutureTask.run(FutureTask.java:264)
	at java.base/java.util.concurrent.ThreadPoolExecutor.runWorker(ThreadPoolExecutor.java:1136)
	at java.base/java.util.concurrent.ThreadPoolExecutor$Worker.run(ThreadPoolExecutor.java:635)
	at java.base/java.lang.Thread.run(Thread.java:833)
&amp#27;[0m
  &amp#27;[36mThen &amp#27;[0m&amp#27;[36mthe Upgrade user should successfully return to the homepage&amp#27;[0m                                                   &amp#27;[90m# stepDef.Upgrade_Registration_SignIn_steps.theUserShouldReturnsToUpgradeHomepage()&amp#27;[0m

    Embedding Ensure when the Upgrade user clicks the Sign Out link in the hamburger menu it takes them to the home page [image/png 1681312 bytes]

]]></system-out>
    <system-err><![CDATA[ChromeDriver was started successfully.
Sep 28, 2022 9:01:23 PM org.openqa.selenium.remote.ProtocolHandshake createSession
INFO: Detected upstream dialect: W3C
Sep 28, 2022 9:01:23 PM org.openqa.selenium.devtools.CdpVersionFinder findNearestMatch
WARNING: Unable to find an exact match for CDP version 105, so returning the closest version found: 104
Sep 28, 2022 9:01:23 PM org.openqa.selenium.devtools.CdpVersionFinder findNearestMatch
INFO: Found CDP implementation for version 105 of 104
]]></system-err>
  </testcase>
</testsuite>