<?xml version="1.0" encoding="UTF-8"?>
<!-- Generated by org.testng.reporters.JUnitReportReporter -->
<testsuite hostname="ip-192-168-0-104.ec2.internal" failures="0" tests="3" name="RunCucumberTest" time="73.556" errors="2" timestamp="2022-10-07T16:38:22 IST" skipped="0">
  <testcase classname="RunCucumberTest" name="runScenario" time="24.058"/>
  <system-out/>
  <testcase classname="RunCucumberTest" name="runScenario" time="35.652">
    <error message="element not interactable
  (Session info: headless chrome=105.0.5195.125)
Build info: version: &#039;4.1.0&#039;, revision: &#039;87802e897b&#039;
System info: host: &#039;ip-192-168-0-104.ec2.internal&#039;, ip: &#039;fe80:0:0:0:4af:d5dc:4a63:b3c%en0&#039;, os.name: &#039;Mac OS X&#039;, os.arch: &#039;aarch64&#039;, os.version: &#039;12.6&#039;, java.version: &#039;18.0.2.1&#039;
Driver info: org.openqa.selenium.chrome.ChromeDriver
Command: [94751049cc8febd8b69cb3b8c5776f63, clickElement {id=3c420481-b048-4ac3-8c89-5d8d18756068}]
Capabilities {acceptInsecureCerts: false, browserName: chrome, browserVersion: 105.0.5195.125, chrome: {chromedriverVersion: 105.0.5195.52 (412c95e51883..., userDataDir: /var/folders/th/f4yf398x0lb...}, goog:chromeOptions: {debuggerAddress: localhost:52976}, javascriptEnabled: true, networkConnectionEnabled: false, pageLoadStrategy: normal, platform: MAC, platformName: MAC, proxy: Proxy(), se:cdp: ws://localhost:52976/devtoo..., se:cdpVersion: 105.0.5195.125, setWindowRect: true, strictFileInteractability: false, timeouts: {implicit: 0, pageLoad: 300000, script: 30000}, unhandledPromptBehavior: dismiss and notify, webauthn:extension:credBlob: true, webauthn:extension:largeBlob: true, webauthn:virtualAuthenticators: true}
Element: [[ChromeDriver: chrome on MAC (94751049cc8febd8b69cb3b8c5776f63)] -&gt; xpath: //button]
Session ID: 94751049cc8febd8b69cb3b8c5776f63" type="org.openqa.selenium.ElementNotInteractableException">
      <![CDATA[org.openqa.selenium.ElementNotInteractableException: element not interactable
  (Session info: headless chrome=105.0.5195.125)
Build info: version: '4.1.0', revision: '87802e897b'
System info: host: 'ip-192-168-0-104.ec2.internal', ip: 'fe80:0:0:0:4af:d5dc:4a63:b3c%en0', os.name: 'Mac OS X', os.arch: 'aarch64', os.version: '12.6', java.version: '18.0.2.1'
Driver info: org.openqa.selenium.chrome.ChromeDriver
Command: [94751049cc8febd8b69cb3b8c5776f63, clickElement {id=3c420481-b048-4ac3-8c89-5d8d18756068}]
Capabilities {acceptInsecureCerts: false, browserName: chrome, browserVersion: 105.0.5195.125, chrome: {chromedriverVersion: 105.0.5195.52 (412c95e51883..., userDataDir: /var/folders/th/f4yf398x0lb...}, goog:chromeOptions: {debuggerAddress: localhost:52976}, javascriptEnabled: true, networkConnectionEnabled: false, pageLoadStrategy: normal, platform: MAC, platformName: MAC, proxy: Proxy(), se:cdp: ws://localhost:52976/devtoo..., se:cdpVersion: 105.0.5195.125, setWindowRect: true, strictFileInteractability: false, timeouts: {implicit: 0, pageLoad: 300000, script: 30000}, unhandledPromptBehavior: dismiss and notify, webauthn:extension:credBlob: true, webauthn:extension:largeBlob: true, webauthn:virtualAuthenticators: true}
Element: [[ChromeDriver: chrome on MAC (94751049cc8febd8b69cb3b8c5776f63)] -> xpath: //button]
Session ID: 94751049cc8febd8b69cb3b8c5776f63
at java.base/jdk.internal.reflect.DirectConstructorHandleAccessor.newInstance(DirectConstructorHandleAccessor.java:67)
at java.base/java.lang.reflect.Constructor.newInstanceWithCaller(Constructor.java:499)
at java.base/java.lang.reflect.Constructor.newInstance(Constructor.java:483)
at org.openqa.selenium.remote.codec.w3c.W3CHttpResponseCodec.createException(W3CHttpResponseCodec.java:200)
at org.openqa.selenium.remote.codec.w3c.W3CHttpResponseCodec.decode(W3CHttpResponseCodec.java:133)
at org.openqa.selenium.remote.codec.w3c.W3CHttpResponseCodec.decode(W3CHttpResponseCodec.java:53)
at org.openqa.selenium.remote.HttpCommandExecutor.execute(HttpCommandExecutor.java:184)
at org.openqa.selenium.remote.service.DriverCommandExecutor.invokeExecute(DriverCommandExecutor.java:164)
at org.openqa.selenium.remote.service.DriverCommandExecutor.execute(DriverCommandExecutor.java:139)
at org.openqa.selenium.remote.RemoteWebDriver.execute(RemoteWebDriver.java:559)
at org.openqa.selenium.remote.RemoteWebElement.execute(RemoteWebElement.java:251)
at org.openqa.selenium.remote.RemoteWebElement.click(RemoteWebElement.java:77)
at java.base/jdk.internal.reflect.DirectMethodHandleAccessor.invoke(DirectMethodHandleAccessor.java:104)
at java.base/java.lang.reflect.Method.invoke(Method.java:577)
at org.openqa.selenium.support.pagefactory.internal.LocatingElementHandler.invoke(LocatingElementHandler.java:52)
at jdk.proxy2/jdk.proxy2.$Proxy33.click(Unknown Source)
at pageObject.CSE_Registration_SignIn_page.cseClickNextButtonFromEnterYourHomeAddress(CSE_Registration_SignIn_page.java:256)
at stepDef.Upgrade_Registration_SignIn_steps.theUserCreatesAnNewProfileInUP(Upgrade_Registration_SignIn_steps.java:86)
at ✽.the Upgrade user creates a new profile(file:///Users/manav/Documents/DemoProject/src/test/java/features/Upgrade/signIn.feature:8)
]]>
    </error>
  </testcase> <!-- runScenario -->
  <system-out/>
  <testcase classname="RunCucumberTest" name="runScenario" time="13.846">
    <error message="Keys to send should be a not null CharSequence" type="java.lang.IllegalArgumentException">
      <![CDATA[java.lang.IllegalArgumentException: Keys to send should be a not null CharSequence
at org.openqa.selenium.remote.RemoteWebElement.sendKeys(RemoteWebElement.java:92)
at java.base/jdk.internal.reflect.DirectMethodHandleAccessor.invoke(DirectMethodHandleAccessor.java:104)
at java.base/java.lang.reflect.Method.invoke(Method.java:577)
at org.openqa.selenium.support.pagefactory.internal.LocatingElementHandler.invoke(LocatingElementHandler.java:52)
at jdk.proxy2/jdk.proxy2.$Proxy33.sendKeys(Unknown Source)
at pageObject.Upgrade_Registration_SignIn_page.upLoginEnterEmail(Upgrade_Registration_SignIn_page.java:62)
at stepDef.Upgrade_Appointment_steps.theUserSignIntoUP(Upgrade_Appointment_steps.java:28)
at ✽.the Upgrade user login to the account(file:///Users/manav/Documents/DemoProject/src/test/java/features/Upgrade/signIn.feature:16)
]]>
    </error>
  </testcase> <!-- runScenario -->
  <system-out/>
</testsuite> <!-- RunCucumberTest -->
